WARNING:tensorflow:From /home/zongzan/.conda/envs/STR36/lib/python3.6/site-packages/tensorflow_core/python/ops/resource_variable_ops.py:1630: calling BaseResourceVariable.__init__ (from tensorflow.python.ops.resource_variable_ops) with constraint is deprecated and will be removed in a future version.
Instructions for updating:
If using Keras pass *_constraint arguments to layers.
WARNING:tensorflow:
The TensorFlow contrib module will not be included in TensorFlow 2.0.
For more information, please see:
  * https://github.com/tensorflow/community/blob/master/rfcs/20180907-contrib-sunset.md
  * https://github.com/tensorflow/addons
  * https://github.com/tensorflow/io (for I/O related ops)
If you depend on functionality not listed there, please file an issue.

WARNING:tensorflow:From /home/zongzan/.conda/envs/STR36/lib/python3.6/site-packages/tensorflow_core/python/ops/stropt/lms.py:970: The name tf.train.SessionRunHook is deprecated. Please use tf.estimator.SessionRunHook instead.

WARNING:tensorflow:From /home/zongzan/.conda/envs/STR36/lib/python3.6/site-packages/tensorflow_core/python/ops/stropt/lms.py:928: The name tf.logging.info is deprecated. Please use tf.compat.v1.logging.info instead.

WARNING:tensorflow:From /home/zongzan/.conda/envs/STR36/lib/python3.6/site-packages/tensorflow_core/contrib/graph_editor/select.py:554: get_backward_walk_ops (from tensorflow.contrib.graph_editor.select) is deprecated and will be removed after 2019-06-06.
Instructions for updating:
Please use tensorflow.python.ops.op_selector.get_backward_walk_ops.
1 Physical GPUs, 1 Logical GPUs
Parsing arguments: [('batch_size', 300), ('epochs', 1), ('model_name', 'MobileNet'), ('strategy', 'dynprog'), ('verbose', False)]
Cannot find config for batch_size=300, use 400 instead
Shape of x_train: (40000, 224, 224, 3), shape of x_test: (10000, 224, 224, 3)
[STR DEBUG] Parsing STR configuration: [{'strategy': 'swap', 'verbose': 'false', 'tags': '/home/zongzan/dist_dnn_training/STR/optimizer/logs/MobileNet_400/layer_names'}, {'p': '/home/zongzan/dist_dnn_training/STR/optimizer/logs/MobileNet_400/P-dynprog', 'q': '/home/zongzan/dist_dnn_training/STR/optimizer/logs/MobileNet_400/Q-dynprog'}]
[STR DEBUG] Processing layer 0's swapping, swap out at [1], swap in at [183]
[STR DEBUG] Cannot find swap-out control nodes for layer 0, use the first op name: "conv1_pad/Pad/paddings"
op: "Const"
attr {
  key: "dtype"
  value {
    type: DT_INT32
  }
}
attr {
  key: "value"
  value {
    tensor {
      dtype: DT_INT32
      tensor_shape {
        dim {
          size: 4
        }
        dim {
          size: 2
        }
      }
      tensor_content: "\000\000\000\000\000\000\000\000\000\000\000\000\001\000\000\000\000\000\000\000\001\000\000\000\000\000\000\000\000\000\000\000"
    }
  }
}

[STR DEBUG] Find swapout ops: name: "input_1"
op: "Placeholder"
attr {
  key: "dtype"
  value {
    type: DT_FLOAT
  }
}
attr {
  key: "shape"
  value {
    shape {
      dim {
        size: -1
      }
      dim {
        size: 224
      }
      dim {
        size: 224
      }
      dim {
        size: 3
      }
    }
  }
}
, 
	choose swap tensor Tensor("input_1:0", shape=(?, 224, 224, 3), dtype=float32), 
	finish at the end of ops: [<tf.Operation 'conv1_pad/Pad/paddings' type=Const>]
[STR DEBUG] Processing layer 9's swapping, swap out at [10], swap in at [174]
[STR DEBUG] Cannot find swap-out activation nodes for layer 9, among [<tf.Operation 'conv_pw_1_bn/cond_1/pred_id' type=Identity>, <tf.Operation 'conv_pw_1_bn/cond_1/Const_1' type=Const>, <tf.Operation 'conv_pw_1_bn/AssignMovingAvg_1/sub/x' type=Const>, <tf.Operation 'conv_pw_1_bn/AssignMovingAvg/sub/x' type=Const>, <tf.Operation 'conv_pw_1_bn/cond_1/Merge' type=Merge>, <tf.Operation 'conv_pw_1_bn/AssignMovingAvg/sub' type=Sub>, <tf.Operation 'conv_pw_1_bn/AssignMovingAvg/sub_1' type=Sub>, <tf.Operation 'conv_pw_1_bn/AssignMovingAvg/ReadVariableOp' type=ReadVariableOp>, <tf.Operation 'conv_pw_1_bn/AssignMovingAvg/mul' type=Mul>, <tf.Operation 'conv_pw_1_bn/AssignMovingAvg/AssignSubVariableOp' type=AssignSubVariableOp>, <tf.Operation 'conv_pw_1_bn/AssignMovingAvg/ReadVariableOp_1' type=ReadVariableOp>, <tf.Operation 'conv_pw_1_bn/AssignMovingAvg_1/ReadVariableOp' type=ReadVariableOp>, <tf.Operation 'conv_pw_1_bn/AssignMovingAvg_1/sub' type=Sub>, <tf.Operation 'conv_pw_1_bn/AssignMovingAvg_1/mul' type=Mul>, <tf.Operation 'conv_pw_1_bn/AssignMovingAvg_1/sub_1' type=Sub>, <tf.Operation 'conv_pw_1_bn/AssignMovingAvg_1/AssignSubVariableOp' type=AssignSubVariableOp>, <tf.Operation 'conv_pw_1_bn/AssignMovingAvg_1/ReadVariableOp_1' type=ReadVariableOp>, <tf.Operation 'conv_pw_1_bn/cond/pred_id' type=Identity>, <tf.Operation 'conv_pw_1_bn/beta' type=VarHandleOp>, <tf.Operation 'conv_pw_1_bn/gamma/Initializer/ones' type=Const>, <tf.Operation 'conv_pw_1_bn/gamma' type=VarHandleOp>, <tf.Operation 'conv_pw_1_bn/gamma/IsInitialized/VarIsInitializedOp' type=VarIsInitializedOp>, <tf.Operation 'conv_pw_1_bn/cond/Const' type=Const>, <tf.Operation 'conv_pw_1_bn/gamma/Read/ReadVariableOp' type=ReadVariableOp>, <tf.Operation 'conv_pw_1_bn/gamma/Assign' type=AssignVariableOp>, <tf.Operation 'conv_pw_1_bn/beta/Initializer/zeros' type=Const>, <tf.Operation 'conv_pw_1_bn/cond/Const_1' type=Const>, <tf.Operation 'conv_pw_1_bn/beta/IsInitialized/VarIsInitializedOp' type=VarIsInitializedOp>, <tf.Operation 'conv_pw_1_bn/beta/Read/ReadVariableOp' type=ReadVariableOp>, <tf.Operation 'conv_pw_1_bn/beta/Assign' type=AssignVariableOp>, <tf.Operation 'conv_pw_1_bn/moving_mean/Initializer/zeros' type=Const>, <tf.Operation 'conv_pw_1_bn/moving_mean' type=VarHandleOp>, <tf.Operation 'conv_pw_1_bn/cond/switch_f' type=Identity>, <tf.Operation 'conv_pw_1_bn/moving_mean/IsInitialized/VarIsInitializedOp' type=VarIsInitializedOp>, <tf.Operation 'conv_pw_1_bn/cond/switch_t' type=Identity>, <tf.Operation 'conv_pw_1_bn/moving_mean/Read/ReadVariableOp' type=ReadVariableOp>, <tf.Operation 'conv_pw_1_bn/cond/Switch' type=Switch>, <tf.Operation 'conv_pw_1_bn/moving_mean/Assign' type=AssignVariableOp>, <tf.Operation 'conv_pw_1_bn/moving_variance/Initializer/ones' type=Const>, <tf.Operation 'conv_pw_1_bn/moving_variance' type=VarHandleOp>, <tf.Operation 'conv_pw_1_bn/moving_variance/IsInitialized/VarIsInitializedOp' type=VarIsInitializedOp>, <tf.Operation 'conv_pw_1_bn/moving_variance/Read/ReadVariableOp' type=ReadVariableOp>, <tf.Operation 'conv_pw_1_bn/moving_variance/Assign' type=AssignVariableOp>, <tf.Operation 'conv_pw_1_bn/cond_1/switch_t' type=Identity>, <tf.Operation 'conv_pw_1_bn/cond/ReadVariableOp' type=ReadVariableOp>, <tf.Operation 'conv_pw_1_bn/cond/ReadVariableOp_1' type=ReadVariableOp>, <tf.Operation 'conv_pw_1_bn/cond/FusedBatchNormV3' type=FusedBatchNormV3>, <tf.Operation 'conv_pw_1_bn/cond/ReadVariableOp/Switch' type=Switch>, <tf.Operation 'conv_pw_1_bn/cond/ReadVariableOp_1/Switch' type=Switch>, <tf.Operation 'conv_pw_1_bn/cond_1/Const' type=Const>, <tf.Operation 'conv_pw_1_bn/cond/FusedBatchNormV3_1' type=FusedBatchNormV3>, <tf.Operation 'conv_pw_1_bn/cond/ReadVariableOp_2' type=ReadVariableOp>, <tf.Operation 'conv_pw_1_bn/cond_1/switch_f' type=Identity>, <tf.Operation 'conv_pw_1_bn/cond/FusedBatchNormV3/Switch' type=Switch>, <tf.Operation 'conv_pw_1_bn/cond/ReadVariableOp_3' type=ReadVariableOp>, <tf.Operation 'conv_pw_1_bn/cond/FusedBatchNormV3_1/ReadVariableOp' type=ReadVariableOp>, <tf.Operation 'conv_pw_1_bn/cond/ReadVariableOp_2/Switch' type=Switch>, <tf.Operation 'conv_pw_1_bn/cond/FusedBatchNormV3_1/ReadVariableOp_1' type=ReadVariableOp>, <tf.Operation 'conv_pw_1_bn/cond/ReadVariableOp_3/Switch' type=Switch>, <tf.Operation 'conv_pw_1_bn/cond_1/Switch' type=Switch>, <tf.Operation 'conv_pw_1_bn/cond/Merge' type=Merge>, <tf.Operation 'conv_pw_1_bn/cond/Merge_1' type=Merge>, <tf.Operation 'conv_pw_1_bn/cond/FusedBatchNormV3_1/ReadVariableOp/Switch' type=Switch>, <tf.Operation 'conv_pw_1_bn/cond/Merge_2' type=Merge>, <tf.Operation 'conv_pw_1_bn/cond/FusedBatchNormV3_1/ReadVariableOp_1/Switch' type=Switch>, <tf.Operation 'conv_pw_1_bn/cond/FusedBatchNormV3_1/Switch' type=Switch>]
[STR DEBUG] Choose op that have outputs: name: "conv_pw_1_bn/cond/FusedBatchNormV3_1/Switch"
op: "Switch"
input: "conv_pw_1/Conv2D"
input: "conv_pw_1_bn/cond/pred_id"
attr {
  key: "T"
  value {
    type: DT_FLOAT
  }
}
attr {
  key: "_class"
  value {
    list {
      s: "loc:@conv_pw_1/Conv2D"
    }
  }
}

[STR DEBUG] Find swapout ops: name: "conv_pw_1_bn/cond/FusedBatchNormV3_1/Switch"
op: "Switch"
input: "conv_pw_1/Conv2D"
input: "conv_pw_1_bn/cond/pred_id"
attr {
  key: "T"
  value {
    type: DT_FLOAT
  }
}
attr {
  key: "_class"
  value {
    list {
      s: "loc:@conv_pw_1/Conv2D"
    }
  }
}
, 
	choose swap tensor Tensor("conv_pw_1_bn/cond/FusedBatchNormV3_1/Switch:0", shape=(?, 112, 112, 64), dtype=float32), 
	finish at the end of ops: [<tf.Operation 'conv_pw_1_relu/Relu6' type=Relu6>]
[STR DEBUG] Add swap-in op at name: "training/RMSprop/gradients/gradients/conv_pw_1_relu/Relu6_grad/Relu6Grad"
op: "Relu6Grad"
input: "training/RMSprop/gradients/gradients/conv_pad_2/Pad_grad/Slice_1"
input: "conv_pw_1_relu/Relu6"
attr {
  key: "T"
  value {
    type: DT_FLOAT
  }
}
 for consumer [<tf.Operation 'training/RMSprop/gradients/gradients/conv_pw_1_bn/cond/FusedBatchNormV3_1_grad/FusedBatchNormGradV3' type=FusedBatchNormGradV3>]
[STR DEBUG] Processing layer 13's swapping, swap out at [14], swap in at [170]
[STR DEBUG] Cannot find swap-out activation nodes for layer 13, among [<tf.Operation 'conv_dw_2_bn/AssignMovingAvg_1/sub/x' type=Const>, <tf.Operation 'conv_dw_2_bn/AssignMovingAvg/sub/x' type=Const>, <tf.Operation 'conv_dw_2_bn/cond_1/Merge' type=Merge>, <tf.Operation 'conv_dw_2_bn/AssignMovingAvg/sub' type=Sub>, <tf.Operation 'conv_dw_2_bn/AssignMovingAvg/sub_1' type=Sub>, <tf.Operation 'conv_dw_2_bn/AssignMovingAvg/ReadVariableOp' type=ReadVariableOp>, <tf.Operation 'conv_dw_2_bn/AssignMovingAvg/mul' type=Mul>, <tf.Operation 'conv_dw_2_bn/AssignMovingAvg_1/sub' type=Sub>, <tf.Operation 'conv_dw_2_bn/AssignMovingAvg/AssignSubVariableOp' type=AssignSubVariableOp>, <tf.Operation 'conv_dw_2_bn/AssignMovingAvg/ReadVariableOp_1' type=ReadVariableOp>, <tf.Operation 'conv_dw_2_bn/AssignMovingAvg_1/sub_1' type=Sub>, <tf.Operation 'conv_dw_2_bn/AssignMovingAvg_1/ReadVariableOp' type=ReadVariableOp>, <tf.Operation 'conv_dw_2_bn/AssignMovingAvg_1/mul' type=Mul>, <tf.Operation 'conv_dw_2_bn/AssignMovingAvg_1/AssignSubVariableOp' type=AssignSubVariableOp>, <tf.Operation 'conv_dw_2_bn/AssignMovingAvg_1/ReadVariableOp_1' type=ReadVariableOp>, <tf.Operation 'conv_dw_2_bn/gamma/Initializer/ones' type=Const>, <tf.Operation 'conv_dw_2_bn/gamma' type=VarHandleOp>, <tf.Operation 'conv_dw_2_bn/gamma/IsInitialized/VarIsInitializedOp' type=VarIsInitializedOp>, <tf.Operation 'conv_dw_2_bn/gamma/Read/ReadVariableOp' type=ReadVariableOp>, <tf.Operation 'conv_dw_2_bn/moving_mean' type=VarHandleOp>, <tf.Operation 'conv_dw_2_bn/cond/switch_t' type=Identity>, <tf.Operation 'conv_dw_2_bn/gamma/Assign' type=AssignVariableOp>, <tf.Operation 'conv_dw_2_bn/beta/Initializer/zeros' type=Const>, <tf.Operation 'conv_dw_2_bn/cond/Const' type=Const>, <tf.Operation 'conv_dw_2_bn/beta' type=VarHandleOp>, <tf.Operation 'conv_dw_2_bn/beta/IsInitialized/VarIsInitializedOp' type=VarIsInitializedOp>, <tf.Operation 'conv_dw_2_bn/beta/Read/ReadVariableOp' type=ReadVariableOp>, <tf.Operation 'conv_dw_2_bn/cond/switch_f' type=Identity>, <tf.Operation 'conv_dw_2_bn/beta/Assign' type=AssignVariableOp>, <tf.Operation 'conv_dw_2_bn/moving_mean/Initializer/zeros' type=Const>, <tf.Operation 'conv_dw_2_bn/cond/Const_1' type=Const>, <tf.Operation 'conv_dw_2_bn/moving_mean/IsInitialized/VarIsInitializedOp' type=VarIsInitializedOp>, <tf.Operation 'conv_dw_2_bn/moving_mean/Read/ReadVariableOp' type=ReadVariableOp>, <tf.Operation 'conv_dw_2_bn/moving_mean/Assign' type=AssignVariableOp>, <tf.Operation 'conv_dw_2_bn/moving_variance/Initializer/ones' type=Const>, <tf.Operation 'conv_dw_2_bn/moving_variance' type=VarHandleOp>, <tf.Operation 'conv_dw_2_bn/cond/Switch' type=Switch>, <tf.Operation 'conv_dw_2_bn/moving_variance/IsInitialized/VarIsInitializedOp' type=VarIsInitializedOp>, <tf.Operation 'conv_dw_2_bn/cond/pred_id' type=Identity>, <tf.Operation 'conv_dw_2_bn/moving_variance/Read/ReadVariableOp' type=ReadVariableOp>, <tf.Operation 'conv_dw_2_bn/moving_variance/Assign' type=AssignVariableOp>, <tf.Operation 'conv_dw_2_bn/cond_1/switch_t' type=Identity>, <tf.Operation 'conv_dw_2_bn/cond_1/Const' type=Const>, <tf.Operation 'conv_dw_2_bn/cond/ReadVariableOp' type=ReadVariableOp>, <tf.Operation 'conv_dw_2_bn/cond/ReadVariableOp_1' type=ReadVariableOp>, <tf.Operation 'conv_dw_2_bn/cond/FusedBatchNormV3' type=FusedBatchNormV3>, <tf.Operation 'conv_dw_2_bn/cond/ReadVariableOp/Switch' type=Switch>, <tf.Operation 'conv_dw_2_bn/cond/ReadVariableOp_1/Switch' type=Switch>, <tf.Operation 'conv_dw_2_bn/cond/FusedBatchNormV3_1' type=FusedBatchNormV3>, <tf.Operation 'conv_dw_2_bn/cond/ReadVariableOp_2' type=ReadVariableOp>, <tf.Operation 'conv_dw_2_bn/cond/FusedBatchNormV3/Switch' type=Switch>, <tf.Operation 'conv_dw_2_bn/cond/ReadVariableOp_3' type=ReadVariableOp>, <tf.Operation 'conv_dw_2_bn/cond/FusedBatchNormV3_1/ReadVariableOp' type=ReadVariableOp>, <tf.Operation 'conv_dw_2_bn/cond/ReadVariableOp_2/Switch' type=Switch>, <tf.Operation 'conv_dw_2_bn/cond/FusedBatchNormV3_1/ReadVariableOp_1' type=ReadVariableOp>, <tf.Operation 'conv_dw_2_bn/cond/ReadVariableOp_3/Switch' type=Switch>, <tf.Operation 'conv_dw_2_bn/cond/Merge' type=Merge>, <tf.Operation 'conv_dw_2_bn/cond/Merge_1' type=Merge>, <tf.Operation 'conv_dw_2_bn/cond_1/switch_f' type=Identity>, <tf.Operation 'conv_dw_2_bn/cond/FusedBatchNormV3_1/ReadVariableOp/Switch' type=Switch>, <tf.Operation 'conv_dw_2_bn/cond/FusedBatchNormV3_1/ReadVariableOp_1/Switch' type=Switch>, <tf.Operation 'conv_dw_2_bn/cond/FusedBatchNormV3_1/Switch' type=Switch>, <tf.Operation 'conv_dw_2_bn/cond/Merge_2' type=Merge>, <tf.Operation 'conv_dw_2_bn/cond_1/Switch' type=Switch>, <tf.Operation 'conv_dw_2_bn/cond_1/pred_id' type=Identity>, <tf.Operation 'conv_dw_2_bn/cond_1/Const_1' type=Const>]
[STR DEBUG] Choose op that have outputs: name: "conv_dw_2_bn/cond_1/Const_1"
op: "Const"
input: "^conv_dw_2_bn/cond_1/switch_f"
attr {
  key: "dtype"
  value {
    type: DT_FLOAT
  }
}
attr {
  key: "value"
  value {
    tensor {
      dtype: DT_FLOAT
      tensor_shape {
      }
      float_val: 1.0
    }
  }
}

[STR DEBUG] Find swapout ops: name: "conv_dw_2_bn/cond_1/Const_1"
op: "Const"
input: "^conv_dw_2_bn/cond_1/switch_f"
attr {
  key: "dtype"
  value {
    type: DT_FLOAT
  }
}
attr {
  key: "value"
  value {
    tensor {
      dtype: DT_FLOAT
      tensor_shape {
      }
      float_val: 1.0
    }
  }
}
, 
	choose swap tensor Tensor("conv_dw_2_bn/cond_1/Const_1:0", shape=(), dtype=float32), 
	finish at the end of ops: [<tf.Operation 'conv_dw_2_relu/Relu6' type=Relu6>]
[STR DEBUG] Processing layer 14's swapping, swap out at [15], swap in at [169]
[STR DEBUG] Find swapout ops: name: "conv_dw_2_relu/Relu6"
op: "Relu6"
input: "conv_dw_2_bn/cond/Merge"
attr {
  key: "T"
  value {
    type: DT_FLOAT
  }
}
, 
	choose swap tensor Tensor("conv_dw_2_relu/Relu6:0", shape=(?, 56, 56, 64), dtype=float32), 
	finish at the end of ops: [<tf.Operation 'conv_pw_2_relu/Relu6' type=Relu6>]
[STR DEBUG] Add swap-in op at name: "training/RMSprop/gradients/gradients/conv_pw_2_relu/Relu6_grad/Relu6Grad"
op: "Relu6Grad"
input: "training/RMSprop/gradients/gradients/conv_dw_3/depthwise_grad/DepthwiseConv2dNativeBackpropInput"
input: "conv_pw_2_relu/Relu6"
attr {
  key: "T"
  value {
    type: DT_FLOAT
  }
}
 for consumer [<tf.Operation 'training/RMSprop/gradients/gradients/conv_dw_2_relu/Relu6_grad/Relu6Grad' type=Relu6Grad>, <tf.Operation 'training/RMSprop/gradients/gradients/conv_pw_2/Conv2D_grad/Conv2DBackpropFilter' type=Conv2DBackpropFilter>]
[STR DEBUG] Processing layer 15's swapping, swap out at [16], swap in at [168]
[STR DEBUG] Cannot find swap-out control nodes for layer 15, use the first op name: "conv_pw_2_bn/AssignMovingAvg_1/sub_1"
op: "Sub"
input: "conv_pw_2_bn/AssignMovingAvg_1/ReadVariableOp"
input: "conv_pw_2_bn/cond/Merge_2"
attr {
  key: "T"
  value {
    type: DT_FLOAT
  }
}
attr {
  key: "_class"
  value {
    list {
      s: "loc:@conv_pw_2_bn/moving_variance"
    }
  }
}

[STR DEBUG] Find swapout ops: name: "conv_pw_2_relu/Relu6"
op: "Relu6"
input: "conv_pw_2_bn/cond/Merge"
attr {
  key: "T"
  value {
    type: DT_FLOAT
  }
}
, 
	choose swap tensor Tensor("conv_pw_2_relu/Relu6:0", shape=(?, 56, 56, 128), dtype=float32), 
	finish at the end of ops: [<tf.Operation 'conv_pw_2_bn/AssignMovingAvg_1/sub_1' type=Sub>]
[STR DEBUG] Cannot find swap-in control nodes for ref. layer 168, use the last op name: "training/RMSprop/gradients/gradients/conv_pw_2_bn/cond/FusedBatchNormV3_1_grad/FusedBatchNormGradV3"
op: "FusedBatchNormGradV3"
input: "training/RMSprop/gradients/gradients/conv_pw_2_bn/cond/Merge_grad/cond_grad"
input: "conv_pw_2_bn/cond/FusedBatchNormV3_1/Switch"
input: "conv_pw_2_bn/cond/ReadVariableOp_2"
input: "conv_pw_2_bn/cond/FusedBatchNormV3_1/ReadVariableOp"
input: "conv_pw_2_bn/cond/FusedBatchNormV3_1/ReadVariableOp_1"
input: "conv_pw_2_bn/cond/FusedBatchNormV3_1:5"
attr {
  key: "T"
  value {
    type: DT_FLOAT
  }
}
attr {
  key: "U"
  value {
    type: DT_FLOAT
  }
}
attr {
  key: "data_format"
  value {
    s: "NHWC"
  }
}
attr {
  key: "epsilon"
  value {
    f: 0.0010000000474974513
  }
}
attr {
  key: "is_training"
  value {
    b: false
  }
}

[STR DEBUG] Processing layer 16's swapping, swap out at [17], swap in at [167]
[STR DEBUG] Cannot find swap-out activation nodes for layer 16, among [<tf.Operation 'conv_pw_2_bn/AssignMovingAvg_1/sub_1' type=Sub>, <tf.Operation 'conv_pw_2_bn/AssignMovingAvg_1/sub' type=Sub>, <tf.Operation 'conv_pw_2_bn/AssignMovingAvg_1/ReadVariableOp' type=ReadVariableOp>, <tf.Operation 'conv_pw_2_bn/AssignMovingAvg_1/mul' type=Mul>, <tf.Operation 'conv_pw_2_bn/AssignMovingAvg_1/AssignSubVariableOp' type=AssignSubVariableOp>, <tf.Operation 'conv_pw_2_bn/AssignMovingAvg_1/ReadVariableOp_1' type=ReadVariableOp>, <tf.Operation 'conv_pw_2_bn/gamma/Initializer/ones' type=Const>, <tf.Operation 'conv_pw_2_bn/gamma' type=VarHandleOp>, <tf.Operation 'conv_pw_2_bn/gamma/IsInitialized/VarIsInitializedOp' type=VarIsInitializedOp>, <tf.Operation 'conv_pw_2_bn/gamma/Read/ReadVariableOp' type=ReadVariableOp>, <tf.Operation 'conv_pw_2_bn/gamma/Assign' type=AssignVariableOp>, <tf.Operation 'conv_pw_2_bn/beta/Initializer/zeros' type=Const>, <tf.Operation 'conv_pw_2_bn/beta' type=VarHandleOp>, <tf.Operation 'conv_pw_2_bn/beta/IsInitialized/VarIsInitializedOp' type=VarIsInitializedOp>, <tf.Operation 'conv_pw_2_bn/cond/Const' type=Const>, <tf.Operation 'conv_pw_2_bn/beta/Read/ReadVariableOp' type=ReadVariableOp>, <tf.Operation 'conv_pw_2_bn/beta/Assign' type=AssignVariableOp>, <tf.Operation 'conv_pw_2_bn/moving_mean/Initializer/zeros' type=Const>, <tf.Operation 'conv_pw_2_bn/cond/switch_t' type=Identity>, <tf.Operation 'conv_pw_2_bn/moving_mean' type=VarHandleOp>, <tf.Operation 'conv_pw_2_bn/cond/Const_1' type=Const>, <tf.Operation 'conv_pw_2_bn/cond/switch_f' type=Identity>, <tf.Operation 'conv_pw_2_bn/moving_mean/IsInitialized/VarIsInitializedOp' type=VarIsInitializedOp>, <tf.Operation 'conv_pw_2_bn/moving_mean/Read/ReadVariableOp' type=ReadVariableOp>, <tf.Operation 'conv_pw_2_bn/cond/Switch' type=Switch>, <tf.Operation 'conv_pw_2_bn/moving_mean/Assign' type=AssignVariableOp>, <tf.Operation 'conv_pw_2_bn/moving_variance/Initializer/ones' type=Const>, <tf.Operation 'conv_pw_2_bn/moving_variance' type=VarHandleOp>, <tf.Operation 'conv_pw_2_bn/moving_variance/IsInitialized/VarIsInitializedOp' type=VarIsInitializedOp>, <tf.Operation 'conv_pw_2_bn/cond/pred_id' type=Identity>, <tf.Operation 'conv_pw_2_bn/moving_variance/Read/ReadVariableOp' type=ReadVariableOp>, <tf.Operation 'conv_pw_2_bn/moving_variance/Assign' type=AssignVariableOp>, <tf.Operation 'conv_pw_2_bn/cond_1/Const' type=Const>, <tf.Operation 'conv_pw_2_bn/cond/ReadVariableOp' type=ReadVariableOp>, <tf.Operation 'conv_pw_2_bn/cond/ReadVariableOp_1' type=ReadVariableOp>, <tf.Operation 'conv_pw_2_bn/cond_1/switch_t' type=Identity>, <tf.Operation 'conv_pw_2_bn/cond/FusedBatchNormV3' type=FusedBatchNormV3>, <tf.Operation 'conv_pw_2_bn/cond/ReadVariableOp/Switch' type=Switch>, <tf.Operation 'conv_pw_2_bn/cond/ReadVariableOp_1/Switch' type=Switch>, <tf.Operation 'conv_pw_2_bn/cond/FusedBatchNormV3_1' type=FusedBatchNormV3>, <tf.Operation 'conv_pw_2_bn/cond/ReadVariableOp_2' type=ReadVariableOp>, <tf.Operation 'conv_pw_2_bn/cond_1/pred_id' type=Identity>, <tf.Operation 'conv_pw_2_bn/cond/FusedBatchNormV3/Switch' type=Switch>, <tf.Operation 'conv_pw_2_bn/cond/ReadVariableOp_3' type=ReadVariableOp>, <tf.Operation 'conv_pw_2_bn/cond/FusedBatchNormV3_1/ReadVariableOp' type=ReadVariableOp>, <tf.Operation 'conv_pw_2_bn/cond/ReadVariableOp_2/Switch' type=Switch>, <tf.Operation 'conv_pw_2_bn/cond/FusedBatchNormV3_1/ReadVariableOp_1' type=ReadVariableOp>, <tf.Operation 'conv_pw_2_bn/cond/ReadVariableOp_3/Switch' type=Switch>, <tf.Operation 'conv_pw_2_bn/cond/Merge' type=Merge>, <tf.Operation 'conv_pw_2_bn/cond/Merge_1' type=Merge>, <tf.Operation 'conv_pw_2_bn/cond_1/switch_f' type=Identity>, <tf.Operation 'conv_pw_2_bn/cond/FusedBatchNormV3_1/ReadVariableOp/Switch' type=Switch>, <tf.Operation 'conv_pw_2_bn/cond/FusedBatchNormV3_1/ReadVariableOp_1/Switch' type=Switch>, <tf.Operation 'conv_pw_2_bn/cond/FusedBatchNormV3_1/Switch' type=Switch>, <tf.Operation 'conv_pw_2_bn/cond/Merge_2' type=Merge>, <tf.Operation 'conv_pw_2_bn/cond_1/Switch' type=Switch>, <tf.Operation 'conv_pw_2_bn/cond_1/Const_1' type=Const>, <tf.Operation 'conv_pw_2_bn/AssignMovingAvg/sub/x' type=Const>, <tf.Operation 'conv_pw_2_bn/cond_1/Merge' type=Merge>, <tf.Operation 'conv_pw_2_bn/AssignMovingAvg/sub' type=Sub>, <tf.Operation 'conv_pw_2_bn/AssignMovingAvg/sub_1' type=Sub>, <tf.Operation 'conv_pw_2_bn/AssignMovingAvg/ReadVariableOp' type=ReadVariableOp>, <tf.Operation 'conv_pw_2_bn/AssignMovingAvg/mul' type=Mul>, <tf.Operation 'conv_pw_2_bn/AssignMovingAvg/AssignSubVariableOp' type=AssignSubVariableOp>, <tf.Operation 'conv_pw_2_bn/AssignMovingAvg/ReadVariableOp_1' type=ReadVariableOp>, <tf.Operation 'conv_pw_2_bn/AssignMovingAvg_1/sub/x' type=Const>]
[STR DEBUG] Choose op that have outputs: name: "conv_pw_2_bn/AssignMovingAvg_1/sub/x"
op: "Const"
attr {
  key: "_class"
  value {
    list {
      s: "loc:@conv_pw_2_bn/moving_variance"
    }
  }
}
attr {
  key: "dtype"
  value {
    type: DT_FLOAT
  }
}
attr {
  key: "value"
  value {
    tensor {
      dtype: DT_FLOAT
      tensor_shape {
      }
      float_val: 1.0
    }
  }
}

[STR DEBUG] Find swapout ops: name: "conv_pw_2_bn/AssignMovingAvg_1/sub/x"
op: "Const"
attr {
  key: "_class"
  value {
    list {
      s: "loc:@conv_pw_2_bn/moving_variance"
    }
  }
}
attr {
  key: "dtype"
  value {
    type: DT_FLOAT
  }
}
attr {
  key: "value"
  value {
    tensor {
      dtype: DT_FLOAT
      tensor_shape {
      }
      float_val: 1.0
    }
  }
}
, 
	choose swap tensor Tensor("conv_pw_2_bn/AssignMovingAvg_1/sub/x:0", shape=(), dtype=float32), 
	finish at the end of ops: [<tf.Operation 'conv_pw_2_relu/Relu6' type=Relu6>]
[STR DEBUG] Processing layer 18's swapping, swap out at [19], swap in at [165]
[STR DEBUG] Cannot find swap-out control nodes for layer 18, use the first op name: "conv_dw_3_bn/AssignMovingAvg/AssignSubVariableOp"
op: "AssignSubVariableOp"
input: "conv_dw_3_bn/moving_mean"
input: "conv_dw_3_bn/AssignMovingAvg/mul"
attr {
  key: "_class"
  value {
    list {
      s: "loc:@conv_dw_3_bn/moving_mean"
    }
  }
}
attr {
  key: "dtype"
  value {
    type: DT_FLOAT
  }
}

[STR DEBUG] Find swapout ops: name: "conv_dw_3_relu/Relu6"
op: "Relu6"
input: "conv_dw_3_bn/cond/Merge"
attr {
  key: "T"
  value {
    type: DT_FLOAT
  }
}
, 
	choose swap tensor Tensor("conv_dw_3_relu/Relu6:0", shape=(?, 56, 56, 128), dtype=float32), 
	finish at the end of ops: [<tf.Operation 'conv_dw_3_bn/AssignMovingAvg/AssignSubVariableOp' type=AssignSubVariableOp>]
[STR DEBUG] Cannot find swap-in control nodes for ref. layer 165, use the last op name: "training/RMSprop/gradients/gradients/conv_dw_3_bn/cond/FusedBatchNormV3_grad/FusedBatchNormGradV3"
op: "FusedBatchNormGradV3"
input: "training/RMSprop/gradients/gradients/conv_dw_3_bn/cond/Merge_grad/cond_grad:1"
input: "conv_dw_3_bn/cond/FusedBatchNormV3/Switch:1"
input: "conv_dw_3_bn/cond/ReadVariableOp"
input: "conv_dw_3_bn/cond/FusedBatchNormV3:3"
input: "conv_dw_3_bn/cond/FusedBatchNormV3:4"
input: "conv_dw_3_bn/cond/FusedBatchNormV3:5"
attr {
  key: "T"
  value {
    type: DT_FLOAT
  }
}
attr {
  key: "U"
  value {
    type: DT_FLOAT
  }
}
attr {
  key: "data_format"
  value {
    s: "NHWC"
  }
}
attr {
  key: "epsilon"
  value {
    f: 0.0010000000474974513
  }
}
attr {
  key: "is_training"
  value {
    b: true
  }
}

[STR DEBUG] Processing layer 20's swapping, swap out at [21], swap in at [163]
[STR DEBUG] Find swapout ops: name: "conv_dw_3_relu/Relu6"
op: "Relu6"
input: "conv_dw_3_bn/cond/Merge"
attr {
  key: "T"
  value {
    type: DT_FLOAT
  }
}
, 
	choose swap tensor Tensor("conv_dw_3_relu/Relu6:0", shape=(?, 56, 56, 128), dtype=float32), 
	finish at the end of ops: [<tf.Operation 'conv_pw_3_relu/Relu6' type=Relu6>]
[STR DEBUG] Add swap-in op at name: "training/RMSprop/gradients/gradients/conv_pw_3_relu/Relu6_grad/Relu6Grad"
op: "Relu6Grad"
input: "training/RMSprop/gradients/gradients/conv_pad_4/Pad_grad/Slice_1"
input: "conv_pw_3_relu/Relu6"
attr {
  key: "T"
  value {
    type: DT_FLOAT
  }
}
 for consumer [<tf.Operation 'training/RMSprop/gradients/gradients/conv_dw_3_relu/Relu6_grad/Relu6Grad' type=Relu6Grad>, <tf.Operation 'training/RMSprop/gradients/gradients/conv_pw_3/Conv2D_grad/Conv2DBackpropFilter' type=Conv2DBackpropFilter>]
[STR DEBUG] Processing layer 22's swapping, swap out at [23], swap in at [161]
[STR DEBUG] Cannot find swap-out activation nodes for layer 22, among [<tf.Operation 'conv_pw_3_bn/AssignMovingAvg/mul' type=Mul>, <tf.Operation 'conv_pw_3_bn/AssignMovingAvg/ReadVariableOp' type=ReadVariableOp>, <tf.Operation 'conv_pw_3_bn/AssignMovingAvg/AssignSubVariableOp' type=AssignSubVariableOp>, <tf.Operation 'conv_pw_3_bn/AssignMovingAvg/ReadVariableOp_1' type=ReadVariableOp>, <tf.Operation 'conv_pw_3_bn/AssignMovingAvg_1/sub' type=Sub>, <tf.Operation 'conv_pw_3_bn/AssignMovingAvg_1/ReadVariableOp' type=ReadVariableOp>, <tf.Operation 'conv_pw_3_bn/AssignMovingAvg_1/mul' type=Mul>, <tf.Operation 'conv_pw_3_bn/AssignMovingAvg_1/sub_1' type=Sub>, <tf.Operation 'conv_pw_3_bn/AssignMovingAvg_1/AssignSubVariableOp' type=AssignSubVariableOp>, <tf.Operation 'conv_pw_3_bn/AssignMovingAvg_1/ReadVariableOp_1' type=ReadVariableOp>, <tf.Operation 'conv_pw_3_bn/gamma/Initializer/ones' type=Const>, <tf.Operation 'conv_pw_3_bn/gamma' type=VarHandleOp>, <tf.Operation 'conv_pw_3_bn/gamma/IsInitialized/VarIsInitializedOp' type=VarIsInitializedOp>, <tf.Operation 'conv_pw_3_bn/gamma/Read/ReadVariableOp' type=ReadVariableOp>, <tf.Operation 'conv_pw_3_bn/gamma/Assign' type=AssignVariableOp>, <tf.Operation 'conv_pw_3_bn/beta/Initializer/zeros' type=Const>, <tf.Operation 'conv_pw_3_bn/cond/Const' type=Const>, <tf.Operation 'conv_pw_3_bn/beta' type=VarHandleOp>, <tf.Operation 'conv_pw_3_bn/beta/IsInitialized/VarIsInitializedOp' type=VarIsInitializedOp>, <tf.Operation 'conv_pw_3_bn/cond/switch_f' type=Identity>, <tf.Operation 'conv_pw_3_bn/beta/Read/ReadVariableOp' type=ReadVariableOp>, <tf.Operation 'conv_pw_3_bn/cond/switch_t' type=Identity>, <tf.Operation 'conv_pw_3_bn/beta/Assign' type=AssignVariableOp>, <tf.Operation 'conv_pw_3_bn/moving_mean/Initializer/zeros' type=Const>, <tf.Operation 'conv_pw_3_bn/moving_mean' type=VarHandleOp>, <tf.Operation 'conv_pw_3_bn/moving_mean/IsInitialized/VarIsInitializedOp' type=VarIsInitializedOp>, <tf.Operation 'conv_pw_3_bn/cond/Const_1' type=Const>, <tf.Operation 'conv_pw_3_bn/moving_mean/Read/ReadVariableOp' type=ReadVariableOp>, <tf.Operation 'conv_pw_3_bn/cond/Switch' type=Switch>, <tf.Operation 'conv_pw_3_bn/moving_mean/Assign' type=AssignVariableOp>, <tf.Operation 'conv_pw_3_bn/moving_variance/Initializer/ones' type=Const>, <tf.Operation 'conv_pw_3_bn/moving_variance' type=VarHandleOp>, <tf.Operation 'conv_pw_3_bn/moving_variance/IsInitialized/VarIsInitializedOp' type=VarIsInitializedOp>, <tf.Operation 'conv_pw_3_bn/moving_variance/Read/ReadVariableOp' type=ReadVariableOp>, <tf.Operation 'conv_pw_3_bn/cond/pred_id' type=Identity>, <tf.Operation 'conv_pw_3_bn/moving_variance/Assign' type=AssignVariableOp>, <tf.Operation 'conv_pw_3_bn/cond_1/switch_t' type=Identity>, <tf.Operation 'conv_pw_3_bn/cond/ReadVariableOp' type=ReadVariableOp>, <tf.Operation 'conv_pw_3_bn/cond/ReadVariableOp_1' type=ReadVariableOp>, <tf.Operation 'conv_pw_3_bn/cond/FusedBatchNormV3' type=FusedBatchNormV3>, <tf.Operation 'conv_pw_3_bn/cond_1/Const' type=Const>, <tf.Operation 'conv_pw_3_bn/cond/ReadVariableOp/Switch' type=Switch>, <tf.Operation 'conv_pw_3_bn/cond/FusedBatchNormV3_1' type=FusedBatchNormV3>, <tf.Operation 'conv_pw_3_bn/cond/ReadVariableOp_1/Switch' type=Switch>, <tf.Operation 'conv_pw_3_bn/cond_1/switch_f' type=Identity>, <tf.Operation 'conv_pw_3_bn/cond/ReadVariableOp_2' type=ReadVariableOp>, <tf.Operation 'conv_pw_3_bn/cond_1/Switch' type=Switch>, <tf.Operation 'conv_pw_3_bn/cond/FusedBatchNormV3/Switch' type=Switch>, <tf.Operation 'conv_pw_3_bn/cond/ReadVariableOp_3' type=ReadVariableOp>, <tf.Operation 'conv_pw_3_bn/cond/FusedBatchNormV3_1/ReadVariableOp' type=ReadVariableOp>, <tf.Operation 'conv_pw_3_bn/cond/ReadVariableOp_2/Switch' type=Switch>, <tf.Operation 'conv_pw_3_bn/cond/FusedBatchNormV3_1/ReadVariableOp_1' type=ReadVariableOp>, <tf.Operation 'conv_pw_3_bn/cond/ReadVariableOp_3/Switch' type=Switch>, <tf.Operation 'conv_pw_3_bn/cond/Merge' type=Merge>, <tf.Operation 'conv_pw_3_bn/cond/Merge_1' type=Merge>, <tf.Operation 'conv_pw_3_bn/cond/FusedBatchNormV3_1/ReadVariableOp/Switch' type=Switch>, <tf.Operation 'conv_pw_3_bn/cond/Merge_2' type=Merge>, <tf.Operation 'conv_pw_3_bn/cond/FusedBatchNormV3_1/ReadVariableOp_1/Switch' type=Switch>, <tf.Operation 'conv_pw_3_bn/cond/FusedBatchNormV3_1/Switch' type=Switch>, <tf.Operation 'conv_pw_3_bn/cond_1/pred_id' type=Identity>, <tf.Operation 'conv_pw_3_bn/cond_1/Const_1' type=Const>, <tf.Operation 'conv_pw_3_bn/AssignMovingAvg_1/sub/x' type=Const>, <tf.Operation 'conv_pw_3_bn/AssignMovingAvg/sub/x' type=Const>, <tf.Operation 'conv_pw_3_bn/cond_1/Merge' type=Merge>, <tf.Operation 'conv_pw_3_bn/AssignMovingAvg/sub' type=Sub>, <tf.Operation 'conv_pw_3_bn/AssignMovingAvg/sub_1' type=Sub>]
[STR DEBUG] Choose op that have outputs: name: "conv_pw_3_bn/AssignMovingAvg/sub_1"
op: "Sub"
input: "conv_pw_3_bn/AssignMovingAvg/ReadVariableOp"
input: "conv_pw_3_bn/cond/Merge_1"
attr {
  key: "T"
  value {
    type: DT_FLOAT
  }
}
attr {
  key: "_class"
  value {
    list {
      s: "loc:@conv_pw_3_bn/moving_mean"
    }
  }
}

[STR DEBUG] Find swapout ops: name: "conv_pw_3_bn/AssignMovingAvg/sub_1"
op: "Sub"
input: "conv_pw_3_bn/AssignMovingAvg/ReadVariableOp"
input: "conv_pw_3_bn/cond/Merge_1"
attr {
  key: "T"
  value {
    type: DT_FLOAT
  }
}
attr {
  key: "_class"
  value {
    list {
      s: "loc:@conv_pw_3_bn/moving_mean"
    }
  }
}
, 
	choose swap tensor Tensor("conv_pw_3_bn/AssignMovingAvg/sub_1:0", shape=(128,), dtype=float32), 
	finish at the end of ops: [<tf.Operation 'conv_pw_3_relu/Relu6' type=Relu6>]
[STR DEBUG] Processing layer 24's swapping, swap out at [25], swap in at [159]
[STR DEBUG] Cannot find swap-out activation nodes for layer 24, among [<tf.Operation 'conv_pad_4/Pad/paddings' type=Const>, <tf.Operation 'conv_pad_4/Pad' type=Pad>]
[STR DEBUG] Choose op that have outputs: name: "conv_pad_4/Pad"
op: "Pad"
input: "conv_pw_3_relu/Relu6"
input: "conv_pad_4/Pad/paddings"
attr {
  key: "T"
  value {
    type: DT_FLOAT
  }
}
attr {
  key: "Tpaddings"
  value {
    type: DT_INT32
  }
}

[STR DEBUG] Find swapout ops: name: "conv_pad_4/Pad"
op: "Pad"
input: "conv_pw_3_relu/Relu6"
input: "conv_pad_4/Pad/paddings"
attr {
  key: "T"
  value {
    type: DT_FLOAT
  }
}
attr {
  key: "Tpaddings"
  value {
    type: DT_INT32
  }
}
, 
	choose swap tensor Tensor("conv_pad_4/Pad:0", shape=(?, 57, 57, 128), dtype=float32), 
	finish at the end of ops: [<tf.Operation 'conv_dw_4_relu/Relu6' type=Relu6>]
[STR DEBUG] Add swap-in op at name: "training/RMSprop/gradients/gradients/conv_dw_4_relu/Relu6_grad/Relu6Grad"
op: "Relu6Grad"
input: "training/RMSprop/gradients/gradients/conv_pw_4/Conv2D_grad/Conv2DBackpropInput"
input: "conv_dw_4_relu/Relu6"
attr {
  key: "T"
  value {
    type: DT_FLOAT
  }
}
 for consumer [<tf.Operation 'training/RMSprop/gradients/gradients/conv_dw_4/depthwise_grad/DepthwiseConv2dNativeBackpropFilter' type=DepthwiseConv2dNativeBackpropFilter>]
[STR DEBUG] Processing layer 26's swapping, swap out at [27], swap in at [157]
[STR DEBUG] Cannot find swap-out activation nodes for layer 26, among [<tf.Operation 'conv_dw_4_bn/cond_1/pred_id' type=Identity>, <tf.Operation 'conv_dw_4_bn/cond_1/Const_1' type=Const>, <tf.Operation 'conv_dw_4_bn/AssignMovingAvg/sub/x' type=Const>, <tf.Operation 'conv_dw_4_bn/cond_1/Merge' type=Merge>, <tf.Operation 'conv_dw_4_bn/AssignMovingAvg/sub' type=Sub>, <tf.Operation 'conv_dw_4_bn/AssignMovingAvg/sub_1' type=Sub>, <tf.Operation 'conv_dw_4_bn/AssignMovingAvg/ReadVariableOp' type=ReadVariableOp>, <tf.Operation 'conv_dw_4_bn/AssignMovingAvg/mul' type=Mul>, <tf.Operation 'conv_dw_4_bn/AssignMovingAvg_1/sub/x' type=Const>, <tf.Operation 'conv_dw_4_bn/AssignMovingAvg/AssignSubVariableOp' type=AssignSubVariableOp>, <tf.Operation 'conv_dw_4_bn/AssignMovingAvg/ReadVariableOp_1' type=ReadVariableOp>, <tf.Operation 'conv_dw_4_bn/AssignMovingAvg_1/ReadVariableOp' type=ReadVariableOp>, <tf.Operation 'conv_dw_4_bn/AssignMovingAvg_1/sub_1' type=Sub>, <tf.Operation 'conv_dw_4_bn/AssignMovingAvg_1/sub' type=Sub>, <tf.Operation 'conv_dw_4_bn/AssignMovingAvg_1/mul' type=Mul>, <tf.Operation 'conv_dw_4_bn/AssignMovingAvg_1/AssignSubVariableOp' type=AssignSubVariableOp>, <tf.Operation 'conv_dw_4_bn/AssignMovingAvg_1/ReadVariableOp_1' type=ReadVariableOp>, <tf.Operation 'conv_dw_4_bn/cond/switch_t' type=Identity>, <tf.Operation 'conv_dw_4_bn/gamma/Initializer/ones' type=Const>, <tf.Operation 'conv_dw_4_bn/gamma' type=VarHandleOp>, <tf.Operation 'conv_dw_4_bn/gamma/IsInitialized/VarIsInitializedOp' type=VarIsInitializedOp>, <tf.Operation 'conv_dw_4_bn/cond/Const_1' type=Const>, <tf.Operation 'conv_dw_4_bn/gamma/Read/ReadVariableOp' type=ReadVariableOp>, <tf.Operation 'conv_dw_4_bn/gamma/Assign' type=AssignVariableOp>, <tf.Operation 'conv_dw_4_bn/beta/Initializer/zeros' type=Const>, <tf.Operation 'conv_dw_4_bn/beta' type=VarHandleOp>, <tf.Operation 'conv_dw_4_bn/beta/IsInitialized/VarIsInitializedOp' type=VarIsInitializedOp>, <tf.Operation 'conv_dw_4_bn/beta/Read/ReadVariableOp' type=ReadVariableOp>, <tf.Operation 'conv_dw_4_bn/cond/Const' type=Const>, <tf.Operation 'conv_dw_4_bn/beta/Assign' type=AssignVariableOp>, <tf.Operation 'conv_dw_4_bn/moving_mean/Initializer/zeros' type=Const>, <tf.Operation 'conv_dw_4_bn/moving_mean' type=VarHandleOp>, <tf.Operation 'conv_dw_4_bn/cond/switch_f' type=Identity>, <tf.Operation 'conv_dw_4_bn/moving_mean/IsInitialized/VarIsInitializedOp' type=VarIsInitializedOp>, <tf.Operation 'conv_dw_4_bn/moving_mean/Read/ReadVariableOp' type=ReadVariableOp>, <tf.Operation 'conv_dw_4_bn/cond/Switch' type=Switch>, <tf.Operation 'conv_dw_4_bn/moving_mean/Assign' type=AssignVariableOp>, <tf.Operation 'conv_dw_4_bn/moving_variance/Initializer/ones' type=Const>, <tf.Operation 'conv_dw_4_bn/moving_variance' type=VarHandleOp>, <tf.Operation 'conv_dw_4_bn/moving_variance/IsInitialized/VarIsInitializedOp' type=VarIsInitializedOp>, <tf.Operation 'conv_dw_4_bn/cond/pred_id' type=Identity>, <tf.Operation 'conv_dw_4_bn/moving_variance/Read/ReadVariableOp' type=ReadVariableOp>, <tf.Operation 'conv_dw_4_bn/moving_variance/Assign' type=AssignVariableOp>, <tf.Operation 'conv_dw_4_bn/cond/ReadVariableOp' type=ReadVariableOp>, <tf.Operation 'conv_dw_4_bn/cond/ReadVariableOp_1' type=ReadVariableOp>, <tf.Operation 'conv_dw_4_bn/cond_1/switch_t' type=Identity>, <tf.Operation 'conv_dw_4_bn/cond/FusedBatchNormV3' type=FusedBatchNormV3>, <tf.Operation 'conv_dw_4_bn/cond/ReadVariableOp/Switch' type=Switch>, <tf.Operation 'conv_dw_4_bn/cond/ReadVariableOp_1/Switch' type=Switch>, <tf.Operation 'conv_dw_4_bn/cond_1/Const' type=Const>, <tf.Operation 'conv_dw_4_bn/cond/FusedBatchNormV3_1' type=FusedBatchNormV3>, <tf.Operation 'conv_dw_4_bn/cond/ReadVariableOp_2' type=ReadVariableOp>, <tf.Operation 'conv_dw_4_bn/cond_1/switch_f' type=Identity>, <tf.Operation 'conv_dw_4_bn/cond/FusedBatchNormV3/Switch' type=Switch>, <tf.Operation 'conv_dw_4_bn/cond/ReadVariableOp_3' type=ReadVariableOp>, <tf.Operation 'conv_dw_4_bn/cond/FusedBatchNormV3_1/ReadVariableOp' type=ReadVariableOp>, <tf.Operation 'conv_dw_4_bn/cond/ReadVariableOp_2/Switch' type=Switch>, <tf.Operation 'conv_dw_4_bn/cond/FusedBatchNormV3_1/ReadVariableOp_1' type=ReadVariableOp>, <tf.Operation 'conv_dw_4_bn/cond/ReadVariableOp_3/Switch' type=Switch>, <tf.Operation 'conv_dw_4_bn/cond/Merge' type=Merge>, <tf.Operation 'conv_dw_4_bn/cond/Merge_1' type=Merge>, <tf.Operation 'conv_dw_4_bn/cond/FusedBatchNormV3_1/ReadVariableOp/Switch' type=Switch>, <tf.Operation 'conv_dw_4_bn/cond/FusedBatchNormV3_1/ReadVariableOp_1/Switch' type=Switch>, <tf.Operation 'conv_dw_4_bn/cond/FusedBatchNormV3_1/Switch' type=Switch>, <tf.Operation 'conv_dw_4_bn/cond/Merge_2' type=Merge>, <tf.Operation 'conv_dw_4_bn/cond_1/Switch' type=Switch>]
[STR DEBUG] Choose op that have outputs: name: "conv_dw_4_bn/cond_1/Switch"
op: "Switch"
input: "keras_learning_phase"
input: "keras_learning_phase"
attr {
  key: "T"
  value {
    type: DT_BOOL
  }
}

[STR DEBUG] Find swapout ops: name: "conv_dw_4_bn/cond_1/Switch"
op: "Switch"
input: "keras_learning_phase"
input: "keras_learning_phase"
attr {
  key: "T"
  value {
    type: DT_BOOL
  }
}
, 
	choose swap tensor Tensor("conv_dw_4_bn/cond_1/Switch:0", shape=(), dtype=bool), 
	finish at the end of ops: [<tf.Operation 'conv_dw_4_relu/Relu6' type=Relu6>]
[STR DEBUG] Processing layer 28's swapping, swap out at [29], swap in at [155]
[STR DEBUG] Cannot find swap-out control nodes for layer 28, use the first op name: "conv_pw_4_bn/cond_1/pred_id"
op: "Identity"
input: "keras_learning_phase"
attr {
  key: "T"
  value {
    type: DT_BOOL
  }
}

[STR DEBUG] Find swapout ops: name: "conv_pw_4_relu/Relu6"
op: "Relu6"
input: "conv_pw_4_bn/cond/Merge"
attr {
  key: "T"
  value {
    type: DT_FLOAT
  }
}
, 
	choose swap tensor Tensor("conv_pw_4_relu/Relu6:0", shape=(?, 28, 28, 256), dtype=float32), 
	finish at the end of ops: [<tf.Operation 'conv_pw_4_bn/cond_1/pred_id' type=Identity>]
[STR DEBUG] Cannot find swap-in control nodes for ref. layer 155, use the last op name: "training/RMSprop/gradients/gradients/conv_pw_4_bn/cond/FusedBatchNormV3_1/Switch_grad/cond_grad"
op: "Merge"
input: "training/RMSprop/gradients/gradients/conv_pw_4_bn/cond/FusedBatchNormV3_1_grad/FusedBatchNormGradV3"
input: "training/RMSprop/gradients/gradients/zeros_110"
attr {
  key: "N"
  value {
    i: 2
  }
}
attr {
  key: "T"
  value {
    type: DT_FLOAT
  }
}

[STR DEBUG] Processing layer 29's swapping, swap out at [30], swap in at [154]
[STR DEBUG] Cannot find swap-out activation nodes for layer 29, among [<tf.Operation 'conv_pw_4_bn/cond_1/pred_id' type=Identity>, <tf.Operation 'conv_pw_4_bn/cond_1/Const_1' type=Const>, <tf.Operation 'conv_pw_4_bn/AssignMovingAvg_1/sub/x' type=Const>, <tf.Operation 'conv_pw_4_bn/AssignMovingAvg/sub/x' type=Const>, <tf.Operation 'conv_pw_4_bn/cond_1/Merge' type=Merge>, <tf.Operation 'conv_pw_4_bn/AssignMovingAvg/sub' type=Sub>, <tf.Operation 'conv_pw_4_bn/AssignMovingAvg/sub_1' type=Sub>, <tf.Operation 'conv_pw_4_bn/AssignMovingAvg/ReadVariableOp' type=ReadVariableOp>, <tf.Operation 'conv_pw_4_bn/AssignMovingAvg/mul' type=Mul>, <tf.Operation 'conv_pw_4_bn/AssignMovingAvg/AssignSubVariableOp' type=AssignSubVariableOp>, <tf.Operation 'conv_pw_4_bn/AssignMovingAvg_1/ReadVariableOp' type=ReadVariableOp>, <tf.Operation 'conv_pw_4_bn/AssignMovingAvg/ReadVariableOp_1' type=ReadVariableOp>, <tf.Operation 'conv_pw_4_bn/AssignMovingAvg_1/sub' type=Sub>, <tf.Operation 'conv_pw_4_bn/AssignMovingAvg_1/sub_1' type=Sub>, <tf.Operation 'conv_pw_4_bn/AssignMovingAvg_1/mul' type=Mul>, <tf.Operation 'conv_pw_4_bn/AssignMovingAvg_1/AssignSubVariableOp' type=AssignSubVariableOp>, <tf.Operation 'conv_pw_4_bn/AssignMovingAvg_1/ReadVariableOp_1' type=ReadVariableOp>, <tf.Operation 'conv_pw_4_bn/beta' type=VarHandleOp>, <tf.Operation 'conv_pw_4_bn/gamma/Initializer/ones' type=Const>, <tf.Operation 'conv_pw_4_bn/gamma' type=VarHandleOp>, <tf.Operation 'conv_pw_4_bn/gamma/IsInitialized/VarIsInitializedOp' type=VarIsInitializedOp>, <tf.Operation 'conv_pw_4_bn/cond/Const' type=Const>, <tf.Operation 'conv_pw_4_bn/gamma/Read/ReadVariableOp' type=ReadVariableOp>, <tf.Operation 'conv_pw_4_bn/gamma/Assign' type=AssignVariableOp>, <tf.Operation 'conv_pw_4_bn/beta/Initializer/zeros' type=Const>, <tf.Operation 'conv_pw_4_bn/cond/Const_1' type=Const>, <tf.Operation 'conv_pw_4_bn/beta/IsInitialized/VarIsInitializedOp' type=VarIsInitializedOp>, <tf.Operation 'conv_pw_4_bn/beta/Read/ReadVariableOp' type=ReadVariableOp>, <tf.Operation 'conv_pw_4_bn/beta/Assign' type=AssignVariableOp>, <tf.Operation 'conv_pw_4_bn/moving_mean/Initializer/zeros' type=Const>, <tf.Operation 'conv_pw_4_bn/moving_mean' type=VarHandleOp>, <tf.Operation 'conv_pw_4_bn/cond/switch_t' type=Identity>, <tf.Operation 'conv_pw_4_bn/cond/pred_id' type=Identity>, <tf.Operation 'conv_pw_4_bn/moving_mean/IsInitialized/VarIsInitializedOp' type=VarIsInitializedOp>, <tf.Operation 'conv_pw_4_bn/moving_mean/Read/ReadVariableOp' type=ReadVariableOp>, <tf.Operation 'conv_pw_4_bn/cond/Switch' type=Switch>, <tf.Operation 'conv_pw_4_bn/moving_mean/Assign' type=AssignVariableOp>, <tf.Operation 'conv_pw_4_bn/moving_variance/Initializer/ones' type=Const>, <tf.Operation 'conv_pw_4_bn/moving_variance' type=VarHandleOp>, <tf.Operation 'conv_pw_4_bn/moving_variance/IsInitialized/VarIsInitializedOp' type=VarIsInitializedOp>, <tf.Operation 'conv_pw_4_bn/moving_variance/Read/ReadVariableOp' type=ReadVariableOp>, <tf.Operation 'conv_pw_4_bn/cond/switch_f' type=Identity>, <tf.Operation 'conv_pw_4_bn/moving_variance/Assign' type=AssignVariableOp>, <tf.Operation 'conv_pw_4_bn/cond_1/switch_t' type=Identity>, <tf.Operation 'conv_pw_4_bn/cond/ReadVariableOp' type=ReadVariableOp>, <tf.Operation 'conv_pw_4_bn/cond/ReadVariableOp_1' type=ReadVariableOp>, <tf.Operation 'conv_pw_4_bn/cond/FusedBatchNormV3' type=FusedBatchNormV3>, <tf.Operation 'conv_pw_4_bn/cond/ReadVariableOp/Switch' type=Switch>, <tf.Operation 'conv_pw_4_bn/cond/ReadVariableOp_1/Switch' type=Switch>, <tf.Operation 'conv_pw_4_bn/cond_1/Const' type=Const>, <tf.Operation 'conv_pw_4_bn/cond/FusedBatchNormV3_1' type=FusedBatchNormV3>, <tf.Operation 'conv_pw_4_bn/cond/ReadVariableOp_2' type=ReadVariableOp>, <tf.Operation 'conv_pw_4_bn/cond_1/switch_f' type=Identity>, <tf.Operation 'conv_pw_4_bn/cond/FusedBatchNormV3/Switch' type=Switch>, <tf.Operation 'conv_pw_4_bn/cond/ReadVariableOp_3' type=ReadVariableOp>, <tf.Operation 'conv_pw_4_bn/cond/FusedBatchNormV3_1/ReadVariableOp' type=ReadVariableOp>, <tf.Operation 'conv_pw_4_bn/cond/ReadVariableOp_2/Switch' type=Switch>, <tf.Operation 'conv_pw_4_bn/cond/FusedBatchNormV3_1/ReadVariableOp_1' type=ReadVariableOp>, <tf.Operation 'conv_pw_4_bn/cond/ReadVariableOp_3/Switch' type=Switch>, <tf.Operation 'conv_pw_4_bn/cond_1/Switch' type=Switch>, <tf.Operation 'conv_pw_4_bn/cond/Merge' type=Merge>, <tf.Operation 'conv_pw_4_bn/cond/Merge_1' type=Merge>, <tf.Operation 'conv_pw_4_bn/cond/FusedBatchNormV3_1/ReadVariableOp/Switch' type=Switch>, <tf.Operation 'conv_pw_4_bn/cond/Merge_2' type=Merge>, <tf.Operation 'conv_pw_4_bn/cond/FusedBatchNormV3_1/ReadVariableOp_1/Switch' type=Switch>, <tf.Operation 'conv_pw_4_bn/cond/FusedBatchNormV3_1/Switch' type=Switch>]
[STR DEBUG] Choose op that have outputs: name: "conv_pw_4_bn/cond/FusedBatchNormV3_1/Switch"
op: "Switch"
input: "conv_pw_4/Conv2D"
input: "conv_pw_4_bn/cond/pred_id"
attr {
  key: "T"
  value {
    type: DT_FLOAT
  }
}
attr {
  key: "_class"
  value {
    list {
      s: "loc:@conv_pw_4/Conv2D"
    }
  }
}

[STR DEBUG] Find swapout ops: name: "conv_pw_4_bn/cond/FusedBatchNormV3_1/Switch"
op: "Switch"
input: "conv_pw_4/Conv2D"
input: "conv_pw_4_bn/cond/pred_id"
attr {
  key: "T"
  value {
    type: DT_FLOAT
  }
}
attr {
  key: "_class"
  value {
    list {
      s: "loc:@conv_pw_4/Conv2D"
    }
  }
}
, 
	choose swap tensor Tensor("conv_pw_4_bn/cond/FusedBatchNormV3_1/Switch:0", shape=(?, 28, 28, 256), dtype=float32), 
	finish at the end of ops: [<tf.Operation 'conv_pw_4_relu/Relu6' type=Relu6>]
[STR DEBUG] Add swap-in op at name: "training/RMSprop/gradients/gradients/conv_pw_4_relu/Relu6_grad/Relu6Grad"
op: "Relu6Grad"
input: "training/RMSprop/gradients/gradients/conv_dw_5/depthwise_grad/DepthwiseConv2dNativeBackpropInput"
input: "conv_pw_4_relu/Relu6"
attr {
  key: "T"
  value {
    type: DT_FLOAT
  }
}
 for consumer [<tf.Operation 'training/RMSprop/gradients/gradients/conv_pw_4_bn/cond/FusedBatchNormV3_1_grad/FusedBatchNormGradV3' type=FusedBatchNormGradV3>]
[STR DEBUG] Processing layer 30's swapping, swap out at [31], swap in at [153]
[STR DEBUG] Find swapout ops: name: "conv_pw_4_relu/Relu6"
op: "Relu6"
input: "conv_pw_4_bn/cond/Merge"
attr {
  key: "T"
  value {
    type: DT_FLOAT
  }
}
, 
	choose swap tensor Tensor("conv_pw_4_relu/Relu6:0", shape=(?, 28, 28, 256), dtype=float32), 
	finish at the end of ops: [<tf.Operation 'conv_dw_5_relu/Relu6' type=Relu6>]
[STR DEBUG] Add swap-in op at name: "training/RMSprop/gradients/gradients/conv_dw_5_relu/Relu6_grad/Relu6Grad"
op: "Relu6Grad"
input: "training/RMSprop/gradients/gradients/conv_pw_5/Conv2D_grad/Conv2DBackpropInput"
input: "conv_dw_5_relu/Relu6"
attr {
  key: "T"
  value {
    type: DT_FLOAT
  }
}
 for consumer [<tf.Operation 'training/RMSprop/gradients/gradients/conv_dw_5/depthwise_grad/DepthwiseConv2dNativeBackpropFilter' type=DepthwiseConv2dNativeBackpropFilter>, <tf.Operation 'training/RMSprop/gradients/gradients/conv_pw_4_relu/Relu6_grad/Relu6Grad' type=Relu6Grad>]
[STR DEBUG] Processing layer 31's swapping, swap out at [32], swap in at [152]
[STR DEBUG] Cannot find swap-out control nodes for layer 31, use the first op name: "conv_dw_5_bn/beta"
op: "VarHandleOp"
attr {
  key: "_class"
  value {
    list {
      s: "loc:@conv_dw_5_bn/beta"
    }
  }
}
attr {
  key: "container"
  value {
    s: ""
  }
}
attr {
  key: "dtype"
  value {
    type: DT_FLOAT
  }
}
attr {
  key: "shape"
  value {
    shape {
      dim {
        size: 256
      }
    }
  }
}
attr {
  key: "shared_name"
  value {
    s: "conv_dw_5_bn/beta"
  }
}

[STR DEBUG] Find swapout ops: name: "conv_dw_5_relu/Relu6"
op: "Relu6"
input: "conv_dw_5_bn/cond/Merge"
attr {
  key: "T"
  value {
    type: DT_FLOAT
  }
}
, 
	choose swap tensor Tensor("conv_dw_5_relu/Relu6:0", shape=(?, 28, 28, 256), dtype=float32), 
	finish at the end of ops: [<tf.Operation 'conv_dw_5_bn/beta' type=VarHandleOp>]
[STR DEBUG] Cannot find swap-in control nodes for ref. layer 152, use the last op name: "training/RMSprop/gradients/gradients/conv_dw_5_bn/cond/ReadVariableOp_1/Switch_grad/cond_grad"
op: "Merge"
input: "training/RMSprop/gradients/gradients/zeros_109"
input: "training/RMSprop/gradients/gradients/conv_dw_5_bn/cond/FusedBatchNormV3_grad/FusedBatchNormGradV3:2"
attr {
  key: "N"
  value {
    i: 2
  }
}
attr {
  key: "T"
  value {
    type: DT_FLOAT
  }
}

[STR DEBUG] Processing layer 32's swapping, swap out at [33], swap in at [151]
[STR DEBUG] Cannot find swap-out activation nodes for layer 32, among [<tf.Operation 'conv_dw_5_bn/beta' type=VarHandleOp>, <tf.Operation 'conv_dw_5_bn/beta/IsInitialized/VarIsInitializedOp' type=VarIsInitializedOp>, <tf.Operation 'conv_dw_5_bn/cond/switch_f' type=Identity>, <tf.Operation 'conv_dw_5_bn/cond/Const_1' type=Const>, <tf.Operation 'conv_dw_5_bn/beta/Read/ReadVariableOp' type=ReadVariableOp>, <tf.Operation 'conv_dw_5_bn/cond/switch_t' type=Identity>, <tf.Operation 'conv_dw_5_bn/beta/Assign' type=AssignVariableOp>, <tf.Operation 'conv_dw_5_bn/moving_mean/Initializer/zeros' type=Const>, <tf.Operation 'conv_dw_5_bn/moving_mean' type=VarHandleOp>, <tf.Operation 'conv_dw_5_bn/moving_mean/IsInitialized/VarIsInitializedOp' type=VarIsInitializedOp>, <tf.Operation 'conv_dw_5_bn/moving_mean/Read/ReadVariableOp' type=ReadVariableOp>, <tf.Operation 'conv_dw_5_bn/cond/Switch' type=Switch>, <tf.Operation 'conv_dw_5_bn/moving_mean/Assign' type=AssignVariableOp>, <tf.Operation 'conv_dw_5_bn/moving_variance/Initializer/ones' type=Const>, <tf.Operation 'conv_dw_5_bn/moving_variance' type=VarHandleOp>, <tf.Operation 'conv_dw_5_bn/moving_variance/IsInitialized/VarIsInitializedOp' type=VarIsInitializedOp>, <tf.Operation 'conv_dw_5_bn/moving_variance/Read/ReadVariableOp' type=ReadVariableOp>, <tf.Operation 'conv_dw_5_bn/cond/pred_id' type=Identity>, <tf.Operation 'conv_dw_5_bn/moving_variance/Assign' type=AssignVariableOp>, <tf.Operation 'conv_dw_5_bn/cond_1/switch_t' type=Identity>, <tf.Operation 'conv_dw_5_bn/cond_1/Const' type=Const>, <tf.Operation 'conv_dw_5_bn/cond/ReadVariableOp' type=ReadVariableOp>, <tf.Operation 'conv_dw_5_bn/cond/ReadVariableOp_1' type=ReadVariableOp>, <tf.Operation 'conv_dw_5_bn/cond/FusedBatchNormV3' type=FusedBatchNormV3>, <tf.Operation 'conv_dw_5_bn/cond/ReadVariableOp/Switch' type=Switch>, <tf.Operation 'conv_dw_5_bn/cond/ReadVariableOp_1/Switch' type=Switch>, <tf.Operation 'conv_dw_5_bn/cond_1/switch_f' type=Identity>, <tf.Operation 'conv_dw_5_bn/cond_1/Switch' type=Switch>, <tf.Operation 'conv_dw_5_bn/cond/FusedBatchNormV3_1' type=FusedBatchNormV3>, <tf.Operation 'conv_dw_5_bn/cond/ReadVariableOp_2' type=ReadVariableOp>, <tf.Operation 'conv_dw_5_bn/cond/FusedBatchNormV3/Switch' type=Switch>, <tf.Operation 'conv_dw_5_bn/cond/ReadVariableOp_3' type=ReadVariableOp>, <tf.Operation 'conv_dw_5_bn/cond/FusedBatchNormV3_1/ReadVariableOp' type=ReadVariableOp>, <tf.Operation 'conv_dw_5_bn/cond/ReadVariableOp_2/Switch' type=Switch>, <tf.Operation 'conv_dw_5_bn/cond/FusedBatchNormV3_1/ReadVariableOp_1' type=ReadVariableOp>, <tf.Operation 'conv_dw_5_bn/cond/ReadVariableOp_3/Switch' type=Switch>, <tf.Operation 'conv_dw_5_bn/cond/Merge' type=Merge>, <tf.Operation 'conv_dw_5_bn/cond/Merge_1' type=Merge>, <tf.Operation 'conv_dw_5_bn/cond/FusedBatchNormV3_1/ReadVariableOp/Switch' type=Switch>, <tf.Operation 'conv_dw_5_bn/cond/Merge_2' type=Merge>, <tf.Operation 'conv_dw_5_bn/cond/FusedBatchNormV3_1/ReadVariableOp_1/Switch' type=Switch>, <tf.Operation 'conv_dw_5_bn/cond/FusedBatchNormV3_1/Switch' type=Switch>, <tf.Operation 'conv_dw_5_bn/cond_1/pred_id' type=Identity>, <tf.Operation 'conv_dw_5_bn/cond_1/Const_1' type=Const>, <tf.Operation 'conv_dw_5_bn/AssignMovingAvg/sub/x' type=Const>, <tf.Operation 'conv_dw_5_bn/cond_1/Merge' type=Merge>, <tf.Operation 'conv_dw_5_bn/AssignMovingAvg_1/ReadVariableOp' type=ReadVariableOp>, <tf.Operation 'conv_dw_5_bn/AssignMovingAvg/sub' type=Sub>, <tf.Operation 'conv_dw_5_bn/AssignMovingAvg/sub_1' type=Sub>, <tf.Operation 'conv_dw_5_bn/AssignMovingAvg/mul' type=Mul>, <tf.Operation 'conv_dw_5_bn/AssignMovingAvg/ReadVariableOp' type=ReadVariableOp>, <tf.Operation 'conv_dw_5_bn/AssignMovingAvg/AssignSubVariableOp' type=AssignSubVariableOp>, <tf.Operation 'conv_dw_5_bn/AssignMovingAvg/ReadVariableOp_1' type=ReadVariableOp>, <tf.Operation 'conv_dw_5_bn/AssignMovingAvg_1/mul' type=Mul>, <tf.Operation 'conv_dw_5_bn/AssignMovingAvg_1/sub' type=Sub>, <tf.Operation 'conv_dw_5_bn/AssignMovingAvg_1/sub/x' type=Const>, <tf.Operation 'conv_dw_5_bn/AssignMovingAvg_1/sub_1' type=Sub>, <tf.Operation 'conv_dw_5_bn/AssignMovingAvg_1/AssignSubVariableOp' type=AssignSubVariableOp>, <tf.Operation 'conv_dw_5_bn/AssignMovingAvg_1/ReadVariableOp_1' type=ReadVariableOp>, <tf.Operation 'conv_dw_5_bn/gamma/Initializer/ones' type=Const>, <tf.Operation 'conv_dw_5_bn/gamma' type=VarHandleOp>, <tf.Operation 'conv_dw_5_bn/gamma/IsInitialized/VarIsInitializedOp' type=VarIsInitializedOp>, <tf.Operation 'conv_dw_5_bn/gamma/Read/ReadVariableOp' type=ReadVariableOp>, <tf.Operation 'conv_dw_5_bn/gamma/Assign' type=AssignVariableOp>, <tf.Operation 'conv_dw_5_bn/beta/Initializer/zeros' type=Const>, <tf.Operation 'conv_dw_5_bn/cond/Const' type=Const>]
[STR DEBUG] Choose op that have outputs: name: "conv_dw_5_bn/cond/Const"
op: "Const"
input: "^conv_dw_5_bn/cond/switch_t"
attr {
  key: "dtype"
  value {
    type: DT_FLOAT
  }
}
attr {
  key: "value"
  value {
    tensor {
      dtype: DT_FLOAT
      tensor_shape {
        dim {
        }
      }
    }
  }
}

[STR DEBUG] Find swapout ops: name: "conv_dw_5_bn/cond/Const"
op: "Const"
input: "^conv_dw_5_bn/cond/switch_t"
attr {
  key: "dtype"
  value {
    type: DT_FLOAT
  }
}
attr {
  key: "value"
  value {
    tensor {
      dtype: DT_FLOAT
      tensor_shape {
        dim {
        }
      }
    }
  }
}
, 
	choose swap tensor Tensor("conv_dw_5_bn/cond/Const:0", shape=(0,), dtype=float32), 
	finish at the end of ops: [<tf.Operation 'conv_dw_5_relu/Relu6' type=Relu6>]
[STR DEBUG] Processing layer 33's swapping, swap out at [34], swap in at [150]
[STR DEBUG] Find swapout ops: name: "conv_dw_5_relu/Relu6"
op: "Relu6"
input: "conv_dw_5_bn/cond/Merge"
attr {
  key: "T"
  value {
    type: DT_FLOAT
  }
}
, 
	choose swap tensor Tensor("conv_dw_5_relu/Relu6:0", shape=(?, 28, 28, 256), dtype=float32), 
	finish at the end of ops: [<tf.Operation 'conv_pw_5_relu/Relu6' type=Relu6>]
[STR DEBUG] Add swap-in op at name: "training/RMSprop/gradients/gradients/conv_pw_5_relu/Relu6_grad/Relu6Grad"
op: "Relu6Grad"
input: "training/RMSprop/gradients/gradients/conv_pad_6/Pad_grad/Slice_1"
input: "conv_pw_5_relu/Relu6"
attr {
  key: "T"
  value {
    type: DT_FLOAT
  }
}
 for consumer [<tf.Operation 'training/RMSprop/gradients/gradients/conv_dw_5_relu/Relu6_grad/Relu6Grad' type=Relu6Grad>, <tf.Operation 'training/RMSprop/gradients/gradients/conv_pw_5/Conv2D_grad/Conv2DBackpropFilter' type=Conv2DBackpropFilter>]
  1/134 [..............................] - ETA: 42:51 - loss: 2.4667 - acc: 0.1033  2/134 [..............................] - ETA: 22:59 - loss: 3.0164 - acc: 0.1117  3/134 [..............................] - ETA: 16:06 - loss: 2.8848 - acc: 0.1033  4/134 [..............................] - ETA: 12:43 - loss: 2.7279 - acc: 0.1225  5/134 [>.............................] - ETA: 10:41 - loss: 2.6374 - acc: 0.1373  6/134 [>.............................] - ETA: 9:19 - loss: 2.5821 - acc: 0.1417   7/134 [>.............................] - ETA: 8:20 - loss: 2.5408 - acc: 0.1457  8/134 [>.............................] - ETA: 7:36 - loss: 2.5006 - acc: 0.1550  9/134 [=>............................] - ETA: 7:00 - loss: 2.4444 - acc: 0.1663 10/134 [=>............................] - ETA: 6:32 - loss: 2.3887 - acc: 0.1787 11/134 [=>............................] - ETA: 6:08 - loss: 2.3428 - acc: 0.1894 12/134 [=>............................] - ETA: 5:49 - loss: 2.3168 - acc: 0.1931 13/134 [=>............................] - ETA: 5:32 - loss: 2.2960 - acc: 0.1977 14/134 [==>...........................] - ETA: 5:18 - loss: 2.2860 - acc: 0.2007 15/134 [==>...........................] - ETA: 5:05 - loss: 2.2594 - acc: 0.2080 16/134 [==>...........................] - ETA: 4:55 - loss: 2.2313 - acc: 0.2160 17/134 [==>...........................] - ETA: 4:45 - loss: 2.2040 - acc: 0.2206 18/134 [===>..........................] - ETA: 4:35 - loss: 2.1783 - acc: 0.2278 19/134 [===>..........................] - ETA: 4:26 - loss: 2.1545 - acc: 0.2342 20/134 [===>..........................] - ETA: 4:18 - loss: 2.1371 - acc: 0.2395 21/134 [===>..........................] - ETA: 4:12 - loss: 2.1325 - acc: 0.2411 22/134 [===>..........................] - ETA: 4:06 - loss: 2.1251 - acc: 0.2423 23/134 [====>.........................] - ETA: 4:00 - loss: 2.1128 - acc: 0.2448 24/134 [====>.........................] - ETA: 3:55 - loss: 2.1017 - acc: 0.2469 25/134 [====>.........................] - ETA: 3:50 - loss: 2.0958 - acc: 0.2473 26/134 [====>.........................] - ETA: 3:45 - loss: 2.0834 - acc: 0.2506 27/134 [=====>........................] - ETA: 3:41 - loss: 2.0724 - acc: 0.2552 28/134 [=====>........................] - ETA: 3:36 - loss: 2.0621 - acc: 0.2586 29/134 [=====>........................] - ETA: 3:32 - loss: 2.0509 - acc: 0.2632 30/134 [=====>........................] - ETA: 3:29 - loss: 2.0392 - acc: 0.2664 31/134 [=====>........................] - ETA: 3:25 - loss: 2.0293 - acc: 0.2681 32/134 [======>.......................] - ETA: 3:22 - loss: 2.0234 - acc: 0.2705 33/134 [======>.......................] - ETA: 3:19 - loss: 2.0160 - acc: 0.2722 34/134 [======>.......................] - ETA: 3:15 - loss: 2.0038 - acc: 0.2762 35/134 [======>.......................] - ETA: 3:12 - loss: 1.9941 - acc: 0.2791 36/134 [=======>......................] - ETA: 3:09 - loss: 1.9854 - acc: 0.2807 37/134 [=======>......................] - ETA: 3:06 - loss: 1.9788 - acc: 0.2833 38/134 [=======>......................] - ETA: 3:03 - loss: 1.9726 - acc: 0.2839 39/134 [=======>......................] - ETA: 3:01 - loss: 1.9668 - acc: 0.2858 40/134 [=======>......................] - ETA: 3:00 - loss: 1.9580 - acc: 0.2870 41/134 [========>.....................] - ETA: 2:57 - loss: 1.9529 - acc: 0.2886 42/134 [========>.....................] - ETA: 2:54 - loss: 1.9452 - acc: 0.2910 43/134 [========>.....................] - ETA: 2:51 - loss: 1.9398 - acc: 0.2923 44/134 [========>.....................] - ETA: 2:48 - loss: 1.9324 - acc: 0.2952 45/134 [=========>....................] - ETA: 2:46 - loss: 1.9242 - acc: 0.2982 46/134 [=========>....................] - ETA: 2:44 - loss: 1.9172 - acc: 0.3003 47/134 [=========>....................] - ETA: 2:41 - loss: 1.9143 - acc: 0.3014 48/134 [=========>....................] - ETA: 2:39 - loss: 1.9118 - acc: 0.3029 49/134 [=========>....................] - ETA: 2:37 - loss: 1.9053 - acc: 0.3048 50/134 [==========>...................] - ETA: 2:35 - loss: 1.8998 - acc: 0.3069 51/134 [==========>...................] - ETA: 2:33 - loss: 1.8938 - acc: 0.3090 52/134 [==========>...................] - ETA: 2:31 - loss: 1.8881 - acc: 0.3111 53/134 [==========>...................] - ETA: 2:29 - loss: 1.8821 - acc: 0.3131 54/134 [===========>..................] - ETA: 2:27 - loss: 1.8783 - acc: 0.3145 55/134 [===========>..................] - ETA: 2:25 - loss: 1.8742 - acc: 0.3159 56/134 [===========>..................] - ETA: 2:22 - loss: 1.8688 - acc: 0.3180 57/134 [===========>..................] - ETA: 2:20 - loss: 1.8633 - acc: 0.3204 58/134 [===========>..................] - ETA: 2:18 - loss: 1.8578 - acc: 0.3226 59/134 [============>.................] - ETA: 2:16 - loss: 1.8549 - acc: 0.3233 60/134 [============>.................] - ETA: 2:14 - loss: 1.8527 - acc: 0.3244 61/134 [============>.................] - ETA: 2:13 - loss: 1.8488 - acc: 0.3258 62/134 [============>.................] - ETA: 2:11 - loss: 1.8449 - acc: 0.3273 63/134 [=============>................] - ETA: 2:09 - loss: 1.8425 - acc: 0.3273 64/134 [=============>................] - ETA: 2:07 - loss: 1.8408 - acc: 0.3278 65/134 [=============>................] - ETA: 2:05 - loss: 1.8379 - acc: 0.3280 66/134 [=============>................] - ETA: 2:03 - loss: 1.8327 - acc: 0.3296 67/134 [==============>...............] - ETA: 2:02 - loss: 1.8278 - acc: 0.3307 68/134 [==============>...............] - ETA: 2:00 - loss: 1.8236 - acc: 0.3315 69/134 [==============>...............] - ETA: 1:58 - loss: 1.8211 - acc: 0.3328 70/134 [==============>...............] - ETA: 1:56 - loss: 1.8177 - acc: 0.3340 71/134 [==============>...............] - ETA: 1:54 - loss: 1.8150 - acc: 0.3354 72/134 [===============>..............] - ETA: 1:52 - loss: 1.8116 - acc: 0.3368 73/134 [===============>..............] - ETA: 1:50 - loss: 1.8065 - acc: 0.3388 74/134 [===============>..............] - ETA: 1:48 - loss: 1.8036 - acc: 0.3396 75/134 [===============>..............] - ETA: 1:46 - loss: 1.8009 - acc: 0.3404 76/134 [================>.............] - ETA: 1:44 - loss: 1.7981 - acc: 0.3411 77/134 [================>.............] - ETA: 1:42 - loss: 1.7946 - acc: 0.3424 78/134 [================>.............] - ETA: 1:42 - loss: 1.7918 - acc: 0.3431 79/134 [================>.............] - ETA: 1:40 - loss: 1.7896 - acc: 0.3439 80/134 [================>.............] - ETA: 1:38 - loss: 1.7878 - acc: 0.3445 81/134 [=================>............] - ETA: 1:36 - loss: 1.7863 - acc: 0.3448 82/134 [=================>............] - ETA: 1:34 - loss: 1.7844 - acc: 0.3455 83/134 [=================>............] - ETA: 1:32 - loss: 1.7812 - acc: 0.3463 84/134 [=================>............] - ETA: 1:30 - loss: 1.7780 - acc: 0.3473 85/134 [==================>...........] - ETA: 1:28 - loss: 1.7744 - acc: 0.3485 86/134 [==================>...........] - ETA: 1:27 - loss: 1.7723 - acc: 0.3490 87/134 [==================>...........] - ETA: 1:25 - loss: 1.7695 - acc: 0.3498 88/134 [==================>...........] - ETA: 1:23 - loss: 1.7663 - acc: 0.3511 89/134 [==================>...........] - ETA: 1:22 - loss: 1.7619 - acc: 0.3524 90/134 [===================>..........] - ETA: 1:20 - loss: 1.7613 - acc: 0.3530 91/134 [===================>..........] - ETA: 1:18 - loss: 1.7597 - acc: 0.3536 92/134 [===================>..........] - ETA: 1:16 - loss: 1.7581 - acc: 0.3541 93/134 [===================>..........] - ETA: 1:14 - loss: 1.7553 - acc: 0.3555 94/134 [====================>.........] - ETA: 1:12 - loss: 1.7522 - acc: 0.3564 95/134 [====================>.........] - ETA: 1:11 - loss: 1.7502 - acc: 0.3571 96/134 [====================>.........] - ETA: 1:09 - loss: 1.7472 - acc: 0.3579 97/134 [====================>.........] - ETA: 1:07 - loss: 1.7447 - acc: 0.3590 98/134 [====================>.........] - ETA: 1:05 - loss: 1.7424 - acc: 0.3601 99/134 [=====================>........] - ETA: 1:03 - loss: 1.7390 - acc: 0.3612100/134 [=====================>........] - ETA: 1:01 - loss: 1.7351 - acc: 0.3628101/134 [=====================>........] - ETA: 59s - loss: 1.7325 - acc: 0.3636 102/134 [=====================>........] - ETA: 58s - loss: 1.7305 - acc: 0.3645103/134 [======================>.......] - ETA: 56s - loss: 1.7274 - acc: 0.3652104/134 [======================>.......] - ETA: 55s - loss: 1.7251 - acc: 0.3659105/134 [======================>.......] - ETA: 53s - loss: 1.7224 - acc: 0.3667106/134 [======================>.......] - ETA: 51s - loss: 1.7185 - acc: 0.3684107/134 [======================>.......] - ETA: 49s - loss: 1.7151 - acc: 0.3696108/134 [=======================>......] - ETA: 47s - loss: 1.7136 - acc: 0.3703109/134 [=======================>......] - ETA: 45s - loss: 1.7130 - acc: 0.3704110/134 [=======================>......] - ETA: 43s - loss: 1.7109 - acc: 0.3712111/134 [=======================>......] - ETA: 41s - loss: 1.7098 - acc: 0.3713112/134 [========================>.....] - ETA: 39s - loss: 1.7073 - acc: 0.3722113/134 [========================>.....] - ETA: 38s - loss: 1.7047 - acc: 0.3733114/134 [========================>.....] - ETA: 36s - loss: 1.7033 - acc: 0.3742115/134 [========================>.....] - ETA: 34s - loss: 1.7005 - acc: 0.3755116/134 [========================>.....] - ETA: 33s - loss: 1.6981 - acc: 0.3763117/134 [=========================>....] - ETA: 31s - loss: 1.6955 - acc: 0.3773118/134 [=========================>....] - ETA: 29s - loss: 1.6926 - acc: 0.3785119/134 [=========================>....] - ETA: 27s - loss: 1.6912 - acc: 0.3792120/134 [=========================>....] - ETA: 25s - loss: 1.6895 - acc: 0.3797121/134 [==========================>...] - ETA: 23s - loss: 1.6875 - acc: 0.3804122/134 [==========================>...] - ETA: 21s - loss: 1.6845 - acc: 0.3814123/134 [==========================>...] - ETA: 20s - loss: 1.6819 - acc: 0.3823124/134 [==========================>...] - ETA: 18s - loss: 1.6799 - acc: 0.3831125/134 [==========================>...] - ETA: 16s - loss: 1.6784 - acc: 0.3835126/134 [===========================>..] - ETA: 14s - loss: 1.6769 - acc: 0.3838127/134 [===========================>..] - ETA: 12s - loss: 1.6746 - acc: 0.3846128/134 [===========================>..] - ETA: 11s - loss: 1.6721 - acc: 0.3856129/134 [===========================>..] - ETA: 9s - loss: 1.6694 - acc: 0.3866 130/134 [============================>.] - ETA: 7s - loss: 1.6672 - acc: 0.3877131/134 [============================>.] - ETA: 5s - loss: 1.6651 - acc: 0.3884132/134 [============================>.] - ETA: 3s - loss: 1.6632 - acc: 0.3890133/134 [============================>.] - ETA: 1s - loss: 1.6618 - acc: 0.3895  1/134 [..............................] - ETA: 2:47 - loss: 3.2198 - acc: 0.0767  2/134 [..............................] - ETA: 1:39 - loss: 3.1423 - acc: 0.0850  3/134 [..............................] - ETA: 1:17 - loss: 3.1146 - acc: 0.0922  4/134 [..............................] - ETA: 1:07 - loss: 3.1396 - acc: 0.0867  5/134 [>.............................] - ETA: 1:00 - loss: 3.1682 - acc: 0.0913  6/134 [>.............................] - ETA: 56s - loss: 3.1353 - acc: 0.1000   7/134 [>.............................] - ETA: 52s - loss: 3.1343 - acc: 0.0976  8/134 [>.............................] - ETA: 49s - loss: 3.1397 - acc: 0.0962  9/134 [=>............................] - ETA: 46s - loss: 3.1286 - acc: 0.0993 10/134 [=>............................] - ETA: 44s - loss: 3.1276 - acc: 0.0997 11/134 [=>............................] - ETA: 43s - loss: 3.1357 - acc: 0.0991 12/134 [=>............................] - ETA: 42s - loss: 3.1278 - acc: 0.1006 13/134 [=>............................] - ETA: 40s - loss: 3.1320 - acc: 0.1003 14/134 [==>...........................] - ETA: 39s - loss: 3.1296 - acc: 0.1010 15/134 [==>...........................] - ETA: 38s - loss: 3.1381 - acc: 0.1013 16/134 [==>...........................] - ETA: 38s - loss: 3.1307 - acc: 0.1029 17/134 [==>...........................] - ETA: 37s - loss: 3.1327 - acc: 0.1016 18/134 [===>..........................] - ETA: 37s - loss: 3.1295 - acc: 0.1022 19/134 [===>..........................] - ETA: 37s - loss: 3.1151 - acc: 0.1023 20/134 [===>..........................] - ETA: 36s - loss: 3.1066 - acc: 0.1040 21/134 [===>..........................] - ETA: 36s - loss: 3.1065 - acc: 0.1035 22/134 [===>..........................] - ETA: 36s - loss: 3.1076 - acc: 0.1035 23/134 [====>.........................] - ETA: 35s - loss: 3.1093 - acc: 0.1030 24/134 [====>.........................] - ETA: 35s - loss: 3.1083 - acc: 0.1032 25/134 [====>.........................] - ETA: 35s - loss: 3.1031 - acc: 0.1041 26/134 [====>.........................] - ETA: 34s - loss: 3.1085 - acc: 0.1031 27/134 [=====>........................] - ETA: 34s - loss: 3.1136 - acc: 0.1019 28/134 [=====>........................] - ETA: 33s - loss: 3.1137 - acc: 0.1014 29/134 [=====>........................] - ETA: 33s - loss: 3.1153 - acc: 0.1009 30/134 [=====>........................] - ETA: 34s - loss: 3.1149 - acc: 0.1010 31/134 [=====>........................] - ETA: 34s - loss: 3.1201 - acc: 0.1003 32/134 [======>.......................] - ETA: 35s - loss: 3.1200 - acc: 0.1001 33/134 [======>.......................] - ETA: 36s - loss: 3.1239 - acc: 0.0999 34/134 [======>.......................] - ETA: 35s - loss: 3.1232 - acc: 0.1000134/134 [==============================] - 256s 2s/step - loss: 1.6598 - acc: 0.3902 - val_loss: 3.1232 - val_acc: 0.1000
