WARNING:tensorflow:From /home/zongzan/.conda/envs/STR36/lib/python3.6/site-packages/tensorflow_core/python/ops/resource_variable_ops.py:1630: calling BaseResourceVariable.__init__ (from tensorflow.python.ops.resource_variable_ops) with constraint is deprecated and will be removed in a future version.
Instructions for updating:
If using Keras pass *_constraint arguments to layers.
WARNING:tensorflow:
The TensorFlow contrib module will not be included in TensorFlow 2.0.
For more information, please see:
  * https://github.com/tensorflow/community/blob/master/rfcs/20180907-contrib-sunset.md
  * https://github.com/tensorflow/addons
  * https://github.com/tensorflow/io (for I/O related ops)
If you depend on functionality not listed there, please file an issue.

WARNING:tensorflow:From /home/zongzan/.conda/envs/STR36/lib/python3.6/site-packages/tensorflow_core/python/ops/stropt/lms.py:970: The name tf.train.SessionRunHook is deprecated. Please use tf.estimator.SessionRunHook instead.

WARNING:tensorflow:From /home/zongzan/.conda/envs/STR36/lib/python3.6/site-packages/tensorflow_core/python/ops/stropt/lms.py:928: The name tf.logging.info is deprecated. Please use tf.compat.v1.logging.info instead.

WARNING:tensorflow:From /home/zongzan/.conda/envs/STR36/lib/python3.6/site-packages/tensorflow_core/contrib/graph_editor/select.py:554: get_backward_walk_ops (from tensorflow.contrib.graph_editor.select) is deprecated and will be removed after 2019-06-06.
Instructions for updating:
Please use tensorflow.python.ops.op_selector.get_backward_walk_ops.
1 Physical GPUs, 1 Logical GPUs
Parsing arguments: [('batch_size', 330), ('epochs', 1), ('model_name', 'MobileNet'), ('strategy', 'dynprog'), ('verbose', False)]
Cannot find config for batch_size=330, use 400 instead
Shape of x_train: (40000, 224, 224, 3), shape of x_test: (10000, 224, 224, 3)
[STR DEBUG] Parsing STR configuration: [{'strategy': 'swap', 'verbose': 'false', 'tags': '/home/zongzan/dist_dnn_training/STR/optimizer/logs/MobileNet_400/layer_names'}, {'p': '/home/zongzan/dist_dnn_training/STR/optimizer/logs/MobileNet_400/P-dynprog', 'q': '/home/zongzan/dist_dnn_training/STR/optimizer/logs/MobileNet_400/Q-dynprog'}]
[STR DEBUG] Processing layer 0's swapping, swap out at [1], swap in at [183]
[STR DEBUG] Cannot find swap-out control nodes for layer 0, use the first op name: "conv1_pad/Pad/paddings"
op: "Const"
attr {
  key: "dtype"
  value {
    type: DT_INT32
  }
}
attr {
  key: "value"
  value {
    tensor {
      dtype: DT_INT32
      tensor_shape {
        dim {
          size: 4
        }
        dim {
          size: 2
        }
      }
      tensor_content: "\000\000\000\000\000\000\000\000\000\000\000\000\001\000\000\000\000\000\000\000\001\000\000\000\000\000\000\000\000\000\000\000"
    }
  }
}

[STR DEBUG] Find swapout ops: name: "input_1"
op: "Placeholder"
attr {
  key: "dtype"
  value {
    type: DT_FLOAT
  }
}
attr {
  key: "shape"
  value {
    shape {
      dim {
        size: -1
      }
      dim {
        size: 224
      }
      dim {
        size: 224
      }
      dim {
        size: 3
      }
    }
  }
}
, 
	choose swap tensor Tensor("input_1:0", shape=(?, 224, 224, 3), dtype=float32), 
	finish at the end of ops: [<tf.Operation 'conv1_pad/Pad/paddings' type=Const>]
[STR DEBUG] Processing layer 9's swapping, swap out at [10], swap in at [174]
[STR DEBUG] Cannot find swap-out activation nodes for layer 9, among [<tf.Operation 'conv_pw_1_bn/cond_1/pred_id' type=Identity>, <tf.Operation 'conv_pw_1_bn/cond_1/Const_1' type=Const>, <tf.Operation 'conv_pw_1_bn/AssignMovingAvg_1/sub/x' type=Const>, <tf.Operation 'conv_pw_1_bn/AssignMovingAvg/sub/x' type=Const>, <tf.Operation 'conv_pw_1_bn/cond_1/Merge' type=Merge>, <tf.Operation 'conv_pw_1_bn/AssignMovingAvg/sub' type=Sub>, <tf.Operation 'conv_pw_1_bn/AssignMovingAvg/sub_1' type=Sub>, <tf.Operation 'conv_pw_1_bn/AssignMovingAvg/ReadVariableOp' type=ReadVariableOp>, <tf.Operation 'conv_pw_1_bn/AssignMovingAvg/mul' type=Mul>, <tf.Operation 'conv_pw_1_bn/AssignMovingAvg/AssignSubVariableOp' type=AssignSubVariableOp>, <tf.Operation 'conv_pw_1_bn/AssignMovingAvg/ReadVariableOp_1' type=ReadVariableOp>, <tf.Operation 'conv_pw_1_bn/AssignMovingAvg_1/sub' type=Sub>, <tf.Operation 'conv_pw_1_bn/AssignMovingAvg_1/sub_1' type=Sub>, <tf.Operation 'conv_pw_1_bn/AssignMovingAvg_1/mul' type=Mul>, <tf.Operation 'conv_pw_1_bn/AssignMovingAvg_1/ReadVariableOp' type=ReadVariableOp>, <tf.Operation 'conv_pw_1_bn/AssignMovingAvg_1/AssignSubVariableOp' type=AssignSubVariableOp>, <tf.Operation 'conv_pw_1_bn/AssignMovingAvg_1/ReadVariableOp_1' type=ReadVariableOp>, <tf.Operation 'conv_pw_1_bn/beta' type=VarHandleOp>, <tf.Operation 'conv_pw_1_bn/gamma/Initializer/ones' type=Const>, <tf.Operation 'conv_pw_1_bn/gamma' type=VarHandleOp>, <tf.Operation 'conv_pw_1_bn/gamma/IsInitialized/VarIsInitializedOp' type=VarIsInitializedOp>, <tf.Operation 'conv_pw_1_bn/gamma/Read/ReadVariableOp' type=ReadVariableOp>, <tf.Operation 'conv_pw_1_bn/gamma/Assign' type=AssignVariableOp>, <tf.Operation 'conv_pw_1_bn/beta/Initializer/zeros' type=Const>, <tf.Operation 'conv_pw_1_bn/cond/Const' type=Const>, <tf.Operation 'conv_pw_1_bn/cond/Const_1' type=Const>, <tf.Operation 'conv_pw_1_bn/beta/IsInitialized/VarIsInitializedOp' type=VarIsInitializedOp>, <tf.Operation 'conv_pw_1_bn/beta/Read/ReadVariableOp' type=ReadVariableOp>, <tf.Operation 'conv_pw_1_bn/beta/Assign' type=AssignVariableOp>, <tf.Operation 'conv_pw_1_bn/moving_mean/Initializer/zeros' type=Const>, <tf.Operation 'conv_pw_1_bn/moving_mean' type=VarHandleOp>, <tf.Operation 'conv_pw_1_bn/cond/switch_f' type=Identity>, <tf.Operation 'conv_pw_1_bn/moving_mean/IsInitialized/VarIsInitializedOp' type=VarIsInitializedOp>, <tf.Operation 'conv_pw_1_bn/cond/switch_t' type=Identity>, <tf.Operation 'conv_pw_1_bn/moving_mean/Read/ReadVariableOp' type=ReadVariableOp>, <tf.Operation 'conv_pw_1_bn/cond/Switch' type=Switch>, <tf.Operation 'conv_pw_1_bn/moving_mean/Assign' type=AssignVariableOp>, <tf.Operation 'conv_pw_1_bn/moving_variance/Initializer/ones' type=Const>, <tf.Operation 'conv_pw_1_bn/moving_variance' type=VarHandleOp>, <tf.Operation 'conv_pw_1_bn/moving_variance/IsInitialized/VarIsInitializedOp' type=VarIsInitializedOp>, <tf.Operation 'conv_pw_1_bn/moving_variance/Read/ReadVariableOp' type=ReadVariableOp>, <tf.Operation 'conv_pw_1_bn/moving_variance/Assign' type=AssignVariableOp>, <tf.Operation 'conv_pw_1_bn/cond/pred_id' type=Identity>, <tf.Operation 'conv_pw_1_bn/cond_1/switch_t' type=Identity>, <tf.Operation 'conv_pw_1_bn/cond/ReadVariableOp' type=ReadVariableOp>, <tf.Operation 'conv_pw_1_bn/cond/ReadVariableOp_1' type=ReadVariableOp>, <tf.Operation 'conv_pw_1_bn/cond/FusedBatchNormV3' type=FusedBatchNormV3>, <tf.Operation 'conv_pw_1_bn/cond/ReadVariableOp/Switch' type=Switch>, <tf.Operation 'conv_pw_1_bn/cond/ReadVariableOp_1/Switch' type=Switch>, <tf.Operation 'conv_pw_1_bn/cond_1/Const' type=Const>, <tf.Operation 'conv_pw_1_bn/cond/FusedBatchNormV3_1' type=FusedBatchNormV3>, <tf.Operation 'conv_pw_1_bn/cond/ReadVariableOp_2' type=ReadVariableOp>, <tf.Operation 'conv_pw_1_bn/cond_1/switch_f' type=Identity>, <tf.Operation 'conv_pw_1_bn/cond/FusedBatchNormV3/Switch' type=Switch>, <tf.Operation 'conv_pw_1_bn/cond/ReadVariableOp_3' type=ReadVariableOp>, <tf.Operation 'conv_pw_1_bn/cond/FusedBatchNormV3_1/ReadVariableOp' type=ReadVariableOp>, <tf.Operation 'conv_pw_1_bn/cond/ReadVariableOp_2/Switch' type=Switch>, <tf.Operation 'conv_pw_1_bn/cond/FusedBatchNormV3_1/ReadVariableOp_1' type=ReadVariableOp>, <tf.Operation 'conv_pw_1_bn/cond/ReadVariableOp_3/Switch' type=Switch>, <tf.Operation 'conv_pw_1_bn/cond_1/Switch' type=Switch>, <tf.Operation 'conv_pw_1_bn/cond/Merge' type=Merge>, <tf.Operation 'conv_pw_1_bn/cond/Merge_1' type=Merge>, <tf.Operation 'conv_pw_1_bn/cond/FusedBatchNormV3_1/ReadVariableOp/Switch' type=Switch>, <tf.Operation 'conv_pw_1_bn/cond/FusedBatchNormV3_1/ReadVariableOp_1/Switch' type=Switch>, <tf.Operation 'conv_pw_1_bn/cond/FusedBatchNormV3_1/Switch' type=Switch>, <tf.Operation 'conv_pw_1_bn/cond/Merge_2' type=Merge>]
[STR DEBUG] Choose op that have outputs: name: "conv_pw_1_bn/cond/Merge_2"
op: "Merge"
input: "conv_pw_1_bn/cond/FusedBatchNormV3_1:2"
input: "conv_pw_1_bn/cond/FusedBatchNormV3:2"
attr {
  key: "N"
  value {
    i: 2
  }
}
attr {
  key: "T"
  value {
    type: DT_FLOAT
  }
}

[STR DEBUG] Find swapout ops: name: "conv_pw_1_bn/cond/Merge_2"
op: "Merge"
input: "conv_pw_1_bn/cond/FusedBatchNormV3_1:2"
input: "conv_pw_1_bn/cond/FusedBatchNormV3:2"
attr {
  key: "N"
  value {
    i: 2
  }
}
attr {
  key: "T"
  value {
    type: DT_FLOAT
  }
}
, 
	choose swap tensor Tensor("conv_pw_1_bn/cond/Merge_2:0", shape=(64,), dtype=float32), 
	finish at the end of ops: [<tf.Operation 'conv_pw_1_relu/Relu6' type=Relu6>]
[STR DEBUG] Processing layer 13's swapping, swap out at [14], swap in at [170]
[STR DEBUG] Cannot find swap-out activation nodes for layer 13, among [<tf.Operation 'conv_dw_2_bn/AssignMovingAvg/sub/x' type=Const>, <tf.Operation 'conv_dw_2_bn/cond_1/Merge' type=Merge>, <tf.Operation 'conv_dw_2_bn/AssignMovingAvg/sub' type=Sub>, <tf.Operation 'conv_dw_2_bn/AssignMovingAvg/sub_1' type=Sub>, <tf.Operation 'conv_dw_2_bn/AssignMovingAvg/ReadVariableOp' type=ReadVariableOp>, <tf.Operation 'conv_dw_2_bn/AssignMovingAvg/mul' type=Mul>, <tf.Operation 'conv_dw_2_bn/AssignMovingAvg_1/sub' type=Sub>, <tf.Operation 'conv_dw_2_bn/AssignMovingAvg/AssignSubVariableOp' type=AssignSubVariableOp>, <tf.Operation 'conv_dw_2_bn/AssignMovingAvg/ReadVariableOp_1' type=ReadVariableOp>, <tf.Operation 'conv_dw_2_bn/AssignMovingAvg_1/sub_1' type=Sub>, <tf.Operation 'conv_dw_2_bn/AssignMovingAvg_1/sub/x' type=Const>, <tf.Operation 'conv_dw_2_bn/AssignMovingAvg_1/mul' type=Mul>, <tf.Operation 'conv_dw_2_bn/AssignMovingAvg_1/ReadVariableOp' type=ReadVariableOp>, <tf.Operation 'conv_dw_2_bn/AssignMovingAvg_1/AssignSubVariableOp' type=AssignSubVariableOp>, <tf.Operation 'conv_dw_2_bn/AssignMovingAvg_1/ReadVariableOp_1' type=ReadVariableOp>, <tf.Operation 'conv_dw_2_bn/gamma/Initializer/ones' type=Const>, <tf.Operation 'conv_dw_2_bn/gamma' type=VarHandleOp>, <tf.Operation 'conv_dw_2_bn/gamma/IsInitialized/VarIsInitializedOp' type=VarIsInitializedOp>, <tf.Operation 'conv_dw_2_bn/gamma/Read/ReadVariableOp' type=ReadVariableOp>, <tf.Operation 'conv_dw_2_bn/moving_mean' type=VarHandleOp>, <tf.Operation 'conv_dw_2_bn/cond/switch_t' type=Identity>, <tf.Operation 'conv_dw_2_bn/gamma/Assign' type=AssignVariableOp>, <tf.Operation 'conv_dw_2_bn/beta/Initializer/zeros' type=Const>, <tf.Operation 'conv_dw_2_bn/cond/Const' type=Const>, <tf.Operation 'conv_dw_2_bn/beta' type=VarHandleOp>, <tf.Operation 'conv_dw_2_bn/beta/IsInitialized/VarIsInitializedOp' type=VarIsInitializedOp>, <tf.Operation 'conv_dw_2_bn/beta/Read/ReadVariableOp' type=ReadVariableOp>, <tf.Operation 'conv_dw_2_bn/cond/switch_f' type=Identity>, <tf.Operation 'conv_dw_2_bn/beta/Assign' type=AssignVariableOp>, <tf.Operation 'conv_dw_2_bn/moving_mean/Initializer/zeros' type=Const>, <tf.Operation 'conv_dw_2_bn/cond/Const_1' type=Const>, <tf.Operation 'conv_dw_2_bn/moving_mean/IsInitialized/VarIsInitializedOp' type=VarIsInitializedOp>, <tf.Operation 'conv_dw_2_bn/moving_mean/Read/ReadVariableOp' type=ReadVariableOp>, <tf.Operation 'conv_dw_2_bn/moving_mean/Assign' type=AssignVariableOp>, <tf.Operation 'conv_dw_2_bn/moving_variance/Initializer/ones' type=Const>, <tf.Operation 'conv_dw_2_bn/moving_variance' type=VarHandleOp>, <tf.Operation 'conv_dw_2_bn/cond/Switch' type=Switch>, <tf.Operation 'conv_dw_2_bn/moving_variance/IsInitialized/VarIsInitializedOp' type=VarIsInitializedOp>, <tf.Operation 'conv_dw_2_bn/cond/pred_id' type=Identity>, <tf.Operation 'conv_dw_2_bn/moving_variance/Read/ReadVariableOp' type=ReadVariableOp>, <tf.Operation 'conv_dw_2_bn/moving_variance/Assign' type=AssignVariableOp>, <tf.Operation 'conv_dw_2_bn/cond_1/switch_t' type=Identity>, <tf.Operation 'conv_dw_2_bn/cond_1/Const' type=Const>, <tf.Operation 'conv_dw_2_bn/cond/ReadVariableOp' type=ReadVariableOp>, <tf.Operation 'conv_dw_2_bn/cond/ReadVariableOp_1' type=ReadVariableOp>, <tf.Operation 'conv_dw_2_bn/cond/FusedBatchNormV3' type=FusedBatchNormV3>, <tf.Operation 'conv_dw_2_bn/cond/ReadVariableOp/Switch' type=Switch>, <tf.Operation 'conv_dw_2_bn/cond/ReadVariableOp_1/Switch' type=Switch>, <tf.Operation 'conv_dw_2_bn/cond/FusedBatchNormV3_1' type=FusedBatchNormV3>, <tf.Operation 'conv_dw_2_bn/cond/ReadVariableOp_2' type=ReadVariableOp>, <tf.Operation 'conv_dw_2_bn/cond/ReadVariableOp_3' type=ReadVariableOp>, <tf.Operation 'conv_dw_2_bn/cond/FusedBatchNormV3/Switch' type=Switch>, <tf.Operation 'conv_dw_2_bn/cond/FusedBatchNormV3_1/ReadVariableOp' type=ReadVariableOp>, <tf.Operation 'conv_dw_2_bn/cond/ReadVariableOp_2/Switch' type=Switch>, <tf.Operation 'conv_dw_2_bn/cond/FusedBatchNormV3_1/ReadVariableOp_1' type=ReadVariableOp>, <tf.Operation 'conv_dw_2_bn/cond/ReadVariableOp_3/Switch' type=Switch>, <tf.Operation 'conv_dw_2_bn/cond/Merge' type=Merge>, <tf.Operation 'conv_dw_2_bn/cond/Merge_1' type=Merge>, <tf.Operation 'conv_dw_2_bn/cond_1/switch_f' type=Identity>, <tf.Operation 'conv_dw_2_bn/cond/FusedBatchNormV3_1/ReadVariableOp/Switch' type=Switch>, <tf.Operation 'conv_dw_2_bn/cond/FusedBatchNormV3_1/ReadVariableOp_1/Switch' type=Switch>, <tf.Operation 'conv_dw_2_bn/cond/FusedBatchNormV3_1/Switch' type=Switch>, <tf.Operation 'conv_dw_2_bn/cond/Merge_2' type=Merge>, <tf.Operation 'conv_dw_2_bn/cond_1/Switch' type=Switch>, <tf.Operation 'conv_dw_2_bn/cond_1/pred_id' type=Identity>, <tf.Operation 'conv_dw_2_bn/cond_1/Const_1' type=Const>]
[STR DEBUG] Choose op that have outputs: name: "conv_dw_2_bn/cond_1/Const_1"
op: "Const"
input: "^conv_dw_2_bn/cond_1/switch_f"
attr {
  key: "dtype"
  value {
    type: DT_FLOAT
  }
}
attr {
  key: "value"
  value {
    tensor {
      dtype: DT_FLOAT
      tensor_shape {
      }
      float_val: 1.0
    }
  }
}

[STR DEBUG] Find swapout ops: name: "conv_dw_2_bn/cond_1/Const_1"
op: "Const"
input: "^conv_dw_2_bn/cond_1/switch_f"
attr {
  key: "dtype"
  value {
    type: DT_FLOAT
  }
}
attr {
  key: "value"
  value {
    tensor {
      dtype: DT_FLOAT
      tensor_shape {
      }
      float_val: 1.0
    }
  }
}
, 
	choose swap tensor Tensor("conv_dw_2_bn/cond_1/Const_1:0", shape=(), dtype=float32), 
	finish at the end of ops: [<tf.Operation 'conv_dw_2_relu/Relu6' type=Relu6>]
[STR DEBUG] Processing layer 14's swapping, swap out at [15], swap in at [169]
[STR DEBUG] Find swapout ops: name: "conv_dw_2_relu/Relu6"
op: "Relu6"
input: "conv_dw_2_bn/cond/Merge"
attr {
  key: "T"
  value {
    type: DT_FLOAT
  }
}
, 
	choose swap tensor Tensor("conv_dw_2_relu/Relu6:0", shape=(?, 56, 56, 64), dtype=float32), 
	finish at the end of ops: [<tf.Operation 'conv_pw_2_relu/Relu6' type=Relu6>]
[STR DEBUG] Add swap-in op at name: "training/RMSprop/gradients/gradients/conv_pw_2_relu/Relu6_grad/Relu6Grad"
op: "Relu6Grad"
input: "training/RMSprop/gradients/gradients/conv_dw_3/depthwise_grad/DepthwiseConv2dNativeBackpropInput"
input: "conv_pw_2_relu/Relu6"
attr {
  key: "T"
  value {
    type: DT_FLOAT
  }
}
 for consumer [<tf.Operation 'training/RMSprop/gradients/gradients/conv_dw_2_relu/Relu6_grad/Relu6Grad' type=Relu6Grad>, <tf.Operation 'training/RMSprop/gradients/gradients/conv_pw_2/Conv2D_grad/Conv2DBackpropFilter' type=Conv2DBackpropFilter>]
[STR DEBUG] Processing layer 15's swapping, swap out at [16], swap in at [168]
[STR DEBUG] Cannot find swap-out control nodes for layer 15, use the first op name: "conv_pw_2_bn/AssignMovingAvg_1/sub_1"
op: "Sub"
input: "conv_pw_2_bn/AssignMovingAvg_1/ReadVariableOp"
input: "conv_pw_2_bn/cond/Merge_2"
attr {
  key: "T"
  value {
    type: DT_FLOAT
  }
}
attr {
  key: "_class"
  value {
    list {
      s: "loc:@conv_pw_2_bn/moving_variance"
    }
  }
}

[STR DEBUG] Find swapout ops: name: "conv_pw_2_relu/Relu6"
op: "Relu6"
input: "conv_pw_2_bn/cond/Merge"
attr {
  key: "T"
  value {
    type: DT_FLOAT
  }
}
, 
	choose swap tensor Tensor("conv_pw_2_relu/Relu6:0", shape=(?, 56, 56, 128), dtype=float32), 
	finish at the end of ops: [<tf.Operation 'conv_pw_2_bn/AssignMovingAvg_1/sub_1' type=Sub>]
[STR DEBUG] Cannot find swap-in control nodes for ref. layer 168, use the last op name: "training/RMSprop/gradients/gradients/conv_pw_2_bn/cond/FusedBatchNormV3/Switch_grad/cond_grad"
op: "Merge"
input: "training/RMSprop/gradients/gradients/zeros_135"
input: "training/RMSprop/gradients/gradients/conv_pw_2_bn/cond/FusedBatchNormV3_grad/FusedBatchNormGradV3"
attr {
  key: "N"
  value {
    i: 2
  }
}
attr {
  key: "T"
  value {
    type: DT_FLOAT
  }
}

[STR DEBUG] Processing layer 16's swapping, swap out at [17], swap in at [167]
[STR DEBUG] Cannot find swap-out activation nodes for layer 16, among [<tf.Operation 'conv_pw_2_bn/AssignMovingAvg_1/sub_1' type=Sub>, <tf.Operation 'conv_pw_2_bn/AssignMovingAvg_1/sub' type=Sub>, <tf.Operation 'conv_pw_2_bn/AssignMovingAvg_1/ReadVariableOp' type=ReadVariableOp>, <tf.Operation 'conv_pw_2_bn/AssignMovingAvg_1/mul' type=Mul>, <tf.Operation 'conv_pw_2_bn/AssignMovingAvg_1/AssignSubVariableOp' type=AssignSubVariableOp>, <tf.Operation 'conv_pw_2_bn/AssignMovingAvg_1/ReadVariableOp_1' type=ReadVariableOp>, <tf.Operation 'conv_pw_2_bn/gamma/Initializer/ones' type=Const>, <tf.Operation 'conv_pw_2_bn/gamma' type=VarHandleOp>, <tf.Operation 'conv_pw_2_bn/gamma/IsInitialized/VarIsInitializedOp' type=VarIsInitializedOp>, <tf.Operation 'conv_pw_2_bn/gamma/Read/ReadVariableOp' type=ReadVariableOp>, <tf.Operation 'conv_pw_2_bn/gamma/Assign' type=AssignVariableOp>, <tf.Operation 'conv_pw_2_bn/beta/Initializer/zeros' type=Const>, <tf.Operation 'conv_pw_2_bn/beta' type=VarHandleOp>, <tf.Operation 'conv_pw_2_bn/beta/IsInitialized/VarIsInitializedOp' type=VarIsInitializedOp>, <tf.Operation 'conv_pw_2_bn/cond/Const' type=Const>, <tf.Operation 'conv_pw_2_bn/beta/Read/ReadVariableOp' type=ReadVariableOp>, <tf.Operation 'conv_pw_2_bn/beta/Assign' type=AssignVariableOp>, <tf.Operation 'conv_pw_2_bn/moving_mean/Initializer/zeros' type=Const>, <tf.Operation 'conv_pw_2_bn/cond/switch_t' type=Identity>, <tf.Operation 'conv_pw_2_bn/moving_mean' type=VarHandleOp>, <tf.Operation 'conv_pw_2_bn/cond/Const_1' type=Const>, <tf.Operation 'conv_pw_2_bn/cond/switch_f' type=Identity>, <tf.Operation 'conv_pw_2_bn/moving_mean/IsInitialized/VarIsInitializedOp' type=VarIsInitializedOp>, <tf.Operation 'conv_pw_2_bn/moving_mean/Read/ReadVariableOp' type=ReadVariableOp>, <tf.Operation 'conv_pw_2_bn/cond/Switch' type=Switch>, <tf.Operation 'conv_pw_2_bn/moving_mean/Assign' type=AssignVariableOp>, <tf.Operation 'conv_pw_2_bn/moving_variance/Initializer/ones' type=Const>, <tf.Operation 'conv_pw_2_bn/moving_variance' type=VarHandleOp>, <tf.Operation 'conv_pw_2_bn/moving_variance/IsInitialized/VarIsInitializedOp' type=VarIsInitializedOp>, <tf.Operation 'conv_pw_2_bn/cond/pred_id' type=Identity>, <tf.Operation 'conv_pw_2_bn/moving_variance/Read/ReadVariableOp' type=ReadVariableOp>, <tf.Operation 'conv_pw_2_bn/moving_variance/Assign' type=AssignVariableOp>, <tf.Operation 'conv_pw_2_bn/cond_1/Const' type=Const>, <tf.Operation 'conv_pw_2_bn/cond/ReadVariableOp' type=ReadVariableOp>, <tf.Operation 'conv_pw_2_bn/cond/ReadVariableOp_1' type=ReadVariableOp>, <tf.Operation 'conv_pw_2_bn/cond_1/switch_t' type=Identity>, <tf.Operation 'conv_pw_2_bn/cond/FusedBatchNormV3' type=FusedBatchNormV3>, <tf.Operation 'conv_pw_2_bn/cond/ReadVariableOp/Switch' type=Switch>, <tf.Operation 'conv_pw_2_bn/cond/ReadVariableOp_1/Switch' type=Switch>, <tf.Operation 'conv_pw_2_bn/cond/FusedBatchNormV3_1' type=FusedBatchNormV3>, <tf.Operation 'conv_pw_2_bn/cond/ReadVariableOp_2' type=ReadVariableOp>, <tf.Operation 'conv_pw_2_bn/cond_1/pred_id' type=Identity>, <tf.Operation 'conv_pw_2_bn/cond/FusedBatchNormV3/Switch' type=Switch>, <tf.Operation 'conv_pw_2_bn/cond/ReadVariableOp_3' type=ReadVariableOp>, <tf.Operation 'conv_pw_2_bn/cond/FusedBatchNormV3_1/ReadVariableOp' type=ReadVariableOp>, <tf.Operation 'conv_pw_2_bn/cond/ReadVariableOp_2/Switch' type=Switch>, <tf.Operation 'conv_pw_2_bn/cond/FusedBatchNormV3_1/ReadVariableOp_1' type=ReadVariableOp>, <tf.Operation 'conv_pw_2_bn/cond/ReadVariableOp_3/Switch' type=Switch>, <tf.Operation 'conv_pw_2_bn/cond/Merge' type=Merge>, <tf.Operation 'conv_pw_2_bn/cond/Merge_1' type=Merge>, <tf.Operation 'conv_pw_2_bn/cond_1/switch_f' type=Identity>, <tf.Operation 'conv_pw_2_bn/cond/FusedBatchNormV3_1/ReadVariableOp/Switch' type=Switch>, <tf.Operation 'conv_pw_2_bn/cond/FusedBatchNormV3_1/ReadVariableOp_1/Switch' type=Switch>, <tf.Operation 'conv_pw_2_bn/cond/FusedBatchNormV3_1/Switch' type=Switch>, <tf.Operation 'conv_pw_2_bn/cond/Merge_2' type=Merge>, <tf.Operation 'conv_pw_2_bn/cond_1/Switch' type=Switch>, <tf.Operation 'conv_pw_2_bn/cond_1/Const_1' type=Const>, <tf.Operation 'conv_pw_2_bn/AssignMovingAvg/sub/x' type=Const>, <tf.Operation 'conv_pw_2_bn/cond_1/Merge' type=Merge>, <tf.Operation 'conv_pw_2_bn/AssignMovingAvg/sub' type=Sub>, <tf.Operation 'conv_pw_2_bn/AssignMovingAvg/sub_1' type=Sub>, <tf.Operation 'conv_pw_2_bn/AssignMovingAvg/ReadVariableOp' type=ReadVariableOp>, <tf.Operation 'conv_pw_2_bn/AssignMovingAvg/mul' type=Mul>, <tf.Operation 'conv_pw_2_bn/AssignMovingAvg/AssignSubVariableOp' type=AssignSubVariableOp>, <tf.Operation 'conv_pw_2_bn/AssignMovingAvg/ReadVariableOp_1' type=ReadVariableOp>, <tf.Operation 'conv_pw_2_bn/AssignMovingAvg_1/sub/x' type=Const>]
[STR DEBUG] Choose op that have outputs: name: "conv_pw_2_bn/AssignMovingAvg_1/sub/x"
op: "Const"
attr {
  key: "_class"
  value {
    list {
      s: "loc:@conv_pw_2_bn/moving_variance"
    }
  }
}
attr {
  key: "dtype"
  value {
    type: DT_FLOAT
  }
}
attr {
  key: "value"
  value {
    tensor {
      dtype: DT_FLOAT
      tensor_shape {
      }
      float_val: 1.0
    }
  }
}

[STR DEBUG] Find swapout ops: name: "conv_pw_2_bn/AssignMovingAvg_1/sub/x"
op: "Const"
attr {
  key: "_class"
  value {
    list {
      s: "loc:@conv_pw_2_bn/moving_variance"
    }
  }
}
attr {
  key: "dtype"
  value {
    type: DT_FLOAT
  }
}
attr {
  key: "value"
  value {
    tensor {
      dtype: DT_FLOAT
      tensor_shape {
      }
      float_val: 1.0
    }
  }
}
, 
	choose swap tensor Tensor("conv_pw_2_bn/AssignMovingAvg_1/sub/x:0", shape=(), dtype=float32), 
	finish at the end of ops: [<tf.Operation 'conv_pw_2_relu/Relu6' type=Relu6>]
[STR DEBUG] Processing layer 18's swapping, swap out at [19], swap in at [165]
[STR DEBUG] Cannot find swap-out control nodes for layer 18, use the first op name: "conv_dw_3_bn/AssignMovingAvg/AssignSubVariableOp"
op: "AssignSubVariableOp"
input: "conv_dw_3_bn/moving_mean"
input: "conv_dw_3_bn/AssignMovingAvg/mul"
attr {
  key: "_class"
  value {
    list {
      s: "loc:@conv_dw_3_bn/moving_mean"
    }
  }
}
attr {
  key: "dtype"
  value {
    type: DT_FLOAT
  }
}

[STR DEBUG] Find swapout ops: name: "conv_dw_3_relu/Relu6"
op: "Relu6"
input: "conv_dw_3_bn/cond/Merge"
attr {
  key: "T"
  value {
    type: DT_FLOAT
  }
}
, 
	choose swap tensor Tensor("conv_dw_3_relu/Relu6:0", shape=(?, 56, 56, 128), dtype=float32), 
	finish at the end of ops: [<tf.Operation 'conv_dw_3_bn/AssignMovingAvg/AssignSubVariableOp' type=AssignSubVariableOp>]
[STR DEBUG] Cannot find swap-in control nodes for ref. layer 165, use the last op name: "training/RMSprop/gradients/gradients/conv_dw_3_bn/cond/FusedBatchNormV3_1_grad/FusedBatchNormGradV3"
op: "FusedBatchNormGradV3"
input: "training/RMSprop/gradients/gradients/conv_dw_3_bn/cond/Merge_grad/cond_grad"
input: "conv_dw_3_bn/cond/FusedBatchNormV3_1/Switch"
input: "conv_dw_3_bn/cond/ReadVariableOp_2"
input: "conv_dw_3_bn/cond/FusedBatchNormV3_1/ReadVariableOp"
input: "conv_dw_3_bn/cond/FusedBatchNormV3_1/ReadVariableOp_1"
input: "conv_dw_3_bn/cond/FusedBatchNormV3_1:5"
attr {
  key: "T"
  value {
    type: DT_FLOAT
  }
}
attr {
  key: "U"
  value {
    type: DT_FLOAT
  }
}
attr {
  key: "data_format"
  value {
    s: "NHWC"
  }
}
attr {
  key: "epsilon"
  value {
    f: 0.0010000000474974513
  }
}
attr {
  key: "is_training"
  value {
    b: false
  }
}

[STR DEBUG] Processing layer 20's swapping, swap out at [21], swap in at [163]
[STR DEBUG] Find swapout ops: name: "conv_dw_3_relu/Relu6"
op: "Relu6"
input: "conv_dw_3_bn/cond/Merge"
attr {
  key: "T"
  value {
    type: DT_FLOAT
  }
}
, 
	choose swap tensor Tensor("conv_dw_3_relu/Relu6:0", shape=(?, 56, 56, 128), dtype=float32), 
	finish at the end of ops: [<tf.Operation 'conv_pw_3_relu/Relu6' type=Relu6>]
[STR DEBUG] Add swap-in op at name: "training/RMSprop/gradients/gradients/conv_pw_3_relu/Relu6_grad/Relu6Grad"
op: "Relu6Grad"
input: "training/RMSprop/gradients/gradients/conv_pad_4/Pad_grad/Slice_1"
input: "conv_pw_3_relu/Relu6"
attr {
  key: "T"
  value {
    type: DT_FLOAT
  }
}
 for consumer [<tf.Operation 'training/RMSprop/gradients/gradients/conv_dw_3_relu/Relu6_grad/Relu6Grad' type=Relu6Grad>, <tf.Operation 'training/RMSprop/gradients/gradients/conv_pw_3/Conv2D_grad/Conv2DBackpropFilter' type=Conv2DBackpropFilter>]
[STR DEBUG] Processing layer 22's swapping, swap out at [23], swap in at [161]
[STR DEBUG] Cannot find swap-out activation nodes for layer 22, among [<tf.Operation 'conv_pw_3_bn/AssignMovingAvg/mul' type=Mul>, <tf.Operation 'conv_pw_3_bn/AssignMovingAvg/ReadVariableOp' type=ReadVariableOp>, <tf.Operation 'conv_pw_3_bn/AssignMovingAvg/AssignSubVariableOp' type=AssignSubVariableOp>, <tf.Operation 'conv_pw_3_bn/AssignMovingAvg/ReadVariableOp_1' type=ReadVariableOp>, <tf.Operation 'conv_pw_3_bn/AssignMovingAvg_1/sub' type=Sub>, <tf.Operation 'conv_pw_3_bn/AssignMovingAvg_1/ReadVariableOp' type=ReadVariableOp>, <tf.Operation 'conv_pw_3_bn/AssignMovingAvg_1/mul' type=Mul>, <tf.Operation 'conv_pw_3_bn/AssignMovingAvg_1/sub_1' type=Sub>, <tf.Operation 'conv_pw_3_bn/AssignMovingAvg_1/AssignSubVariableOp' type=AssignSubVariableOp>, <tf.Operation 'conv_pw_3_bn/AssignMovingAvg_1/ReadVariableOp_1' type=ReadVariableOp>, <tf.Operation 'conv_pw_3_bn/gamma/Initializer/ones' type=Const>, <tf.Operation 'conv_pw_3_bn/gamma' type=VarHandleOp>, <tf.Operation 'conv_pw_3_bn/gamma/IsInitialized/VarIsInitializedOp' type=VarIsInitializedOp>, <tf.Operation 'conv_pw_3_bn/gamma/Read/ReadVariableOp' type=ReadVariableOp>, <tf.Operation 'conv_pw_3_bn/gamma/Assign' type=AssignVariableOp>, <tf.Operation 'conv_pw_3_bn/beta/Initializer/zeros' type=Const>, <tf.Operation 'conv_pw_3_bn/cond/Const' type=Const>, <tf.Operation 'conv_pw_3_bn/beta' type=VarHandleOp>, <tf.Operation 'conv_pw_3_bn/beta/IsInitialized/VarIsInitializedOp' type=VarIsInitializedOp>, <tf.Operation 'conv_pw_3_bn/cond/switch_f' type=Identity>, <tf.Operation 'conv_pw_3_bn/beta/Read/ReadVariableOp' type=ReadVariableOp>, <tf.Operation 'conv_pw_3_bn/cond/switch_t' type=Identity>, <tf.Operation 'conv_pw_3_bn/beta/Assign' type=AssignVariableOp>, <tf.Operation 'conv_pw_3_bn/moving_mean/Initializer/zeros' type=Const>, <tf.Operation 'conv_pw_3_bn/moving_mean' type=VarHandleOp>, <tf.Operation 'conv_pw_3_bn/moving_mean/IsInitialized/VarIsInitializedOp' type=VarIsInitializedOp>, <tf.Operation 'conv_pw_3_bn/cond/Const_1' type=Const>, <tf.Operation 'conv_pw_3_bn/moving_mean/Read/ReadVariableOp' type=ReadVariableOp>, <tf.Operation 'conv_pw_3_bn/cond/Switch' type=Switch>, <tf.Operation 'conv_pw_3_bn/moving_mean/Assign' type=AssignVariableOp>, <tf.Operation 'conv_pw_3_bn/moving_variance/Initializer/ones' type=Const>, <tf.Operation 'conv_pw_3_bn/moving_variance' type=VarHandleOp>, <tf.Operation 'conv_pw_3_bn/moving_variance/IsInitialized/VarIsInitializedOp' type=VarIsInitializedOp>, <tf.Operation 'conv_pw_3_bn/moving_variance/Read/ReadVariableOp' type=ReadVariableOp>, <tf.Operation 'conv_pw_3_bn/cond/pred_id' type=Identity>, <tf.Operation 'conv_pw_3_bn/moving_variance/Assign' type=AssignVariableOp>, <tf.Operation 'conv_pw_3_bn/cond_1/switch_t' type=Identity>, <tf.Operation 'conv_pw_3_bn/cond/ReadVariableOp' type=ReadVariableOp>, <tf.Operation 'conv_pw_3_bn/cond/ReadVariableOp_1' type=ReadVariableOp>, <tf.Operation 'conv_pw_3_bn/cond/FusedBatchNormV3' type=FusedBatchNormV3>, <tf.Operation 'conv_pw_3_bn/cond_1/Const' type=Const>, <tf.Operation 'conv_pw_3_bn/cond/ReadVariableOp/Switch' type=Switch>, <tf.Operation 'conv_pw_3_bn/cond/FusedBatchNormV3_1' type=FusedBatchNormV3>, <tf.Operation 'conv_pw_3_bn/cond/ReadVariableOp_1/Switch' type=Switch>, <tf.Operation 'conv_pw_3_bn/cond_1/switch_f' type=Identity>, <tf.Operation 'conv_pw_3_bn/cond/ReadVariableOp_2' type=ReadVariableOp>, <tf.Operation 'conv_pw_3_bn/cond_1/Switch' type=Switch>, <tf.Operation 'conv_pw_3_bn/cond/FusedBatchNormV3/Switch' type=Switch>, <tf.Operation 'conv_pw_3_bn/cond/ReadVariableOp_3' type=ReadVariableOp>, <tf.Operation 'conv_pw_3_bn/cond/FusedBatchNormV3_1/ReadVariableOp' type=ReadVariableOp>, <tf.Operation 'conv_pw_3_bn/cond/ReadVariableOp_2/Switch' type=Switch>, <tf.Operation 'conv_pw_3_bn/cond/FusedBatchNormV3_1/ReadVariableOp_1' type=ReadVariableOp>, <tf.Operation 'conv_pw_3_bn/cond/ReadVariableOp_3/Switch' type=Switch>, <tf.Operation 'conv_pw_3_bn/cond/Merge' type=Merge>, <tf.Operation 'conv_pw_3_bn/cond/Merge_1' type=Merge>, <tf.Operation 'conv_pw_3_bn/cond/FusedBatchNormV3_1/ReadVariableOp/Switch' type=Switch>, <tf.Operation 'conv_pw_3_bn/cond/Merge_2' type=Merge>, <tf.Operation 'conv_pw_3_bn/cond/FusedBatchNormV3_1/ReadVariableOp_1/Switch' type=Switch>, <tf.Operation 'conv_pw_3_bn/cond/FusedBatchNormV3_1/Switch' type=Switch>, <tf.Operation 'conv_pw_3_bn/cond_1/pred_id' type=Identity>, <tf.Operation 'conv_pw_3_bn/cond_1/Const_1' type=Const>, <tf.Operation 'conv_pw_3_bn/AssignMovingAvg_1/sub/x' type=Const>, <tf.Operation 'conv_pw_3_bn/AssignMovingAvg/sub/x' type=Const>, <tf.Operation 'conv_pw_3_bn/cond_1/Merge' type=Merge>, <tf.Operation 'conv_pw_3_bn/AssignMovingAvg/sub' type=Sub>, <tf.Operation 'conv_pw_3_bn/AssignMovingAvg/sub_1' type=Sub>]
[STR DEBUG] Choose op that have outputs: name: "conv_pw_3_bn/AssignMovingAvg/sub_1"
op: "Sub"
input: "conv_pw_3_bn/AssignMovingAvg/ReadVariableOp"
input: "conv_pw_3_bn/cond/Merge_1"
attr {
  key: "T"
  value {
    type: DT_FLOAT
  }
}
attr {
  key: "_class"
  value {
    list {
      s: "loc:@conv_pw_3_bn/moving_mean"
    }
  }
}

[STR DEBUG] Find swapout ops: name: "conv_pw_3_bn/AssignMovingAvg/sub_1"
op: "Sub"
input: "conv_pw_3_bn/AssignMovingAvg/ReadVariableOp"
input: "conv_pw_3_bn/cond/Merge_1"
attr {
  key: "T"
  value {
    type: DT_FLOAT
  }
}
attr {
  key: "_class"
  value {
    list {
      s: "loc:@conv_pw_3_bn/moving_mean"
    }
  }
}
, 
	choose swap tensor Tensor("conv_pw_3_bn/AssignMovingAvg/sub_1:0", shape=(128,), dtype=float32), 
	finish at the end of ops: [<tf.Operation 'conv_pw_3_relu/Relu6' type=Relu6>]
[STR DEBUG] Processing layer 24's swapping, swap out at [25], swap in at [159]
[STR DEBUG] Cannot find swap-out activation nodes for layer 24, among [<tf.Operation 'conv_pad_4/Pad/paddings' type=Const>, <tf.Operation 'conv_pad_4/Pad' type=Pad>]
[STR DEBUG] Choose op that have outputs: name: "conv_pad_4/Pad"
op: "Pad"
input: "conv_pw_3_relu/Relu6"
input: "conv_pad_4/Pad/paddings"
attr {
  key: "T"
  value {
    type: DT_FLOAT
  }
}
attr {
  key: "Tpaddings"
  value {
    type: DT_INT32
  }
}

[STR DEBUG] Find swapout ops: name: "conv_pad_4/Pad"
op: "Pad"
input: "conv_pw_3_relu/Relu6"
input: "conv_pad_4/Pad/paddings"
attr {
  key: "T"
  value {
    type: DT_FLOAT
  }
}
attr {
  key: "Tpaddings"
  value {
    type: DT_INT32
  }
}
, 
	choose swap tensor Tensor("conv_pad_4/Pad:0", shape=(?, 57, 57, 128), dtype=float32), 
	finish at the end of ops: [<tf.Operation 'conv_dw_4_relu/Relu6' type=Relu6>]
[STR DEBUG] Add swap-in op at name: "training/RMSprop/gradients/gradients/conv_dw_4_relu/Relu6_grad/Relu6Grad"
op: "Relu6Grad"
input: "training/RMSprop/gradients/gradients/conv_pw_4/Conv2D_grad/Conv2DBackpropInput"
input: "conv_dw_4_relu/Relu6"
attr {
  key: "T"
  value {
    type: DT_FLOAT
  }
}
 for consumer [<tf.Operation 'training/RMSprop/gradients/gradients/conv_dw_4/depthwise_grad/DepthwiseConv2dNativeBackpropFilter' type=DepthwiseConv2dNativeBackpropFilter>]
[STR DEBUG] Processing layer 26's swapping, swap out at [27], swap in at [157]
[STR DEBUG] Cannot find swap-out activation nodes for layer 26, among [<tf.Operation 'conv_dw_4_bn/cond_1/pred_id' type=Identity>, <tf.Operation 'conv_dw_4_bn/cond_1/Const_1' type=Const>, <tf.Operation 'conv_dw_4_bn/AssignMovingAvg/sub/x' type=Const>, <tf.Operation 'conv_dw_4_bn/cond_1/Merge' type=Merge>, <tf.Operation 'conv_dw_4_bn/AssignMovingAvg/sub' type=Sub>, <tf.Operation 'conv_dw_4_bn/AssignMovingAvg/sub_1' type=Sub>, <tf.Operation 'conv_dw_4_bn/AssignMovingAvg/ReadVariableOp' type=ReadVariableOp>, <tf.Operation 'conv_dw_4_bn/AssignMovingAvg/mul' type=Mul>, <tf.Operation 'conv_dw_4_bn/AssignMovingAvg_1/sub/x' type=Const>, <tf.Operation 'conv_dw_4_bn/AssignMovingAvg/AssignSubVariableOp' type=AssignSubVariableOp>, <tf.Operation 'conv_dw_4_bn/AssignMovingAvg/ReadVariableOp_1' type=ReadVariableOp>, <tf.Operation 'conv_dw_4_bn/AssignMovingAvg_1/ReadVariableOp' type=ReadVariableOp>, <tf.Operation 'conv_dw_4_bn/AssignMovingAvg_1/sub_1' type=Sub>, <tf.Operation 'conv_dw_4_bn/AssignMovingAvg_1/sub' type=Sub>, <tf.Operation 'conv_dw_4_bn/AssignMovingAvg_1/mul' type=Mul>, <tf.Operation 'conv_dw_4_bn/AssignMovingAvg_1/AssignSubVariableOp' type=AssignSubVariableOp>, <tf.Operation 'conv_dw_4_bn/AssignMovingAvg_1/ReadVariableOp_1' type=ReadVariableOp>, <tf.Operation 'conv_dw_4_bn/cond/Const_1' type=Const>, <tf.Operation 'conv_dw_4_bn/beta' type=VarHandleOp>, <tf.Operation 'conv_dw_4_bn/gamma/Initializer/ones' type=Const>, <tf.Operation 'conv_dw_4_bn/gamma' type=VarHandleOp>, <tf.Operation 'conv_dw_4_bn/gamma/IsInitialized/VarIsInitializedOp' type=VarIsInitializedOp>, <tf.Operation 'conv_dw_4_bn/gamma/Read/ReadVariableOp' type=ReadVariableOp>, <tf.Operation 'conv_dw_4_bn/gamma/Assign' type=AssignVariableOp>, <tf.Operation 'conv_dw_4_bn/beta/Initializer/zeros' type=Const>, <tf.Operation 'conv_dw_4_bn/cond/switch_t' type=Identity>, <tf.Operation 'conv_dw_4_bn/beta/IsInitialized/VarIsInitializedOp' type=VarIsInitializedOp>, <tf.Operation 'conv_dw_4_bn/beta/Read/ReadVariableOp' type=ReadVariableOp>, <tf.Operation 'conv_dw_4_bn/cond/Const' type=Const>, <tf.Operation 'conv_dw_4_bn/beta/Assign' type=AssignVariableOp>, <tf.Operation 'conv_dw_4_bn/moving_mean/Initializer/zeros' type=Const>, <tf.Operation 'conv_dw_4_bn/moving_mean' type=VarHandleOp>, <tf.Operation 'conv_dw_4_bn/cond/switch_f' type=Identity>, <tf.Operation 'conv_dw_4_bn/moving_mean/IsInitialized/VarIsInitializedOp' type=VarIsInitializedOp>, <tf.Operation 'conv_dw_4_bn/moving_mean/Read/ReadVariableOp' type=ReadVariableOp>, <tf.Operation 'conv_dw_4_bn/cond/Switch' type=Switch>, <tf.Operation 'conv_dw_4_bn/moving_mean/Assign' type=AssignVariableOp>, <tf.Operation 'conv_dw_4_bn/moving_variance/Initializer/ones' type=Const>, <tf.Operation 'conv_dw_4_bn/moving_variance' type=VarHandleOp>, <tf.Operation 'conv_dw_4_bn/moving_variance/IsInitialized/VarIsInitializedOp' type=VarIsInitializedOp>, <tf.Operation 'conv_dw_4_bn/cond/pred_id' type=Identity>, <tf.Operation 'conv_dw_4_bn/moving_variance/Read/ReadVariableOp' type=ReadVariableOp>, <tf.Operation 'conv_dw_4_bn/moving_variance/Assign' type=AssignVariableOp>, <tf.Operation 'conv_dw_4_bn/cond/ReadVariableOp' type=ReadVariableOp>, <tf.Operation 'conv_dw_4_bn/cond/ReadVariableOp_1' type=ReadVariableOp>, <tf.Operation 'conv_dw_4_bn/cond_1/switch_t' type=Identity>, <tf.Operation 'conv_dw_4_bn/cond/FusedBatchNormV3' type=FusedBatchNormV3>, <tf.Operation 'conv_dw_4_bn/cond/ReadVariableOp/Switch' type=Switch>, <tf.Operation 'conv_dw_4_bn/cond/ReadVariableOp_1/Switch' type=Switch>, <tf.Operation 'conv_dw_4_bn/cond_1/Const' type=Const>, <tf.Operation 'conv_dw_4_bn/cond/FusedBatchNormV3_1' type=FusedBatchNormV3>, <tf.Operation 'conv_dw_4_bn/cond/ReadVariableOp_2' type=ReadVariableOp>, <tf.Operation 'conv_dw_4_bn/cond_1/switch_f' type=Identity>, <tf.Operation 'conv_dw_4_bn/cond/FusedBatchNormV3/Switch' type=Switch>, <tf.Operation 'conv_dw_4_bn/cond/ReadVariableOp_3' type=ReadVariableOp>, <tf.Operation 'conv_dw_4_bn/cond/FusedBatchNormV3_1/ReadVariableOp' type=ReadVariableOp>, <tf.Operation 'conv_dw_4_bn/cond/ReadVariableOp_2/Switch' type=Switch>, <tf.Operation 'conv_dw_4_bn/cond/FusedBatchNormV3_1/ReadVariableOp_1' type=ReadVariableOp>, <tf.Operation 'conv_dw_4_bn/cond/ReadVariableOp_3/Switch' type=Switch>, <tf.Operation 'conv_dw_4_bn/cond/Merge' type=Merge>, <tf.Operation 'conv_dw_4_bn/cond/Merge_1' type=Merge>, <tf.Operation 'conv_dw_4_bn/cond/FusedBatchNormV3_1/ReadVariableOp/Switch' type=Switch>, <tf.Operation 'conv_dw_4_bn/cond/FusedBatchNormV3_1/ReadVariableOp_1/Switch' type=Switch>, <tf.Operation 'conv_dw_4_bn/cond/FusedBatchNormV3_1/Switch' type=Switch>, <tf.Operation 'conv_dw_4_bn/cond/Merge_2' type=Merge>, <tf.Operation 'conv_dw_4_bn/cond_1/Switch' type=Switch>]
[STR DEBUG] Choose op that have outputs: name: "conv_dw_4_bn/cond_1/Switch"
op: "Switch"
input: "keras_learning_phase"
input: "keras_learning_phase"
attr {
  key: "T"
  value {
    type: DT_BOOL
  }
}

[STR DEBUG] Find swapout ops: name: "conv_dw_4_bn/cond_1/Switch"
op: "Switch"
input: "keras_learning_phase"
input: "keras_learning_phase"
attr {
  key: "T"
  value {
    type: DT_BOOL
  }
}
, 
	choose swap tensor Tensor("conv_dw_4_bn/cond_1/Switch:0", shape=(), dtype=bool), 
	finish at the end of ops: [<tf.Operation 'conv_dw_4_relu/Relu6' type=Relu6>]
[STR DEBUG] Processing layer 28's swapping, swap out at [29], swap in at [155]
[STR DEBUG] Cannot find swap-out control nodes for layer 28, use the first op name: "conv_pw_4_bn/AssignMovingAvg/AssignSubVariableOp"
op: "AssignSubVariableOp"
input: "conv_pw_4_bn/moving_mean"
input: "conv_pw_4_bn/AssignMovingAvg/mul"
attr {
  key: "_class"
  value {
    list {
      s: "loc:@conv_pw_4_bn/moving_mean"
    }
  }
}
attr {
  key: "dtype"
  value {
    type: DT_FLOAT
  }
}

[STR DEBUG] Find swapout ops: name: "conv_pw_4_relu/Relu6"
op: "Relu6"
input: "conv_pw_4_bn/cond/Merge"
attr {
  key: "T"
  value {
    type: DT_FLOAT
  }
}
, 
	choose swap tensor Tensor("conv_pw_4_relu/Relu6:0", shape=(?, 28, 28, 256), dtype=float32), 
	finish at the end of ops: [<tf.Operation 'conv_pw_4_bn/AssignMovingAvg/AssignSubVariableOp' type=AssignSubVariableOp>]
[STR DEBUG] Cannot find swap-in control nodes for ref. layer 155, use the last op name: "training/RMSprop/gradients/gradients/conv_pw_4_bn/cond/FusedBatchNormV3_1/Switch_grad/cond_grad"
op: "Merge"
input: "training/RMSprop/gradients/gradients/conv_pw_4_bn/cond/FusedBatchNormV3_1_grad/FusedBatchNormGradV3"
input: "training/RMSprop/gradients/gradients/zeros_110"
attr {
  key: "N"
  value {
    i: 2
  }
}
attr {
  key: "T"
  value {
    type: DT_FLOAT
  }
}

[STR DEBUG] Processing layer 29's swapping, swap out at [30], swap in at [154]
[STR DEBUG] Cannot find swap-out activation nodes for layer 29, among [<tf.Operation 'conv_pw_4_bn/AssignMovingAvg/AssignSubVariableOp' type=AssignSubVariableOp>, <tf.Operation 'conv_pw_4_bn/AssignMovingAvg_1/ReadVariableOp' type=ReadVariableOp>, <tf.Operation 'conv_pw_4_bn/AssignMovingAvg/ReadVariableOp_1' type=ReadVariableOp>, <tf.Operation 'conv_pw_4_bn/AssignMovingAvg_1/sub' type=Sub>, <tf.Operation 'conv_pw_4_bn/AssignMovingAvg_1/sub_1' type=Sub>, <tf.Operation 'conv_pw_4_bn/AssignMovingAvg_1/mul' type=Mul>, <tf.Operation 'conv_pw_4_bn/AssignMovingAvg_1/AssignSubVariableOp' type=AssignSubVariableOp>, <tf.Operation 'conv_pw_4_bn/AssignMovingAvg_1/ReadVariableOp_1' type=ReadVariableOp>, <tf.Operation 'conv_pw_4_bn/beta' type=VarHandleOp>, <tf.Operation 'conv_pw_4_bn/gamma/Initializer/ones' type=Const>, <tf.Operation 'conv_pw_4_bn/gamma' type=VarHandleOp>, <tf.Operation 'conv_pw_4_bn/gamma/IsInitialized/VarIsInitializedOp' type=VarIsInitializedOp>, <tf.Operation 'conv_pw_4_bn/cond/Const' type=Const>, <tf.Operation 'conv_pw_4_bn/gamma/Read/ReadVariableOp' type=ReadVariableOp>, <tf.Operation 'conv_pw_4_bn/gamma/Assign' type=AssignVariableOp>, <tf.Operation 'conv_pw_4_bn/beta/Initializer/zeros' type=Const>, <tf.Operation 'conv_pw_4_bn/cond/Const_1' type=Const>, <tf.Operation 'conv_pw_4_bn/beta/IsInitialized/VarIsInitializedOp' type=VarIsInitializedOp>, <tf.Operation 'conv_pw_4_bn/beta/Read/ReadVariableOp' type=ReadVariableOp>, <tf.Operation 'conv_pw_4_bn/beta/Assign' type=AssignVariableOp>, <tf.Operation 'conv_pw_4_bn/moving_mean/Initializer/zeros' type=Const>, <tf.Operation 'conv_pw_4_bn/moving_mean' type=VarHandleOp>, <tf.Operation 'conv_pw_4_bn/cond/switch_t' type=Identity>, <tf.Operation 'conv_pw_4_bn/cond/pred_id' type=Identity>, <tf.Operation 'conv_pw_4_bn/moving_mean/IsInitialized/VarIsInitializedOp' type=VarIsInitializedOp>, <tf.Operation 'conv_pw_4_bn/moving_mean/Read/ReadVariableOp' type=ReadVariableOp>, <tf.Operation 'conv_pw_4_bn/cond/Switch' type=Switch>, <tf.Operation 'conv_pw_4_bn/moving_mean/Assign' type=AssignVariableOp>, <tf.Operation 'conv_pw_4_bn/moving_variance/Initializer/ones' type=Const>, <tf.Operation 'conv_pw_4_bn/moving_variance' type=VarHandleOp>, <tf.Operation 'conv_pw_4_bn/moving_variance/IsInitialized/VarIsInitializedOp' type=VarIsInitializedOp>, <tf.Operation 'conv_pw_4_bn/moving_variance/Read/ReadVariableOp' type=ReadVariableOp>, <tf.Operation 'conv_pw_4_bn/cond/switch_f' type=Identity>, <tf.Operation 'conv_pw_4_bn/moving_variance/Assign' type=AssignVariableOp>, <tf.Operation 'conv_pw_4_bn/cond_1/switch_t' type=Identity>, <tf.Operation 'conv_pw_4_bn/cond/ReadVariableOp' type=ReadVariableOp>, <tf.Operation 'conv_pw_4_bn/cond/ReadVariableOp_1' type=ReadVariableOp>, <tf.Operation 'conv_pw_4_bn/cond/FusedBatchNormV3' type=FusedBatchNormV3>, <tf.Operation 'conv_pw_4_bn/cond/ReadVariableOp/Switch' type=Switch>, <tf.Operation 'conv_pw_4_bn/cond/ReadVariableOp_1/Switch' type=Switch>, <tf.Operation 'conv_pw_4_bn/cond_1/Const' type=Const>, <tf.Operation 'conv_pw_4_bn/cond/FusedBatchNormV3_1' type=FusedBatchNormV3>, <tf.Operation 'conv_pw_4_bn/cond/ReadVariableOp_2' type=ReadVariableOp>, <tf.Operation 'conv_pw_4_bn/cond_1/switch_f' type=Identity>, <tf.Operation 'conv_pw_4_bn/cond/FusedBatchNormV3/Switch' type=Switch>, <tf.Operation 'conv_pw_4_bn/cond/ReadVariableOp_3' type=ReadVariableOp>, <tf.Operation 'conv_pw_4_bn/cond/FusedBatchNormV3_1/ReadVariableOp' type=ReadVariableOp>, <tf.Operation 'conv_pw_4_bn/cond/ReadVariableOp_2/Switch' type=Switch>, <tf.Operation 'conv_pw_4_bn/cond/FusedBatchNormV3_1/ReadVariableOp_1' type=ReadVariableOp>, <tf.Operation 'conv_pw_4_bn/cond/ReadVariableOp_3/Switch' type=Switch>, <tf.Operation 'conv_pw_4_bn/cond_1/Switch' type=Switch>, <tf.Operation 'conv_pw_4_bn/cond/Merge' type=Merge>, <tf.Operation 'conv_pw_4_bn/cond/Merge_1' type=Merge>, <tf.Operation 'conv_pw_4_bn/cond/FusedBatchNormV3_1/ReadVariableOp/Switch' type=Switch>, <tf.Operation 'conv_pw_4_bn/cond/Merge_2' type=Merge>, <tf.Operation 'conv_pw_4_bn/cond/FusedBatchNormV3_1/ReadVariableOp_1/Switch' type=Switch>, <tf.Operation 'conv_pw_4_bn/cond/FusedBatchNormV3_1/Switch' type=Switch>, <tf.Operation 'conv_pw_4_bn/cond_1/pred_id' type=Identity>, <tf.Operation 'conv_pw_4_bn/cond_1/Const_1' type=Const>, <tf.Operation 'conv_pw_4_bn/AssignMovingAvg_1/sub/x' type=Const>, <tf.Operation 'conv_pw_4_bn/AssignMovingAvg/sub/x' type=Const>, <tf.Operation 'conv_pw_4_bn/cond_1/Merge' type=Merge>, <tf.Operation 'conv_pw_4_bn/AssignMovingAvg/sub' type=Sub>, <tf.Operation 'conv_pw_4_bn/AssignMovingAvg/sub_1' type=Sub>, <tf.Operation 'conv_pw_4_bn/AssignMovingAvg/ReadVariableOp' type=ReadVariableOp>, <tf.Operation 'conv_pw_4_bn/AssignMovingAvg/mul' type=Mul>]
[STR DEBUG] Choose op that have outputs: name: "conv_pw_4_bn/AssignMovingAvg/mul"
op: "Mul"
input: "conv_pw_4_bn/AssignMovingAvg/sub_1"
input: "conv_pw_4_bn/AssignMovingAvg/sub"
attr {
  key: "T"
  value {
    type: DT_FLOAT
  }
}
attr {
  key: "_class"
  value {
    list {
      s: "loc:@conv_pw_4_bn/moving_mean"
    }
  }
}

[STR DEBUG] Find swapout ops: name: "conv_pw_4_bn/AssignMovingAvg/mul"
op: "Mul"
input: "conv_pw_4_bn/AssignMovingAvg/sub_1"
input: "conv_pw_4_bn/AssignMovingAvg/sub"
attr {
  key: "T"
  value {
    type: DT_FLOAT
  }
}
attr {
  key: "_class"
  value {
    list {
      s: "loc:@conv_pw_4_bn/moving_mean"
    }
  }
}
, 
	choose swap tensor Tensor("conv_pw_4_bn/AssignMovingAvg/mul:0", shape=(256,), dtype=float32), 
	finish at the end of ops: [<tf.Operation 'conv_pw_4_relu/Relu6' type=Relu6>]
[STR DEBUG] Processing layer 30's swapping, swap out at [31], swap in at [153]
[STR DEBUG] Find swapout ops: name: "conv_pw_4_relu/Relu6"
op: "Relu6"
input: "conv_pw_4_bn/cond/Merge"
attr {
  key: "T"
  value {
    type: DT_FLOAT
  }
}
, 
	choose swap tensor Tensor("conv_pw_4_relu/Relu6:0", shape=(?, 28, 28, 256), dtype=float32), 
	finish at the end of ops: [<tf.Operation 'conv_dw_5_relu/Relu6' type=Relu6>]
[STR DEBUG] Add swap-in op at name: "training/RMSprop/gradients/gradients/conv_dw_5_relu/Relu6_grad/Relu6Grad"
op: "Relu6Grad"
input: "training/RMSprop/gradients/gradients/conv_pw_5/Conv2D_grad/Conv2DBackpropInput"
input: "conv_dw_5_relu/Relu6"
attr {
  key: "T"
  value {
    type: DT_FLOAT
  }
}
 for consumer [<tf.Operation 'training/RMSprop/gradients/gradients/conv_dw_5/depthwise_grad/DepthwiseConv2dNativeBackpropFilter' type=DepthwiseConv2dNativeBackpropFilter>, <tf.Operation 'training/RMSprop/gradients/gradients/conv_pw_4_relu/Relu6_grad/Relu6Grad' type=Relu6Grad>]
[STR DEBUG] Processing layer 31's swapping, swap out at [32], swap in at [152]
[STR DEBUG] Cannot find swap-out control nodes for layer 31, use the first op name: "conv_dw_5_bn/beta"
op: "VarHandleOp"
attr {
  key: "_class"
  value {
    list {
      s: "loc:@conv_dw_5_bn/beta"
    }
  }
}
attr {
  key: "container"
  value {
    s: ""
  }
}
attr {
  key: "dtype"
  value {
    type: DT_FLOAT
  }
}
attr {
  key: "shape"
  value {
    shape {
      dim {
        size: 256
      }
    }
  }
}
attr {
  key: "shared_name"
  value {
    s: "conv_dw_5_bn/beta"
  }
}

[STR DEBUG] Find swapout ops: name: "conv_dw_5_relu/Relu6"
op: "Relu6"
input: "conv_dw_5_bn/cond/Merge"
attr {
  key: "T"
  value {
    type: DT_FLOAT
  }
}
, 
	choose swap tensor Tensor("conv_dw_5_relu/Relu6:0", shape=(?, 28, 28, 256), dtype=float32), 
	finish at the end of ops: [<tf.Operation 'conv_dw_5_bn/beta' type=VarHandleOp>]
[STR DEBUG] Cannot find swap-in control nodes for ref. layer 152, use the last op name: "training/RMSprop/gradients/gradients/conv_dw_5_bn/cond/FusedBatchNormV3_grad/FusedBatchNormGradV3"
op: "FusedBatchNormGradV3"
input: "training/RMSprop/gradients/gradients/conv_dw_5_bn/cond/Merge_grad/cond_grad:1"
input: "conv_dw_5_bn/cond/FusedBatchNormV3/Switch:1"
input: "conv_dw_5_bn/cond/ReadVariableOp"
input: "conv_dw_5_bn/cond/FusedBatchNormV3:3"
input: "conv_dw_5_bn/cond/FusedBatchNormV3:4"
input: "conv_dw_5_bn/cond/FusedBatchNormV3:5"
attr {
  key: "T"
  value {
    type: DT_FLOAT
  }
}
attr {
  key: "U"
  value {
    type: DT_FLOAT
  }
}
attr {
  key: "data_format"
  value {
    s: "NHWC"
  }
}
attr {
  key: "epsilon"
  value {
    f: 0.0010000000474974513
  }
}
attr {
  key: "is_training"
  value {
    b: true
  }
}
2022-01-07 04:31:49.751139: W tensorflow/core/common_runtime/bfc_allocator.cc:239] Allocator (GPU_0_bfc) ran out of memory trying to allocate 2.99GiB with freed_by_count=0. The caller indicates that this is not a failure, but may mean that there could be performance gains if more memory were available.
2022-01-07 04:31:49.751228: W tensorflow/core/common_runtime/bfc_allocator.cc:239] Allocator (GPU_0_bfc) ran out of memory trying to allocate 2.99GiB with freed_by_count=0. The caller indicates that this is not a failure, but may mean that there could be performance gains if more memory were available.
2022-01-07 04:31:49.881231: W tensorflow/core/common_runtime/bfc_allocator.cc:239] Allocator (GPU_0_bfc) ran out of memory trying to allocate 2.33GiB with freed_by_count=0. The caller indicates that this is not a failure, but may mean that there could be performance gains if more memory were available.
2022-01-07 04:31:49.881307: W tensorflow/core/common_runtime/bfc_allocator.cc:239] Allocator (GPU_0_bfc) ran out of memory trying to allocate 2.33GiB with freed_by_count=0. The caller indicates that this is not a failure, but may mean that there could be performance gains if more memory were available.
2022-01-07 04:31:49.924002: W tensorflow/core/common_runtime/bfc_allocator.cc:239] Allocator (GPU_0_bfc) ran out of memory trying to allocate 2.99GiB with freed_by_count=0. The caller indicates that this is not a failure, but may mean that there could be performance gains if more memory were available.
2022-01-07 04:31:49.924050: W tensorflow/core/common_runtime/bfc_allocator.cc:239] Allocator (GPU_0_bfc) ran out of memory trying to allocate 2.99GiB with freed_by_count=0. The caller indicates that this is not a failure, but may mean that there could be performance gains if more memory were available.
2022-01-07 04:31:50.069693: W tensorflow/core/common_runtime/bfc_allocator.cc:239] Allocator (GPU_0_bfc) ran out of memory trying to allocate 1.87GiB with freed_by_count=0. The caller indicates that this is not a failure, but may mean that there could be performance gains if more memory were available.
2022-01-07 04:31:50.069753: W tensorflow/core/common_runtime/bfc_allocator.cc:239] Allocator (GPU_0_bfc) ran out of memory trying to allocate 1.87GiB with freed_by_count=0. The caller indicates that this is not a failure, but may mean that there could be performance gains if more memory were available.

[STR DEBUG] Processing layer 32's swapping, swap out at [33], swap in at [151]
[STR DEBUG] Cannot find swap-out activation nodes for layer 32, among [<tf.Operation 'conv_dw_5_bn/beta' type=VarHandleOp>, <tf.Operation 'conv_dw_5_bn/beta/IsInitialized/VarIsInitializedOp' type=VarIsInitializedOp>, <tf.Operation 'conv_dw_5_bn/cond/switch_f' type=Identity>, <tf.Operation 'conv_dw_5_bn/cond/Const_1' type=Const>, <tf.Operation 'conv_dw_5_bn/beta/Read/ReadVariableOp' type=ReadVariableOp>, <tf.Operation 'conv_dw_5_bn/cond/switch_t' type=Identity>, <tf.Operation 'conv_dw_5_bn/beta/Assign' type=AssignVariableOp>, <tf.Operation 'conv_dw_5_bn/moving_mean/Initializer/zeros' type=Const>, <tf.Operation 'conv_dw_5_bn/moving_mean' type=VarHandleOp>, <tf.Operation 'conv_dw_5_bn/moving_mean/IsInitialized/VarIsInitializedOp' type=VarIsInitializedOp>, <tf.Operation 'conv_dw_5_bn/moving_mean/Read/ReadVariableOp' type=ReadVariableOp>, <tf.Operation 'conv_dw_5_bn/cond/Switch' type=Switch>, <tf.Operation 'conv_dw_5_bn/moving_mean/Assign' type=AssignVariableOp>, <tf.Operation 'conv_dw_5_bn/moving_variance/Initializer/ones' type=Const>, <tf.Operation 'conv_dw_5_bn/moving_variance' type=VarHandleOp>, <tf.Operation 'conv_dw_5_bn/moving_variance/IsInitialized/VarIsInitializedOp' type=VarIsInitializedOp>, <tf.Operation 'conv_dw_5_bn/moving_variance/Read/ReadVariableOp' type=ReadVariableOp>, <tf.Operation 'conv_dw_5_bn/cond/pred_id' type=Identity>, <tf.Operation 'conv_dw_5_bn/moving_variance/Assign' type=AssignVariableOp>, <tf.Operation 'conv_dw_5_bn/cond_1/switch_t' type=Identity>, <tf.Operation 'conv_dw_5_bn/cond_1/Const' type=Const>, <tf.Operation 'conv_dw_5_bn/cond/ReadVariableOp' type=ReadVariableOp>, <tf.Operation 'conv_dw_5_bn/cond/ReadVariableOp_1' type=ReadVariableOp>, <tf.Operation 'conv_dw_5_bn/cond/FusedBatchNormV3' type=FusedBatchNormV3>, <tf.Operation 'conv_dw_5_bn/cond/ReadVariableOp/Switch' type=Switch>, <tf.Operation 'conv_dw_5_bn/cond/ReadVariableOp_1/Switch' type=Switch>, <tf.Operation 'conv_dw_5_bn/cond_1/switch_f' type=Identity>, <tf.Operation 'conv_dw_5_bn/cond_1/Switch' type=Switch>, <tf.Operation 'conv_dw_5_bn/cond/FusedBatchNormV3_1' type=FusedBatchNormV3>, <tf.Operation 'conv_dw_5_bn/cond/ReadVariableOp_2' type=ReadVariableOp>, <tf.Operation 'conv_dw_5_bn/cond/FusedBatchNormV3/Switch' type=Switch>, <tf.Operation 'conv_dw_5_bn/cond/ReadVariableOp_3' type=ReadVariableOp>, <tf.Operation 'conv_dw_5_bn/cond/FusedBatchNormV3_1/ReadVariableOp' type=ReadVariableOp>, <tf.Operation 'conv_dw_5_bn/cond/ReadVariableOp_2/Switch' type=Switch>, <tf.Operation 'conv_dw_5_bn/cond/FusedBatchNormV3_1/ReadVariableOp_1' type=ReadVariableOp>, <tf.Operation 'conv_dw_5_bn/cond/ReadVariableOp_3/Switch' type=Switch>, <tf.Operation 'conv_dw_5_bn/cond/Merge' type=Merge>, <tf.Operation 'conv_dw_5_bn/cond/Merge_1' type=Merge>, <tf.Operation 'conv_dw_5_bn/cond/FusedBatchNormV3_1/ReadVariableOp/Switch' type=Switch>, <tf.Operation 'conv_dw_5_bn/cond/Merge_2' type=Merge>, <tf.Operation 'conv_dw_5_bn/cond/FusedBatchNormV3_1/ReadVariableOp_1/Switch' type=Switch>, <tf.Operation 'conv_dw_5_bn/cond/FusedBatchNormV3_1/Switch' type=Switch>, <tf.Operation 'conv_dw_5_bn/cond_1/pred_id' type=Identity>, <tf.Operation 'conv_dw_5_bn/cond_1/Const_1' type=Const>, <tf.Operation 'conv_dw_5_bn/AssignMovingAvg/sub/x' type=Const>, <tf.Operation 'conv_dw_5_bn/cond_1/Merge' type=Merge>, <tf.Operation 'conv_dw_5_bn/AssignMovingAvg_1/ReadVariableOp' type=ReadVariableOp>, <tf.Operation 'conv_dw_5_bn/AssignMovingAvg/sub' type=Sub>, <tf.Operation 'conv_dw_5_bn/AssignMovingAvg/mul' type=Mul>, <tf.Operation 'conv_dw_5_bn/AssignMovingAvg/sub_1' type=Sub>, <tf.Operation 'conv_dw_5_bn/AssignMovingAvg/ReadVariableOp' type=ReadVariableOp>, <tf.Operation 'conv_dw_5_bn/AssignMovingAvg/AssignSubVariableOp' type=AssignSubVariableOp>, <tf.Operation 'conv_dw_5_bn/AssignMovingAvg/ReadVariableOp_1' type=ReadVariableOp>, <tf.Operation 'conv_dw_5_bn/AssignMovingAvg_1/sub/x' type=Const>, <tf.Operation 'conv_dw_5_bn/AssignMovingAvg_1/mul' type=Mul>, <tf.Operation 'conv_dw_5_bn/AssignMovingAvg_1/sub_1' type=Sub>, <tf.Operation 'conv_dw_5_bn/AssignMovingAvg_1/sub' type=Sub>, <tf.Operation 'conv_dw_5_bn/AssignMovingAvg_1/AssignSubVariableOp' type=AssignSubVariableOp>, <tf.Operation 'conv_dw_5_bn/AssignMovingAvg_1/ReadVariableOp_1' type=ReadVariableOp>, <tf.Operation 'conv_dw_5_bn/gamma/Initializer/ones' type=Const>, <tf.Operation 'conv_dw_5_bn/gamma' type=VarHandleOp>, <tf.Operation 'conv_dw_5_bn/gamma/IsInitialized/VarIsInitializedOp' type=VarIsInitializedOp>, <tf.Operation 'conv_dw_5_bn/gamma/Read/ReadVariableOp' type=ReadVariableOp>, <tf.Operation 'conv_dw_5_bn/gamma/Assign' type=AssignVariableOp>, <tf.Operation 'conv_dw_5_bn/beta/Initializer/zeros' type=Const>, <tf.Operation 'conv_dw_5_bn/cond/Const' type=Const>]
[STR DEBUG] Choose op that have outputs: name: "conv_dw_5_bn/cond/Const"
op: "Const"
input: "^conv_dw_5_bn/cond/switch_t"
attr {
  key: "dtype"
  value {
    type: DT_FLOAT
  }
}
attr {
  key: "value"
  value {
    tensor {
      dtype: DT_FLOAT
      tensor_shape {
        dim {
        }
      }
    }
  }
}

[STR DEBUG] Find swapout ops: name: "conv_dw_5_bn/cond/Const"
op: "Const"
input: "^conv_dw_5_bn/cond/switch_t"
attr {
  key: "dtype"
  value {
    type: DT_FLOAT
  }
}
attr {
  key: "value"
  value {
    tensor {
      dtype: DT_FLOAT
      tensor_shape {
        dim {
        }
      }
    }
  }
}
, 
	choose swap tensor Tensor("conv_dw_5_bn/cond/Const:0", shape=(0,), dtype=float32), 
	finish at the end of ops: [<tf.Operation 'conv_dw_5_relu/Relu6' type=Relu6>]
[STR DEBUG] Processing layer 33's swapping, swap out at [34], swap in at [150]
[STR DEBUG] Find swapout ops: name: "conv_dw_5_relu/Relu6"
op: "Relu6"
input: "conv_dw_5_bn/cond/Merge"
attr {
  key: "T"
  value {
    type: DT_FLOAT
  }
}
, 
	choose swap tensor Tensor("conv_dw_5_relu/Relu6:0", shape=(?, 28, 28, 256), dtype=float32), 
	finish at the end of ops: [<tf.Operation 'conv_pw_5_relu/Relu6' type=Relu6>]
[STR DEBUG] Add swap-in op at name: "training/RMSprop/gradients/gradients/conv_pw_5_relu/Relu6_grad/Relu6Grad"
op: "Relu6Grad"
input: "training/RMSprop/gradients/gradients/conv_pad_6/Pad_grad/Slice_1"
input: "conv_pw_5_relu/Relu6"
attr {
  key: "T"
  value {
    type: DT_FLOAT
  }
}
 for consumer [<tf.Operation 'training/RMSprop/gradients/gradients/conv_dw_5_relu/Relu6_grad/Relu6Grad' type=Relu6Grad>, <tf.Operation 'training/RMSprop/gradients/gradients/conv_pw_5/Conv2D_grad/Conv2DBackpropFilter' type=Conv2DBackpropFilter>]
  1/122 [..............................] - ETA: 41:16 - loss: 2.4326 - acc: 0.1091  2/122 [..............................] - ETA: 21:59 - loss: 2.7246 - acc: 0.1152  3/122 [..............................] - ETA: 15:24 - loss: 2.8263 - acc: 0.1263  4/122 [..............................] - ETA: 12:06 - loss: 2.7133 - acc: 0.1455  5/122 [>.............................] - ETA: 10:09 - loss: 2.6746 - acc: 0.1491  6/122 [>.............................] - ETA: 8:50 - loss: 2.6721 - acc: 0.1419   7/122 [>.............................] - ETA: 7:54 - loss: 2.6171 - acc: 0.1442  8/122 [>.............................] - ETA: 7:12 - loss: 2.5623 - acc: 0.1492  9/122 [=>............................] - ETA: 6:40 - loss: 2.5112 - acc: 0.1556 10/122 [=>............................] - ETA: 6:13 - loss: 2.4569 - acc: 0.1664 11/122 [=>............................] - ETA: 5:51 - loss: 2.4034 - acc: 0.1780 12/122 [=>............................] - ETA: 5:34 - loss: 2.3623 - acc: 0.1884 13/122 [==>...........................] - ETA: 5:18 - loss: 2.3492 - acc: 0.1911 14/122 [==>...........................] - ETA: 5:03 - loss: 2.3404 - acc: 0.1959 15/122 [==>...........................] - ETA: 4:52 - loss: 2.3218 - acc: 0.1998 16/122 [==>...........................] - ETA: 4:41 - loss: 2.3069 - acc: 0.1992 17/122 [===>..........................] - ETA: 4:31 - loss: 2.2854 - acc: 0.2034 18/122 [===>..........................] - ETA: 4:23 - loss: 2.2549 - acc: 0.2104 19/122 [===>..........................] - ETA: 4:16 - loss: 2.2331 - acc: 0.2159 20/122 [===>..........................] - ETA: 4:08 - loss: 2.2109 - acc: 0.2227 21/122 [====>.........................] - ETA: 4:01 - loss: 2.1927 - acc: 0.2250 22/122 [====>.........................] - ETA: 3:54 - loss: 2.1790 - acc: 0.2298 23/122 [====>.........................] - ETA: 3:49 - loss: 2.1626 - acc: 0.2339 24/122 [====>.........................] - ETA: 3:44 - loss: 2.1438 - acc: 0.2394 25/122 [=====>........................] - ETA: 3:39 - loss: 2.1234 - acc: 0.2459 26/122 [=====>........................] - ETA: 3:34 - loss: 2.1083 - acc: 0.2494 27/122 [=====>........................] - ETA: 3:29 - loss: 2.0976 - acc: 0.2525 28/122 [=====>........................] - ETA: 3:25 - loss: 2.0858 - acc: 0.2554 29/122 [======>.......................] - ETA: 3:22 - loss: 2.0747 - acc: 0.2584 30/122 [======>.......................] - ETA: 3:19 - loss: 2.0633 - acc: 0.2608 31/122 [======>.......................] - ETA: 3:16 - loss: 2.0535 - acc: 0.2645 32/122 [======>.......................] - ETA: 3:13 - loss: 2.0424 - acc: 0.2674 33/122 [=======>......................] - ETA: 3:10 - loss: 2.0329 - acc: 0.2705 34/122 [=======>......................] - ETA: 3:07 - loss: 2.0277 - acc: 0.2711 35/122 [=======>......................] - ETA: 3:04 - loss: 2.0195 - acc: 0.2719 36/122 [=======>......................] - ETA: 3:01 - loss: 2.0097 - acc: 0.2747 37/122 [========>.....................] - ETA: 2:59 - loss: 2.0005 - acc: 0.2772 38/122 [========>.....................] - ETA: 2:56 - loss: 1.9921 - acc: 0.2797 39/122 [========>.....................] - ETA: 2:53 - loss: 1.9855 - acc: 0.2813 40/122 [========>.....................] - ETA: 2:50 - loss: 1.9793 - acc: 0.2820 41/122 [=========>....................] - ETA: 2:47 - loss: 1.9737 - acc: 0.2834 42/122 [=========>....................] - ETA: 2:45 - loss: 1.9658 - acc: 0.2864 43/122 [=========>....................] - ETA: 2:42 - loss: 1.9570 - acc: 0.2887 44/122 [=========>....................] - ETA: 2:40 - loss: 1.9489 - acc: 0.2909 45/122 [==========>...................] - ETA: 2:37 - loss: 1.9401 - acc: 0.2932 46/122 [==========>...................] - ETA: 2:34 - loss: 1.9332 - acc: 0.2950 47/122 [==========>...................] - ETA: 2:32 - loss: 1.9254 - acc: 0.2969 48/122 [==========>...................] - ETA: 2:29 - loss: 1.9176 - acc: 0.2997 49/122 [===========>..................] - ETA: 2:27 - loss: 1.9109 - acc: 0.3019 50/122 [===========>..................] - ETA: 2:25 - loss: 1.9077 - acc: 0.3034 51/122 [===========>..................] - ETA: 2:22 - loss: 1.9060 - acc: 0.3044 52/122 [===========>..................] - ETA: 2:21 - loss: 1.9022 - acc: 0.3060 53/122 [============>.................] - ETA: 2:21 - loss: 1.8960 - acc: 0.3079 54/122 [============>.................] - ETA: 2:20 - loss: 1.8916 - acc: 0.3100 55/122 [============>.................] - ETA: 2:18 - loss: 1.8870 - acc: 0.3112 56/122 [============>.................] - ETA: 2:15 - loss: 1.8826 - acc: 0.3126 57/122 [=============>................] - ETA: 2:13 - loss: 1.8794 - acc: 0.3131 58/122 [=============>................] - ETA: 2:10 - loss: 1.8751 - acc: 0.3144 59/122 [=============>................] - ETA: 2:08 - loss: 1.8686 - acc: 0.3166 60/122 [=============>................] - ETA: 2:06 - loss: 1.8636 - acc: 0.3176 61/122 [==============>...............] - ETA: 2:03 - loss: 1.8570 - acc: 0.3200 62/122 [==============>...............] - ETA: 2:01 - loss: 1.8512 - acc: 0.3220 63/122 [==============>...............] - ETA: 1:59 - loss: 1.8464 - acc: 0.3234 64/122 [==============>...............] - ETA: 1:56 - loss: 1.8413 - acc: 0.3254 65/122 [==============>...............] - ETA: 1:56 - loss: 1.8376 - acc: 0.3259 66/122 [===============>..............] - ETA: 1:53 - loss: 1.8358 - acc: 0.3266 67/122 [===============>..............] - ETA: 1:51 - loss: 1.8319 - acc: 0.3277 68/122 [===============>..............] - ETA: 1:49 - loss: 1.8276 - acc: 0.3291 69/122 [===============>..............] - ETA: 1:47 - loss: 1.8236 - acc: 0.3306 70/122 [================>.............] - ETA: 1:45 - loss: 1.8204 - acc: 0.3316 71/122 [================>.............] - ETA: 1:43 - loss: 1.8161 - acc: 0.3329 72/122 [================>.............] - ETA: 1:41 - loss: 1.8120 - acc: 0.3343 73/122 [================>.............] - ETA: 1:39 - loss: 1.8099 - acc: 0.3352 74/122 [=================>............] - ETA: 1:36 - loss: 1.8058 - acc: 0.3362 75/122 [=================>............] - ETA: 1:34 - loss: 1.8016 - acc: 0.3373 76/122 [=================>............] - ETA: 1:32 - loss: 1.7989 - acc: 0.3380 77/122 [=================>............] - ETA: 1:30 - loss: 1.7952 - acc: 0.3395 78/122 [==================>...........] - ETA: 1:28 - loss: 1.7910 - acc: 0.3410 79/122 [==================>...........] - ETA: 1:26 - loss: 1.7867 - acc: 0.3427 80/122 [==================>...........] - ETA: 1:25 - loss: 1.7831 - acc: 0.3434 81/122 [==================>...........] - ETA: 1:23 - loss: 1.7810 - acc: 0.3440 82/122 [===================>..........] - ETA: 1:20 - loss: 1.7781 - acc: 0.3449 83/122 [===================>..........] - ETA: 1:18 - loss: 1.7752 - acc: 0.3456 84/122 [===================>..........] - ETA: 1:16 - loss: 1.7719 - acc: 0.3464 85/122 [===================>..........] - ETA: 1:14 - loss: 1.7691 - acc: 0.3469 86/122 [====================>.........] - ETA: 1:12 - loss: 1.7667 - acc: 0.3476 87/122 [====================>.........] - ETA: 1:10 - loss: 1.7649 - acc: 0.3482 88/122 [====================>.........] - ETA: 1:09 - loss: 1.7617 - acc: 0.3493 89/122 [====================>.........] - ETA: 1:07 - loss: 1.7586 - acc: 0.3500 90/122 [=====================>........] - ETA: 1:05 - loss: 1.7562 - acc: 0.3502 91/122 [=====================>........] - ETA: 1:02 - loss: 1.7550 - acc: 0.3511 92/122 [=====================>........] - ETA: 1:00 - loss: 1.7531 - acc: 0.3516 93/122 [=====================>........] - ETA: 59s - loss: 1.7501 - acc: 0.3527  94/122 [======================>.......] - ETA: 57s - loss: 1.7474 - acc: 0.3538 95/122 [======================>.......] - ETA: 55s - loss: 1.7453 - acc: 0.3546 96/122 [======================>.......] - ETA: 53s - loss: 1.7432 - acc: 0.3554 97/122 [======================>.......] - ETA: 50s - loss: 1.7413 - acc: 0.3561 98/122 [=======================>......] - ETA: 48s - loss: 1.7383 - acc: 0.3571 99/122 [=======================>......] - ETA: 46s - loss: 1.7355 - acc: 0.3580100/122 [=======================>......] - ETA: 44s - loss: 1.7324 - acc: 0.3588101/122 [=======================>......] - ETA: 42s - loss: 1.7296 - acc: 0.3599102/122 [========================>.....] - ETA: 40s - loss: 1.7272 - acc: 0.3606103/122 [========================>.....] - ETA: 38s - loss: 1.7244 - acc: 0.3615104/122 [========================>.....] - ETA: 36s - loss: 1.7224 - acc: 0.3623105/122 [========================>.....] - ETA: 34s - loss: 1.7196 - acc: 0.3634106/122 [=========================>....] - ETA: 32s - loss: 1.7153 - acc: 0.3653107/122 [=========================>....] - ETA: 30s - loss: 1.7125 - acc: 0.3663108/122 [=========================>....] - ETA: 28s - loss: 1.7096 - acc: 0.3674109/122 [=========================>....] - ETA: 26s - loss: 1.7072 - acc: 0.3684110/122 [==========================>...] - ETA: 24s - loss: 1.7055 - acc: 0.3688111/122 [==========================>...] - ETA: 22s - loss: 1.7039 - acc: 0.3697112/122 [==========================>...] - ETA: 20s - loss: 1.7017 - acc: 0.3704113/122 [==========================>...] - ETA: 18s - loss: 1.6994 - acc: 0.3715114/122 [===========================>..] - ETA: 16s - loss: 1.6976 - acc: 0.3723115/122 [===========================>..] - ETA: 14s - loss: 1.6947 - acc: 0.3733116/122 [===========================>..] - ETA: 12s - loss: 1.6909 - acc: 0.3749117/122 [===========================>..] - ETA: 10s - loss: 1.6886 - acc: 0.3757118/122 [============================>.] - ETA: 8s - loss: 1.6877 - acc: 0.3761 119/122 [============================>.] - ETA: 6s - loss: 1.6858 - acc: 0.3771120/122 [============================>.] - ETA: 4s - loss: 1.6825 - acc: 0.3782121/122 [============================>.] - ETA: 2s - loss: 1.6803 - acc: 0.3792  1/122 [..............................] - ETA: 2:30 - loss: 3.7712 - acc: 0.0970  2/122 [..............................] - ETA: 1:33 - loss: 3.7514 - acc: 0.0939  3/122 [..............................] - ETA: 1:14 - loss: 3.7707 - acc: 0.1020  4/122 [..............................] - ETA: 1:04 - loss: 3.8091 - acc: 0.1030  5/122 [>.............................] - ETA: 58s - loss: 3.8013 - acc: 0.1018   6/122 [>.............................] - ETA: 54s - loss: 3.7959 - acc: 0.0990  7/122 [>.............................] - ETA: 51s - loss: 3.7806 - acc: 0.1000  8/122 [>.............................] - ETA: 49s - loss: 3.7765 - acc: 0.0966  9/122 [=>............................] - ETA: 47s - loss: 3.7704 - acc: 0.0987 10/122 [=>............................] - ETA: 46s - loss: 3.7749 - acc: 0.0991 11/122 [=>............................] - ETA: 45s - loss: 3.7680 - acc: 0.0986 12/122 [=>............................] - ETA: 43s - loss: 3.7800 - acc: 0.0980 13/122 [==>...........................] - ETA: 42s - loss: 3.7856 - acc: 0.0965 14/122 [==>...........................] - ETA: 41s - loss: 3.7834 - acc: 0.0985 15/122 [==>...........................] - ETA: 40s - loss: 3.7885 - acc: 0.0988 16/122 [==>...........................] - ETA: 39s - loss: 3.7878 - acc: 0.0992 17/122 [===>..........................] - ETA: 38s - loss: 3.7837 - acc: 0.1005 18/122 [===>..........................] - ETA: 38s - loss: 3.7665 - acc: 0.1005 19/122 [===>..........................] - ETA: 37s - loss: 3.7590 - acc: 0.1005 20/122 [===>..........................] - ETA: 36s - loss: 3.7634 - acc: 0.0998 21/122 [====>.........................] - ETA: 35s - loss: 3.7622 - acc: 0.0999 22/122 [====>.........................] - ETA: 35s - loss: 3.7628 - acc: 0.0997 23/122 [====>.........................] - ETA: 34s - loss: 3.7630 - acc: 0.1001 24/122 [====>.........................] - ETA: 33s - loss: 3.7669 - acc: 0.1001 25/122 [=====>........................] - ETA: 32s - loss: 3.7721 - acc: 0.1010 26/122 [=====>........................] - ETA: 32s - loss: 3.7757 - acc: 0.1017 27/122 [=====>........................] - ETA: 31s - loss: 3.7736 - acc: 0.1018 28/122 [=====>........................] - ETA: 31s - loss: 3.7757 - acc: 0.1012 29/122 [======>.......................] - ETA: 30s - loss: 3.7761 - acc: 0.1009 30/122 [======>.......................] - ETA: 30s - loss: 3.7835 - acc: 0.0998 31/122 [======>.......................] - ETA: 31s - loss: 3.7796 - acc: 0.1000122/122 [==============================] - 260s 2s/step - loss: 1.6798 - acc: 0.3796 - val_loss: 3.7796 - val_acc: 0.1000
