WARNING:tensorflow:From ../run_training.py:27: The name tf.Session is deprecated. Please use tf.compat.v1.Session instead.

WARNING:tensorflow:From ../run_training.py:27: The name tf.ConfigProto is deprecated. Please use tf.compat.v1.ConfigProto instead.

WARNING:tensorflow:From ../run_training.py:27: The name tf.GPUOptions is deprecated. Please use tf.compat.v1.GPUOptions instead.

WARNING:tensorflow:From /home/zongzan/.conda/envs/STR36/lib/python3.6/site-packages/tensorflow_core/python/ops/resource_variable_ops.py:1630: calling BaseResourceVariable.__init__ (from tensorflow.python.ops.resource_variable_ops) with constraint is deprecated and will be removed in a future version.
Instructions for updating:
If using Keras pass *_constraint arguments to layers.
WARNING:tensorflow:
The TensorFlow contrib module will not be included in TensorFlow 2.0.
For more information, please see:
  * https://github.com/tensorflow/community/blob/master/rfcs/20180907-contrib-sunset.md
  * https://github.com/tensorflow/addons
  * https://github.com/tensorflow/io (for I/O related ops)
If you depend on functionality not listed there, please file an issue.

WARNING:tensorflow:From /home/zongzan/.conda/envs/STR36/lib/python3.6/site-packages/tensorflow_core/python/ops/stropt/lms.py:970: The name tf.train.SessionRunHook is deprecated. Please use tf.estimator.SessionRunHook instead.

WARNING:tensorflow:From /home/zongzan/.conda/envs/STR36/lib/python3.6/site-packages/tensorflow_core/python/ops/stropt/lms.py:928: The name tf.logging.info is deprecated. Please use tf.compat.v1.logging.info instead.

WARNING:tensorflow:From /home/zongzan/.conda/envs/STR36/lib/python3.6/site-packages/tensorflow_core/contrib/graph_editor/select.py:554: get_backward_walk_ops (from tensorflow.contrib.graph_editor.select) is deprecated and will be removed after 2019-06-06.
Instructions for updating:
Please use tensorflow.python.ops.op_selector.get_backward_walk_ops.
2022-01-04 13:10:51.320083: W tensorflow/core/common_runtime/bfc_allocator.cc:239] Allocator (GPU_0_bfc) ran out of memory trying to allocate 2.89GiB with freed_by_count=0. The caller indicates that this is not a failure, but may mean that there could be performance gains if more memory were available.
2022-01-04 13:10:51.320163: W tensorflow/core/kernels/gpu_utils.cc:48] Failed to allocate memory for convolution redzone checking; skipping this check. This is benign and only means that we won't check cudnn for out-of-bounds reads and writes. This message will only be printed once.
1 Physical GPUs, 1 Logical GPUs
Parsing arguments: [('batch_size', 240), ('epochs', 1), ('model_name', 'VGG16'), ('strategy', 'dynprog'), ('verbose', False)]
Shape of x_train: (50000, 224, 224, 3), shape of x_test: (10000, 224, 224, 3)
Cannot find config for batch_size=240, use 256 instead
[STR DEBUG] Parsing STR configuration: [{'strategy': 'swap', 'verbose': 'true', 'tags': '/home/zongzan/dist_dnn_training/STR/optimizer/logs/VGG16_250/layer_names'}, {'p': '/home/zongzan/dist_dnn_training/STR/optimizer/logs/VGG16_250/P-dynprog', 'q': '/home/zongzan/dist_dnn_training/STR/optimizer/logs/VGG16_250/Q-dynprog'}]
[STR DEBUG] Use swap strategy of DYNPROG
[STR DEBUG] Processing layer 2's swapping, swap out at [3], swap in at [41]
[STR DEBUG] Find swapout ops: name: "block1_conv2/Relu"
op: "Relu"
input: "block1_conv2/BiasAdd"
attr {
  key: "T"
  value {
    type: DT_FLOAT
  }
}
, 
	choose swap tensor Tensor("block1_conv2/Relu:0", shape=(?, 224, 224, 64), dtype=float32), 
	finish at the end of ops: [<tf.Operation 'block1_pool/MaxPool' type=MaxPool>]
[STR DEBUG] Add swap-in op at name: "training/RMSprop/gradients/gradients/block1_pool/MaxPool_grad/MaxPoolGrad"
op: "MaxPoolGrad"
input: "block1_conv2/Relu"
input: "block1_pool/MaxPool"
input: "training/RMSprop/gradients/gradients/block2_conv1/Conv2D_grad/Conv2DBackpropInput"
attr {
  key: "T"
  value {
    type: DT_FLOAT
  }
}
attr {
  key: "data_format"
  value {
    s: "NHWC"
  }
}
attr {
  key: "ksize"
  value {
    list {
      i: 1
      i: 2
      i: 2
      i: 1
    }
  }
}
attr {
  key: "padding"
  value {
    s: "VALID"
  }
}
attr {
  key: "strides"
  value {
    list {
      i: 1
      i: 2
      i: 2
      i: 1
    }
  }
}
 for consumer [<tf.Operation 'training/RMSprop/gradients/gradients/block1_conv2/Relu_grad/ReluGrad' type=ReluGrad>]
[STR DEBUG] Processing layer 5's swapping, swap out at [6], swap in at [38]
[STR DEBUG] Find swapout ops: name: "block2_conv2/Relu"
op: "Relu"
input: "block2_conv2/BiasAdd"
attr {
  key: "T"
  value {
    type: DT_FLOAT
  }
}
, 
	choose swap tensor Tensor("block2_conv2/Relu:0", shape=(?, 112, 112, 128), dtype=float32), 
	finish at the end of ops: [<tf.Operation 'block2_pool/MaxPool' type=MaxPool>]
[STR DEBUG] Add swap-in op at name: "training/RMSprop/gradients/gradients/block2_pool/MaxPool_grad/MaxPoolGrad"
op: "MaxPoolGrad"
input: "block2_conv2/Relu"
input: "block2_pool/MaxPool"
input: "training/RMSprop/gradients/gradients/block3_conv1/Conv2D_grad/Conv2DBackpropInput"
attr {
  key: "T"
  value {
    type: DT_FLOAT
  }
}
attr {
  key: "data_format"
  value {
    s: "NHWC"
  }
}
attr {
  key: "ksize"
  value {
    list {
      i: 1
      i: 2
      i: 2
      i: 1
    }
  }
}
attr {
  key: "padding"
  value {
    s: "VALID"
  }
}
attr {
  key: "strides"
  value {
    list {
      i: 1
      i: 2
      i: 2
      i: 1
    }
  }
}
 for consumer [<tf.Operation 'training/RMSprop/gradients/gradients/block2_conv2/Relu_grad/ReluGrad' type=ReluGrad>]
  1/209 [..............................] - ETA: 1:42:59 - loss: 2.2984 - acc: 0.11672022-01-04 13:11:04.647934: W tensorflow/core/common_runtime/bfc_allocator.cc:419] Allocator (GPU_0_bfc) ran out of memory trying to allocate 2.87GiB (rounded to 3082813440).  Current allocation summary follows.
2022-01-04 13:11:04.648772: W tensorflow/core/common_runtime/bfc_allocator.cc:424] _______**_______**_________****************___________*************____**************____**_********
2022-01-04 13:11:04.648847: W tensorflow/core/framework/op_kernel.cc:1651] OP_REQUIRES failed at conv_grad_input_ops.cc:1063 : Resource exhausted: OOM when allocating tensor with shape[240,64,224,224] and type float on /job:localhost/replica:0/task:0/device:GPU:0 by allocator GPU_0_bfc
Traceback (most recent call last):
  File "../run_training.py", line 70, in <module>
    verbose=1)
  File "/home/zongzan/.conda/envs/STR36/lib/python3.6/site-packages/tensorflow_core/python/keras/engine/training.py", line 728, in fit
    use_multiprocessing=use_multiprocessing)
  File "/home/zongzan/.conda/envs/STR36/lib/python3.6/site-packages/tensorflow_core/python/keras/engine/training_generator.py", line 603, in fit
    steps_name='steps_per_epoch')
  File "/home/zongzan/.conda/envs/STR36/lib/python3.6/site-packages/tensorflow_core/python/keras/engine/training_generator.py", line 265, in model_iteration
    batch_outs = batch_function(*batch_data)
  File "/home/zongzan/.conda/envs/STR36/lib/python3.6/site-packages/tensorflow_core/python/keras/engine/training.py", line 1021, in train_on_batch
    outputs = self.train_function(ins)  # pylint: disable=not-callable
  File "/home/zongzan/.conda/envs/STR36/lib/python3.6/site-packages/tensorflow_core/python/keras/backend.py", line 3476, in __call__
    run_metadata=self.run_metadata)
  File "/home/zongzan/.conda/envs/STR36/lib/python3.6/site-packages/tensorflow_core/python/client/session.py", line 1472, in __call__
    run_metadata_ptr)
tensorflow.python.framework.errors_impl.ResourceExhaustedError: OOM when allocating tensor with shape[240,64,224,224] and type float on /job:localhost/replica:0/task:0/device:GPU:0 by allocator GPU_0_bfc
	 [[{{node training/RMSprop/gradients/gradients/block1_conv2/Conv2D_grad/Conv2DBackpropInput}}]]
Hint: If you want to see a list of allocated tensors when OOM happens, add report_tensor_allocations_upon_oom to RunOptions for current allocation info.

