
Gurobi 9.1.2 (linux64) logging started Wed Oct 13 02:58:49 2021

Changed value of parameter LogFile to /home/zongzan/dist_dnn_training/MixedMemoryOpt/data/budget_sweep/p32xlarge_VGG16_256_None/ilp_log/ilp_14893139648.log
   Prev:   Default: 
Changed value of parameter Threads to 32
   Prev: 0  Min: 0  Max: 1024  Default: 0
Changed value of parameter TimeLimit to 3600.0
   Prev: inf  Min: 0.0  Max: inf  Default: inf
Changed value of parameter OptimalityTol to 0.0001
   Prev: 1e-06  Min: 1e-09  Max: 0.01  Default: 1e-06
Parameter IntFeasTol unchanged
   Value: 1e-05  Min: 1e-09  Max: 0.1  Default: 1e-05
Changed value of parameter Presolve to 2
   Prev: -1  Min: -1  Max: 2  Default: -1
Changed value of parameter StartNodeLimit to 10000000
   Prev: -1  Min: -3  Max: 2000000000  Default: -1
Changed value of parameter TimeLimit to 300.0
   Prev: 3600.0  Min: 0.0  Max: inf  Default: inf
Gurobi Optimizer version 9.1.2 build v9.1.2rc0 (linux64)
Thread count: 28 physical cores, 56 logical processors, using up to 32 threads
Optimize a model with 21065 rows, 9990 columns and 65978 nonzeros
Model fingerprint: 0x65335aea
Variable types: 2025 continuous, 7965 integer (7965 binary)
Coefficient statistics:
  Matrix range     [1e+00, 5e+07]
  Objective range  [4e+00, 2e+02]
  Bounds range     [1e+00, 2e+08]
  RHS range        [1e+00, 2e+08]
Presolve removed 16173 rows and 6271 columns
Presolve time: 0.11s
Presolved: 4892 rows, 3719 columns, 18040 nonzeros
Variable types: 0 continuous, 3719 integer (2768 binary)
Found heuristic solution: objective 32734.965872
Presolve removed 78 rows and 75 columns
Presolved: 4814 rows, 3644 columns, 17844 nonzeros


Root relaxation: objective 3.265011e+03, 1738 iterations, 0.06 seconds

    Nodes    |    Current Node    |     Objective Bounds      |     Work
 Expl Unexpl |  Obj  Depth IntInf | Incumbent    BestBd   Gap | It/Node Time

     0     0 3265.01149    0   20 32734.9659 3265.01149  90.0%     -    0s
H    0     0                    3265.0114931 3265.01149  0.00%     -    0s
     0     0 3265.01149    0   20 3265.01149 3265.01149  0.00%     -    0s

Explored 1 nodes (4192 simplex iterations) in 0.32 seconds
Thread count was 32 (of 56 available processors)

Solution count 2: 3265.01 32735 

Optimal solution found (tolerance 1.00e-04)
Best objective 3.265011493104e+03, best bound 3.265011493104e+03, gap 0.0000%
Changed value of parameter TimeLimit to 3600.0
   Prev: 300.0  Min: 0.0  Max: inf  Default: inf


Restarting solve


Gurobi Optimizer version 9.1.2 build v9.1.2rc0 (linux64)
Thread count: 28 physical cores, 56 logical processors, using up to 32 threads
Optimize a model with 19803 rows, 9990 columns and 64716 nonzeros
Model fingerprint: 0x1fb047f4
Variable types: 2025 continuous, 7965 integer (7965 binary)
Coefficient statistics:
  Matrix range     [1e+00, 5e+07]
  Objective range  [4e+00, 2e+02]
  Bounds range     [1e+00, 2e+08]
  RHS range        [1e+00, 2e+08]

MIP start from previous solve produced solution with objective 3265.01 (0.01s)
Loaded MIP start from previous solve with objective 3265.01

Presolve removed 13990 rows and 5776 columns
Presolve time: 0.10s
Presolved: 5813 rows, 4214 columns, 21622 nonzeros
Variable types: 0 continuous, 4214 integer (3208 binary)
Presolve removed 62 rows and 62 columns
Presolved: 5751 rows, 4152 columns, 21498 nonzeros


Root relaxation: objective 3.114271e+03, 2048 iterations, 0.07 seconds

    Nodes    |    Current Node    |     Objective Bounds      |     Work
 Expl Unexpl |  Obj  Depth IntInf | Incumbent    BestBd   Gap | It/Node Time

     0     0 3114.27051    0  316 3265.01149 3114.27051  4.62%     -    0s
     0     0 3126.99309    0  100 3265.01149 3126.99309  4.23%     -    0s
H    0     0                    3204.2665415 3126.99309  2.41%     -    0s
H    0     0                    3153.8143072 3126.99309  0.85%     -    0s
     0     0 3134.16338    0   11 3153.81431 3134.16338  0.62%     -    0s
     0     0 3134.16338    0    9 3153.81431 3134.16338  0.62%     -    0s
     0     0     cutoff    0      3153.81431 3153.81431  0.00%     -    0s

Cutting planes:
  Gomory: 1
  Zero half: 1
  Relax-and-lift: 4

Explored 1 nodes (5832 simplex iterations) in 0.64 seconds
Thread count was 32 (of 56 available processors)

Solution count 4: 3153.81 3153.81 3204.27 3265.01 

Optimal solution found (tolerance 1.00e-04)
Best objective 3.153814307228e+03, best bound 3.153814307228e+03, gap 0.0000%

====== Solved Solution ====== R:
1 0 0 0 0 0 0 0 0 0 0 0 0 0 0 0 0 0 0 0 0 0 0 0 0 0 0 0 0 0 0 0 0 0 0 0 0 0 0 0 0 0 0 0 0
0 1 0 0 0 0 0 0 0 0 0 0 0 0 0 0 0 0 0 0 0 0 0 0 0 0 0 0 0 0 0 0 0 0 0 0 0 0 0 0 0 0 0 0 0
0 0 1 0 0 0 0 0 0 0 0 0 0 0 0 0 0 0 0 0 0 0 0 0 0 0 0 0 0 0 0 0 0 0 0 0 0 0 0 0 0 0 0 0 0
0 0 0 1 0 0 0 0 0 0 0 0 0 0 0 0 0 0 0 0 0 0 0 0 0 0 0 0 0 0 0 0 0 0 0 0 0 0 0 0 0 0 0 0 0
0 0 0 0 1 0 0 0 0 0 0 0 0 0 0 0 0 0 0 0 0 0 0 0 0 0 0 0 0 0 0 0 0 0 0 0 0 0 0 0 0 0 0 0 0
0 0 0 0 0 1 0 0 0 0 0 0 0 0 0 0 0 0 0 0 0 0 0 0 0 0 0 0 0 0 0 0 0 0 0 0 0 0 0 0 0 0 0 0 0
0 0 0 0 0 0 1 0 0 0 0 0 0 0 0 0 0 0 0 0 0 0 0 0 0 0 0 0 0 0 0 0 0 0 0 0 0 0 0 0 0 0 0 0 0
0 0 0 0 0 0 0 1 0 0 0 0 0 0 0 0 0 0 0 0 0 0 0 0 0 0 0 0 0 0 0 0 0 0 0 0 0 0 0 0 0 0 0 0 0
0 0 0 0 0 0 0 0 1 0 0 0 0 0 0 0 0 0 0 0 0 0 0 0 0 0 0 0 0 0 0 0 0 0 0 0 0 0 0 0 0 0 0 0 0
0 0 0 0 0 0 0 0 0 1 0 0 0 0 0 0 0 0 0 0 0 0 0 0 0 0 0 0 0 0 0 0 0 0 0 0 0 0 0 0 0 0 0 0 0
0 0 0 0 0 0 0 0 0 0 1 0 0 0 0 0 0 0 0 0 0 0 0 0 0 0 0 0 0 0 0 0 0 0 0 0 0 0 0 0 0 0 0 0 0
0 0 0 0 0 0 0 0 0 0 0 1 0 0 0 0 0 0 0 0 0 0 0 0 0 0 0 0 0 0 0 0 0 0 0 0 0 0 0 0 0 0 0 0 0
0 0 0 0 0 0 0 0 0 0 0 0 1 0 0 0 0 0 0 0 0 0 0 0 0 0 0 0 0 0 0 0 0 0 0 0 0 0 0 0 0 0 0 0 0
0 0 0 0 0 0 0 0 0 0 0 0 0 1 0 0 0 0 0 0 0 0 0 0 0 0 0 0 0 0 0 0 0 0 0 0 0 0 0 0 0 0 0 0 0
0 0 0 0 0 0 0 0 0 0 0 0 0 0 1 0 0 0 0 0 0 0 0 0 0 0 0 0 0 0 0 0 0 0 0 0 0 0 0 0 0 0 0 0 0
0 0 0 0 0 0 0 0 0 0 0 0 0 0 0 1 0 0 0 0 0 0 0 0 0 0 0 0 0 0 0 0 0 0 0 0 0 0 0 0 0 0 0 0 0
0 0 0 0 0 0 0 0 0 0 0 0 0 0 0 0 1 0 0 0 0 0 0 0 0 0 0 0 0 0 0 0 0 0 0 0 0 0 0 0 0 0 0 0 0
0 0 0 0 0 0 0 0 0 0 0 0 0 0 0 0 0 1 0 0 0 0 0 0 0 0 0 0 0 0 0 0 0 0 0 0 0 0 0 0 0 0 0 0 0
0 0 0 0 0 0 0 0 0 0 0 0 0 0 0 0 0 0 1 0 0 0 0 0 0 0 0 0 0 0 0 0 0 0 0 0 0 0 0 0 0 0 0 0 0
0 0 0 0 0 0 0 0 0 0 0 0 0 0 0 0 0 0 0 1 0 0 0 0 0 0 0 0 0 0 0 0 0 0 0 0 0 0 0 0 0 0 0 0 0
0 0 0 0 0 0 0 0 0 0 0 0 0 0 0 0 0 0 0 0 1 0 0 0 0 0 0 0 0 0 0 0 0 0 0 0 0 0 0 0 0 0 0 0 0
0 0 0 0 0 0 0 0 0 0 0 0 0 0 0 0 0 0 0 0 0 1 0 0 0 0 0 0 0 0 0 0 0 0 0 0 0 0 0 0 0 0 0 0 0
0 0 0 0 0 0 0 0 0 0 0 0 0 0 0 0 0 0 0 0 0 0 1 0 0 0 0 0 0 0 0 0 0 0 0 0 0 0 0 0 0 0 0 0 0
0 0 0 0 0 0 0 0 0 0 0 0 0 0 0 0 0 0 0 0 0 0 0 1 0 0 0 0 0 0 0 0 0 0 0 0 0 0 0 0 0 0 0 0 0
0 0 0 0 0 0 0 0 0 0 0 0 0 0 0 0 0 0 0 0 0 0 0 0 1 0 0 0 0 0 0 0 0 0 0 0 0 0 0 0 0 0 0 0 0
0 0 0 0 0 0 0 0 0 0 0 0 0 0 0 0 0 0 0 0 0 0 0 0 0 1 0 0 0 0 0 0 0 0 0 0 0 0 0 0 0 0 0 0 0
0 0 0 0 0 0 0 0 0 0 0 0 0 0 0 0 0 0 0 0 0 0 0 0 0 0 1 0 0 0 0 0 0 0 0 0 0 0 0 0 0 0 0 0 0
0 0 0 0 0 0 0 0 0 0 0 0 0 0 0 0 0 0 0 0 0 0 0 0 0 0 0 1 0 0 0 0 0 0 0 0 0 0 0 0 0 0 0 0 0
0 0 0 0 0 0 0 0 0 0 0 0 0 0 0 0 0 0 0 0 0 0 0 0 0 0 0 0 1 0 0 0 0 0 0 0 0 0 0 0 0 0 0 0 0
0 0 0 0 0 0 0 0 0 0 0 0 0 0 0 0 0 0 0 0 0 0 0 0 0 0 0 0 0 1 0 0 0 0 0 0 0 0 0 0 0 0 0 0 0
0 0 0 0 0 0 0 0 0 0 0 0 0 0 0 0 0 0 0 0 0 0 0 0 0 0 0 0 0 0 1 0 0 0 0 0 0 0 0 0 0 0 0 0 0
0 0 0 0 0 0 0 0 0 0 0 0 0 0 0 0 0 0 0 0 0 0 0 0 0 0 0 0 0 0 0 1 0 0 0 0 0 0 0 0 0 0 0 0 0
0 0 0 0 0 0 0 0 0 0 0 0 0 0 0 0 0 0 0 0 0 0 0 0 0 0 0 0 0 0 0 0 1 0 0 0 0 0 0 0 0 0 0 0 0
0 0 0 0 0 0 0 0 0 0 0 0 0 0 0 0 0 0 0 0 0 0 0 0 0 0 0 0 0 0 0 0 0 1 0 0 0 0 0 0 0 0 0 0 0
0 0 0 0 0 0 0 0 0 0 0 0 0 0 0 0 0 0 0 0 0 0 0 0 0 0 0 0 0 0 0 0 0 0 1 0 0 0 0 0 0 0 0 0 0
0 0 0 0 0 0 0 0 0 0 0 0 0 0 0 0 0 0 0 0 0 0 0 0 0 0 0 0 0 0 0 0 0 0 0 1 0 0 0 0 0 0 0 0 0
0 0 0 0 0 1 0 0 0 0 0 0 0 0 0 0 0 0 0 0 0 0 0 0 0 0 0 0 0 0 0 0 0 0 0 0 1 0 0 0 0 0 0 0 0
0 0 0 0 0 0 0 0 0 0 0 0 0 0 0 0 0 0 0 0 0 0 0 0 0 0 0 0 0 0 0 0 0 0 0 0 0 1 0 0 0 0 0 0 0
0 0 0 0 0 0 0 0 0 0 0 0 0 0 0 0 0 0 0 0 0 0 0 0 0 0 0 0 0 0 0 0 0 0 0 0 0 0 1 0 0 0 0 0 0
0 0 0 0 0 0 0 0 0 0 0 0 0 0 0 0 0 0 0 0 0 0 0 0 0 0 0 0 0 0 0 0 0 0 0 0 0 0 0 1 0 0 0 0 0
0 0 1 0 0 0 0 0 0 0 0 0 0 0 0 0 0 0 0 0 0 0 0 0 0 0 0 0 0 0 0 0 0 0 0 0 0 0 0 0 1 0 0 0 0
0 0 0 0 0 0 0 0 0 0 0 0 0 0 0 0 0 0 0 0 0 0 0 0 0 0 0 0 0 0 0 0 0 0 0 0 0 0 0 0 0 1 0 0 0
0 0 0 0 0 0 0 0 0 0 0 0 0 0 0 0 0 0 0 0 0 0 0 0 0 0 0 0 0 0 0 0 0 0 0 0 0 0 0 0 0 0 1 0 0
0 0 0 0 0 0 0 0 0 0 0 0 0 0 0 0 0 0 0 0 0 0 0 0 0 0 0 0 0 0 0 0 0 0 0 0 0 0 0 0 0 0 0 1 0
0 0 0 0 0 0 0 0 0 0 0 0 0 0 0 0 0 0 0 0 0 0 0 0 0 0 0 0 0 0 0 0 0 0 0 0 0 0 0 0 0 0 0 0 1

====== Solved Solution ====== S:
0 0 0 0 0 0 0 0 0 0 0 0 0 0 0 0 0 0 0 0 0 0 0 0 0 0 0 0 0 0 0 0 0 0 0 0 0 0 0 0 0 0 0 0 0
1 0 0 0 0 0 0 0 0 0 0 0 0 0 0 0 0 0 0 0 0 0 0 0 0 0 0 0 0 0 0 0 0 0 0 0 0 0 0 0 0 0 0 0 0
1 1 0 0 0 0 0 0 0 0 0 0 0 0 0 0 0 0 0 0 0 0 0 0 0 0 0 0 0 0 0 0 0 0 0 0 0 0 0 0 0 0 0 0 0
1 1 1 0 0 0 0 0 0 0 0 0 0 0 0 0 0 0 0 0 0 0 0 0 0 0 0 0 0 0 0 0 0 0 0 0 0 0 0 0 0 0 0 0 0
1 1 1 1 0 0 0 0 0 0 0 0 0 0 0 0 0 0 0 0 0 0 0 0 0 0 0 0 0 0 0 0 0 0 0 0 0 0 0 0 0 0 0 0 0
1 1 1 1 1 0 0 0 0 0 0 0 0 0 0 0 0 0 0 0 0 0 0 0 0 0 0 0 0 0 0 0 0 0 0 0 0 0 0 0 0 0 0 0 0
1 1 1 1 1 1 0 0 0 0 0 0 0 0 0 0 0 0 0 0 0 0 0 0 0 0 0 0 0 0 0 0 0 0 0 0 0 0 0 0 0 0 0 0 0
1 1 1 1 1 1 1 0 0 0 0 0 0 0 0 0 0 0 0 0 0 0 0 0 0 0 0 0 0 0 0 0 0 0 0 0 0 0 0 0 0 0 0 0 0
1 1 1 1 1 1 1 1 0 0 0 0 0 0 0 0 0 0 0 0 0 0 0 0 0 0 0 0 0 0 0 0 0 0 0 0 0 0 0 0 0 0 0 0 0
1 1 1 1 1 1 1 1 1 0 0 0 0 0 0 0 0 0 0 0 0 0 0 0 0 0 0 0 0 0 0 0 0 0 0 0 0 0 0 0 0 0 0 0 0
1 1 1 1 1 1 1 1 1 1 0 0 0 0 0 0 0 0 0 0 0 0 0 0 0 0 0 0 0 0 0 0 0 0 0 0 0 0 0 0 0 0 0 0 0
1 1 1 1 1 1 1 1 1 1 1 0 0 0 0 0 0 0 0 0 0 0 0 0 0 0 0 0 0 0 0 0 0 0 0 0 0 0 0 0 0 0 0 0 0
1 1 0 1 1 1 1 1 1 1 1 1 0 0 0 0 0 0 0 0 0 0 0 0 0 0 0 0 0 0 0 0 0 0 0 0 0 0 0 0 0 0 0 0 0
1 1 0 1 1 1 1 1 1 1 1 1 1 0 0 0 0 0 0 0 0 0 0 0 0 0 0 0 0 0 0 0 0 0 0 0 0 0 0 0 0 0 0 0 0
1 1 0 1 1 1 1 1 1 1 1 1 1 1 0 0 0 0 0 0 0 0 0 0 0 0 0 0 0 0 0 0 0 0 0 0 0 0 0 0 0 0 0 0 0
1 1 0 1 1 0 1 1 1 1 1 1 1 1 1 0 0 0 0 0 0 0 0 0 0 0 0 0 0 0 0 0 0 0 0 0 0 0 0 0 0 0 0 0 0
1 1 0 1 1 0 1 1 1 1 1 1 1 1 1 1 0 0 0 0 0 0 0 0 0 0 0 0 0 0 0 0 0 0 0 0 0 0 0 0 0 0 0 0 0
1 1 0 1 1 0 1 1 1 1 1 1 1 1 1 1 1 0 0 0 0 0 0 0 0 0 0 0 0 0 0 0 0 0 0 0 0 0 0 0 0 0 0 0 0
1 1 0 1 1 0 1 1 1 1 1 1 1 1 1 1 1 1 0 0 0 0 0 0 0 0 0 0 0 0 0 0 0 0 0 0 0 0 0 0 0 0 0 0 0
1 1 0 1 1 0 1 1 1 1 1 1 1 1 1 1 1 1 1 0 0 0 0 0 0 0 0 0 0 0 0 0 0 0 0 0 0 0 0 0 0 0 0 0 0
1 1 0 1 1 0 1 1 1 1 1 1 1 1 1 1 1 1 1 1 0 0 0 0 0 0 0 0 0 0 0 0 0 0 0 0 0 0 0 0 0 0 0 0 0
1 1 0 1 1 0 1 1 1 1 1 1 1 1 1 1 1 1 1 1 1 0 0 0 0 0 0 0 0 0 0 0 0 0 0 0 0 0 0 0 0 0 0 0 0
1 1 0 1 1 0 1 1 1 1 1 1 1 1 1 1 1 1 1 1 1 1 0 0 0 0 0 0 0 0 0 0 0 0 0 0 0 0 0 0 0 0 0 0 0
1 1 0 1 1 0 1 1 1 1 1 1 1 1 1 1 1 1 1 1 1 1 1 0 0 0 0 0 0 0 0 0 0 0 0 0 0 0 0 0 0 0 0 0 0
1 1 0 1 1 0 1 1 1 1 1 1 1 1 1 1 1 1 1 1 1 1 0 1 0 0 0 0 0 0 0 0 0 0 0 0 0 0 0 0 0 0 0 0 0
1 1 0 1 1 0 1 1 1 1 1 1 1 1 1 1 1 1 1 1 1 1 0 1 1 0 0 0 0 0 0 0 0 0 0 0 0 0 0 0 0 0 0 0 0
1 1 0 1 1 0 1 1 1 1 1 1 1 1 1 1 1 1 1 1 0 1 0 0 1 1 0 0 0 0 0 0 0 0 0 0 0 0 0 0 0 0 0 0 0
1 1 0 1 1 0 1 1 1 1 1 1 1 1 1 1 1 1 1 1 0 1 0 0 1 1 1 0 0 0 0 0 0 0 0 0 0 0 0 0 0 0 0 0 0
1 1 0 1 1 0 1 1 1 1 1 1 1 1 1 1 1 1 1 1 0 1 0 0 1 1 1 1 0 0 0 0 0 0 0 0 0 0 0 0 0 0 0 0 0
1 1 0 1 1 0 1 1 1 1 1 1 1 1 1 1 1 1 0 1 0 0 0 0 0 0 1 0 1 0 0 0 0 0 0 0 0 0 0 0 0 0 0 0 0
1 1 0 1 1 0 1 1 1 1 1 1 1 1 1 1 0 1 0 1 0 0 0 0 0 0 0 0 0 1 0 0 0 0 0 0 0 0 0 0 0 0 0 0 0
1 1 0 1 1 0 1 1 1 1 1 1 1 1 1 0 0 1 0 0 0 0 0 0 0 0 0 0 0 1 1 0 0 0 0 0 0 0 0 0 0 0 0 0 0
1 1 0 1 1 0 1 1 1 1 1 1 1 1 1 0 0 1 0 0 0 0 0 0 0 0 0 0 0 1 0 1 0 0 0 0 0 0 0 0 0 0 0 0 0
1 1 0 1 1 0 1 1 1 1 1 1 1 0 0 0 0 0 0 0 0 0 0 0 0 0 0 0 0 0 0 0 1 0 0 0 0 0 0 0 0 0 0 0 0
1 1 0 1 1 0 1 1 1 1 1 1 0 0 0 0 0 0 0 0 0 0 0 0 0 0 0 0 0 0 0 0 0 1 0 0 0 0 0 0 0 0 0 0 0
1 1 0 1 1 0 1 1 1 1 1 1 0 0 0 0 0 0 0 0 0 0 0 0 0 0 0 0 0 0 0 0 0 1 1 0 0 0 0 0 0 0 0 0 0
1 1 0 1 1 0 1 1 1 1 1 0 0 0 0 0 0 0 0 0 0 0 0 0 0 0 0 0 0 0 0 0 0 1 0 1 0 0 0 0 0 0 0 0 0
1 1 0 1 1 1 1 1 1 1 0 0 0 0 0 0 0 0 0 0 0 0 0 0 0 0 0 0 0 0 0 0 0 0 0 1 1 0 0 0 0 0 0 0 0
1 1 0 1 1 1 1 1 1 1 0 0 0 0 0 0 0 0 0 0 0 0 0 0 0 0 0 0 0 0 0 0 0 0 0 0 0 1 0 0 0 0 0 0 0
1 1 0 1 1 1 1 0 0 0 0 0 0 0 0 0 0 0 0 0 0 0 0 0 0 0 0 0 0 0 0 0 0 0 0 0 0 0 1 0 0 0 0 0 0
1 1 0 1 1 1 0 0 0 0 0 0 0 0 0 0 0 0 0 0 0 0 0 0 0 0 0 0 0 0 0 0 0 0 0 0 0 0 0 1 0 0 0 0 0
1 1 1 1 1 0 0 0 0 0 0 0 0 0 0 0 0 0 0 0 0 0 0 0 0 0 0 0 0 0 0 0 0 0 0 0 0 0 0 0 1 0 0 0 0
1 1 1 1 0 0 0 0 0 0 0 0 0 0 0 0 0 0 0 0 0 0 0 0 0 0 0 0 0 0 0 0 0 0 0 0 0 0 0 0 0 1 0 0 0
1 1 1 0 0 0 0 0 0 0 0 0 0 0 0 0 0 0 0 0 0 0 0 0 0 0 0 0 0 0 0 0 0 0 0 0 0 0 0 0 0 0 1 0 0
1 1 1 0 0 0 0 0 0 0 0 0 0 0 0 0 0 0 0 0 0 0 0 0 0 0 0 0 0 0 0 0 0 0 0 0 0 0 0 0 0 0 1 1 0

====== Solved Solution ====== U:
3.288334e+09 3.288334e+09 3.288334e+09 3.288334e+09 3.288334e+09 3.288334e+09 3.288334e+09 3.288334e+09 3.288334e+09 3.288334e+09 3.288334e+09 3.288334e+09 3.288334e+09 3.288334e+09 3.288334e+09 3.288334e+09 3.288334e+09 3.288334e+09 3.288334e+09 3.288334e+09 3.288334e+09 3.288334e+09 3.288334e+09 3.288334e+09 3.288334e+09 3.288334e+09 3.288334e+09 3.288334e+09 3.288334e+09 3.288334e+09 3.288334e+09 3.288334e+09 3.288334e+09 3.288334e+09 3.288334e+09 3.288334e+09 3.288334e+09 3.288334e+09 3.288334e+09 3.28
8334e+09 3.288334e+09 3.288334e+09 3.288334e+09 3.288334e+09 3.288334e+09
3.288334e+09 6.576669e+09 6.576669e+09 6.576669e+09 6.576669e+09 6.576669e+09 6.576669e+09 6.576669e+09 6.576669e+09 6.576669e+09 6.576669e+09 6.576669e+09 6.576669e+09 6.576669e+09 6.576669e+09 6.576669e+09 6.576669e+09 6.576669e+09 6.576669e+09 6.576669e+09 6.576669e+09 6.576669e+09 6.576669e+09 6.576669e+09 6.576669e+09 6.576669e+09 6.576669e+09 6.576669e+09 6.576669e+09 6.576669e+09 6.576669e+09 6.576669e+09 6.576669e+09 6.576669e+09 6.576669e+09 6.576669e+09 6.576669e+09 6.576669e+09 6.576669e+09 6.57
6669e+09 6.576669e+09 6.576669e+09 6.576669e+09 6.576669e+09 6.576669e+09
6.576669e+09 6.576669e+09 7.398752e+09 7.398752e+09 7.398752e+09 7.398752e+09 7.398752e+09 7.398752e+09 7.398752e+09 7.398752e+09 7.398752e+09 7.398752e+09 7.398752e+09 7.398752e+09 7.398752e+09 7.398752e+09 7.398752e+09 7.398752e+09 7.398752e+09 7.398752e+09 7.398752e+09 7.398752e+09 7.398752e+09 7.398752e+09 7.398752e+09 7.398752e+09 7.398752e+09 7.398752e+09 7.398752e+09 7.398752e+09 7.398752e+09 7.398752e+09 7.398752e+09 7.398752e+09 7.398752e+09 7.398752e+09 7.398752e+09 7.398752e+09 7.398752e+09 7.39
8752e+09 7.398752e+09 7.398752e+09 7.398752e+09 7.398752e+09 7.398752e+09
7.398752e+09 7.398752e+09 7.398752e+09 9.042919e+09 9.042919e+09 9.042919e+09 9.042919e+09 9.042919e+09 9.042919e+09 9.042919e+09 9.042919e+09 9.042919e+09 9.042919e+09 9.042919e+09 9.042919e+09 9.042919e+09 9.042919e+09 9.042919e+09 9.042919e+09 9.042919e+09 9.042919e+09 9.042919e+09 9.042919e+09 9.042919e+09 9.042919e+09 9.042919e+09 9.042919e+09 9.042919e+09 9.042919e+09 9.042919e+09 9.042919e+09 9.042919e+09 9.042919e+09 9.042919e+09 9.042919e+09 9.042919e+09 9.042919e+09 9.042919e+09 9.042919e+09 9.04
2919e+09 9.042919e+09 9.042919e+09 9.042919e+09 9.042919e+09 9.042919e+09
9.042919e+09 9.042919e+09 9.042919e+09 9.042919e+09 1.068709e+10 1.068709e+10 1.068709e+10 1.068709e+10 1.068709e+10 1.068709e+10 1.068709e+10 1.068709e+10 1.068709e+10 1.068709e+10 1.068709e+10 1.068709e+10 1.068709e+10 1.068709e+10 1.068709e+10 1.068709e+10 1.068709e+10 1.068709e+10 1.068709e+10 1.068709e+10 1.068709e+10 1.068709e+10 1.068709e+10 1.068709e+10 1.068709e+10 1.068709e+10 1.068709e+10 1.068709e+10 1.068709e+10 1.068709e+10 1.068709e+10 1.068709e+10 1.068709e+10 1.068709e+10 1.068709e+10 1.06
8709e+10 1.068709e+10 1.068709e+10 1.068709e+10 1.068709e+10 1.068709e+10
1.068709e+10 1.068709e+10 1.068709e+10 1.068709e+10 1.068709e+10 1.109813e+10 1.109813e+10 1.109813e+10 1.109813e+10 1.109813e+10 1.109813e+10 1.109813e+10 1.109813e+10 1.109813e+10 1.109813e+10 1.109813e+10 1.109813e+10 1.109813e+10 1.109813e+10 1.109813e+10 1.109813e+10 1.109813e+10 1.109813e+10 1.109813e+10 1.109813e+10 1.109813e+10 1.109813e+10 1.109813e+10 1.109813e+10 1.109813e+10 1.109813e+10 1.109813e+10 1.109813e+10 1.109813e+10 1.109813e+10 1.109813e+10 1.109813e+10 1.109813e+10 1.109813e+10 1.10
9813e+10 1.109813e+10 1.109813e+10 1.109813e+10 1.109813e+10 1.109813e+10
1.109813e+10 1.109813e+10 1.109813e+10 1.109813e+10 1.109813e+10 1.109813e+10 1.192021e+10 1.192021e+10 1.192021e+10 1.192021e+10 1.192021e+10 1.192021e+10 1.192021e+10 1.192021e+10 1.192021e+10 1.192021e+10 1.192021e+10 1.192021e+10 1.192021e+10 1.192021e+10 1.192021e+10 1.192021e+10 1.192021e+10 1.192021e+10 1.192021e+10 1.192021e+10 1.192021e+10 1.192021e+10 1.192021e+10 1.192021e+10 1.192021e+10 1.192021e+10 1.192021e+10 1.192021e+10 1.192021e+10 1.192021e+10 1.192021e+10 1.192021e+10 1.192021e+10 1.19
2021e+10 1.192021e+10 1.192021e+10 1.192021e+10 1.192021e+10 1.192021e+10
1.192021e+10 1.192021e+10 1.192021e+10 1.192021e+10 1.192021e+10 1.192021e+10 1.192021e+10 1.274230e+10 1.274230e+10 1.274230e+10 1.274230e+10 1.274230e+10 1.274230e+10 1.274230e+10 1.274230e+10 1.274230e+10 1.274230e+10 1.274230e+10 1.274230e+10 1.274230e+10 1.274230e+10 1.274230e+10 1.274230e+10 1.274230e+10 1.274230e+10 1.274230e+10 1.274230e+10 1.274230e+10 1.274230e+10 1.274230e+10 1.274230e+10 1.274230e+10 1.274230e+10 1.274230e+10 1.274230e+10 1.274230e+10 1.274230e+10 1.274230e+10 1.274230e+10 1.27
4230e+10 1.274230e+10 1.274230e+10 1.274230e+10 1.274230e+10 1.274230e+10
1.274230e+10 1.274230e+10 1.274230e+10 1.274230e+10 1.274230e+10 1.274230e+10 1.274230e+10 1.274230e+10 1.356438e+10 1.356438e+10 1.356438e+10 1.356438e+10 1.356438e+10 1.356438e+10 1.356438e+10 1.356438e+10 1.356438e+10 1.356438e+10 1.356438e+10 1.356438e+10 1.356438e+10 1.356438e+10 1.356438e+10 1.356438e+10 1.356438e+10 1.356438e+10 1.356438e+10 1.356438e+10 1.356438e+10 1.356438e+10 1.356438e+10 1.356438e+10 1.356438e+10 1.356438e+10 1.356438e+10 1.356438e+10 1.356438e+10 1.356438e+10 1.356438e+10 1.35
6438e+10 1.356438e+10 1.356438e+10 1.356438e+10 1.356438e+10 1.356438e+10
1.356438e+10 1.356438e+10 1.356438e+10 1.356438e+10 1.356438e+10 1.356438e+10 1.356438e+10 1.356438e+10 1.356438e+10 1.376990e+10 1.376990e+10 1.376990e+10 1.376990e+10 1.376990e+10 1.376990e+10 1.376990e+10 1.376990e+10 1.376990e+10 1.376990e+10 1.376990e+10 1.376990e+10 1.376990e+10 1.376990e+10 1.376990e+10 1.376990e+10 1.376990e+10 1.376990e+10 1.376990e+10 1.376990e+10 1.376990e+10 1.376990e+10 1.376990e+10 1.376990e+10 1.376990e+10 1.376990e+10 1.376990e+10 1.376990e+10 1.376990e+10 1.376990e+10 1.37
6990e+10 1.376990e+10 1.376990e+10 1.376990e+10 1.376990e+10 1.376990e+10
1.376990e+10 1.376990e+10 1.376990e+10 1.376990e+10 1.376990e+10 1.376990e+10 1.376990e+10 1.376990e+10 1.376990e+10 1.376990e+10 1.418094e+10 1.418094e+10 1.418094e+10 1.418094e+10 1.418094e+10 1.418094e+10 1.418094e+10 1.418094e+10 1.418094e+10 1.418094e+10 1.418094e+10 1.418094e+10 1.418094e+10 1.418094e+10 1.418094e+10 1.418094e+10 1.418094e+10 1.418094e+10 1.418094e+10 1.418094e+10 1.418094e+10 1.418094e+10 1.418094e+10 1.418094e+10 1.418094e+10 1.418094e+10 1.418094e+10 1.418094e+10 1.418094e+10 1.41
8094e+10 1.418094e+10 1.418094e+10 1.418094e+10 1.418094e+10 1.418094e+10
1.418094e+10 1.418094e+10 1.418094e+10 1.418094e+10 1.418094e+10 1.418094e+10 1.418094e+10 1.418094e+10 1.418094e+10 1.418094e+10 1.418094e+10 1.459198e+10 1.459198e+10 1.459198e+10 1.459198e+10 1.459198e+10 1.459198e+10 1.459198e+10 1.459198e+10 1.459198e+10 1.459198e+10 1.459198e+10 1.459198e+10 1.459198e+10 1.459198e+10 1.459198e+10 1.459198e+10 1.459198e+10 1.459198e+10 1.459198e+10 1.459198e+10 1.459198e+10 1.459198e+10 1.459198e+10 1.459198e+10 1.459198e+10 1.459198e+10 1.459198e+10 1.459198e+10 1.45
9198e+10 1.459198e+10 1.459198e+10 1.459198e+10 1.459198e+10 1.459198e+10
1.376990e+10 1.376990e+10 1.376990e+10 1.376990e+10 1.376990e+10 1.376990e+10 1.376990e+10 1.376990e+10 1.376990e+10 1.376990e+10 1.376990e+10 1.376990e+10 1.418094e+10 1.418094e+10 1.418094e+10 1.418094e+10 1.418094e+10 1.418094e+10 1.418094e+10 1.418094e+10 1.418094e+10 1.418094e+10 1.418094e+10 1.418094e+10 1.418094e+10 1.418094e+10 1.418094e+10 1.418094e+10 1.418094e+10 1.418094e+10 1.418094e+10 1.418094e+10 1.418094e+10 1.418094e+10 1.418094e+10 1.418094e+10 1.418094e+10 1.418094e+10 1.418094e+10 1.41
8094e+10 1.418094e+10 1.418094e+10 1.418094e+10 1.418094e+10 1.418094e+10
1.418094e+10 1.418094e+10 1.418094e+10 1.418094e+10 1.418094e+10 1.418094e+10 1.418094e+10 1.418094e+10 1.418094e+10 1.418094e+10 1.418094e+10 1.418094e+10 1.418094e+10 1.428370e+10 1.428370e+10 1.428370e+10 1.428370e+10 1.428370e+10 1.428370e+10 1.428370e+10 1.428370e+10 1.428370e+10 1.428370e+10 1.428370e+10 1.428370e+10 1.428370e+10 1.428370e+10 1.428370e+10 1.428370e+10 1.428370e+10 1.428370e+10 1.428370e+10 1.428370e+10 1.428370e+10 1.428370e+10 1.428370e+10 1.428370e+10 1.428370e+10 1.428370e+10 1.42
8370e+10 1.428370e+10 1.428370e+10 1.428370e+10 1.428370e+10 1.428370e+10
1.428370e+10 1.428370e+10 1.428370e+10 1.428370e+10 1.428370e+10 1.428370e+10 1.428370e+10 1.428370e+10 1.428370e+10 1.428370e+10 1.428370e+10 1.428370e+10 1.428370e+10 1.428370e+10 1.438646e+10 1.438646e+10 1.438646e+10 1.438646e+10 1.438646e+10 1.438646e+10 1.438646e+10 1.438646e+10 1.438646e+10 1.438646e+10 1.438646e+10 1.438646e+10 1.438646e+10 1.438646e+10 1.438646e+10 1.438646e+10 1.438646e+10 1.438646e+10 1.438646e+10 1.438646e+10 1.438646e+10 1.438646e+10 1.438646e+10 1.438646e+10 1.438646e+10 1.43
8646e+10 1.438646e+10 1.438646e+10 1.438646e+10 1.438646e+10 1.438646e+10
1.397542e+10 1.397542e+10 1.397542e+10 1.397542e+10 1.397542e+10 1.397542e+10 1.397542e+10 1.397542e+10 1.397542e+10 1.397542e+10 1.397542e+10 1.397542e+10 1.397542e+10 1.397542e+10 1.397542e+10 1.407818e+10 1.407818e+10 1.407818e+10 1.407818e+10 1.407818e+10 1.407818e+10 1.407818e+10 1.407818e+10 1.407818e+10 1.407818e+10 1.407818e+10 1.407818e+10 1.407818e+10 1.407818e+10 1.407818e+10 1.407818e+10 1.407818e+10 1.407818e+10 1.407818e+10 1.407818e+10 1.407818e+10 1.407818e+10 1.407818e+10 1.407818e+10 1.40
7818e+10 1.407818e+10 1.407818e+10 1.407818e+10 1.407818e+10 1.407818e+10
1.407818e+10 1.407818e+10 1.407818e+10 1.407818e+10 1.407818e+10 1.407818e+10 1.407818e+10 1.407818e+10 1.407818e+10 1.407818e+10 1.407818e+10 1.407818e+10 1.407818e+10 1.407818e+10 1.407818e+10 1.407818e+10 1.418094e+10 1.418094e+10 1.418094e+10 1.418094e+10 1.418094e+10 1.418094e+10 1.418094e+10 1.418094e+10 1.418094e+10 1.418094e+10 1.418094e+10 1.418094e+10 1.418094e+10 1.418094e+10 1.418094e+10 1.418094e+10 1.418094e+10 1.418094e+10 1.418094e+10 1.418094e+10 1.418094e+10 1.418094e+10 1.418094e+10 1.41
8094e+10 1.418094e+10 1.418094e+10 1.418094e+10 1.418094e+10 1.418094e+10
1.418094e+10 1.418094e+10 1.418094e+10 1.418094e+10 1.418094e+10 1.418094e+10 1.418094e+10 1.418094e+10 1.418094e+10 1.418094e+10 1.418094e+10 1.418094e+10 1.418094e+10 1.418094e+10 1.418094e+10 1.418094e+10 1.418094e+10 1.420663e+10 1.420663e+10 1.420663e+10 1.420663e+10 1.420663e+10 1.420663e+10 1.420663e+10 1.420663e+10 1.420663e+10 1.420663e+10 1.420663e+10 1.420663e+10 1.420663e+10 1.420663e+10 1.420663e+10 1.420663e+10 1.420663e+10 1.420663e+10 1.420663e+10 1.420663e+10 1.420663e+10 1.420663e+10 1.42
0663e+10 1.420663e+10 1.420663e+10 1.420663e+10 1.420663e+10 1.420663e+10
1.420663e+10 1.420663e+10 1.420663e+10 1.420663e+10 1.420663e+10 1.420663e+10 1.420663e+10 1.420663e+10 1.420663e+10 1.420663e+10 1.420663e+10 1.420663e+10 1.420663e+10 1.420663e+10 1.420663e+10 1.420663e+10 1.420663e+10 1.420663e+10 1.423232e+10 1.423232e+10 1.423232e+10 1.423232e+10 1.423232e+10 1.423232e+10 1.423232e+10 1.423232e+10 1.423232e+10 1.423232e+10 1.423232e+10 1.423232e+10 1.423232e+10 1.423232e+10 1.423232e+10 1.423232e+10 1.423232e+10 1.423232e+10 1.423232e+10 1.423232e+10 1.423232e+10 1.42
3232e+10 1.423232e+10 1.423232e+10 1.423232e+10 1.423232e+10 1.423232e+10
1.423232e+10 1.423232e+10 1.423232e+10 1.423232e+10 1.423232e+10 1.423232e+10 1.423232e+10 1.423232e+10 1.423232e+10 1.423232e+10 1.423232e+10 1.423232e+10 1.423232e+10 1.423232e+10 1.423232e+10 1.423232e+10 1.423232e+10 1.423232e+10 1.423232e+10 1.423652e+10 1.423652e+10 1.423652e+10 1.423652e+10 1.423652e+10 1.423652e+10 1.423652e+10 1.423652e+10 1.423652e+10 1.423652e+10 1.423652e+10 1.423652e+10 1.423652e+10 1.423652e+10 1.423652e+10 1.423652e+10 1.423652e+10 1.423652e+10 1.423652e+10 1.423652e+10 1.42
3652e+10 1.423652e+10 1.423652e+10 1.423652e+10 1.423652e+10 1.423652e+10
1.423652e+10 1.423652e+10 1.423652e+10 1.423652e+10 1.423652e+10 1.423652e+10 1.423652e+10 1.423652e+10 1.423652e+10 1.423652e+10 1.423652e+10 1.423652e+10 1.423652e+10 1.423652e+10 1.423652e+10 1.423652e+10 1.423652e+10 1.423652e+10 1.423652e+10 1.423652e+10 1.424071e+10 1.424071e+10 1.424071e+10 1.424071e+10 1.424071e+10 1.424071e+10 1.424071e+10 1.424071e+10 1.424071e+10 1.424071e+10 1.424071e+10 1.424071e+10 1.424071e+10 1.424071e+10 1.424071e+10 1.424071e+10 1.424071e+10 1.424071e+10 1.424071e+10 1.42
4071e+10 1.424071e+10 1.424071e+10 1.424071e+10 1.424071e+10 1.424071e+10
1.424071e+10 1.424071e+10 1.424071e+10 1.424071e+10 1.424071e+10 1.424071e+10 1.424071e+10 1.424071e+10 1.424071e+10 1.424071e+10 1.424071e+10 1.424071e+10 1.424071e+10 1.424071e+10 1.424071e+10 1.424071e+10 1.424071e+10 1.424071e+10 1.424071e+10 1.424071e+10 1.424071e+10 1.424173e+10 1.424173e+10 1.424173e+10 1.424173e+10 1.424173e+10 1.424173e+10 1.424173e+10 1.424173e+10 1.424173e+10 1.424173e+10 1.424173e+10 1.424173e+10 1.424173e+10 1.424173e+10 1.424173e+10 1.424173e+10 1.424173e+10 1.424173e+10 1.42
4173e+10 1.424173e+10 1.424173e+10 1.424173e+10 1.424173e+10 1.424173e+10
1.424173e+10 1.424173e+10 1.424173e+10 1.424173e+10 1.424173e+10 1.424173e+10 1.424173e+10 1.424173e+10 1.424173e+10 1.424173e+10 1.424173e+10 1.424173e+10 1.424173e+10 1.424173e+10 1.424173e+10 1.424173e+10 1.424173e+10 1.424173e+10 1.424173e+10 1.424173e+10 1.424173e+10 1.424173e+10 1.424174e+10 1.424174e+10 1.424174e+10 1.424174e+10 1.424174e+10 1.424174e+10 1.424174e+10 1.424174e+10 1.424174e+10 1.424174e+10 1.424174e+10 1.424174e+10 1.424174e+10 1.424174e+10 1.424174e+10 1.424174e+10 1.424174e+10 1.42
4174e+10 1.424174e+10 1.424174e+10 1.424174e+10 1.424174e+10 1.424174e+10
1.424174e+10 1.424174e+10 1.424174e+10 1.424174e+10 1.424174e+10 1.424174e+10 1.424174e+10 1.424174e+10 1.424174e+10 1.424174e+10 1.424174e+10 1.424174e+10 1.424174e+10 1.424174e+10 1.424174e+10 1.424174e+10 1.424174e+10 1.424174e+10 1.424174e+10 1.424174e+10 1.424174e+10 1.424174e+10 1.424174e+10 1.424276e+10 1.424276e+10 1.424276e+10 1.424276e+10 1.424276e+10 1.424276e+10 1.424276e+10 1.424276e+10 1.424276e+10 1.424276e+10 1.424276e+10 1.424276e+10 1.424276e+10 1.424276e+10 1.424276e+10 1.424276e+10 1.42
4276e+10 1.424276e+10 1.424276e+10 1.424276e+10 1.424276e+10 1.424276e+10
1.424276e+10 1.424276e+10 1.424276e+10 1.424276e+10 1.424276e+10 1.424276e+10 1.424276e+10 1.424276e+10 1.424276e+10 1.424276e+10 1.424276e+10 1.424276e+10 1.424276e+10 1.424276e+10 1.424276e+10 1.424276e+10 1.424276e+10 1.424276e+10 1.424276e+10 1.424276e+10 1.424276e+10 1.424276e+10 1.424276e+10 1.424276e+10 1.424695e+10 1.424695e+10 1.424695e+10 1.424695e+10 1.424695e+10 1.424695e+10 1.424695e+10 1.424695e+10 1.424695e+10 1.424695e+10 1.424695e+10 1.424695e+10 1.424695e+10 1.424695e+10 1.424695e+10 1.42
4695e+10 1.424695e+10 1.424695e+10 1.424695e+10 1.424695e+10 1.424695e+10
1.424695e+10 1.424695e+10 1.424695e+10 1.424695e+10 1.424695e+10 1.424695e+10 1.424695e+10 1.424695e+10 1.424695e+10 1.424695e+10 1.424695e+10 1.424695e+10 1.424695e+10 1.424695e+10 1.424695e+10 1.424695e+10 1.424695e+10 1.424695e+10 1.424695e+10 1.424695e+10 1.424695e+10 1.424695e+10 1.424695e+10 1.424695e+10 1.424695e+10 1.425115e+10 1.424695e+10 1.424695e+10 1.424695e+10 1.424695e+10 1.424695e+10 1.424695e+10 1.424695e+10 1.424695e+10 1.424695e+10 1.424695e+10 1.424695e+10 1.424695e+10 1.424695e+10 1.42
4695e+10 1.424695e+10 1.424695e+10 1.424695e+10 1.424695e+10 1.424695e+10
1.424593e+10 1.424593e+10 1.424593e+10 1.424593e+10 1.424593e+10 1.424593e+10 1.424593e+10 1.424593e+10 1.424593e+10 1.424593e+10 1.424593e+10 1.424593e+10 1.424593e+10 1.424593e+10 1.424593e+10 1.424593e+10 1.424593e+10 1.424593e+10 1.424593e+10 1.424593e+10 1.424593e+10 1.424593e+10 1.424593e+10 1.424593e+10 1.424593e+10 1.424593e+10 1.427162e+10 1.427162e+10 1.427162e+10 1.427162e+10 1.427162e+10 1.427162e+10 1.427162e+10 1.427162e+10 1.427162e+10 1.427162e+10 1.427162e+10 1.427162e+10 1.427162e+10 1.42
7162e+10 1.427162e+10 1.427162e+10 1.427162e+10 1.427162e+10 1.427162e+10
1.427162e+10 1.427162e+10 1.427162e+10 1.427162e+10 1.427162e+10 1.427162e+10 1.427162e+10 1.427162e+10 1.427162e+10 1.427162e+10 1.427162e+10 1.427162e+10 1.427162e+10 1.427162e+10 1.427162e+10 1.427162e+10 1.427162e+10 1.427162e+10 1.427162e+10 1.427162e+10 1.427162e+10 1.427162e+10 1.427162e+10 1.427162e+10 1.427162e+10 1.427162e+10 1.427162e+10 1.429731e+10 1.429731e+10 1.429731e+10 1.429731e+10 1.429731e+10 1.429731e+10 1.429731e+10 1.429731e+10 1.429731e+10 1.429731e+10 1.429731e+10 1.429731e+10 1.42
9731e+10 1.429731e+10 1.429731e+10 1.429731e+10 1.429731e+10 1.429731e+10
1.429731e+10 1.429731e+10 1.429731e+10 1.429731e+10 1.429731e+10 1.429731e+10 1.429731e+10 1.429731e+10 1.429731e+10 1.429731e+10 1.429731e+10 1.429731e+10 1.429731e+10 1.429731e+10 1.429731e+10 1.429731e+10 1.429731e+10 1.429731e+10 1.429731e+10 1.429731e+10 1.429731e+10 1.429731e+10 1.429731e+10 1.429731e+10 1.429731e+10 1.429731e+10 1.429731e+10 1.429731e+10 1.440007e+10 1.437438e+10 1.437438e+10 1.437438e+10 1.437438e+10 1.437438e+10 1.437438e+10 1.437438e+10 1.437438e+10 1.437438e+10 1.437438e+10 1.43
7438e+10 1.437438e+10 1.437438e+10 1.437438e+10 1.437438e+10 1.437438e+10
1.433928e+10 1.433928e+10 1.433928e+10 1.433928e+10 1.433928e+10 1.433928e+10 1.433928e+10 1.433928e+10 1.433928e+10 1.433928e+10 1.433928e+10 1.433928e+10 1.433928e+10 1.433928e+10 1.433928e+10 1.433928e+10 1.433928e+10 1.433928e+10 1.433928e+10 1.433928e+10 1.433928e+10 1.433928e+10 1.433928e+10 1.433928e+10 1.433928e+10 1.433928e+10 1.433928e+10 1.433928e+10 1.433928e+10 1.444204e+10 1.423652e+10 1.423652e+10 1.423652e+10 1.423652e+10 1.423652e+10 1.423652e+10 1.423652e+10 1.423652e+10 1.423652e+10 1.42
3652e+10 1.423652e+10 1.423652e+10 1.423652e+10 1.423652e+10 1.423652e+10
1.421083e+10 1.421083e+10 1.421083e+10 1.421083e+10 1.421083e+10 1.421083e+10 1.421083e+10 1.421083e+10 1.421083e+10 1.421083e+10 1.421083e+10 1.421083e+10 1.421083e+10 1.421083e+10 1.421083e+10 1.421083e+10 1.421083e+10 1.421083e+10 1.421083e+10 1.421083e+10 1.421083e+10 1.421083e+10 1.421083e+10 1.421083e+10 1.421083e+10 1.421083e+10 1.421083e+10 1.421083e+10 1.421083e+10 1.421083e+10 1.431359e+10 1.421083e+10 1.421083e+10 1.421083e+10 1.421083e+10 1.421083e+10 1.421083e+10 1.421083e+10 1.421083e+10 1.42
1083e+10 1.421083e+10 1.421083e+10 1.421083e+10 1.421083e+10 1.421083e+10
1.420663e+10 1.420663e+10 1.420663e+10 1.420663e+10 1.420663e+10 1.420663e+10 1.420663e+10 1.420663e+10 1.420663e+10 1.420663e+10 1.420663e+10 1.420663e+10 1.420663e+10 1.420663e+10 1.420663e+10 1.420663e+10 1.420663e+10 1.420663e+10 1.420663e+10 1.420663e+10 1.420663e+10 1.420663e+10 1.420663e+10 1.420663e+10 1.420663e+10 1.420663e+10 1.420663e+10 1.420663e+10 1.420663e+10 1.420663e+10 1.420663e+10 1.430939e+10 1.420663e+10 1.420663e+10 1.420663e+10 1.420663e+10 1.420663e+10 1.420663e+10 1.420663e+10 1.42
0663e+10 1.420663e+10 1.420663e+10 1.420663e+10 1.420663e+10 1.420663e+10
1.420663e+10 1.420663e+10 1.420663e+10 1.420663e+10 1.420663e+10 1.420663e+10 1.420663e+10 1.420663e+10 1.420663e+10 1.420663e+10 1.420663e+10 1.420663e+10 1.420663e+10 1.420663e+10 1.420663e+10 1.420663e+10 1.420663e+10 1.420663e+10 1.420663e+10 1.420663e+10 1.420663e+10 1.420663e+10 1.420663e+10 1.420663e+10 1.420663e+10 1.420663e+10 1.420663e+10 1.420663e+10 1.420663e+10 1.420663e+10 1.420663e+10 1.420663e+10 1.461767e+10 1.441215e+10 1.441215e+10 1.441215e+10 1.441215e+10 1.441215e+10 1.441215e+10 1.44
1215e+10 1.441215e+10 1.441215e+10 1.441215e+10 1.441215e+10 1.441215e+10
1.418094e+10 1.418094e+10 1.418094e+10 1.418094e+10 1.418094e+10 1.418094e+10 1.418094e+10 1.418094e+10 1.418094e+10 1.418094e+10 1.418094e+10 1.418094e+10 1.418094e+10 1.418094e+10 1.418094e+10 1.418094e+10 1.418094e+10 1.418094e+10 1.418094e+10 1.418094e+10 1.418094e+10 1.418094e+10 1.418094e+10 1.418094e+10 1.418094e+10 1.418094e+10 1.418094e+10 1.418094e+10 1.418094e+10 1.418094e+10 1.418094e+10 1.418094e+10 1.418094e+10 1.459198e+10 1.376990e+10 1.376990e+10 1.376990e+10 1.376990e+10 1.376990e+10 1.37
6990e+10 1.376990e+10 1.376990e+10 1.376990e+10 1.376990e+10 1.376990e+10
1.376990e+10 1.376990e+10 1.376990e+10 1.376990e+10 1.376990e+10 1.376990e+10 1.376990e+10 1.376990e+10 1.376990e+10 1.376990e+10 1.376990e+10 1.376990e+10 1.376990e+10 1.376990e+10 1.376990e+10 1.376990e+10 1.376990e+10 1.376990e+10 1.376990e+10 1.376990e+10 1.376990e+10 1.376990e+10 1.376990e+10 1.376990e+10 1.376990e+10 1.376990e+10 1.376990e+10 1.376990e+10 1.376990e+10 1.376990e+10 1.376990e+10 1.376990e+10 1.376990e+10 1.376990e+10 1.418094e+10 1.418094e+10 1.418094e+10 1.418094e+10 1.418094e+10 1.41
8094e+10 1.418094e+10 1.418094e+10 1.418094e+10 1.418094e+10 1.418094e+10
1.418094e+10 1.418094e+10 1.418094e+10 1.418094e+10 1.418094e+10 1.418094e+10 1.418094e+10 1.418094e+10 1.418094e+10 1.418094e+10 1.418094e+10 1.418094e+10 1.418094e+10 1.418094e+10 1.418094e+10 1.418094e+10 1.418094e+10 1.418094e+10 1.418094e+10 1.418094e+10 1.418094e+10 1.418094e+10 1.418094e+10 1.418094e+10 1.418094e+10 1.418094e+10 1.418094e+10 1.418094e+10 1.418094e+10 1.418094e+10 1.418094e+10 1.418094e+10 1.418094e+10 1.418094e+10 1.418094e+10 1.438646e+10 1.397542e+10 1.397542e+10 1.397542e+10 1.39
7542e+10 1.397542e+10 1.397542e+10 1.397542e+10 1.397542e+10 1.397542e+10
1.356438e+10 1.356438e+10 1.356438e+10 1.356438e+10 1.356438e+10 1.397542e+10 1.397542e+10 1.397542e+10 1.397542e+10 1.397542e+10 1.397542e+10 1.397542e+10 1.397542e+10 1.397542e+10 1.397542e+10 1.397542e+10 1.397542e+10 1.397542e+10 1.397542e+10 1.397542e+10 1.397542e+10 1.397542e+10 1.397542e+10 1.397542e+10 1.397542e+10 1.397542e+10 1.397542e+10 1.397542e+10 1.397542e+10 1.397542e+10 1.397542e+10 1.397542e+10 1.397542e+10 1.397542e+10 1.397542e+10 1.397542e+10 1.479750e+10 1.479750e+10 1.479750e+10 1.47
9750e+10 1.479750e+10 1.479750e+10 1.479750e+10 1.479750e+10 1.479750e+10
1.397542e+10 1.397542e+10 1.397542e+10 1.397542e+10 1.397542e+10 1.397542e+10 1.397542e+10 1.397542e+10 1.397542e+10 1.397542e+10 1.397542e+10 1.397542e+10 1.397542e+10 1.397542e+10 1.397542e+10 1.397542e+10 1.397542e+10 1.397542e+10 1.397542e+10 1.397542e+10 1.397542e+10 1.397542e+10 1.397542e+10 1.397542e+10 1.397542e+10 1.397542e+10 1.397542e+10 1.397542e+10 1.397542e+10 1.397542e+10 1.397542e+10 1.397542e+10 1.397542e+10 1.397542e+10 1.397542e+10 1.397542e+10 1.397542e+10 1.479750e+10 1.397542e+10 1.39
7542e+10 1.397542e+10 1.397542e+10 1.397542e+10 1.397542e+10 1.397542e+10
1.376990e+10 1.376990e+10 1.376990e+10 1.376990e+10 1.376990e+10 1.376990e+10 1.376990e+10 1.376990e+10 1.376990e+10 1.376990e+10 1.376990e+10 1.376990e+10 1.376990e+10 1.376990e+10 1.376990e+10 1.376990e+10 1.376990e+10 1.376990e+10 1.376990e+10 1.376990e+10 1.376990e+10 1.376990e+10 1.376990e+10 1.376990e+10 1.376990e+10 1.376990e+10 1.376990e+10 1.376990e+10 1.376990e+10 1.376990e+10 1.376990e+10 1.376990e+10 1.376990e+10 1.376990e+10 1.376990e+10 1.376990e+10 1.376990e+10 1.376990e+10 1.459198e+10 1.29
4782e+10 1.294782e+10 1.294782e+10 1.294782e+10 1.294782e+10 1.294782e+10
1.192021e+10 1.192021e+10 1.192021e+10 1.192021e+10 1.192021e+10 1.192021e+10 1.192021e+10 1.192021e+10 1.192021e+10 1.192021e+10 1.192021e+10 1.192021e+10 1.192021e+10 1.192021e+10 1.192021e+10 1.192021e+10 1.192021e+10 1.192021e+10 1.192021e+10 1.192021e+10 1.192021e+10 1.192021e+10 1.192021e+10 1.192021e+10 1.192021e+10 1.192021e+10 1.192021e+10 1.192021e+10 1.192021e+10 1.192021e+10 1.192021e+10 1.192021e+10 1.192021e+10 1.192021e+10 1.192021e+10 1.192021e+10 1.192021e+10 1.192021e+10 1.192021e+10 1.23
3125e+10 1.068709e+10 1.068709e+10 1.068709e+10 1.068709e+10 1.068709e+10
1.068709e+10 1.068709e+10 1.150917e+10 1.150917e+10 1.150917e+10 1.150917e+10 1.150917e+10 1.150917e+10 1.150917e+10 1.150917e+10 1.150917e+10 1.150917e+10 1.150917e+10 1.150917e+10 1.150917e+10 1.150917e+10 1.150917e+10 1.150917e+10 1.150917e+10 1.150917e+10 1.150917e+10 1.150917e+10 1.150917e+10 1.150917e+10 1.150917e+10 1.150917e+10 1.150917e+10 1.150917e+10 1.150917e+10 1.150917e+10 1.150917e+10 1.150917e+10 1.150917e+10 1.150917e+10 1.150917e+10 1.150917e+10 1.150917e+10 1.150917e+10 1.150917e+10 1.15
0917e+10 1.315334e+10 1.233125e+10 1.233125e+10 1.233125e+10 1.233125e+10
1.233125e+10 1.233125e+10 1.233125e+10 1.233125e+10 1.233125e+10 1.233125e+10 1.233125e+10 1.233125e+10 1.233125e+10 1.233125e+10 1.233125e+10 1.233125e+10 1.233125e+10 1.233125e+10 1.233125e+10 1.233125e+10 1.233125e+10 1.233125e+10 1.233125e+10 1.233125e+10 1.233125e+10 1.233125e+10 1.233125e+10 1.233125e+10 1.233125e+10 1.233125e+10 1.233125e+10 1.233125e+10 1.233125e+10 1.233125e+10 1.233125e+10 1.233125e+10 1.233125e+10 1.233125e+10 1.233125e+10 1.233125e+10 1.233125e+10 1.233125e+10 1.233125e+10 1.23
3125e+10 1.233125e+10 1.397542e+10 1.068709e+10 1.068709e+10 1.068709e+10
1.068709e+10 1.068709e+10 1.068709e+10 1.068709e+10 1.068709e+10 1.068709e+10 1.068709e+10 1.068709e+10 1.068709e+10 1.068709e+10 1.068709e+10 1.068709e+10 1.068709e+10 1.068709e+10 1.068709e+10 1.068709e+10 1.068709e+10 1.068709e+10 1.068709e+10 1.068709e+10 1.068709e+10 1.068709e+10 1.068709e+10 1.068709e+10 1.068709e+10 1.068709e+10 1.068709e+10 1.068709e+10 1.068709e+10 1.068709e+10 1.068709e+10 1.068709e+10 1.068709e+10 1.068709e+10 1.068709e+10 1.068709e+10 1.068709e+10 1.068709e+10 1.068709e+10 1.06
8709e+10 1.068709e+10 1.068709e+10 1.150917e+10 8.220836e+09 8.220836e+09
8.220836e+09 8.220836e+09 8.220836e+09 8.220836e+09 8.220836e+09 8.220836e+09 8.220836e+09 8.220836e+09 8.220836e+09 8.220836e+09 8.220836e+09 8.220836e+09 8.220836e+09 8.220836e+09 8.220836e+09 8.220836e+09 8.220836e+09 8.220836e+09 8.220836e+09 8.220836e+09 8.220836e+09 8.220836e+09 8.220836e+09 8.220836e+09 8.220836e+09 8.220836e+09 8.220836e+09 8.220836e+09 8.220836e+09 8.220836e+09 8.220836e+09 8.220836e+09 8.220836e+09 8.220836e+09 8.220836e+09 8.220836e+09 8.220836e+09 8.220836e+09 8.220836e+09 8.22
0836e+09 8.220836e+09 8.220836e+09 8.220836e+09 1.150917e+10 1.150917e+10
1.150917e+10 1.150917e+10 1.150917e+10 1.150917e+10 1.150917e+10 1.150917e+10 1.150917e+10 1.150917e+10 1.150917e+10 1.150917e+10 1.150917e+10 1.150917e+10 1.150917e+10 1.150917e+10 1.150917e+10 1.150917e+10 1.150917e+10 1.150917e+10 1.150917e+10 1.150917e+10 1.150917e+10 1.150917e+10 1.150917e+10 1.150917e+10 1.150917e+10 1.150917e+10 1.150917e+10 1.150917e+10 1.150917e+10 1.150917e+10 1.150917e+10 1.150917e+10 1.150917e+10 1.150917e+10 1.150917e+10 1.150917e+10 1.150917e+10 1.150917e+10 1.150917e+10 1.15
0917e+10 1.150917e+10 1.150917e+10 1.150917e+10 1.150917e+10 1.479750e+10

====== Solved Solution ====== Free_Eout:
0 0 0 0 0 0 0 0 0 0 0 0 0 0 0 0 0 0 0 0 0 0 0 0 0 0 0 0 0 0 0 0 0 0 0 0 0 0 0 0 0 0 0 0 0 0 0 0 0 0 0 0 0 0 0 0 0 0 0 0 0 0 0 0 0 0 0 0 0 0 0 0 0 0 0 0 0 0 0 0 0 0 0 0 0 0 0
0 0 0 0 0 0 0 0 0 0 0 0 0 0 0 0 0 0 0 0 0 0 0 0 0 0 0 0 0 0 0 0 0 0 0 0 0 0 0 0 0 0 0 0 0 0 0 0 0 0 0 0 0 0 0 0 0 0 0 0 0 0 0 0 0 0 0 0 0 0 0 0 0 0 0 0 0 0 0 0 0 0 0 0 0 0 0
0 0 0 0 0 0 0 0 0 0 0 0 0 0 0 0 0 0 0 0 0 0 0 0 0 0 0 0 0 0 0 0 0 0 0 0 0 0 0 0 0 0 0 0 0 0 0 0 0 0 0 0 0 0 0 0 0 0 0 0 0 0 0 0 0 0 0 0 0 0 0 0 0 0 0 0 0 0 0 0 0 0 0 0 0 0 0
0 0 0 0 0 0 0 0 0 0 0 0 0 0 0 0 0 0 0 0 0 0 0 0 0 0 0 0 0 0 0 0 0 0 0 0 0 0 0 0 0 0 0 0 0 0 0 0 0 0 0 0 0 0 0 0 0 0 0 0 0 0 0 0 0 0 0 0 0 0 0 0 0 0 0 0 0 0 0 0 0 0 0 0 0 0 0
0 0 0 0 0 0 0 0 0 0 0 0 0 0 0 0 0 0 0 0 0 0 0 0 0 0 0 0 0 0 0 0 0 0 0 0 0 0 0 0 0 0 0 0 0 0 0 0 0 0 0 0 0 0 0 0 0 0 0 0 0 0 0 0 0 0 0 0 0 0 0 0 0 0 0 0 0 0 0 0 0 0 0 0 0 0 0
0 0 0 0 0 0 0 0 0 0 0 0 0 0 0 0 0 0 0 0 0 0 0 0 0 0 0 0 0 0 0 0 0 0 0 0 0 0 0 0 0 0 0 0 0 0 0 0 0 0 0 0 0 0 0 0 0 0 0 0 0 0 0 0 0 0 0 0 0 0 0 0 0 0 0 0 0 0 0 0 0 0 0 0 0 0 0
0 0 0 0 0 0 0 0 0 0 0 0 0 0 0 0 0 0 0 0 0 0 0 0 0 0 0 0 0 0 0 0 0 0 0 0 0 0 0 0 0 0 0 0 0 0 0 0 0 0 0 0 0 0 0 0 0 0 0 0 0 0 0 0 0 0 0 0 0 0 0 0 0 0 0 0 0 0 0 0 0 0 0 0 0 0 0
0 0 0 0 0 0 0 0 0 0 0 0 0 0 0 0 0 0 0 0 0 0 0 0 0 0 0 0 0 0 0 0 0 0 0 0 0 0 0 0 0 0 0 0 0 0 0 0 0 0 0 0 0 0 0 0 0 0 0 0 0 0 0 0 0 0 0 0 0 0 0 0 0 0 0 0 0 0 0 0 0 0 0 0 0 0 0
0 0 0 0 0 0 0 0 0 0 0 0 0 0 0 0 0 0 0 0 0 0 0 0 0 0 0 0 0 0 0 0 0 0 0 0 0 0 0 0 0 0 0 0 0 0 0 0 0 0 0 0 0 0 0 0 0 0 0 0 0 0 0 0 0 0 0 0 0 0 0 0 0 0 0 0 0 0 0 0 0 0 0 0 0 0 0
0 0 0 0 0 0 0 0 0 0 0 0 0 0 0 0 0 0 0 0 0 0 0 0 0 0 0 0 0 0 0 0 0 0 0 0 0 0 0 0 0 0 0 0 0 0 0 0 0 0 0 0 0 0 0 0 0 0 0 0 0 0 0 0 0 0 0 0 0 0 0 0 0 0 0 0 0 0 0 0 0 0 0 0 0 0 0
0 0 0 0 0 0 0 0 0 0 0 0 0 0 0 0 0 0 0 0 0 0 0 0 0 0 0 0 0 0 0 0 0 0 0 0 0 0 0 0 0 0 0 0 0 0 0 0 0 0 0 0 0 0 0 0 0 0 0 0 0 0 0 0 0 0 0 0 0 0 0 0 0 0 0 0 0 0 0 0 0 0 0 0 0 0 0
0 0 0 0 0 0 0 0 0 0 0 0 0 0 0 0 0 0 0 0 0 0 0 0 0 0 0 0 0 0 0 0 0 0 0 0 0 0 0 0 0 0 0 0 0 0 0 0 0 0 0 0 0 0 0 0 0 0 0 0 0 0 0 0 0 0 0 0 0 0 0 0 0 0 0 0 0 0 0 0 0 0 0 0 0 0 0
0 0 0 0 0 0 0 0 0 0 0 0 0 0 0 0 0 0 0 0 0 0 0 0 0 0 0 0 0 0 0 0 0 0 0 0 0 0 0 0 0 0 0 0 0 0 0 0 0 0 0 0 0 0 0 0 0 0 0 0 0 0 0 0 0 0 0 0 0 0 0 0 0 0 0 0 0 0 0 0 0 0 0 0 0 0 0
0 0 0 0 0 0 0 0 0 0 0 0 0 0 0 0 0 0 0 0 0 0 0 0 0 0 0 0 0 0 0 0 0 0 0 0 0 0 0 0 0 0 0 0 0 0 0 0 0 0 0 0 0 0 0 0 0 0 0 0 0 0 0 0 0 0 0 0 0 0 0 0 0 0 0 0 0 0 0 0 0 0 0 0 0 0 0
0 0 0 0 0 0 0 0 0 0 0 0 0 0 0 0 0 0 0 0 0 0 0 0 0 0 0 0 0 0 0 0 0 0 0 0 0 0 0 0 0 0 0 0 0 0 0 0 0 0 0 0 0 0 0 0 0 0 0 0 0 0 0 0 0 0 0 0 0 0 0 0 0 0 0 0 0 0 0 0 0 0 0 0 0 0 0
0 0 0 0 0 0 0 0 0 0 0 0 0 0 0 0 0 0 0 0 0 0 0 0 0 0 0 0 0 0 0 0 0 0 0 0 0 0 0 0 0 0 0 0 0 0 0 0 0 0 0 0 0 0 0 0 0 0 0 0 0 0 0 0 0 0 0 0 0 0 0 0 0 0 0 0 0 0 0 0 0 0 0 0 0 0 0
0 0 0 0 0 0 0 0 0 0 0 0 0 0 0 0 0 0 0 0 0 0 0 0 0 0 0 0 0 0 0 0 0 0 0 0 0 0 0 0 0 0 0 0 0 0 0 0 0 0 0 0 0 0 0 0 0 0 0 0 0 0 0 0 0 0 0 0 0 0 0 0 0 0 0 0 0 0 0 0 0 0 0 0 0 0 0
0 0 0 0 0 0 0 0 0 0 0 0 0 0 0 0 0 0 0 0 0 0 0 0 0 0 0 0 0 0 0 0 0 0 0 0 0 0 0 0 0 0 0 0 0 0 0 0 0 0 0 0 0 0 0 0 0 0 0 0 0 0 0 0 0 0 0 0 0 0 0 0 0 0 0 0 0 0 0 0 0 0 0 0 0 0 0
0 0 0 0 0 0 0 0 0 0 0 0 0 0 0 0 0 0 0 0 0 0 0 0 0 0 0 0 0 0 0 0 0 0 0 0 0 0 0 0 0 0 0 0 0 0 0 0 0 0 0 0 0 0 0 0 0 0 0 0 0 0 0 0 0 0 0 0 0 0 0 0 0 0 0 0 0 0 0 0 0 0 0 0 0 0 0
0 0 0 0 0 0 0 0 0 0 0 0 0 0 0 0 0 0 0 0 0 0 0 0 0 0 0 0 0 0 0 0 0 0 0 0 0 0 0 0 0 0 0 0 0 0 0 0 0 0 0 0 0 0 0 0 0 0 0 0 0 0 0 0 0 0 0 0 0 0 0 0 0 0 0 0 0 0 0 0 0 0 0 0 0 0 0
0 0 0 0 0 0 0 0 0 0 0 0 0 0 0 0 0 0 0 0 0 0 0 0 0 0 0 0 0 0 0 0 0 0 0 0 0 0 0 0 0 0 0 0 0 0 0 0 0 0 0 0 0 0 0 0 0 0 0 0 0 0 0 0 0 0 0 0 0 0 0 0 0 0 0 0 0 0 0 0 0 0 0 0 0 0 0
0 0 0 0 0 0 0 0 0 0 0 0 0 0 0 0 0 0 0 0 0 0 0 0 0 0 0 0 0 0 0 0 0 0 0 0 0 0 0 0 0 0 0 0 0 0 0 0 0 0 0 0 0 0 0 0 0 0 0 0 0 0 0 0 0 0 0 0 0 0 0 0 0 0 0 0 0 0 0 0 0 0 0 0 0 0 0
0 0 0 0 0 0 0 0 0 0 0 0 0 0 0 0 0 0 0 0 0 0 0 0 0 0 0 0 0 0 0 0 0 0 0 0 0 0 0 0 0 0 0 0 0 0 0 0 0 0 0 0 0 0 0 0 0 0 0 0 0 0 0 0 0 0 0 0 0 0 0 0 0 0 0 0 0 0 0 0 0 0 0 0 0 0 0
0 0 0 0 0 0 0 0 0 0 0 0 0 0 0 0 0 0 0 0 0 0 1 0 0 0 0 0 0 0 0 0 0 0 0 0 0 0 0 0 0 0 0 0 0 0 0 0 0 0 0 0 0 0 0 0 0 0 0 0 0 0 0 0 0 0 0 0 0 0 0 0 0 0 0 0 0 0 0 0 0 0 0 0 0 0 0
0 0 0 0 0 0 0 0 0 0 0 0 0 0 0 0 0 0 0 0 0 0 0 0 0 0 0 0 0 0 0 0 0 0 0 0 0 0 0 0 0 0 0 0 0 0 0 0 0 0 0 0 0 0 0 0 0 0 0 0 0 0 0 0 0 0 0 0 0 0 0 0 0 0 0 0 0 0 0 0 0 0 0 0 0 0 0
0 0 0 0 0 0 0 0 0 0 0 0 0 0 0 0 0 0 0 0 0 0 0 0 0 0 0 0 1 0 0 0 0 0 0 0 0 0 0 0 0 0 0 0 0 0 0 0 0 0 0 0 0 0 0 0 0 0 0 0 0 0 0 0 0 0 0 0 0 0 0 0 0 0 0 0 0 0 0 0 0 0 0 0 0 0 0
0 0 0 0 0 0 0 0 0 0 0 0 0 0 0 0 0 0 0 0 0 0 0 0 0 0 0 0 0 0 0 0 0 0 0 0 0 0 0 0 0 0 0 0 0 0 0 0 0 0 0 0 0 0 0 0 0 0 0 0 0 0 0 0 0 0 0 0 0 0 0 0 0 0 0 0 0 0 0 0 0 0 0 0 0 0 0
0 0 0 0 0 0 0 0 0 0 0 0 0 0 0 0 0 0 0 0 0 0 0 0 0 0 0 0 0 0 0 0 0 0 0 0 0 0 0 0 0 0 0 0 0 0 0 0 0 0 0 0 0 0 0 0 0 0 0 0 0 0 0 0 0 0 0 0 0 0 0 0 0 0 0 0 0 0 0 0 0 0 0 0 0 0 0
0 0 0 0 0 0 0 0 0 0 0 0 0 0 0 0 0 0 0 0 0 0 0 0 0 0 0 0 0 0 0 0 0 0 0 0 0 0 1 0 0 0 0 0 0 0 0 0 0 0 0 0 0 0 0 0 0 0 0 0 0 0 0 0 0 0 0 0 0 0 0 0 0 0 0 0 0 0 0 0 0 0 0 0 0 0 0
0 0 0 0 0 0 0 0 0 0 0 0 0 0 0 0 0 0 0 0 0 0 0 0 0 0 0 0 0 0 0 0 0 0 0 0 0 0 0 0 1 1 0 0 0 0 0 0 0 0 0 0 0 0 0 0 0 0 0 0 0 0 0 0 0 0 0 0 0 0 0 0 0 0 0 0 0 0 0 0 0 0 0 0 0 0 0
0 0 0 0 0 0 0 0 0 0 0 0 0 0 0 0 0 0 0 0 0 0 0 0 0 0 0 0 0 0 0 0 0 0 0 0 0 0 0 0 0 0 0 1 0 0 0 0 0 0 0 0 0 0 0 0 0 0 0 0 0 0 0 0 0 0 0 0 0 0 0 0 0 0 0 0 0 0 0 0 0 0 0 0 0 0 0
0 0 0 0 0 0 0 0 0 0 0 0 0 0 0 0 0 0 0 0 0 0 0 0 0 0 0 0 0 0 0 0 0 0 0 0 0 0 0 0 0 0 0 0 0 0 0 1 0 0 0 0 0 0 0 0 0 0 0 0 0 0 0 0 0 0 0 0 0 0 0 0 0 0 0 0 0 0 0 0 0 0 0 0 0 0 0
0 0 0 0 0 0 0 0 0 0 0 0 0 0 0 0 0 0 0 0 0 0 0 0 0 0 0 0 0 0 0 0 0 0 0 0 0 0 0 0 0 0 0 0 0 0 0 0 0 1 1 0 0 0 0 0 0 0 0 0 0 0 0 0 0 0 0 0 0 0 0 0 0 0 0 0 0 0 0 0 0 0 0 0 0 0 0
0 0 0 0 0 0 0 0 0 0 0 0 0 0 0 0 0 0 0 0 0 0 0 0 0 0 0 0 0 0 0 0 0 0 0 0 0 0 0 0 0 0 0 0 0 0 0 0 0 0 0 0 1 1 0 0 0 0 0 0 0 0 0 0 0 0 0 0 0 0 0 0 0 0 0 0 0 0 0 0 0 0 0 0 0 0 0
0 0 0 0 0 0 0 0 0 0 0 0 0 0 0 0 0 0 0 0 0 0 0 0 0 0 0 0 0 0 0 0 0 0 0 0 0 0 0 0 0 0 0 0 0 0 0 0 0 0 0 0 0 0 0 0 0 0 0 0 0 0 0 0 0 0 0 0 0 0 0 0 0 0 0 0 0 0 0 0 0 0 0 0 0 0 0
0 0 0 0 0 0 0 0 0 0 0 0 0 0 0 0 0 0 0 0 0 0 0 0 0 0 0 0 0 0 0 0 0 0 0 0 0 0 0 0 0 0 0 0 0 0 0 0 0 0 0 0 0 0 0 0 0 0 0 1 0 0 0 0 0 0 0 0 0 0 0 0 0 0 0 0 0 0 0 0 0 0 0 0 0 0 0
0 0 0 0 0 0 0 0 0 0 0 0 0 0 0 0 0 0 0 0 0 0 0 0 0 0 0 0 0 0 0 0 0 0 0 0 0 0 0 0 0 0 0 0 0 0 0 0 0 0 0 0 0 0 0 0 0 0 0 0 0 0 0 0 0 0 0 0 0 0 0 0 0 0 0 0 0 0 0 0 0 0 0 0 0 0 0
0 0 0 0 0 0 0 0 0 0 0 0 0 0 0 0 0 0 0 0 0 0 0 0 0 0 0 0 0 0 0 0 0 0 0 0 0 0 0 0 0 0 0 0 0 0 0 0 0 0 0 0 0 0 0 0 0 0 0 0 0 0 0 0 0 1 0 0 0 0 0 0 0 0 0 0 0 0 0 0 0 0 0 0 0 0 0
0 0 0 0 0 0 0 0 0 0 0 0 0 0 0 0 0 0 0 0 0 0 0 0 0 0 0 0 0 0 0 0 0 0 0 0 0 0 0 0 0 0 0 0 0 0 0 0 0 0 0 0 0 0 0 0 0 0 0 0 0 0 0 0 0 0 0 1 1 0 0 0 0 0 0 0 0 0 0 0 0 0 0 0 0 0 0
0 0 0 0 0 0 0 0 0 0 0 0 0 0 0 0 0 0 0 0 0 0 0 0 0 0 0 0 0 0 0 0 0 0 0 0 0 0 0 0 0 0 0 0 0 0 0 0 0 0 0 0 0 0 0 0 0 0 0 0 0 0 0 0 0 0 0 0 0 0 1 1 0 0 0 0 0 0 0 0 0 0 0 0 0 0 0
0 0 0 0 0 0 0 0 0 0 0 0 0 0 0 0 0 0 0 0 0 0 0 0 0 0 0 0 0 0 0 0 0 0 0 0 0 0 0 0 0 0 0 0 0 0 0 0 0 0 0 0 0 0 0 0 0 0 0 0 0 0 0 0 0 0 0 0 0 0 0 0 0 1 1 0 0 0 0 0 0 0 0 0 0 0 0
0 0 0 0 0 0 0 0 0 0 0 0 0 0 0 0 0 0 0 0 0 0 0 0 0 0 0 0 0 0 0 0 0 0 0 0 0 0 0 0 0 0 0 0 0 0 0 0 0 0 0 0 0 0 0 0 0 0 0 0 0 0 0 0 0 0 0 0 0 0 0 0 0 0 0 0 1 1 0 0 0 0 0 0 0 0 0
0 0 0 0 0 0 0 0 0 0 0 0 0 0 0 0 0 0 0 0 0 0 0 0 0 0 0 0 0 0 0 0 0 0 0 0 0 0 0 0 0 0 0 0 0 0 0 0 0 0 0 0 0 0 0 0 0 0 0 0 0 0 0 0 0 0 0 0 0 0 0 0 0 0 0 0 0 0 0 1 1 0 0 0 0 0 0
0 0 0 0 0 0 0 0 0 0 0 0 0 0 0 0 0 0 0 0 0 0 0 0 0 0 0 0 0 0 0 0 0 0 0 0 0 0 0 0 0 0 0 0 0 0 0 0 0 0 0 0 0 0 0 0 0 0 0 0 0 0 0 0 0 0 0 0 0 0 0 0 0 0 0 0 0 0 0 0 0 0 0 0 0 0 0
0 0 0 0 0 0 0 0 0 0 0 0 0 0 0 0 0 0 0 0 0 0 0 0 0 0 0 0 0 0 0 0 0 0 0 0 0 0 0 0 0 0 0 0 0 0 0 0 0 0 0 0 0 0 0 0 0 0 0 0 0 0 0 0 0 0 0 0 0 0 0 0 0 0 0 0 0 0 0 0 0 0 0 0 1 1 1
