
Gurobi 9.1.2 (linux64) logging started Wed Oct 13 02:58:52 2021

Changed value of parameter LogFile to /home/zongzan/dist_dnn_training/MixedMemoryOpt/data/budget_sweep/p32xlarge_VGG16_256_None/ilp_log/ilp_18893139648.log
   Prev:   Default: 
Changed value of parameter Threads to 32
   Prev: 0  Min: 0  Max: 1024  Default: 0
Changed value of parameter TimeLimit to 3600.0
   Prev: inf  Min: 0.0  Max: inf  Default: inf
Changed value of parameter OptimalityTol to 0.0001
   Prev: 1e-06  Min: 1e-09  Max: 0.01  Default: 1e-06
Parameter IntFeasTol unchanged
   Value: 1e-05  Min: 1e-09  Max: 0.1  Default: 1e-05
Changed value of parameter Presolve to 2
   Prev: -1  Min: -1  Max: 2  Default: -1
Changed value of parameter StartNodeLimit to 10000000
   Prev: -1  Min: -3  Max: 2000000000  Default: -1
Changed value of parameter TimeLimit to 300.0
   Prev: 3600.0  Min: 0.0  Max: inf  Default: inf
Gurobi Optimizer version 9.1.2 build v9.1.2rc0 (linux64)
Thread count: 28 physical cores, 56 logical processors, using up to 32 threads
Optimize a model with 21230 rows, 9990 columns and 66143 nonzeros
Model fingerprint: 0xdb0cdd74
Variable types: 2025 continuous, 7965 integer (7965 binary)
Coefficient statistics:
  Matrix range     [1e+00, 5e+07]
  Objective range  [4e+00, 2e+02]
  Bounds range     [1e+00, 3e+08]
  RHS range        [1e+00, 3e+08]
Presolve removed 17115 rows and 6576 columns
Presolve time: 0.15s
Presolved: 4115 rows, 3414 columns, 14519 nonzeros
Variable types: 0 continuous, 3414 integer (2451 binary)
Found heuristic solution: objective 42803.168666
Found heuristic solution: objective 25692.460396
Found heuristic solution: objective 7224.5433082
Presolve removed 54 rows and 55 columns
Presolved: 4061 rows, 3359 columns, 14367 nonzeros


Root relaxation: objective 3.224758e+03, 1620 iterations, 0.05 seconds

    Nodes    |    Current Node    |     Objective Bounds      |     Work
 Expl Unexpl |  Obj  Depth IntInf | Incumbent    BestBd   Gap | It/Node Time

H    0     0                    3224.7576880 -8045.5420   349%     -    0s
     0     0          -    0      3224.75769 3224.75769  0.00%     -    0s

Explored 0 nodes (3846 simplex iterations) in 0.33 seconds
Thread count was 32 (of 56 available processors)

Solution count 4: 3224.76 7224.54 25692.5 42803.2 

Optimal solution found (tolerance 1.00e-04)
Best objective 3.224757688016e+03, best bound 3.224757688016e+03, gap 0.0000%
Changed value of parameter TimeLimit to 3600.0
   Prev: 300.0  Min: 0.0  Max: inf  Default: inf


Restarting solve


Gurobi Optimizer version 9.1.2 build v9.1.2rc0 (linux64)
Thread count: 28 physical cores, 56 logical processors, using up to 32 threads
Optimize a model with 19803 rows, 9990 columns and 64716 nonzeros
Model fingerprint: 0xe8fb21e4
Variable types: 2025 continuous, 7965 integer (7965 binary)
Coefficient statistics:
  Matrix range     [1e+00, 5e+07]
  Objective range  [4e+00, 2e+02]
  Bounds range     [1e+00, 3e+08]
  RHS range        [1e+00, 3e+08]

MIP start from previous solve produced solution with objective 3224.76 (0.01s)
Loaded MIP start from previous solve with objective 3224.76

Presolve removed 14073 rows and 5801 columns
Presolve time: 0.10s
Presolved: 5730 rows, 4189 columns, 21263 nonzeros
Variable types: 0 continuous, 4189 integer (3171 binary)
Presolve removed 76 rows and 74 columns
Presolved: 5654 rows, 4115 columns, 21097 nonzeros


Root relaxation: objective 3.104735e+03, 1978 iterations, 0.06 seconds

    Nodes    |    Current Node    |     Objective Bounds      |     Work
 Expl Unexpl |  Obj  Depth IntInf | Incumbent    BestBd   Gap | It/Node Time

H    0     0                    3104.7353849 3104.73538  0.00%     -    0s
     0     0 3104.73538    0    1 3104.73538 3104.73538  0.00%     -    0s

Explored 0 nodes (5046 simplex iterations) in 0.25 seconds
Thread count was 32 (of 56 available processors)

Solution count 2: 3104.74 3224.76 

Optimal solution found (tolerance 1.00e-04)
Best objective 3.104735384932e+03, best bound 3.104735384932e+03, gap 0.0000%

====== Solved Solution ====== R:
1 0 0 0 0 0 0 0 0 0 0 0 0 0 0 0 0 0 0 0 0 0 0 0 0 0 0 0 0 0 0 0 0 0 0 0 0 0 0 0 0 0 0 0 0
0 1 0 0 0 0 0 0 0 0 0 0 0 0 0 0 0 0 0 0 0 0 0 0 0 0 0 0 0 0 0 0 0 0 0 0 0 0 0 0 0 0 0 0 0
0 0 1 0 0 0 0 0 0 0 0 0 0 0 0 0 0 0 0 0 0 0 0 0 0 0 0 0 0 0 0 0 0 0 0 0 0 0 0 0 0 0 0 0 0
0 0 0 1 0 0 0 0 0 0 0 0 0 0 0 0 0 0 0 0 0 0 0 0 0 0 0 0 0 0 0 0 0 0 0 0 0 0 0 0 0 0 0 0 0
0 0 0 0 1 0 0 0 0 0 0 0 0 0 0 0 0 0 0 0 0 0 0 0 0 0 0 0 0 0 0 0 0 0 0 0 0 0 0 0 0 0 0 0 0
0 0 0 0 0 1 0 0 0 0 0 0 0 0 0 0 0 0 0 0 0 0 0 0 0 0 0 0 0 0 0 0 0 0 0 0 0 0 0 0 0 0 0 0 0
0 0 0 0 0 0 1 0 0 0 0 0 0 0 0 0 0 0 0 0 0 0 0 0 0 0 0 0 0 0 0 0 0 0 0 0 0 0 0 0 0 0 0 0 0
0 0 0 0 0 0 0 1 0 0 0 0 0 0 0 0 0 0 0 0 0 0 0 0 0 0 0 0 0 0 0 0 0 0 0 0 0 0 0 0 0 0 0 0 0
0 0 0 0 0 0 0 0 1 0 0 0 0 0 0 0 0 0 0 0 0 0 0 0 0 0 0 0 0 0 0 0 0 0 0 0 0 0 0 0 0 0 0 0 0
0 0 0 0 0 0 0 0 0 1 0 0 0 0 0 0 0 0 0 0 0 0 0 0 0 0 0 0 0 0 0 0 0 0 0 0 0 0 0 0 0 0 0 0 0
0 0 0 0 0 0 0 0 0 0 1 0 0 0 0 0 0 0 0 0 0 0 0 0 0 0 0 0 0 0 0 0 0 0 0 0 0 0 0 0 0 0 0 0 0
0 0 0 0 0 0 0 0 0 0 0 1 0 0 0 0 0 0 0 0 0 0 0 0 0 0 0 0 0 0 0 0 0 0 0 0 0 0 0 0 0 0 0 0 0
0 0 0 0 0 0 0 0 0 0 0 0 1 0 0 0 0 0 0 0 0 0 0 0 0 0 0 0 0 0 0 0 0 0 0 0 0 0 0 0 0 0 0 0 0
0 0 0 0 0 0 0 0 0 0 0 0 0 1 0 0 0 0 0 0 0 0 0 0 0 0 0 0 0 0 0 0 0 0 0 0 0 0 0 0 0 0 0 0 0
0 0 0 0 0 0 0 0 0 0 0 0 0 0 1 0 0 0 0 0 0 0 0 0 0 0 0 0 0 0 0 0 0 0 0 0 0 0 0 0 0 0 0 0 0
0 0 0 0 0 0 0 0 0 0 0 0 0 0 0 1 0 0 0 0 0 0 0 0 0 0 0 0 0 0 0 0 0 0 0 0 0 0 0 0 0 0 0 0 0
0 0 0 0 0 0 0 0 0 0 0 0 0 0 0 0 1 0 0 0 0 0 0 0 0 0 0 0 0 0 0 0 0 0 0 0 0 0 0 0 0 0 0 0 0
0 0 0 0 0 0 0 0 0 0 0 0 0 0 0 0 0 1 0 0 0 0 0 0 0 0 0 0 0 0 0 0 0 0 0 0 0 0 0 0 0 0 0 0 0
0 0 0 0 0 0 0 0 0 0 0 0 0 0 0 0 0 0 1 0 0 0 0 0 0 0 0 0 0 0 0 0 0 0 0 0 0 0 0 0 0 0 0 0 0
0 0 0 0 0 0 0 0 0 0 0 0 0 0 0 0 0 0 0 1 0 0 0 0 0 0 0 0 0 0 0 0 0 0 0 0 0 0 0 0 0 0 0 0 0
0 0 0 0 0 0 0 0 0 0 0 0 0 0 0 0 0 0 0 0 1 0 0 0 0 0 0 0 0 0 0 0 0 0 0 0 0 0 0 0 0 0 0 0 0
0 0 0 0 0 0 0 0 0 0 0 0 0 0 0 0 0 0 0 0 0 1 0 0 0 0 0 0 0 0 0 0 0 0 0 0 0 0 0 0 0 0 0 0 0
0 0 0 0 0 0 0 0 0 0 0 0 0 0 0 0 0 0 0 0 0 0 1 0 0 0 0 0 0 0 0 0 0 0 0 0 0 0 0 0 0 0 0 0 0
0 0 0 0 0 0 0 0 0 0 0 0 0 0 0 0 0 0 0 0 0 0 0 1 0 0 0 0 0 0 0 0 0 0 0 0 0 0 0 0 0 0 0 0 0
0 0 0 0 0 0 0 0 0 0 0 0 0 0 0 0 0 0 0 0 0 0 0 0 1 0 0 0 0 0 0 0 0 0 0 0 0 0 0 0 0 0 0 0 0
0 0 0 0 0 0 0 0 0 0 0 0 0 0 0 0 0 0 0 0 0 0 0 0 0 1 0 0 0 0 0 0 0 0 0 0 0 0 0 0 0 0 0 0 0
0 0 0 0 0 0 0 0 0 0 0 0 0 0 0 0 0 0 0 0 0 0 0 0 0 0 1 0 0 0 0 0 0 0 0 0 0 0 0 0 0 0 0 0 0
0 0 0 0 0 0 0 0 0 0 0 0 0 0 0 0 0 0 0 0 0 0 0 0 0 0 0 1 0 0 0 0 0 0 0 0 0 0 0 0 0 0 0 0 0
0 0 0 0 0 0 0 0 0 0 0 0 0 0 0 0 0 0 0 0 0 0 0 0 0 0 0 0 1 0 0 0 0 0 0 0 0 0 0 0 0 0 0 0 0
0 0 0 0 0 0 0 0 0 0 0 0 0 0 0 0 0 0 0 0 0 0 0 0 0 0 0 0 0 1 0 0 0 0 0 0 0 0 0 0 0 0 0 0 0
0 0 0 0 0 0 0 0 0 0 0 0 0 0 0 0 0 0 0 0 0 0 0 0 0 0 0 0 0 0 1 0 0 0 0 0 0 0 0 0 0 0 0 0 0
0 0 0 0 0 0 0 0 0 0 0 0 0 0 0 0 0 0 0 0 0 0 0 0 0 0 0 0 0 0 0 1 0 0 0 0 0 0 0 0 0 0 0 0 0
0 0 0 0 0 0 0 0 0 0 0 0 0 0 0 0 0 0 0 0 0 0 0 0 0 0 0 0 0 0 0 0 1 0 0 0 0 0 0 0 0 0 0 0 0
0 0 0 0 0 0 0 0 0 0 0 0 0 0 0 0 0 0 0 0 0 0 0 0 0 0 0 0 0 0 0 0 0 1 0 0 0 0 0 0 0 0 0 0 0
0 0 0 0 0 0 0 0 0 0 0 0 0 0 0 0 0 0 0 0 0 0 0 0 0 0 0 0 0 0 0 0 0 0 1 0 0 0 0 0 0 0 0 0 0
0 0 0 0 0 0 0 0 0 0 0 0 0 0 0 0 0 0 0 0 0 0 0 0 0 0 0 0 0 0 0 0 0 0 0 1 0 0 0 0 0 0 0 0 0
0 0 0 0 0 0 0 0 0 0 0 0 0 0 0 0 0 0 0 0 0 0 0 0 0 0 0 0 0 0 0 0 0 0 0 0 1 0 0 0 0 0 0 0 0
0 0 0 0 0 0 0 0 0 0 0 0 0 0 0 0 0 0 0 0 0 0 0 0 0 0 0 0 0 0 0 0 0 0 0 0 0 1 0 0 0 0 0 0 0
0 0 0 0 0 0 0 0 0 0 0 0 0 0 0 0 0 0 0 0 0 0 0 0 0 0 0 0 0 0 0 0 0 0 0 0 0 0 1 0 0 0 0 0 0
0 0 0 0 0 0 0 0 0 0 0 0 0 0 0 0 0 0 0 0 0 0 0 0 0 0 0 0 0 0 0 0 0 0 0 0 0 0 0 1 0 0 0 0 0
0 0 0 0 0 0 0 0 0 0 0 0 0 0 0 0 0 0 0 0 0 0 0 0 0 0 0 0 0 0 0 0 0 0 0 0 0 0 0 0 1 0 0 0 0
0 0 0 0 0 0 0 0 0 0 0 0 0 0 0 0 0 0 0 0 0 0 0 0 0 0 0 0 0 0 0 0 0 0 0 0 0 0 0 0 0 1 0 0 0
0 0 0 0 0 0 0 0 0 0 0 0 0 0 0 0 0 0 0 0 0 0 0 0 0 0 0 0 0 0 0 0 0 0 0 0 0 0 0 0 0 0 1 0 0
0 0 0 0 0 0 0 0 0 0 0 0 0 0 0 0 0 0 0 0 0 0 0 0 0 0 0 0 0 0 0 0 0 0 0 0 0 0 0 0 0 0 0 1 0
0 0 0 0 0 0 0 0 0 0 0 0 0 0 0 0 0 0 0 0 0 0 0 0 0 0 0 0 0 0 0 0 0 0 0 0 0 0 0 0 0 0 0 0 1

====== Solved Solution ====== S:
0 0 0 0 0 0 0 0 0 0 0 0 0 0 0 0 0 0 0 0 0 0 0 0 0 0 0 0 0 0 0 0 0 0 0 0 0 0 0 0 0 0 0 0 0
1 0 0 0 0 0 0 0 0 0 0 0 0 0 0 0 0 0 0 0 0 0 0 0 0 0 0 0 0 0 0 0 0 0 0 0 0 0 0 0 0 0 0 0 0
1 1 0 0 0 0 0 0 0 0 0 0 0 0 0 0 0 0 0 0 0 0 0 0 0 0 0 0 0 0 0 0 0 0 0 0 0 0 0 0 0 0 0 0 0
1 1 1 0 0 0 0 0 0 0 0 0 0 0 0 0 0 0 0 0 0 0 0 0 0 0 0 0 0 0 0 0 0 0 0 0 0 0 0 0 0 0 0 0 0
1 1 1 1 0 0 0 0 0 0 0 0 0 0 0 0 0 0 0 0 0 0 0 0 0 0 0 0 0 0 0 0 0 0 0 0 0 0 0 0 0 0 0 0 0
1 1 1 1 1 0 0 0 0 0 0 0 0 0 0 0 0 0 0 0 0 0 0 0 0 0 0 0 0 0 0 0 0 0 0 0 0 0 0 0 0 0 0 0 0
1 1 1 1 1 1 0 0 0 0 0 0 0 0 0 0 0 0 0 0 0 0 0 0 0 0 0 0 0 0 0 0 0 0 0 0 0 0 0 0 0 0 0 0 0
1 1 1 1 1 1 1 0 0 0 0 0 0 0 0 0 0 0 0 0 0 0 0 0 0 0 0 0 0 0 0 0 0 0 0 0 0 0 0 0 0 0 0 0 0
1 1 1 1 1 1 1 1 0 0 0 0 0 0 0 0 0 0 0 0 0 0 0 0 0 0 0 0 0 0 0 0 0 0 0 0 0 0 0 0 0 0 0 0 0
1 1 1 1 1 1 1 1 1 0 0 0 0 0 0 0 0 0 0 0 0 0 0 0 0 0 0 0 0 0 0 0 0 0 0 0 0 0 0 0 0 0 0 0 0
1 1 1 1 1 1 1 1 1 1 0 0 0 0 0 0 0 0 0 0 0 0 0 0 0 0 0 0 0 0 0 0 0 0 0 0 0 0 0 0 0 0 0 0 0
1 1 1 1 1 1 1 1 1 1 1 0 0 0 0 0 0 0 0 0 0 0 0 0 0 0 0 0 0 0 0 0 0 0 0 0 0 0 0 0 0 0 0 0 0
1 1 1 1 1 1 1 1 1 1 1 1 0 0 0 0 0 0 0 0 0 0 0 0 0 0 0 0 0 0 0 0 0 0 0 0 0 0 0 0 0 0 0 0 0
1 1 1 1 1 1 1 1 1 1 1 1 1 0 0 0 0 0 0 0 0 0 0 0 0 0 0 0 0 0 0 0 0 0 0 0 0 0 0 0 0 0 0 0 0
1 1 1 1 1 1 1 1 1 1 1 1 1 1 0 0 0 0 0 0 0 0 0 0 0 0 0 0 0 0 0 0 0 0 0 0 0 0 0 0 0 0 0 0 0
1 1 1 1 1 1 1 1 1 1 1 1 1 1 1 0 0 0 0 0 0 0 0 0 0 0 0 0 0 0 0 0 0 0 0 0 0 0 0 0 0 0 0 0 0
1 1 1 1 1 1 1 1 1 1 1 1 1 1 1 1 0 0 0 0 0 0 0 0 0 0 0 0 0 0 0 0 0 0 0 0 0 0 0 0 0 0 0 0 0
1 1 1 1 1 1 1 1 1 1 1 1 1 1 1 1 1 0 0 0 0 0 0 0 0 0 0 0 0 0 0 0 0 0 0 0 0 0 0 0 0 0 0 0 0
1 1 1 1 1 1 1 1 1 1 1 1 1 1 1 1 1 1 0 0 0 0 0 0 0 0 0 0 0 0 0 0 0 0 0 0 0 0 0 0 0 0 0 0 0
1 1 1 1 1 1 1 1 1 1 1 1 1 1 1 1 1 1 1 0 0 0 0 0 0 0 0 0 0 0 0 0 0 0 0 0 0 0 0 0 0 0 0 0 0
1 1 1 1 1 1 1 1 1 1 1 1 1 1 1 1 1 1 1 1 0 0 0 0 0 0 0 0 0 0 0 0 0 0 0 0 0 0 0 0 0 0 0 0 0
1 1 1 1 1 1 1 1 1 1 1 1 1 1 1 1 1 1 1 1 1 0 0 0 0 0 0 0 0 0 0 0 0 0 0 0 0 0 0 0 0 0 0 0 0
1 1 1 1 1 1 1 1 1 1 1 1 1 1 1 1 1 1 1 1 1 1 0 0 0 0 0 0 0 0 0 0 0 0 0 0 0 0 0 0 0 0 0 0 0
1 1 1 1 1 1 1 1 1 1 1 1 1 1 1 1 1 1 1 1 1 1 1 0 0 0 0 0 0 0 0 0 0 0 0 0 0 0 0 0 0 0 0 0 0
1 1 1 1 1 1 1 1 1 1 1 1 1 1 1 1 1 1 1 1 1 1 0 1 0 0 0 0 0 0 0 0 0 0 0 0 0 0 0 0 0 0 0 0 0
1 1 1 1 1 1 1 1 1 1 1 1 1 1 1 1 1 1 1 1 1 1 0 0 1 0 0 0 0 0 0 0 0 0 0 0 0 0 0 0 0 0 0 0 0
1 1 1 1 1 1 1 1 1 1 1 1 1 1 1 1 1 1 1 1 0 1 0 0 0 1 0 0 0 0 0 0 0 0 0 0 0 0 0 0 0 0 0 0 0
1 1 1 1 1 1 1 1 1 1 1 1 1 1 1 1 1 1 1 1 0 1 0 0 0 0 1 0 0 0 0 0 0 0 0 0 0 0 0 0 0 0 0 0 0
1 1 1 1 1 1 1 1 1 1 1 1 1 1 1 1 1 1 0 1 0 1 0 0 0 0 0 1 0 0 0 0 0 0 0 0 0 0 0 0 0 0 0 0 0
1 1 1 1 1 1 1 1 1 1 1 1 1 1 1 1 1 1 0 1 0 1 0 0 0 0 0 0 1 0 0 0 0 0 0 0 0 0 0 0 0 0 0 0 0
1 1 1 1 1 1 1 1 1 1 1 1 1 1 1 1 0 1 0 1 0 1 0 0 0 0 0 0 0 1 0 0 0 0 0 0 0 0 0 0 0 0 0 0 0
1 1 1 1 1 1 1 1 1 1 1 1 1 1 1 0 0 1 0 1 0 1 0 0 0 0 0 0 0 0 1 0 0 0 0 0 0 0 0 0 0 0 0 0 0
1 1 1 1 1 1 1 1 1 1 1 1 1 1 0 0 0 1 0 1 0 1 0 0 0 0 0 0 0 0 0 1 0 0 0 0 0 0 0 0 0 0 0 0 0
1 1 1 1 1 1 1 1 1 1 1 1 1 1 0 0 0 0 0 1 0 1 0 0 0 0 0 0 0 0 0 0 1 0 0 0 0 0 0 0 0 0 0 0 0
1 1 1 1 1 1 1 1 1 1 1 1 0 1 0 0 0 0 0 1 0 1 0 0 0 0 0 0 0 0 0 0 1 1 0 0 0 0 0 0 0 0 0 0 0
1 1 1 1 1 1 1 1 1 1 1 0 0 1 0 0 0 0 0 1 0 1 0 0 0 0 0 0 0 0 0 0 0 0 1 0 0 0 0 0 0 0 0 0 0
1 1 1 1 1 1 1 1 1 1 0 0 0 1 0 0 0 0 0 1 0 1 0 0 0 0 0 0 0 0 0 0 0 0 0 1 0 0 0 0 0 0 0 0 0
1 1 1 1 1 1 1 1 1 0 0 0 0 1 0 0 0 0 0 0 0 0 0 0 0 0 0 0 0 0 0 0 0 0 0 0 1 0 0 0 0 0 0 0 0
1 1 1 1 1 1 1 1 0 0 0 0 0 1 0 0 0 0 0 0 0 0 0 0 0 0 0 0 0 0 0 0 0 0 0 0 1 1 0 0 0 0 0 0 0
1 1 1 1 1 1 1 0 0 0 0 0 0 1 0 0 0 0 0 0 0 0 0 0 0 0 0 0 0 0 0 0 0 0 0 0 0 0 1 0 0 0 0 0 0
1 1 1 1 1 1 0 0 0 0 0 0 0 0 0 0 0 0 0 0 0 0 0 0 0 0 0 0 0 0 0 0 0 0 0 0 0 0 0 1 0 0 0 0 0
1 1 1 1 1 1 0 0 0 0 0 0 0 0 0 0 0 0 0 0 0 0 0 0 0 0 0 0 0 0 0 0 0 0 0 0 0 0 0 0 1 0 0 0 0
1 1 1 1 1 1 0 0 0 0 0 0 0 0 0 0 0 0 0 0 0 0 0 0 0 0 0 0 0 0 0 0 0 0 0 0 0 0 0 0 0 1 0 0 0
1 1 1 0 0 0 0 0 0 0 0 0 0 0 0 0 0 0 0 0 0 0 0 0 0 0 0 0 0 0 0 0 0 0 0 0 0 0 0 0 0 0 1 0 0
1 1 0 0 0 0 0 0 0 0 0 0 0 0 0 0 0 0 0 0 0 0 0 0 0 0 0 0 0 0 0 0 0 0 0 0 0 0 0 0 0 0 0 1 0

====== Solved Solution ====== U:
3.288334e+09 3.288334e+09 3.288334e+09 3.288334e+09 3.288334e+09 3.288334e+09 3.288334e+09 3.288334e+09 3.288334e+09 3.288334e+09 3.288334e+09 3.288334e+09 3.288334e+09 3.288334e+09 3.288334e+09 3.288334e+09 3.288334e+09 3.288334e+09 3.288334e+09 3.288334e+09 3.288334e+09 3.288334e+09 3.288334e+09 3.288334e+09 3.288334e+09 3.288334e+09 3.288334e+09 3.288334e+09 3.288334e+09 3.288334e+09 3.288334e+09 3.288334e+09 3.288334e+09 3.288334e+09 3.288334e+09 3.288334e+09 3.288334e+09 3.288334e+09 3.288334e+09 3.28
8334e+09 3.288334e+09 3.288334e+09 3.288334e+09 3.288334e+09 3.288334e+09
3.288334e+09 6.576669e+09 6.576669e+09 6.576669e+09 6.576669e+09 6.576669e+09 6.576669e+09 6.576669e+09 6.576669e+09 6.576669e+09 6.576669e+09 6.576669e+09 6.576669e+09 6.576669e+09 6.576669e+09 6.576669e+09 6.576669e+09 6.576669e+09 6.576669e+09 6.576669e+09 6.576669e+09 6.576669e+09 6.576669e+09 6.576669e+09 6.576669e+09 6.576669e+09 6.576669e+09 6.576669e+09 6.576669e+09 6.576669e+09 6.576669e+09 6.576669e+09 6.576669e+09 6.576669e+09 6.576669e+09 6.576669e+09 6.576669e+09 6.576669e+09 6.576669e+09 6.57
6669e+09 6.576669e+09 6.576669e+09 6.576669e+09 6.576669e+09 6.576669e+09
6.576669e+09 6.576669e+09 7.398752e+09 7.398752e+09 7.398752e+09 7.398752e+09 7.398752e+09 7.398752e+09 7.398752e+09 7.398752e+09 7.398752e+09 7.398752e+09 7.398752e+09 7.398752e+09 7.398752e+09 7.398752e+09 7.398752e+09 7.398752e+09 7.398752e+09 7.398752e+09 7.398752e+09 7.398752e+09 7.398752e+09 7.398752e+09 7.398752e+09 7.398752e+09 7.398752e+09 7.398752e+09 7.398752e+09 7.398752e+09 7.398752e+09 7.398752e+09 7.398752e+09 7.398752e+09 7.398752e+09 7.398752e+09 7.398752e+09 7.398752e+09 7.398752e+09 7.39
8752e+09 7.398752e+09 7.398752e+09 7.398752e+09 7.398752e+09 7.398752e+09
7.398752e+09 7.398752e+09 7.398752e+09 9.042919e+09 9.042919e+09 9.042919e+09 9.042919e+09 9.042919e+09 9.042919e+09 9.042919e+09 9.042919e+09 9.042919e+09 9.042919e+09 9.042919e+09 9.042919e+09 9.042919e+09 9.042919e+09 9.042919e+09 9.042919e+09 9.042919e+09 9.042919e+09 9.042919e+09 9.042919e+09 9.042919e+09 9.042919e+09 9.042919e+09 9.042919e+09 9.042919e+09 9.042919e+09 9.042919e+09 9.042919e+09 9.042919e+09 9.042919e+09 9.042919e+09 9.042919e+09 9.042919e+09 9.042919e+09 9.042919e+09 9.042919e+09 9.04
2919e+09 9.042919e+09 9.042919e+09 9.042919e+09 9.042919e+09 9.042919e+09
9.042919e+09 9.042919e+09 9.042919e+09 9.042919e+09 1.068709e+10 1.068709e+10 1.068709e+10 1.068709e+10 1.068709e+10 1.068709e+10 1.068709e+10 1.068709e+10 1.068709e+10 1.068709e+10 1.068709e+10 1.068709e+10 1.068709e+10 1.068709e+10 1.068709e+10 1.068709e+10 1.068709e+10 1.068709e+10 1.068709e+10 1.068709e+10 1.068709e+10 1.068709e+10 1.068709e+10 1.068709e+10 1.068709e+10 1.068709e+10 1.068709e+10 1.068709e+10 1.068709e+10 1.068709e+10 1.068709e+10 1.068709e+10 1.068709e+10 1.068709e+10 1.068709e+10 1.06
8709e+10 1.068709e+10 1.068709e+10 1.068709e+10 1.068709e+10 1.068709e+10
1.068709e+10 1.068709e+10 1.068709e+10 1.068709e+10 1.068709e+10 1.109813e+10 1.109813e+10 1.109813e+10 1.109813e+10 1.109813e+10 1.109813e+10 1.109813e+10 1.109813e+10 1.109813e+10 1.109813e+10 1.109813e+10 1.109813e+10 1.109813e+10 1.109813e+10 1.109813e+10 1.109813e+10 1.109813e+10 1.109813e+10 1.109813e+10 1.109813e+10 1.109813e+10 1.109813e+10 1.109813e+10 1.109813e+10 1.109813e+10 1.109813e+10 1.109813e+10 1.109813e+10 1.109813e+10 1.109813e+10 1.109813e+10 1.109813e+10 1.109813e+10 1.109813e+10 1.10
9813e+10 1.109813e+10 1.109813e+10 1.109813e+10 1.109813e+10 1.109813e+10
1.109813e+10 1.109813e+10 1.109813e+10 1.109813e+10 1.109813e+10 1.109813e+10 1.192021e+10 1.192021e+10 1.192021e+10 1.192021e+10 1.192021e+10 1.192021e+10 1.192021e+10 1.192021e+10 1.192021e+10 1.192021e+10 1.192021e+10 1.192021e+10 1.192021e+10 1.192021e+10 1.192021e+10 1.192021e+10 1.192021e+10 1.192021e+10 1.192021e+10 1.192021e+10 1.192021e+10 1.192021e+10 1.192021e+10 1.192021e+10 1.192021e+10 1.192021e+10 1.192021e+10 1.192021e+10 1.192021e+10 1.192021e+10 1.192021e+10 1.192021e+10 1.192021e+10 1.19
2021e+10 1.192021e+10 1.192021e+10 1.192021e+10 1.192021e+10 1.192021e+10
1.192021e+10 1.192021e+10 1.192021e+10 1.192021e+10 1.192021e+10 1.192021e+10 1.192021e+10 1.274230e+10 1.274230e+10 1.274230e+10 1.274230e+10 1.274230e+10 1.274230e+10 1.274230e+10 1.274230e+10 1.274230e+10 1.274230e+10 1.274230e+10 1.274230e+10 1.274230e+10 1.274230e+10 1.274230e+10 1.274230e+10 1.274230e+10 1.274230e+10 1.274230e+10 1.274230e+10 1.274230e+10 1.274230e+10 1.274230e+10 1.274230e+10 1.274230e+10 1.274230e+10 1.274230e+10 1.274230e+10 1.274230e+10 1.274230e+10 1.274230e+10 1.274230e+10 1.27
4230e+10 1.274230e+10 1.274230e+10 1.274230e+10 1.274230e+10 1.274230e+10
1.274230e+10 1.274230e+10 1.274230e+10 1.274230e+10 1.274230e+10 1.274230e+10 1.274230e+10 1.274230e+10 1.356438e+10 1.356438e+10 1.356438e+10 1.356438e+10 1.356438e+10 1.356438e+10 1.356438e+10 1.356438e+10 1.356438e+10 1.356438e+10 1.356438e+10 1.356438e+10 1.356438e+10 1.356438e+10 1.356438e+10 1.356438e+10 1.356438e+10 1.356438e+10 1.356438e+10 1.356438e+10 1.356438e+10 1.356438e+10 1.356438e+10 1.356438e+10 1.356438e+10 1.356438e+10 1.356438e+10 1.356438e+10 1.356438e+10 1.356438e+10 1.356438e+10 1.35
6438e+10 1.356438e+10 1.356438e+10 1.356438e+10 1.356438e+10 1.356438e+10
1.356438e+10 1.356438e+10 1.356438e+10 1.356438e+10 1.356438e+10 1.356438e+10 1.356438e+10 1.356438e+10 1.356438e+10 1.376990e+10 1.376990e+10 1.376990e+10 1.376990e+10 1.376990e+10 1.376990e+10 1.376990e+10 1.376990e+10 1.376990e+10 1.376990e+10 1.376990e+10 1.376990e+10 1.376990e+10 1.376990e+10 1.376990e+10 1.376990e+10 1.376990e+10 1.376990e+10 1.376990e+10 1.376990e+10 1.376990e+10 1.376990e+10 1.376990e+10 1.376990e+10 1.376990e+10 1.376990e+10 1.376990e+10 1.376990e+10 1.376990e+10 1.376990e+10 1.37
6990e+10 1.376990e+10 1.376990e+10 1.376990e+10 1.376990e+10 1.376990e+10
1.376990e+10 1.376990e+10 1.376990e+10 1.376990e+10 1.376990e+10 1.376990e+10 1.376990e+10 1.376990e+10 1.376990e+10 1.376990e+10 1.418094e+10 1.418094e+10 1.418094e+10 1.418094e+10 1.418094e+10 1.418094e+10 1.418094e+10 1.418094e+10 1.418094e+10 1.418094e+10 1.418094e+10 1.418094e+10 1.418094e+10 1.418094e+10 1.418094e+10 1.418094e+10 1.418094e+10 1.418094e+10 1.418094e+10 1.418094e+10 1.418094e+10 1.418094e+10 1.418094e+10 1.418094e+10 1.418094e+10 1.418094e+10 1.418094e+10 1.418094e+10 1.418094e+10 1.41
8094e+10 1.418094e+10 1.418094e+10 1.418094e+10 1.418094e+10 1.418094e+10
1.418094e+10 1.418094e+10 1.418094e+10 1.418094e+10 1.418094e+10 1.418094e+10 1.418094e+10 1.418094e+10 1.418094e+10 1.418094e+10 1.418094e+10 1.459198e+10 1.459198e+10 1.459198e+10 1.459198e+10 1.459198e+10 1.459198e+10 1.459198e+10 1.459198e+10 1.459198e+10 1.459198e+10 1.459198e+10 1.459198e+10 1.459198e+10 1.459198e+10 1.459198e+10 1.459198e+10 1.459198e+10 1.459198e+10 1.459198e+10 1.459198e+10 1.459198e+10 1.459198e+10 1.459198e+10 1.459198e+10 1.459198e+10 1.459198e+10 1.459198e+10 1.459198e+10 1.45
9198e+10 1.459198e+10 1.459198e+10 1.459198e+10 1.459198e+10 1.459198e+10
1.459198e+10 1.459198e+10 1.459198e+10 1.459198e+10 1.459198e+10 1.459198e+10 1.459198e+10 1.459198e+10 1.459198e+10 1.459198e+10 1.459198e+10 1.459198e+10 1.500303e+10 1.500303e+10 1.500303e+10 1.500303e+10 1.500303e+10 1.500303e+10 1.500303e+10 1.500303e+10 1.500303e+10 1.500303e+10 1.500303e+10 1.500303e+10 1.500303e+10 1.500303e+10 1.500303e+10 1.500303e+10 1.500303e+10 1.500303e+10 1.500303e+10 1.500303e+10 1.500303e+10 1.500303e+10 1.500303e+10 1.500303e+10 1.500303e+10 1.500303e+10 1.500303e+10 1.50
0303e+10 1.500303e+10 1.500303e+10 1.500303e+10 1.500303e+10 1.500303e+10
1.500303e+10 1.500303e+10 1.500303e+10 1.500303e+10 1.500303e+10 1.500303e+10 1.500303e+10 1.500303e+10 1.500303e+10 1.500303e+10 1.500303e+10 1.500303e+10 1.500303e+10 1.510579e+10 1.510579e+10 1.510579e+10 1.510579e+10 1.510579e+10 1.510579e+10 1.510579e+10 1.510579e+10 1.510579e+10 1.510579e+10 1.510579e+10 1.510579e+10 1.510579e+10 1.510579e+10 1.510579e+10 1.510579e+10 1.510579e+10 1.510579e+10 1.510579e+10 1.510579e+10 1.510579e+10 1.510579e+10 1.510579e+10 1.510579e+10 1.510579e+10 1.510579e+10 1.51
0579e+10 1.510579e+10 1.510579e+10 1.510579e+10 1.510579e+10 1.510579e+10
1.510579e+10 1.510579e+10 1.510579e+10 1.510579e+10 1.510579e+10 1.510579e+10 1.510579e+10 1.510579e+10 1.510579e+10 1.510579e+10 1.510579e+10 1.510579e+10 1.510579e+10 1.510579e+10 1.520855e+10 1.520855e+10 1.520855e+10 1.520855e+10 1.520855e+10 1.520855e+10 1.520855e+10 1.520855e+10 1.520855e+10 1.520855e+10 1.520855e+10 1.520855e+10 1.520855e+10 1.520855e+10 1.520855e+10 1.520855e+10 1.520855e+10 1.520855e+10 1.520855e+10 1.520855e+10 1.520855e+10 1.520855e+10 1.520855e+10 1.520855e+10 1.520855e+10 1.52
0855e+10 1.520855e+10 1.520855e+10 1.520855e+10 1.520855e+10 1.520855e+10
1.520855e+10 1.520855e+10 1.520855e+10 1.520855e+10 1.520855e+10 1.520855e+10 1.520855e+10 1.520855e+10 1.520855e+10 1.520855e+10 1.520855e+10 1.520855e+10 1.520855e+10 1.520855e+10 1.520855e+10 1.531131e+10 1.531131e+10 1.531131e+10 1.531131e+10 1.531131e+10 1.531131e+10 1.531131e+10 1.531131e+10 1.531131e+10 1.531131e+10 1.531131e+10 1.531131e+10 1.531131e+10 1.531131e+10 1.531131e+10 1.531131e+10 1.531131e+10 1.531131e+10 1.531131e+10 1.531131e+10 1.531131e+10 1.531131e+10 1.531131e+10 1.531131e+10 1.53
1131e+10 1.531131e+10 1.531131e+10 1.531131e+10 1.531131e+10 1.531131e+10
1.531131e+10 1.531131e+10 1.531131e+10 1.531131e+10 1.531131e+10 1.531131e+10 1.531131e+10 1.531131e+10 1.531131e+10 1.531131e+10 1.531131e+10 1.531131e+10 1.531131e+10 1.531131e+10 1.531131e+10 1.531131e+10 1.541407e+10 1.541407e+10 1.541407e+10 1.541407e+10 1.541407e+10 1.541407e+10 1.541407e+10 1.541407e+10 1.541407e+10 1.541407e+10 1.541407e+10 1.541407e+10 1.541407e+10 1.541407e+10 1.541407e+10 1.541407e+10 1.541407e+10 1.541407e+10 1.541407e+10 1.541407e+10 1.541407e+10 1.541407e+10 1.541407e+10 1.54
1407e+10 1.541407e+10 1.541407e+10 1.541407e+10 1.541407e+10 1.541407e+10
1.541407e+10 1.541407e+10 1.541407e+10 1.541407e+10 1.541407e+10 1.541407e+10 1.541407e+10 1.541407e+10 1.541407e+10 1.541407e+10 1.541407e+10 1.541407e+10 1.541407e+10 1.541407e+10 1.541407e+10 1.541407e+10 1.541407e+10 1.543976e+10 1.543976e+10 1.543976e+10 1.543976e+10 1.543976e+10 1.543976e+10 1.543976e+10 1.543976e+10 1.543976e+10 1.543976e+10 1.543976e+10 1.543976e+10 1.543976e+10 1.543976e+10 1.543976e+10 1.543976e+10 1.543976e+10 1.543976e+10 1.543976e+10 1.543976e+10 1.543976e+10 1.543976e+10 1.54
3976e+10 1.543976e+10 1.543976e+10 1.543976e+10 1.543976e+10 1.543976e+10
1.543976e+10 1.543976e+10 1.543976e+10 1.543976e+10 1.543976e+10 1.543976e+10 1.543976e+10 1.543976e+10 1.543976e+10 1.543976e+10 1.543976e+10 1.543976e+10 1.543976e+10 1.543976e+10 1.543976e+10 1.543976e+10 1.543976e+10 1.543976e+10 1.546545e+10 1.546545e+10 1.546545e+10 1.546545e+10 1.546545e+10 1.546545e+10 1.546545e+10 1.546545e+10 1.546545e+10 1.546545e+10 1.546545e+10 1.546545e+10 1.546545e+10 1.546545e+10 1.546545e+10 1.546545e+10 1.546545e+10 1.546545e+10 1.546545e+10 1.546545e+10 1.546545e+10 1.54
6545e+10 1.546545e+10 1.546545e+10 1.546545e+10 1.546545e+10 1.546545e+10
1.546545e+10 1.546545e+10 1.546545e+10 1.546545e+10 1.546545e+10 1.546545e+10 1.546545e+10 1.546545e+10 1.546545e+10 1.546545e+10 1.546545e+10 1.546545e+10 1.546545e+10 1.546545e+10 1.546545e+10 1.546545e+10 1.546545e+10 1.546545e+10 1.546545e+10 1.546964e+10 1.546964e+10 1.546964e+10 1.546964e+10 1.546964e+10 1.546964e+10 1.546964e+10 1.546964e+10 1.546964e+10 1.546964e+10 1.546964e+10 1.546964e+10 1.546964e+10 1.546964e+10 1.546964e+10 1.546964e+10 1.546964e+10 1.546964e+10 1.546964e+10 1.546964e+10 1.54
6964e+10 1.546964e+10 1.546964e+10 1.546964e+10 1.546964e+10 1.546964e+10
1.546964e+10 1.546964e+10 1.546964e+10 1.546964e+10 1.546964e+10 1.546964e+10 1.546964e+10 1.546964e+10 1.546964e+10 1.546964e+10 1.546964e+10 1.546964e+10 1.546964e+10 1.546964e+10 1.546964e+10 1.546964e+10 1.546964e+10 1.546964e+10 1.546964e+10 1.546964e+10 1.547384e+10 1.547384e+10 1.547384e+10 1.547384e+10 1.547384e+10 1.547384e+10 1.547384e+10 1.547384e+10 1.547384e+10 1.547384e+10 1.547384e+10 1.547384e+10 1.547384e+10 1.547384e+10 1.547384e+10 1.547384e+10 1.547384e+10 1.547384e+10 1.547384e+10 1.54
7384e+10 1.547384e+10 1.547384e+10 1.547384e+10 1.547384e+10 1.547384e+10
1.547384e+10 1.547384e+10 1.547384e+10 1.547384e+10 1.547384e+10 1.547384e+10 1.547384e+10 1.547384e+10 1.547384e+10 1.547384e+10 1.547384e+10 1.547384e+10 1.547384e+10 1.547384e+10 1.547384e+10 1.547384e+10 1.547384e+10 1.547384e+10 1.547384e+10 1.547384e+10 1.547384e+10 1.547486e+10 1.547486e+10 1.547486e+10 1.547486e+10 1.547486e+10 1.547486e+10 1.547486e+10 1.547486e+10 1.547486e+10 1.547486e+10 1.547486e+10 1.547486e+10 1.547486e+10 1.547486e+10 1.547486e+10 1.547486e+10 1.547486e+10 1.547486e+10 1.54
7486e+10 1.547486e+10 1.547486e+10 1.547486e+10 1.547486e+10 1.547486e+10
1.547486e+10 1.547486e+10 1.547486e+10 1.547486e+10 1.547486e+10 1.547486e+10 1.547486e+10 1.547486e+10 1.547486e+10 1.547486e+10 1.547486e+10 1.547486e+10 1.547486e+10 1.547486e+10 1.547486e+10 1.547486e+10 1.547486e+10 1.547486e+10 1.547486e+10 1.547486e+10 1.547486e+10 1.547486e+10 1.547486e+10 1.547486e+10 1.547486e+10 1.547486e+10 1.547486e+10 1.547486e+10 1.547486e+10 1.547486e+10 1.547486e+10 1.547486e+10 1.547486e+10 1.547486e+10 1.547486e+10 1.547486e+10 1.547486e+10 1.547486e+10 1.547486e+10 1.54
7486e+10 1.547486e+10 1.547486e+10 1.547486e+10 1.547486e+10 1.547486e+10
1.547486e+10 1.547486e+10 1.547486e+10 1.547486e+10 1.547486e+10 1.547486e+10 1.547486e+10 1.547486e+10 1.547486e+10 1.547486e+10 1.547486e+10 1.547486e+10 1.547486e+10 1.547486e+10 1.547486e+10 1.547486e+10 1.547486e+10 1.547486e+10 1.547486e+10 1.547486e+10 1.547486e+10 1.547486e+10 1.547486e+10 1.547589e+10 1.547588e+10 1.547588e+10 1.547588e+10 1.547588e+10 1.547588e+10 1.547588e+10 1.547588e+10 1.547588e+10 1.547588e+10 1.547588e+10 1.547588e+10 1.547588e+10 1.547588e+10 1.547588e+10 1.547588e+10 1.54
7588e+10 1.547588e+10 1.547588e+10 1.547588e+10 1.547588e+10 1.547588e+10
1.547588e+10 1.547588e+10 1.547588e+10 1.547588e+10 1.547588e+10 1.547588e+10 1.547588e+10 1.547588e+10 1.547588e+10 1.547588e+10 1.547588e+10 1.547588e+10 1.547588e+10 1.547588e+10 1.547588e+10 1.547588e+10 1.547588e+10 1.547588e+10 1.547588e+10 1.547588e+10 1.547588e+10 1.547588e+10 1.547588e+10 1.547588e+10 1.548008e+10 1.547905e+10 1.547905e+10 1.547905e+10 1.547905e+10 1.547905e+10 1.547905e+10 1.547905e+10 1.547905e+10 1.547905e+10 1.547905e+10 1.547905e+10 1.547905e+10 1.547905e+10 1.547905e+10 1.54
7905e+10 1.547905e+10 1.547905e+10 1.547905e+10 1.547905e+10 1.547905e+10
1.547905e+10 1.547905e+10 1.547905e+10 1.547905e+10 1.547905e+10 1.547905e+10 1.547905e+10 1.547905e+10 1.547905e+10 1.547905e+10 1.547905e+10 1.547905e+10 1.547905e+10 1.547905e+10 1.547905e+10 1.547905e+10 1.547905e+10 1.547905e+10 1.547905e+10 1.547905e+10 1.547905e+10 1.547905e+10 1.547905e+10 1.547905e+10 1.547905e+10 1.548325e+10 1.547486e+10 1.547486e+10 1.547486e+10 1.547486e+10 1.547486e+10 1.547486e+10 1.547486e+10 1.547486e+10 1.547486e+10 1.547486e+10 1.547486e+10 1.547486e+10 1.547486e+10 1.54
7486e+10 1.547486e+10 1.547486e+10 1.547486e+10 1.547486e+10 1.547486e+10
1.547486e+10 1.547486e+10 1.547486e+10 1.547486e+10 1.547486e+10 1.547486e+10 1.547486e+10 1.547486e+10 1.547486e+10 1.547486e+10 1.547486e+10 1.547486e+10 1.547486e+10 1.547486e+10 1.547486e+10 1.547486e+10 1.547486e+10 1.547486e+10 1.547486e+10 1.547486e+10 1.547486e+10 1.547486e+10 1.547486e+10 1.547486e+10 1.547486e+10 1.547486e+10 1.550055e+10 1.549636e+10 1.549636e+10 1.549636e+10 1.549636e+10 1.549636e+10 1.549636e+10 1.549636e+10 1.549636e+10 1.549636e+10 1.549636e+10 1.549636e+10 1.549636e+10 1.54
9636e+10 1.549636e+10 1.549636e+10 1.549636e+10 1.549636e+10 1.549636e+10
1.549636e+10 1.549636e+10 1.549636e+10 1.549636e+10 1.549636e+10 1.549636e+10 1.549636e+10 1.549636e+10 1.549636e+10 1.549636e+10 1.549636e+10 1.549636e+10 1.549636e+10 1.549636e+10 1.549636e+10 1.549636e+10 1.549636e+10 1.549636e+10 1.549636e+10 1.549636e+10 1.549636e+10 1.549636e+10 1.549636e+10 1.549636e+10 1.549636e+10 1.549636e+10 1.549636e+10 1.552205e+10 1.547067e+10 1.547067e+10 1.547067e+10 1.547067e+10 1.547067e+10 1.547067e+10 1.547067e+10 1.547067e+10 1.547067e+10 1.547067e+10 1.547067e+10 1.54
7067e+10 1.547067e+10 1.547067e+10 1.547067e+10 1.547067e+10 1.547067e+10
1.547067e+10 1.547067e+10 1.547067e+10 1.547067e+10 1.547067e+10 1.547067e+10 1.547067e+10 1.547067e+10 1.547067e+10 1.547067e+10 1.547067e+10 1.547067e+10 1.547067e+10 1.547067e+10 1.547067e+10 1.547067e+10 1.547067e+10 1.547067e+10 1.547067e+10 1.547067e+10 1.547067e+10 1.547067e+10 1.547067e+10 1.547067e+10 1.547067e+10 1.547067e+10 1.547067e+10 1.547067e+10 1.557343e+10 1.554774e+10 1.554774e+10 1.554774e+10 1.554774e+10 1.554774e+10 1.554774e+10 1.554774e+10 1.554774e+10 1.554774e+10 1.554774e+10 1.55
4774e+10 1.554774e+10 1.554774e+10 1.554774e+10 1.554774e+10 1.554774e+10
1.554774e+10 1.554774e+10 1.554774e+10 1.554774e+10 1.554774e+10 1.554774e+10 1.554774e+10 1.554774e+10 1.554774e+10 1.554774e+10 1.554774e+10 1.554774e+10 1.554774e+10 1.554774e+10 1.554774e+10 1.554774e+10 1.554774e+10 1.554774e+10 1.554774e+10 1.554774e+10 1.554774e+10 1.554774e+10 1.554774e+10 1.554774e+10 1.554774e+10 1.554774e+10 1.554774e+10 1.554774e+10 1.554774e+10 1.565050e+10 1.544498e+10 1.544498e+10 1.544498e+10 1.544498e+10 1.544498e+10 1.544498e+10 1.544498e+10 1.544498e+10 1.544498e+10 1.54
4498e+10 1.544498e+10 1.544498e+10 1.544498e+10 1.544498e+10 1.544498e+10
1.544498e+10 1.544498e+10 1.544498e+10 1.544498e+10 1.544498e+10 1.544498e+10 1.544498e+10 1.544498e+10 1.544498e+10 1.544498e+10 1.544498e+10 1.544498e+10 1.544498e+10 1.544498e+10 1.544498e+10 1.544498e+10 1.544498e+10 1.544498e+10 1.544498e+10 1.544498e+10 1.544498e+10 1.544498e+10 1.544498e+10 1.544498e+10 1.544498e+10 1.544498e+10 1.544498e+10 1.544498e+10 1.544498e+10 1.544498e+10 1.554774e+10 1.534222e+10 1.534222e+10 1.534222e+10 1.534222e+10 1.534222e+10 1.534222e+10 1.534222e+10 1.534222e+10 1.53
4222e+10 1.534222e+10 1.534222e+10 1.534222e+10 1.534222e+10 1.534222e+10
1.534222e+10 1.534222e+10 1.534222e+10 1.534222e+10 1.534222e+10 1.534222e+10 1.534222e+10 1.534222e+10 1.534222e+10 1.534222e+10 1.534222e+10 1.534222e+10 1.534222e+10 1.534222e+10 1.534222e+10 1.534222e+10 1.534222e+10 1.534222e+10 1.534222e+10 1.534222e+10 1.534222e+10 1.534222e+10 1.534222e+10 1.534222e+10 1.534222e+10 1.534222e+10 1.534222e+10 1.534222e+10 1.534222e+10 1.534222e+10 1.534222e+10 1.544498e+10 1.523945e+10 1.523945e+10 1.523945e+10 1.523945e+10 1.523945e+10 1.523945e+10 1.523945e+10 1.52
3945e+10 1.523945e+10 1.523945e+10 1.523945e+10 1.523945e+10 1.523945e+10
1.523945e+10 1.523945e+10 1.523945e+10 1.523945e+10 1.523945e+10 1.523945e+10 1.523945e+10 1.523945e+10 1.523945e+10 1.523945e+10 1.523945e+10 1.523945e+10 1.523945e+10 1.523945e+10 1.523945e+10 1.523945e+10 1.523945e+10 1.523945e+10 1.523945e+10 1.523945e+10 1.523945e+10 1.523945e+10 1.523945e+10 1.523945e+10 1.523945e+10 1.523945e+10 1.523945e+10 1.523945e+10 1.523945e+10 1.523945e+10 1.523945e+10 1.523945e+10 1.565050e+10 1.554774e+10 1.554774e+10 1.554774e+10 1.554774e+10 1.554774e+10 1.554774e+10 1.55
4774e+10 1.554774e+10 1.554774e+10 1.554774e+10 1.554774e+10 1.554774e+10
1.552205e+10 1.552205e+10 1.552205e+10 1.552205e+10 1.552205e+10 1.552205e+10 1.552205e+10 1.552205e+10 1.552205e+10 1.552205e+10 1.552205e+10 1.552205e+10 1.552205e+10 1.552205e+10 1.552205e+10 1.552205e+10 1.552205e+10 1.552205e+10 1.552205e+10 1.552205e+10 1.552205e+10 1.552205e+10 1.552205e+10 1.552205e+10 1.552205e+10 1.552205e+10 1.552205e+10 1.552205e+10 1.552205e+10 1.552205e+10 1.552205e+10 1.552205e+10 1.552205e+10 1.593309e+10 1.552205e+10 1.552205e+10 1.552205e+10 1.552205e+10 1.552205e+10 1.55
2205e+10 1.552205e+10 1.552205e+10 1.552205e+10 1.552205e+10 1.552205e+10
1.552205e+10 1.552205e+10 1.552205e+10 1.552205e+10 1.552205e+10 1.552205e+10 1.552205e+10 1.552205e+10 1.552205e+10 1.552205e+10 1.552205e+10 1.552205e+10 1.552205e+10 1.552205e+10 1.552205e+10 1.552205e+10 1.552205e+10 1.552205e+10 1.552205e+10 1.552205e+10 1.552205e+10 1.552205e+10 1.552205e+10 1.552205e+10 1.552205e+10 1.552205e+10 1.552205e+10 1.552205e+10 1.552205e+10 1.552205e+10 1.552205e+10 1.552205e+10 1.552205e+10 1.552205e+10 1.593309e+10 1.511100e+10 1.511100e+10 1.511100e+10 1.511100e+10 1.51
1100e+10 1.511100e+10 1.511100e+10 1.511100e+10 1.511100e+10 1.511100e+10
1.469996e+10 1.469996e+10 1.469996e+10 1.469996e+10 1.469996e+10 1.469996e+10 1.469996e+10 1.469996e+10 1.469996e+10 1.469996e+10 1.469996e+10 1.469996e+10 1.469996e+10 1.469996e+10 1.469996e+10 1.469996e+10 1.469996e+10 1.469996e+10 1.469996e+10 1.469996e+10 1.469996e+10 1.469996e+10 1.469996e+10 1.469996e+10 1.469996e+10 1.469996e+10 1.469996e+10 1.469996e+10 1.469996e+10 1.469996e+10 1.469996e+10 1.469996e+10 1.469996e+10 1.469996e+10 1.469996e+10 1.490548e+10 1.408340e+10 1.408340e+10 1.408340e+10 1.40
8340e+10 1.408340e+10 1.408340e+10 1.408340e+10 1.408340e+10 1.408340e+10
1.408340e+10 1.408340e+10 1.408340e+10 1.408340e+10 1.408340e+10 1.408340e+10 1.408340e+10 1.408340e+10 1.408340e+10 1.408340e+10 1.408340e+10 1.408340e+10 1.408340e+10 1.408340e+10 1.408340e+10 1.408340e+10 1.408340e+10 1.408340e+10 1.408340e+10 1.408340e+10 1.408340e+10 1.408340e+10 1.408340e+10 1.408340e+10 1.408340e+10 1.408340e+10 1.408340e+10 1.408340e+10 1.408340e+10 1.408340e+10 1.408340e+10 1.408340e+10 1.408340e+10 1.408340e+10 1.408340e+10 1.408340e+10 1.490548e+10 1.449444e+10 1.449444e+10 1.44
9444e+10 1.449444e+10 1.449444e+10 1.449444e+10 1.449444e+10 1.449444e+10
1.448922e+10 1.448922e+10 1.448922e+10 1.448922e+10 1.448922e+10 1.448922e+10 1.448922e+10 1.448922e+10 1.448922e+10 1.448922e+10 1.448922e+10 1.448922e+10 1.448922e+10 1.448922e+10 1.448922e+10 1.448922e+10 1.448922e+10 1.448922e+10 1.448922e+10 1.448922e+10 1.448922e+10 1.448922e+10 1.448922e+10 1.448922e+10 1.448922e+10 1.448922e+10 1.448922e+10 1.448922e+10 1.448922e+10 1.448922e+10 1.448922e+10 1.448922e+10 1.448922e+10 1.448922e+10 1.448922e+10 1.448922e+10 1.448922e+10 1.531131e+10 1.448922e+10 1.44
8922e+10 1.448922e+10 1.448922e+10 1.448922e+10 1.448922e+10 1.448922e+10
1.448922e+10 1.448922e+10 1.448922e+10 1.448922e+10 1.448922e+10 1.448922e+10 1.448922e+10 1.448922e+10 1.448922e+10 1.448922e+10 1.448922e+10 1.448922e+10 1.448922e+10 1.448922e+10 1.448922e+10 1.448922e+10 1.448922e+10 1.448922e+10 1.448922e+10 1.448922e+10 1.448922e+10 1.448922e+10 1.448922e+10 1.448922e+10 1.448922e+10 1.448922e+10 1.448922e+10 1.448922e+10 1.448922e+10 1.448922e+10 1.448922e+10 1.448922e+10 1.448922e+10 1.448922e+10 1.448922e+10 1.448922e+10 1.448922e+10 1.448922e+10 1.531131e+10 1.36
6714e+10 1.366714e+10 1.366714e+10 1.366714e+10 1.366714e+10 1.366714e+10
1.284506e+10 1.284506e+10 1.284506e+10 1.284506e+10 1.284506e+10 1.284506e+10 1.284506e+10 1.284506e+10 1.284506e+10 1.284506e+10 1.284506e+10 1.284506e+10 1.284506e+10 1.284506e+10 1.284506e+10 1.284506e+10 1.284506e+10 1.284506e+10 1.284506e+10 1.284506e+10 1.284506e+10 1.284506e+10 1.284506e+10 1.284506e+10 1.284506e+10 1.284506e+10 1.284506e+10 1.284506e+10 1.284506e+10 1.284506e+10 1.284506e+10 1.284506e+10 1.284506e+10 1.284506e+10 1.284506e+10 1.284506e+10 1.284506e+10 1.284506e+10 1.284506e+10 1.32
5610e+10 1.161193e+10 1.161193e+10 1.161193e+10 1.161193e+10 1.161193e+10
1.150917e+10 1.150917e+10 1.150917e+10 1.150917e+10 1.150917e+10 1.150917e+10 1.150917e+10 1.150917e+10 1.150917e+10 1.150917e+10 1.150917e+10 1.150917e+10 1.150917e+10 1.150917e+10 1.150917e+10 1.150917e+10 1.150917e+10 1.150917e+10 1.150917e+10 1.150917e+10 1.150917e+10 1.150917e+10 1.150917e+10 1.150917e+10 1.150917e+10 1.150917e+10 1.150917e+10 1.150917e+10 1.150917e+10 1.150917e+10 1.150917e+10 1.150917e+10 1.150917e+10 1.150917e+10 1.150917e+10 1.150917e+10 1.150917e+10 1.150917e+10 1.150917e+10 1.15
0917e+10 1.315334e+10 1.274230e+10 1.274230e+10 1.274230e+10 1.274230e+10
1.274230e+10 1.274230e+10 1.274230e+10 1.274230e+10 1.274230e+10 1.274230e+10 1.274230e+10 1.274230e+10 1.274230e+10 1.274230e+10 1.274230e+10 1.274230e+10 1.274230e+10 1.274230e+10 1.274230e+10 1.274230e+10 1.274230e+10 1.274230e+10 1.274230e+10 1.274230e+10 1.274230e+10 1.274230e+10 1.274230e+10 1.274230e+10 1.274230e+10 1.274230e+10 1.274230e+10 1.274230e+10 1.274230e+10 1.274230e+10 1.274230e+10 1.274230e+10 1.274230e+10 1.274230e+10 1.274230e+10 1.274230e+10 1.274230e+10 1.274230e+10 1.274230e+10 1.27
4230e+10 1.274230e+10 1.438646e+10 1.274230e+10 1.274230e+10 1.274230e+10
1.274230e+10 1.274230e+10 1.274230e+10 1.274230e+10 1.274230e+10 1.274230e+10 1.274230e+10 1.274230e+10 1.274230e+10 1.274230e+10 1.274230e+10 1.274230e+10 1.274230e+10 1.274230e+10 1.274230e+10 1.274230e+10 1.274230e+10 1.274230e+10 1.274230e+10 1.274230e+10 1.274230e+10 1.274230e+10 1.274230e+10 1.274230e+10 1.274230e+10 1.274230e+10 1.274230e+10 1.274230e+10 1.274230e+10 1.274230e+10 1.274230e+10 1.274230e+10 1.274230e+10 1.274230e+10 1.274230e+10 1.274230e+10 1.274230e+10 1.274230e+10 1.274230e+10 1.27
4230e+10 1.274230e+10 1.274230e+10 1.356438e+10 1.027604e+10 1.027604e+10
8.220836e+09 8.220836e+09 8.220836e+09 8.220836e+09 8.220836e+09 8.220836e+09 8.220836e+09 8.220836e+09 8.220836e+09 8.220836e+09 8.220836e+09 8.220836e+09 8.220836e+09 8.220836e+09 8.220836e+09 8.220836e+09 8.220836e+09 8.220836e+09 8.220836e+09 8.220836e+09 8.220836e+09 8.220836e+09 8.220836e+09 8.220836e+09 8.220836e+09 8.220836e+09 8.220836e+09 8.220836e+09 8.220836e+09 8.220836e+09 8.220836e+09 8.220836e+09 8.220836e+09 8.220836e+09 8.220836e+09 8.220836e+09 8.220836e+09 8.220836e+09 8.220836e+09 8.22
0836e+09 8.220836e+09 8.220836e+09 8.220836e+09 1.150917e+10 9.865003e+09
9.865003e+09 9.865003e+09 9.865003e+09 9.865003e+09 9.865003e+09 9.865003e+09 9.865003e+09 9.865003e+09 9.865003e+09 9.865003e+09 9.865003e+09 9.865003e+09 9.865003e+09 9.865003e+09 9.865003e+09 9.865003e+09 9.865003e+09 9.865003e+09 9.865003e+09 9.865003e+09 9.865003e+09 9.865003e+09 9.865003e+09 9.865003e+09 9.865003e+09 9.865003e+09 9.865003e+09 9.865003e+09 9.865003e+09 9.865003e+09 9.865003e+09 9.865003e+09 9.865003e+09 9.865003e+09 9.865003e+09 9.865003e+09 9.865003e+09 9.865003e+09 9.865003e+09 9.86
5003e+09 9.865003e+09 9.865003e+09 9.865003e+09 9.865003e+09 1.315334e+10

====== Solved Solution ====== Free_Eout:
0 0 0 0 0 0 0 0 0 0 0 0 0 0 0 0 0 0 0 0 0 0 0 0 0 0 0 0 0 0 0 0 0 0 0 0 0 0 0 0 0 0 0 0 0 0 0 0 0 0 0 0 0 0 0 0 0 0 0 0 0 0 0 0 0 0 0 0 0 0 0 0 0 0 0 0 0 0 0 0 0 0 0 0 0 0 0
0 0 0 0 0 0 0 0 0 0 0 0 0 0 0 0 0 0 0 0 0 0 0 0 0 0 0 0 0 0 0 0 0 0 0 0 0 0 0 0 0 0 0 0 0 0 0 0 0 0 0 0 0 0 0 0 0 0 0 0 0 0 0 0 0 0 0 0 0 0 0 0 0 0 0 0 0 0 0 0 0 0 0 0 0 0 0
0 0 0 0 0 0 0 0 0 0 0 0 0 0 0 0 0 0 0 0 0 0 0 0 0 0 0 0 0 0 0 0 0 0 0 0 0 0 0 0 0 0 0 0 0 0 0 0 0 0 0 0 0 0 0 0 0 0 0 0 0 0 0 0 0 0 0 0 0 0 0 0 0 0 0 0 0 0 0 0 0 0 0 0 0 0 0
0 0 0 0 0 0 0 0 0 0 0 0 0 0 0 0 0 0 0 0 0 0 0 0 0 0 0 0 0 0 0 0 0 0 0 0 0 0 0 0 0 0 0 0 0 0 0 0 0 0 0 0 0 0 0 0 0 0 0 0 0 0 0 0 0 0 0 0 0 0 0 0 0 0 0 0 0 0 0 0 0 0 0 0 0 0 0
0 0 0 0 0 0 0 0 0 0 0 0 0 0 0 0 0 0 0 0 0 0 0 0 0 0 0 0 0 0 0 0 0 0 0 0 0 0 0 0 0 0 0 0 0 0 0 0 0 0 0 0 0 0 0 0 0 0 0 0 0 0 0 0 0 0 0 0 0 0 0 0 0 0 0 0 0 0 0 0 0 0 0 0 0 0 0
0 0 0 0 0 0 0 0 0 0 0 0 0 0 0 0 0 0 0 0 0 0 0 0 0 0 0 0 0 0 0 0 0 0 0 0 0 0 0 0 0 0 0 0 0 0 0 0 0 0 0 0 0 0 0 0 0 0 0 0 0 0 0 0 0 0 0 0 0 0 0 0 0 0 0 0 0 0 0 0 0 0 0 0 0 0 0
0 0 0 0 0 0 0 0 0 0 0 0 0 0 0 0 0 0 0 0 0 0 0 0 0 0 0 0 0 0 0 0 0 0 0 0 0 0 0 0 0 0 0 0 0 0 0 0 0 0 0 0 0 0 0 0 0 0 0 0 0 0 0 0 0 0 0 0 0 0 0 0 0 0 0 0 0 0 0 0 0 0 0 0 0 0 0
0 0 0 0 0 0 0 0 0 0 0 0 0 0 0 0 0 0 0 0 0 0 0 0 0 0 0 0 0 0 0 0 0 0 0 0 0 0 0 0 0 0 0 0 0 0 0 0 0 0 0 0 0 0 0 0 0 0 0 0 0 0 0 0 0 0 0 0 0 0 0 0 0 0 0 0 0 0 0 0 0 0 0 0 0 0 0
0 0 0 0 0 0 0 0 0 0 0 0 0 0 0 0 0 0 0 0 0 0 0 0 0 0 0 0 0 0 0 0 0 0 0 0 0 0 0 0 0 0 0 0 0 0 0 0 0 0 0 0 0 0 0 0 0 0 0 0 0 0 0 0 0 0 0 0 0 0 0 0 0 0 0 0 0 0 0 0 0 0 0 0 0 0 0
0 0 0 0 0 0 0 0 0 0 0 0 0 0 0 0 0 0 0 0 0 0 0 0 0 0 0 0 0 0 0 0 0 0 0 0 0 0 0 0 0 0 0 0 0 0 0 0 0 0 0 0 0 0 0 0 0 0 0 0 0 0 0 0 0 0 0 0 0 0 0 0 0 0 0 0 0 0 0 0 0 0 0 0 0 0 0
0 0 0 0 0 0 0 0 0 0 0 0 0 0 0 0 0 0 0 0 0 0 0 0 0 0 0 0 0 0 0 0 0 0 0 0 0 0 0 0 0 0 0 0 0 0 0 0 0 0 0 0 0 0 0 0 0 0 0 0 0 0 0 0 0 0 0 0 0 0 0 0 0 0 0 0 0 0 0 0 0 0 0 0 0 0 0
0 0 0 0 0 0 0 0 0 0 0 0 0 0 0 0 0 0 0 0 0 0 0 0 0 0 0 0 0 0 0 0 0 0 0 0 0 0 0 0 0 0 0 0 0 0 0 0 0 0 0 0 0 0 0 0 0 0 0 0 0 0 0 0 0 0 0 0 0 0 0 0 0 0 0 0 0 0 0 0 0 0 0 0 0 0 0
0 0 0 0 0 0 0 0 0 0 0 0 0 0 0 0 0 0 0 0 0 0 0 0 0 0 0 0 0 0 0 0 0 0 0 0 0 0 0 0 0 0 0 0 0 0 0 0 0 0 0 0 0 0 0 0 0 0 0 0 0 0 0 0 0 0 0 0 0 0 0 0 0 0 0 0 0 0 0 0 0 0 0 0 0 0 0
0 0 0 0 0 0 0 0 0 0 0 0 0 0 0 0 0 0 0 0 0 0 0 0 0 0 0 0 0 0 0 0 0 0 0 0 0 0 0 0 0 0 0 0 0 0 0 0 0 0 0 0 0 0 0 0 0 0 0 0 0 0 0 0 0 0 0 0 0 0 0 0 0 0 0 0 0 0 0 0 0 0 0 0 0 0 0
0 0 0 0 0 0 0 0 0 0 0 0 0 0 0 0 0 0 0 0 0 0 0 0 0 0 0 0 0 0 0 0 0 0 0 0 0 0 0 0 0 0 0 0 0 0 0 0 0 0 0 0 0 0 0 0 0 0 0 0 0 0 0 0 0 0 0 0 0 0 0 0 0 0 0 0 0 0 0 0 0 0 0 0 0 0 0
0 0 0 0 0 0 0 0 0 0 0 0 0 0 0 0 0 0 0 0 0 0 0 0 0 0 0 0 0 0 0 0 0 0 0 0 0 0 0 0 0 0 0 0 0 0 0 0 0 0 0 0 0 0 0 0 0 0 0 0 0 0 0 0 0 0 0 0 0 0 0 0 0 0 0 0 0 0 0 0 0 0 0 0 0 0 0
0 0 0 0 0 0 0 0 0 0 0 0 0 0 0 0 0 0 0 0 0 0 0 0 0 0 0 0 0 0 0 0 0 0 0 0 0 0 0 0 0 0 0 0 0 0 0 0 0 0 0 0 0 0 0 0 0 0 0 0 0 0 0 0 0 0 0 0 0 0 0 0 0 0 0 0 0 0 0 0 0 0 0 0 0 0 0
0 0 0 0 0 0 0 0 0 0 0 0 0 0 0 0 0 0 0 0 0 0 0 0 0 0 0 0 0 0 0 0 0 0 0 0 0 0 0 0 0 0 0 0 0 0 0 0 0 0 0 0 0 0 0 0 0 0 0 0 0 0 0 0 0 0 0 0 0 0 0 0 0 0 0 0 0 0 0 0 0 0 0 0 0 0 0
0 0 0 0 0 0 0 0 0 0 0 0 0 0 0 0 0 0 0 0 0 0 0 0 0 0 0 0 0 0 0 0 0 0 0 0 0 0 0 0 0 0 0 0 0 0 0 0 0 0 0 0 0 0 0 0 0 0 0 0 0 0 0 0 0 0 0 0 0 0 0 0 0 0 0 0 0 0 0 0 0 0 0 0 0 0 0
0 0 0 0 0 0 0 0 0 0 0 0 0 0 0 0 0 0 0 0 0 0 0 0 0 0 0 0 0 0 0 0 0 0 0 0 0 0 0 0 0 0 0 0 0 0 0 0 0 0 0 0 0 0 0 0 0 0 0 0 0 0 0 0 0 0 0 0 0 0 0 0 0 0 0 0 0 0 0 0 0 0 0 0 0 0 0
0 0 0 0 0 0 0 0 0 0 0 0 0 0 0 0 0 0 0 0 0 0 0 0 0 0 0 0 0 0 0 0 0 0 0 0 0 0 0 0 0 0 0 0 0 0 0 0 0 0 0 0 0 0 0 0 0 0 0 0 0 0 0 0 0 0 0 0 0 0 0 0 0 0 0 0 0 0 0 0 0 0 0 0 0 0 0
0 0 0 0 0 0 0 0 0 0 0 0 0 0 0 0 0 0 0 0 0 0 0 0 0 0 0 0 0 0 0 0 0 0 0 0 0 0 0 0 0 0 0 0 0 0 0 0 0 0 0 0 0 0 0 0 0 0 0 0 0 0 0 0 0 0 0 0 0 0 0 0 0 0 0 0 0 0 0 0 0 0 0 0 0 0 0
0 0 0 0 0 0 0 0 0 0 0 0 0 0 0 0 0 0 0 0 0 0 0 0 0 0 0 0 0 0 0 0 0 0 0 0 0 0 0 0 0 0 0 0 0 0 0 0 0 0 0 0 0 0 0 0 0 0 0 0 0 0 0 0 0 0 0 0 0 0 0 0 0 0 0 0 0 0 0 0 0 0 0 0 0 0 0
0 0 0 0 0 0 0 0 0 0 0 0 0 0 0 0 0 0 0 0 0 0 1 0 0 0 0 0 0 0 0 0 0 0 0 0 0 0 0 0 0 0 0 0 0 0 0 0 0 0 0 0 0 0 0 0 0 0 0 0 0 0 0 0 0 0 0 0 0 0 0 0 0 0 0 0 0 0 0 0 0 0 0 0 0 0 0
0 0 0 0 0 0 0 0 0 0 0 0 0 0 0 0 0 0 0 0 0 0 0 0 0 0 1 0 0 0 0 0 0 0 0 0 0 0 0 0 0 0 0 0 0 0 0 0 0 0 0 0 0 0 0 0 0 0 0 0 0 0 0 0 0 0 0 0 0 0 0 0 0 0 0 0 0 0 0 0 0 0 0 0 0 0 0
0 0 0 0 0 0 0 0 0 0 0 0 0 0 0 0 0 0 0 0 0 0 0 0 0 0 0 0 1 1 0 0 0 0 0 0 0 0 0 0 0 0 0 0 0 0 0 0 0 0 0 0 0 0 0 0 0 0 0 0 0 0 0 0 0 0 0 0 0 0 0 0 0 0 0 0 0 0 0 0 0 0 0 0 0 0 0
0 0 0 0 0 0 0 0 0 0 0 0 0 0 0 0 0 0 0 0 0 0 0 0 0 0 0 0 0 0 0 0 1 0 0 0 0 0 0 0 0 0 0 0 0 0 0 0 0 0 0 0 0 0 0 0 0 0 0 0 0 0 0 0 0 0 0 0 0 0 0 0 0 0 0 0 0 0 0 0 0 0 0 0 0 0 0
0 0 0 0 0 0 0 0 0 0 0 0 0 0 0 0 0 0 0 0 0 0 0 0 0 0 0 0 0 0 0 0 0 0 1 1 0 0 0 0 0 0 0 0 0 0 0 0 0 0 0 0 0 0 0 0 0 0 0 0 0 0 0 0 0 0 0 0 0 0 0 0 0 0 0 0 0 0 0 0 0 0 0 0 0 0 0
0 0 0 0 0 0 0 0 0 0 0 0 0 0 0 0 0 0 0 0 0 0 0 0 0 0 0 0 0 0 0 0 0 0 0 0 0 0 1 0 0 0 0 0 0 0 0 0 0 0 0 0 0 0 0 0 0 0 0 0 0 0 0 0 0 0 0 0 0 0 0 0 0 0 0 0 0 0 0 0 0 0 0 0 0 0 0
0 0 0 0 0 0 0 0 0 0 0 0 0 0 0 0 0 0 0 0 0 0 0 0 0 0 0 0 0 0 0 0 0 0 0 0 0 0 0 0 1 1 0 0 0 0 0 0 0 0 0 0 0 0 0 0 0 0 0 0 0 0 0 0 0 0 0 0 0 0 0 0 0 0 0 0 0 0 0 0 0 0 0 0 0 0 0
0 0 0 0 0 0 0 0 0 0 0 0 0 0 0 0 0 0 0 0 0 0 0 0 0 0 0 0 0 0 0 0 0 0 0 0 0 0 0 0 0 0 0 1 1 0 0 0 0 0 0 0 0 0 0 0 0 0 0 0 0 0 0 0 0 0 0 0 0 0 0 0 0 0 0 0 0 0 0 0 0 0 0 0 0 0 0
0 0 0 0 0 0 0 0 0 0 0 0 0 0 0 0 0 0 0 0 0 0 0 0 0 0 0 0 0 0 0 0 0 0 0 0 0 0 0 0 0 0 0 0 0 0 1 1 0 0 0 0 0 0 0 0 0 0 0 0 0 0 0 0 0 0 0 0 0 0 0 0 0 0 0 0 0 0 0 0 0 0 0 0 0 0 0
0 0 0 0 0 0 0 0 0 0 0 0 0 0 0 0 0 0 0 0 0 0 0 0 0 0 0 0 0 0 0 0 0 0 0 0 0 0 0 0 0 0 0 0 0 0 0 0 0 0 1 0 0 0 0 0 0 0 0 0 0 0 0 0 0 0 0 0 0 0 0 0 0 0 0 0 0 0 0 0 0 0 0 0 0 0 0
0 0 0 0 0 0 0 0 0 0 0 0 0 0 0 0 0 0 0 0 0 0 0 0 0 0 0 0 0 0 0 0 0 0 0 0 0 0 0 0 0 0 0 0 0 0 0 0 0 0 0 0 1 0 0 0 0 0 0 0 0 0 0 0 0 0 0 0 0 0 0 0 0 0 0 0 0 0 0 0 0 0 0 0 0 0 0
0 0 0 0 0 0 0 0 0 0 0 0 0 0 0 0 0 0 0 0 0 0 0 0 0 0 0 0 0 0 0 0 0 0 0 0 0 0 0 0 0 0 0 0 0 0 0 0 0 0 0 0 0 0 0 1 1 0 0 0 0 0 0 0 0 0 0 0 0 0 0 0 0 0 0 0 0 0 0 0 0 0 0 0 0 0 0
0 0 0 0 0 0 0 0 0 0 0 0 0 0 0 0 0 0 0 0 0 0 0 0 0 0 0 0 0 0 0 0 0 0 0 0 0 0 0 0 0 0 0 0 0 0 0 0 0 0 0 0 0 0 0 0 0 0 1 1 0 0 0 0 0 0 0 0 0 0 0 0 0 0 0 0 0 0 0 0 0 0 0 0 0 0 0
0 0 0 0 0 0 0 0 0 0 0 0 0 0 0 0 0 0 0 0 0 0 0 0 0 0 0 0 0 0 0 0 0 0 0 0 0 0 0 0 0 0 0 0 0 0 0 0 0 0 0 0 0 0 0 0 0 0 0 0 0 1 1 0 0 0 0 0 0 0 0 0 0 0 0 0 0 0 0 0 0 0 0 0 0 0 0
0 0 0 0 0 0 0 0 0 0 0 0 0 0 0 0 0 0 0 0 0 0 0 0 0 0 0 0 0 0 0 0 0 0 0 0 0 0 0 0 0 0 0 0 0 0 0 0 0 0 0 0 0 0 0 0 0 0 0 0 0 0 0 0 1 0 0 0 0 0 0 0 0 0 0 0 0 0 0 0 0 0 0 0 0 0 0
0 0 0 0 0 0 0 0 0 0 0 0 0 0 0 0 0 0 0 0 0 0 0 0 0 0 0 0 0 0 0 0 0 0 0 0 0 0 0 0 0 0 0 0 0 0 0 0 0 0 0 0 0 0 0 0 0 0 0 0 0 0 0 0 0 0 0 1 1 0 0 0 0 0 0 0 0 0 0 0 0 0 0 0 0 0 0
0 0 0 0 0 0 0 0 0 0 0 0 0 0 0 0 0 0 0 0 0 0 0 0 0 0 0 0 0 0 0 0 0 0 0 0 0 0 0 0 0 0 0 0 0 0 0 0 0 0 0 0 0 0 0 0 0 0 0 0 0 0 0 0 0 0 0 0 0 0 1 1 0 0 0 0 0 0 0 0 0 0 0 0 0 0 0
0 0 0 0 0 0 0 0 0 0 0 0 0 0 0 0 0 0 0 0 0 0 0 0 0 0 0 0 0 0 0 0 0 0 0 0 0 0 0 0 0 0 0 0 0 0 0 0 0 0 0 0 0 0 0 0 0 0 0 0 0 0 0 0 0 0 0 0 0 0 0 0 0 0 1 0 0 0 0 0 0 0 0 0 0 0 0
0 0 0 0 0 0 0 0 0 0 0 0 0 0 0 0 0 0 0 0 0 0 0 0 0 0 0 0 0 0 0 0 0 0 0 0 0 0 0 0 0 0 0 0 0 0 0 0 0 0 0 0 0 0 0 0 0 0 0 0 0 0 0 0 0 0 0 0 0 0 0 0 0 0 0 0 0 1 0 0 0 0 0 0 0 0 0
0 0 0 0 0 0 0 0 0 0 0 0 0 0 0 0 0 0 0 0 0 0 0 0 0 0 0 0 0 0 0 0 0 0 0 0 0 0 0 0 0 0 0 0 0 0 0 0 0 0 0 0 0 0 0 0 0 0 0 0 0 0 0 0 0 0 0 0 0 0 0 0 0 0 0 0 0 0 0 1 1 0 0 0 0 0 0
0 0 0 0 0 0 0 0 0 0 0 0 0 0 0 0 0 0 0 0 0 0 0 0 0 0 0 0 0 0 0 0 0 0 0 0 0 0 0 0 0 0 0 0 0 0 0 0 0 0 0 0 0 0 0 0 0 0 0 0 0 0 0 0 0 0 0 0 0 0 0 0 0 0 0 0 0 0 0 0 0 0 1 1 0 0 0
0 0 0 0 0 0 0 0 0 0 0 0 0 0 0 0 0 0 0 0 0 0 0 0 0 0 0 0 0 0 0 0 0 0 0 0 0 0 0 0 0 0 0 0 0 0 0 0 0 0 0 0 0 0 0 0 0 0 0 0 0 0 0 0 0 0 0 0 0 0 0 0 0 0 0 0 0 0 0 0 0 0 0 0 1 1 1
