
Gurobi 9.1.2 (linux64) logging started Wed Oct 13 02:58:51 2021

Changed value of parameter LogFile to /home/zongzan/dist_dnn_training/MixedMemoryOpt/data/budget_sweep/p32xlarge_VGG16_256_None/ilp_log/ilp_16893139648.log
   Prev:   Default: 
Changed value of parameter Threads to 32
   Prev: 0  Min: 0  Max: 1024  Default: 0
Changed value of parameter TimeLimit to 3600.0
   Prev: inf  Min: 0.0  Max: inf  Default: inf
Changed value of parameter OptimalityTol to 0.0001
   Prev: 1e-06  Min: 1e-09  Max: 0.01  Default: 1e-06
Parameter IntFeasTol unchanged
   Value: 1e-05  Min: 1e-09  Max: 0.1  Default: 1e-05
Changed value of parameter Presolve to 2
   Prev: -1  Min: -1  Max: 2  Default: -1
Changed value of parameter StartNodeLimit to 10000000
   Prev: -1  Min: -3  Max: 2000000000  Default: -1
Changed value of parameter TimeLimit to 300.0
   Prev: 3600.0  Min: 0.0  Max: inf  Default: inf
Gurobi Optimizer version 9.1.2 build v9.1.2rc0 (linux64)
Thread count: 28 physical cores, 56 logical processors, using up to 32 threads
Optimize a model with 21065 rows, 9990 columns and 65978 nonzeros
Model fingerprint: 0x841af2a4
Variable types: 2025 continuous, 7965 integer (7965 binary)
Coefficient statistics:
  Matrix range     [1e+00, 5e+07]
  Objective range  [4e+00, 2e+02]
  Bounds range     [1e+00, 3e+08]
  RHS range        [1e+00, 3e+08]
Presolve removed 16167 rows and 6268 columns
Presolve time: 0.11s
Presolved: 4898 rows, 3722 columns, 18066 nonzeros
Variable types: 0 continuous, 3722 integer (2772 binary)
Found heuristic solution: objective 32792.945811
Presolve removed 94 rows and 92 columns
Presolved: 4804 rows, 3630 columns, 17810 nonzeros


Root relaxation: objective 3.261162e+03, 1709 iterations, 0.05 seconds

    Nodes    |    Current Node    |     Objective Bounds      |     Work
 Expl Unexpl |  Obj  Depth IntInf | Incumbent    BestBd   Gap | It/Node Time

H    0     0                    3261.1616858 3099.47254  4.96%     -    0s
     0     0     cutoff    0      3261.16169 3261.16169  0.00%     -    0s

Explored 0 nodes (4190 simplex iterations) in 0.28 seconds
Thread count was 32 (of 56 available processors)

Solution count 2: 3261.16 32792.9 

Optimal solution found (tolerance 1.00e-04)
Best objective 3.261161685805e+03, best bound 3.261161685805e+03, gap 0.0000%
Changed value of parameter TimeLimit to 3600.0
   Prev: 300.0  Min: 0.0  Max: inf  Default: inf


Restarting solve


Gurobi Optimizer version 9.1.2 build v9.1.2rc0 (linux64)
Thread count: 28 physical cores, 56 logical processors, using up to 32 threads
Optimize a model with 19803 rows, 9990 columns and 64716 nonzeros
Model fingerprint: 0xae4b743c
Variable types: 2025 continuous, 7965 integer (7965 binary)
Coefficient statistics:
  Matrix range     [1e+00, 5e+07]
  Objective range  [4e+00, 2e+02]
  Bounds range     [1e+00, 3e+08]
  RHS range        [1e+00, 3e+08]

MIP start from previous solve produced solution with objective 3261.16 (0.01s)
Loaded MIP start from previous solve with objective 3261.16

Presolve removed 13994 rows and 5780 columns
Presolve time: 0.09s
Presolved: 5809 rows, 4210 columns, 21612 nonzeros
Variable types: 0 continuous, 4210 integer (3207 binary)
Presolve removed 72 rows and 70 columns
Presolved: 5737 rows, 4140 columns, 21454 nonzeros


Root relaxation: objective 3.099473e+03, 1973 iterations, 0.06 seconds

    Nodes    |    Current Node    |     Objective Bounds      |     Work
 Expl Unexpl |  Obj  Depth IntInf | Incumbent    BestBd   Gap | It/Node Time

     0     0 3099.47254    0   27 3261.16169 3099.47254  4.96%     -    0s
     0     0 3099.47254    0  152 3261.16169 3099.47254  4.96%     -    0s
H    0     0                    3099.4725397 3099.47254  0.00%     -    0s

Cutting planes:
  Gomory: 7
  Cover: 23
  Implied bound: 1
  Relax-and-lift: 2

Explored 1 nodes (5600 simplex iterations) in 0.47 seconds
Thread count was 32 (of 56 available processors)

Solution count 2: 3099.47 3261.16 

Optimal solution found (tolerance 1.00e-04)
Best objective 3.099472539698e+03, best bound 3.099472539698e+03, gap 0.0000%

====== Solved Solution ====== R:
1 0 0 0 0 0 0 0 0 0 0 0 0 0 0 0 0 0 0 0 0 0 0 0 0 0 0 0 0 0 0 0 0 0 0 0 0 0 0 0 0 0 0 0 0
0 1 0 0 0 0 0 0 0 0 0 0 0 0 0 0 0 0 0 0 0 0 0 0 0 0 0 0 0 0 0 0 0 0 0 0 0 0 0 0 0 0 0 0 0
0 0 1 0 0 0 0 0 0 0 0 0 0 0 0 0 0 0 0 0 0 0 0 0 0 0 0 0 0 0 0 0 0 0 0 0 0 0 0 0 0 0 0 0 0
0 0 0 1 0 0 0 0 0 0 0 0 0 0 0 0 0 0 0 0 0 0 0 0 0 0 0 0 0 0 0 0 0 0 0 0 0 0 0 0 0 0 0 0 0
0 0 0 0 1 0 0 0 0 0 0 0 0 0 0 0 0 0 0 0 0 0 0 0 0 0 0 0 0 0 0 0 0 0 0 0 0 0 0 0 0 0 0 0 0
0 0 0 0 0 1 0 0 0 0 0 0 0 0 0 0 0 0 0 0 0 0 0 0 0 0 0 0 0 0 0 0 0 0 0 0 0 0 0 0 0 0 0 0 0
0 0 0 0 0 0 1 0 0 0 0 0 0 0 0 0 0 0 0 0 0 0 0 0 0 0 0 0 0 0 0 0 0 0 0 0 0 0 0 0 0 0 0 0 0
0 0 0 0 0 0 0 1 0 0 0 0 0 0 0 0 0 0 0 0 0 0 0 0 0 0 0 0 0 0 0 0 0 0 0 0 0 0 0 0 0 0 0 0 0
0 0 0 0 0 0 0 0 1 0 0 0 0 0 0 0 0 0 0 0 0 0 0 0 0 0 0 0 0 0 0 0 0 0 0 0 0 0 0 0 0 0 0 0 0
0 0 0 0 0 0 0 0 0 1 0 0 0 0 0 0 0 0 0 0 0 0 0 0 0 0 0 0 0 0 0 0 0 0 0 0 0 0 0 0 0 0 0 0 0
0 0 0 0 0 0 0 0 0 0 1 0 0 0 0 0 0 0 0 0 0 0 0 0 0 0 0 0 0 0 0 0 0 0 0 0 0 0 0 0 0 0 0 0 0
0 0 0 0 0 0 0 0 0 0 0 1 0 0 0 0 0 0 0 0 0 0 0 0 0 0 0 0 0 0 0 0 0 0 0 0 0 0 0 0 0 0 0 0 0
0 0 0 0 0 0 0 0 0 0 0 0 1 0 0 0 0 0 0 0 0 0 0 0 0 0 0 0 0 0 0 0 0 0 0 0 0 0 0 0 0 0 0 0 0
0 0 0 0 0 0 0 0 0 0 0 0 0 1 0 0 0 0 0 0 0 0 0 0 0 0 0 0 0 0 0 0 0 0 0 0 0 0 0 0 0 0 0 0 0
0 0 0 0 0 0 0 0 0 0 0 0 0 0 1 0 0 0 0 0 0 0 0 0 0 0 0 0 0 0 0 0 0 0 0 0 0 0 0 0 0 0 0 0 0
0 0 0 0 0 0 0 0 0 0 0 0 0 0 0 1 0 0 0 0 0 0 0 0 0 0 0 0 0 0 0 0 0 0 0 0 0 0 0 0 0 0 0 0 0
0 0 0 0 0 0 0 0 0 0 0 0 0 0 0 0 1 0 0 0 0 0 0 0 0 0 0 0 0 0 0 0 0 0 0 0 0 0 0 0 0 0 0 0 0
0 0 0 0 0 0 0 0 0 0 0 0 0 0 0 0 0 1 0 0 0 0 0 0 0 0 0 0 0 0 0 0 0 0 0 0 0 0 0 0 0 0 0 0 0
0 0 0 0 0 0 0 0 0 0 0 0 0 0 0 0 0 0 1 0 0 0 0 0 0 0 0 0 0 0 0 0 0 0 0 0 0 0 0 0 0 0 0 0 0
0 0 0 0 0 0 0 0 0 0 0 0 0 0 0 0 0 0 0 1 0 0 0 0 0 0 0 0 0 0 0 0 0 0 0 0 0 0 0 0 0 0 0 0 0
0 0 0 0 0 0 0 0 0 0 0 0 0 0 0 0 0 0 0 0 1 0 0 0 0 0 0 0 0 0 0 0 0 0 0 0 0 0 0 0 0 0 0 0 0
0 0 0 0 0 0 0 0 0 0 0 0 0 0 0 0 0 0 0 0 0 1 0 0 0 0 0 0 0 0 0 0 0 0 0 0 0 0 0 0 0 0 0 0 0
0 0 0 0 0 0 0 0 0 0 0 0 0 0 0 0 0 0 0 0 0 0 1 0 0 0 0 0 0 0 0 0 0 0 0 0 0 0 0 0 0 0 0 0 0
0 0 0 0 0 0 0 0 0 0 0 0 0 0 0 0 0 0 0 0 0 0 0 1 0 0 0 0 0 0 0 0 0 0 0 0 0 0 0 0 0 0 0 0 0
0 0 0 0 0 0 0 0 0 0 0 0 0 0 0 0 0 0 0 0 0 0 0 0 1 0 0 0 0 0 0 0 0 0 0 0 0 0 0 0 0 0 0 0 0
0 0 0 0 0 0 0 0 0 0 0 0 0 0 0 0 0 0 0 0 0 0 0 0 0 1 0 0 0 0 0 0 0 0 0 0 0 0 0 0 0 0 0 0 0
0 0 0 0 0 0 0 0 0 0 0 0 0 0 0 0 0 0 0 0 0 0 0 0 0 0 1 0 0 0 0 0 0 0 0 0 0 0 0 0 0 0 0 0 0
0 0 0 0 0 0 0 0 0 0 0 0 0 0 0 0 0 0 0 0 0 0 0 0 0 0 0 1 0 0 0 0 0 0 0 0 0 0 0 0 0 0 0 0 0
0 0 0 0 0 0 0 0 0 0 0 0 0 0 0 0 0 0 0 0 0 0 0 0 0 0 0 0 1 0 0 0 0 0 0 0 0 0 0 0 0 0 0 0 0
0 0 0 0 0 0 0 0 0 0 0 0 0 0 0 0 0 0 0 0 0 0 0 0 0 0 0 0 0 1 0 0 0 0 0 0 0 0 0 0 0 0 0 0 0
0 0 0 0 0 0 0 0 0 0 0 0 0 0 0 0 0 0 0 0 0 0 0 0 0 0 0 0 0 0 1 0 0 0 0 0 0 0 0 0 0 0 0 0 0
0 0 0 0 0 0 0 0 0 0 0 0 0 0 0 0 0 0 0 0 0 0 0 0 0 0 0 0 0 0 0 1 0 0 0 0 0 0 0 0 0 0 0 0 0
0 0 0 0 0 0 0 0 0 0 0 0 0 0 0 0 0 0 0 0 0 0 0 0 0 0 0 0 0 0 0 0 1 0 0 0 0 0 0 0 0 0 0 0 0
0 0 0 0 0 0 0 0 0 0 0 0 0 0 0 0 0 0 0 0 0 0 0 0 0 0 0 0 0 0 0 0 0 1 0 0 0 0 0 0 0 0 0 0 0
0 0 0 0 0 0 0 0 0 0 0 0 0 0 0 0 0 0 0 0 0 0 0 0 0 0 0 0 0 0 0 0 0 0 1 0 0 0 0 0 0 0 0 0 0
0 0 0 0 0 0 0 0 0 0 0 0 0 0 0 0 0 0 0 0 0 0 0 0 0 0 0 0 0 0 0 0 0 0 0 1 0 0 0 0 0 0 0 0 0
0 0 0 0 0 0 0 0 0 0 0 0 0 0 0 0 0 0 0 0 0 0 0 0 0 0 0 0 0 0 0 0 0 0 0 0 1 0 0 0 0 0 0 0 0
0 0 0 0 0 0 0 0 0 0 0 0 0 0 0 0 0 0 0 0 0 0 0 0 0 0 0 0 0 0 0 0 0 0 0 0 0 1 0 0 0 0 0 0 0
0 0 0 0 0 0 0 0 0 0 0 0 0 0 0 0 0 0 0 0 0 0 0 0 0 0 0 0 0 0 0 0 0 0 0 0 0 0 1 0 0 0 0 0 0
0 0 0 0 0 0 0 0 0 0 0 0 0 0 0 0 0 0 0 0 0 0 0 0 0 0 0 0 0 0 0 0 0 0 0 0 0 0 0 1 0 0 0 0 0
0 0 0 0 0 0 0 0 0 0 0 0 0 0 0 0 0 0 0 0 0 0 0 0 0 0 0 0 0 0 0 0 0 0 0 0 0 0 0 0 1 0 0 0 0
0 0 0 0 0 0 0 0 0 0 0 0 0 0 0 0 0 0 0 0 0 0 0 0 0 0 0 0 0 0 0 0 0 0 0 0 0 0 0 0 0 1 0 0 0
0 0 0 0 0 0 0 0 0 0 0 0 0 0 0 0 0 0 0 0 0 0 0 0 0 0 0 0 0 0 0 0 0 0 0 0 0 0 0 0 0 0 1 0 0
0 0 0 0 0 0 0 0 0 0 0 0 0 0 0 0 0 0 0 0 0 0 0 0 0 0 0 0 0 0 0 0 0 0 0 0 0 0 0 0 0 0 0 1 0
0 0 0 0 0 0 0 0 0 0 0 0 0 0 0 0 0 0 0 0 0 0 0 0 0 0 0 0 0 0 0 0 0 0 0 0 0 0 0 0 0 0 0 0 1

====== Solved Solution ====== S:
0 0 0 0 0 0 0 0 0 0 0 0 0 0 0 0 0 0 0 0 0 0 0 0 0 0 0 0 0 0 0 0 0 0 0 0 0 0 0 0 0 0 0 0 0
1 0 0 0 0 0 0 0 0 0 0 0 0 0 0 0 0 0 0 0 0 0 0 0 0 0 0 0 0 0 0 0 0 0 0 0 0 0 0 0 0 0 0 0 0
1 1 0 0 0 0 0 0 0 0 0 0 0 0 0 0 0 0 0 0 0 0 0 0 0 0 0 0 0 0 0 0 0 0 0 0 0 0 0 0 0 0 0 0 0
1 1 1 0 0 0 0 0 0 0 0 0 0 0 0 0 0 0 0 0 0 0 0 0 0 0 0 0 0 0 0 0 0 0 0 0 0 0 0 0 0 0 0 0 0
1 1 1 1 0 0 0 0 0 0 0 0 0 0 0 0 0 0 0 0 0 0 0 0 0 0 0 0 0 0 0 0 0 0 0 0 0 0 0 0 0 0 0 0 0
1 1 1 1 1 0 0 0 0 0 0 0 0 0 0 0 0 0 0 0 0 0 0 0 0 0 0 0 0 0 0 0 0 0 0 0 0 0 0 0 0 0 0 0 0
1 1 1 1 1 1 0 0 0 0 0 0 0 0 0 0 0 0 0 0 0 0 0 0 0 0 0 0 0 0 0 0 0 0 0 0 0 0 0 0 0 0 0 0 0
1 1 1 1 1 1 1 0 0 0 0 0 0 0 0 0 0 0 0 0 0 0 0 0 0 0 0 0 0 0 0 0 0 0 0 0 0 0 0 0 0 0 0 0 0
1 1 1 1 1 1 1 1 0 0 0 0 0 0 0 0 0 0 0 0 0 0 0 0 0 0 0 0 0 0 0 0 0 0 0 0 0 0 0 0 0 0 0 0 0
1 1 1 1 1 1 1 1 1 0 0 0 0 0 0 0 0 0 0 0 0 0 0 0 0 0 0 0 0 0 0 0 0 0 0 0 0 0 0 0 0 0 0 0 0
1 1 1 1 1 1 1 1 1 1 0 0 0 0 0 0 0 0 0 0 0 0 0 0 0 0 0 0 0 0 0 0 0 0 0 0 0 0 0 0 0 0 0 0 0
1 1 1 1 1 1 1 1 1 1 1 0 0 0 0 0 0 0 0 0 0 0 0 0 0 0 0 0 0 0 0 0 0 0 0 0 0 0 0 0 0 0 0 0 0
1 1 1 1 1 1 1 1 1 1 1 1 0 0 0 0 0 0 0 0 0 0 0 0 0 0 0 0 0 0 0 0 0 0 0 0 0 0 0 0 0 0 0 0 0
1 1 1 1 1 1 1 1 1 1 1 1 1 0 0 0 0 0 0 0 0 0 0 0 0 0 0 0 0 0 0 0 0 0 0 0 0 0 0 0 0 0 0 0 0
1 1 1 1 1 1 1 1 1 1 1 1 1 1 0 0 0 0 0 0 0 0 0 0 0 0 0 0 0 0 0 0 0 0 0 0 0 0 0 0 0 0 0 0 0
1 1 1 1 1 1 1 1 1 1 1 1 1 1 1 0 0 0 0 0 0 0 0 0 0 0 0 0 0 0 0 0 0 0 0 0 0 0 0 0 0 0 0 0 0
1 1 1 1 1 1 1 1 1 1 1 1 1 1 1 1 0 0 0 0 0 0 0 0 0 0 0 0 0 0 0 0 0 0 0 0 0 0 0 0 0 0 0 0 0
1 1 1 1 1 1 1 1 1 1 1 1 1 1 1 1 1 0 0 0 0 0 0 0 0 0 0 0 0 0 0 0 0 0 0 0 0 0 0 0 0 0 0 0 0
1 1 1 1 1 1 1 1 1 1 1 1 1 1 1 1 1 1 0 0 0 0 0 0 0 0 0 0 0 0 0 0 0 0 0 0 0 0 0 0 0 0 0 0 0
1 1 1 1 1 1 1 1 1 1 1 1 1 1 1 1 1 1 1 0 0 0 0 0 0 0 0 0 0 0 0 0 0 0 0 0 0 0 0 0 0 0 0 0 0
1 1 1 1 1 1 1 1 1 1 1 1 1 1 1 1 1 1 1 1 0 0 0 0 0 0 0 0 0 0 0 0 0 0 0 0 0 0 0 0 0 0 0 0 0
1 1 1 1 1 1 1 1 1 1 1 1 1 1 1 1 1 1 1 1 1 0 0 0 0 0 0 0 0 0 0 0 0 0 0 0 0 0 0 0 0 0 0 0 0
1 1 1 1 1 1 1 1 1 1 1 1 1 1 1 1 1 1 1 1 1 1 0 0 0 0 0 0 0 0 0 0 0 0 0 0 0 0 0 0 0 0 0 0 0
1 1 1 1 1 1 1 1 1 1 1 1 1 1 1 1 1 1 1 1 1 1 1 0 0 0 0 0 0 0 0 0 0 0 0 0 0 0 0 0 0 0 0 0 0
1 1 1 1 1 1 1 1 1 1 1 1 1 1 1 1 1 1 1 1 1 1 0 1 0 0 0 0 0 0 0 0 0 0 0 0 0 0 0 0 0 0 0 0 0
1 1 1 1 1 1 1 1 1 1 1 1 1 1 1 1 1 1 1 1 1 1 0 0 1 0 0 0 0 0 0 0 0 0 0 0 0 0 0 0 0 0 0 0 0
1 1 1 1 1 1 1 1 1 1 1 1 1 1 1 1 1 1 1 1 0 1 0 0 0 1 0 0 0 0 0 0 0 0 0 0 0 0 0 0 0 0 0 0 0
1 1 1 1 1 1 1 1 1 1 1 1 1 1 1 1 1 1 1 1 0 1 0 0 0 0 1 0 0 0 0 0 0 0 0 0 0 0 0 0 0 0 0 0 0
1 1 1 1 1 1 1 1 1 1 1 1 1 1 1 1 1 1 0 0 0 1 0 0 0 0 0 1 0 0 0 0 0 0 0 0 0 0 0 0 0 0 0 0 0
1 1 1 1 1 1 1 1 1 1 1 1 1 1 1 1 1 1 0 0 0 1 0 0 0 0 0 0 1 0 0 0 0 0 0 0 0 0 0 0 0 0 0 0 0
1 1 1 1 1 1 1 1 1 1 1 1 1 1 1 1 0 1 0 0 0 0 0 0 0 0 0 0 0 1 0 0 0 0 0 0 0 0 0 0 0 0 0 0 0
1 1 1 1 1 1 1 1 1 1 1 1 1 1 1 0 0 1 0 0 0 0 0 0 0 0 0 0 0 0 1 0 0 0 0 0 0 0 0 0 0 0 0 0 0
1 1 1 1 1 1 1 1 1 1 1 1 1 1 0 0 0 1 0 0 0 0 0 0 0 0 0 0 0 0 0 1 0 0 0 0 0 0 0 0 0 0 0 0 0
1 1 1 1 1 1 1 1 1 1 1 1 1 1 0 0 0 1 0 0 0 0 0 0 0 0 0 0 0 0 0 1 1 0 0 0 0 0 0 0 0 0 0 0 0
1 1 1 1 1 1 1 1 1 1 1 1 0 0 0 0 0 0 0 0 0 0 0 0 0 0 0 0 0 0 0 0 1 1 0 0 0 0 0 0 0 0 0 0 0
1 1 1 1 1 1 1 1 1 1 1 0 0 0 0 0 0 0 0 0 0 0 0 0 0 0 0 0 0 0 0 0 1 0 1 0 0 0 0 0 0 0 0 0 0
1 1 1 1 1 1 1 1 1 1 1 0 0 0 0 0 0 0 0 0 0 0 0 0 0 0 0 0 0 0 0 0 1 0 1 1 0 0 0 0 0 0 0 0 0
1 1 1 1 1 1 1 1 1 1 1 0 0 0 0 0 0 0 0 0 0 0 0 0 0 0 0 0 0 0 0 0 1 0 1 1 1 0 0 0 0 0 0 0 0
1 1 1 1 1 1 1 1 1 0 1 0 0 0 0 0 0 0 0 0 0 0 0 0 0 0 0 0 0 0 0 0 1 0 1 1 0 1 0 0 0 0 0 0 0
1 1 1 1 1 1 1 1 1 0 1 0 0 0 0 0 0 0 0 0 0 0 0 0 0 0 0 0 0 0 0 0 1 0 1 1 0 0 1 0 0 0 0 0 0
1 1 1 1 1 1 0 1 0 0 1 0 0 0 0 0 0 0 0 0 0 0 0 0 0 0 0 0 0 0 0 0 1 0 1 1 0 0 1 1 0 0 0 0 0
1 1 1 1 1 1 0 0 0 0 0 0 0 0 0 0 0 0 0 0 0 0 0 0 0 0 0 0 0 0 0 0 1 0 1 1 0 0 1 1 1 0 0 0 0
1 1 1 1 0 1 0 0 0 0 0 0 0 0 0 0 0 0 0 0 0 0 0 0 0 0 0 0 0 0 0 0 1 0 1 1 0 0 1 1 1 1 0 0 0
1 1 1 0 0 1 0 0 0 0 0 0 0 0 0 0 0 0 0 0 0 0 0 0 0 0 0 0 0 0 0 0 0 0 1 1 0 0 1 1 1 0 1 0 0
1 1 0 0 0 1 0 0 0 0 0 0 0 0 0 0 0 0 0 0 0 0 0 0 0 0 0 0 0 0 0 0 0 0 1 1 0 0 1 0 1 0 0 1 0

====== Solved Solution ====== U:
3.288334e+09 3.288334e+09 3.288334e+09 3.288334e+09 3.288334e+09 3.288334e+09 3.288334e+09 3.288334e+09 3.288334e+09 3.288334e+09 3.288334e+09 3.288334e+09 3.288334e+09 3.288334e+09 3.288334e+09 3.288334e+09 3.288334e+09 3.288334e+09 3.288334e+09 3.288334e+09 3.288334e+09 3.288334e+09 3.288334e+09 3.288334e+09 3.288334e+09 3.288334e+09 3.288334e+09 3.288334e+09 3.288334e+09 3.288334e+09 3.288334e+09 3.288334e+09 3.288334e+09 3.288334e+09 3.288334e+09 3.288334e+09 3.288334e+09 3.288334e+09 3.288334e+09 3.28
8334e+09 3.288334e+09 3.288334e+09 3.288334e+09 3.288334e+09 3.288334e+09
3.288334e+09 6.576669e+09 6.576669e+09 6.576669e+09 6.576669e+09 6.576669e+09 6.576669e+09 6.576669e+09 6.576669e+09 6.576669e+09 6.576669e+09 6.576669e+09 6.576669e+09 6.576669e+09 6.576669e+09 6.576669e+09 6.576669e+09 6.576669e+09 6.576669e+09 6.576669e+09 6.576669e+09 6.576669e+09 6.576669e+09 6.576669e+09 6.576669e+09 6.576669e+09 6.576669e+09 6.576669e+09 6.576669e+09 6.576669e+09 6.576669e+09 6.576669e+09 6.576669e+09 6.576669e+09 6.576669e+09 6.576669e+09 6.576669e+09 6.576669e+09 6.576669e+09 6.57
6669e+09 6.576669e+09 6.576669e+09 6.576669e+09 6.576669e+09 6.576669e+09
6.576669e+09 6.576669e+09 7.398752e+09 7.398752e+09 7.398752e+09 7.398752e+09 7.398752e+09 7.398752e+09 7.398752e+09 7.398752e+09 7.398752e+09 7.398752e+09 7.398752e+09 7.398752e+09 7.398752e+09 7.398752e+09 7.398752e+09 7.398752e+09 7.398752e+09 7.398752e+09 7.398752e+09 7.398752e+09 7.398752e+09 7.398752e+09 7.398752e+09 7.398752e+09 7.398752e+09 7.398752e+09 7.398752e+09 7.398752e+09 7.398752e+09 7.398752e+09 7.398752e+09 7.398752e+09 7.398752e+09 7.398752e+09 7.398752e+09 7.398752e+09 7.398752e+09 7.39
8752e+09 7.398752e+09 7.398752e+09 7.398752e+09 7.398752e+09 7.398752e+09
7.398752e+09 7.398752e+09 7.398752e+09 9.042919e+09 9.042919e+09 9.042919e+09 9.042919e+09 9.042919e+09 9.042919e+09 9.042919e+09 9.042919e+09 9.042919e+09 9.042919e+09 9.042919e+09 9.042919e+09 9.042919e+09 9.042919e+09 9.042919e+09 9.042919e+09 9.042919e+09 9.042919e+09 9.042919e+09 9.042919e+09 9.042919e+09 9.042919e+09 9.042919e+09 9.042919e+09 9.042919e+09 9.042919e+09 9.042919e+09 9.042919e+09 9.042919e+09 9.042919e+09 9.042919e+09 9.042919e+09 9.042919e+09 9.042919e+09 9.042919e+09 9.042919e+09 9.04
2919e+09 9.042919e+09 9.042919e+09 9.042919e+09 9.042919e+09 9.042919e+09
9.042919e+09 9.042919e+09 9.042919e+09 9.042919e+09 1.068709e+10 1.068709e+10 1.068709e+10 1.068709e+10 1.068709e+10 1.068709e+10 1.068709e+10 1.068709e+10 1.068709e+10 1.068709e+10 1.068709e+10 1.068709e+10 1.068709e+10 1.068709e+10 1.068709e+10 1.068709e+10 1.068709e+10 1.068709e+10 1.068709e+10 1.068709e+10 1.068709e+10 1.068709e+10 1.068709e+10 1.068709e+10 1.068709e+10 1.068709e+10 1.068709e+10 1.068709e+10 1.068709e+10 1.068709e+10 1.068709e+10 1.068709e+10 1.068709e+10 1.068709e+10 1.068709e+10 1.06
8709e+10 1.068709e+10 1.068709e+10 1.068709e+10 1.068709e+10 1.068709e+10
1.068709e+10 1.068709e+10 1.068709e+10 1.068709e+10 1.068709e+10 1.109813e+10 1.109813e+10 1.109813e+10 1.109813e+10 1.109813e+10 1.109813e+10 1.109813e+10 1.109813e+10 1.109813e+10 1.109813e+10 1.109813e+10 1.109813e+10 1.109813e+10 1.109813e+10 1.109813e+10 1.109813e+10 1.109813e+10 1.109813e+10 1.109813e+10 1.109813e+10 1.109813e+10 1.109813e+10 1.109813e+10 1.109813e+10 1.109813e+10 1.109813e+10 1.109813e+10 1.109813e+10 1.109813e+10 1.109813e+10 1.109813e+10 1.109813e+10 1.109813e+10 1.109813e+10 1.10
9813e+10 1.109813e+10 1.109813e+10 1.109813e+10 1.109813e+10 1.109813e+10
1.109813e+10 1.109813e+10 1.109813e+10 1.109813e+10 1.109813e+10 1.109813e+10 1.192021e+10 1.192021e+10 1.192021e+10 1.192021e+10 1.192021e+10 1.192021e+10 1.192021e+10 1.192021e+10 1.192021e+10 1.192021e+10 1.192021e+10 1.192021e+10 1.192021e+10 1.192021e+10 1.192021e+10 1.192021e+10 1.192021e+10 1.192021e+10 1.192021e+10 1.192021e+10 1.192021e+10 1.192021e+10 1.192021e+10 1.192021e+10 1.192021e+10 1.192021e+10 1.192021e+10 1.192021e+10 1.192021e+10 1.192021e+10 1.192021e+10 1.192021e+10 1.192021e+10 1.19
2021e+10 1.192021e+10 1.192021e+10 1.192021e+10 1.192021e+10 1.192021e+10
1.192021e+10 1.192021e+10 1.192021e+10 1.192021e+10 1.192021e+10 1.192021e+10 1.192021e+10 1.274230e+10 1.274230e+10 1.274230e+10 1.274230e+10 1.274230e+10 1.274230e+10 1.274230e+10 1.274230e+10 1.274230e+10 1.274230e+10 1.274230e+10 1.274230e+10 1.274230e+10 1.274230e+10 1.274230e+10 1.274230e+10 1.274230e+10 1.274230e+10 1.274230e+10 1.274230e+10 1.274230e+10 1.274230e+10 1.274230e+10 1.274230e+10 1.274230e+10 1.274230e+10 1.274230e+10 1.274230e+10 1.274230e+10 1.274230e+10 1.274230e+10 1.274230e+10 1.27
4230e+10 1.274230e+10 1.274230e+10 1.274230e+10 1.274230e+10 1.274230e+10
1.274230e+10 1.274230e+10 1.274230e+10 1.274230e+10 1.274230e+10 1.274230e+10 1.274230e+10 1.274230e+10 1.356438e+10 1.356438e+10 1.356438e+10 1.356438e+10 1.356438e+10 1.356438e+10 1.356438e+10 1.356438e+10 1.356438e+10 1.356438e+10 1.356438e+10 1.356438e+10 1.356438e+10 1.356438e+10 1.356438e+10 1.356438e+10 1.356438e+10 1.356438e+10 1.356438e+10 1.356438e+10 1.356438e+10 1.356438e+10 1.356438e+10 1.356438e+10 1.356438e+10 1.356438e+10 1.356438e+10 1.356438e+10 1.356438e+10 1.356438e+10 1.356438e+10 1.35
6438e+10 1.356438e+10 1.356438e+10 1.356438e+10 1.356438e+10 1.356438e+10
1.356438e+10 1.356438e+10 1.356438e+10 1.356438e+10 1.356438e+10 1.356438e+10 1.356438e+10 1.356438e+10 1.356438e+10 1.376990e+10 1.376990e+10 1.376990e+10 1.376990e+10 1.376990e+10 1.376990e+10 1.376990e+10 1.376990e+10 1.376990e+10 1.376990e+10 1.376990e+10 1.376990e+10 1.376990e+10 1.376990e+10 1.376990e+10 1.376990e+10 1.376990e+10 1.376990e+10 1.376990e+10 1.376990e+10 1.376990e+10 1.376990e+10 1.376990e+10 1.376990e+10 1.376990e+10 1.376990e+10 1.376990e+10 1.376990e+10 1.376990e+10 1.376990e+10 1.37
6990e+10 1.376990e+10 1.376990e+10 1.376990e+10 1.376990e+10 1.376990e+10
1.376990e+10 1.376990e+10 1.376990e+10 1.376990e+10 1.376990e+10 1.376990e+10 1.376990e+10 1.376990e+10 1.376990e+10 1.376990e+10 1.418094e+10 1.418094e+10 1.418094e+10 1.418094e+10 1.418094e+10 1.418094e+10 1.418094e+10 1.418094e+10 1.418094e+10 1.418094e+10 1.418094e+10 1.418094e+10 1.418094e+10 1.418094e+10 1.418094e+10 1.418094e+10 1.418094e+10 1.418094e+10 1.418094e+10 1.418094e+10 1.418094e+10 1.418094e+10 1.418094e+10 1.418094e+10 1.418094e+10 1.418094e+10 1.418094e+10 1.418094e+10 1.418094e+10 1.41
8094e+10 1.418094e+10 1.418094e+10 1.418094e+10 1.418094e+10 1.418094e+10
1.418094e+10 1.418094e+10 1.418094e+10 1.418094e+10 1.418094e+10 1.418094e+10 1.418094e+10 1.418094e+10 1.418094e+10 1.418094e+10 1.418094e+10 1.459198e+10 1.459198e+10 1.459198e+10 1.459198e+10 1.459198e+10 1.459198e+10 1.459198e+10 1.459198e+10 1.459198e+10 1.459198e+10 1.459198e+10 1.459198e+10 1.459198e+10 1.459198e+10 1.459198e+10 1.459198e+10 1.459198e+10 1.459198e+10 1.459198e+10 1.459198e+10 1.459198e+10 1.459198e+10 1.459198e+10 1.459198e+10 1.459198e+10 1.459198e+10 1.459198e+10 1.459198e+10 1.45
9198e+10 1.459198e+10 1.459198e+10 1.459198e+10 1.459198e+10 1.459198e+10
1.459198e+10 1.459198e+10 1.459198e+10 1.459198e+10 1.459198e+10 1.459198e+10 1.459198e+10 1.459198e+10 1.459198e+10 1.459198e+10 1.459198e+10 1.459198e+10 1.500303e+10 1.500303e+10 1.500303e+10 1.500303e+10 1.500303e+10 1.500303e+10 1.500303e+10 1.500303e+10 1.500303e+10 1.500303e+10 1.500303e+10 1.500303e+10 1.500303e+10 1.500303e+10 1.500303e+10 1.500303e+10 1.500303e+10 1.500303e+10 1.500303e+10 1.500303e+10 1.500303e+10 1.500303e+10 1.500303e+10 1.500303e+10 1.500303e+10 1.500303e+10 1.500303e+10 1.50
0303e+10 1.500303e+10 1.500303e+10 1.500303e+10 1.500303e+10 1.500303e+10
1.500303e+10 1.500303e+10 1.500303e+10 1.500303e+10 1.500303e+10 1.500303e+10 1.500303e+10 1.500303e+10 1.500303e+10 1.500303e+10 1.500303e+10 1.500303e+10 1.500303e+10 1.510579e+10 1.510579e+10 1.510579e+10 1.510579e+10 1.510579e+10 1.510579e+10 1.510579e+10 1.510579e+10 1.510579e+10 1.510579e+10 1.510579e+10 1.510579e+10 1.510579e+10 1.510579e+10 1.510579e+10 1.510579e+10 1.510579e+10 1.510579e+10 1.510579e+10 1.510579e+10 1.510579e+10 1.510579e+10 1.510579e+10 1.510579e+10 1.510579e+10 1.510579e+10 1.51
0579e+10 1.510579e+10 1.510579e+10 1.510579e+10 1.510579e+10 1.510579e+10
1.510579e+10 1.510579e+10 1.510579e+10 1.510579e+10 1.510579e+10 1.510579e+10 1.510579e+10 1.510579e+10 1.510579e+10 1.510579e+10 1.510579e+10 1.510579e+10 1.510579e+10 1.510579e+10 1.520855e+10 1.520855e+10 1.520855e+10 1.520855e+10 1.520855e+10 1.520855e+10 1.520855e+10 1.520855e+10 1.520855e+10 1.520855e+10 1.520855e+10 1.520855e+10 1.520855e+10 1.520855e+10 1.520855e+10 1.520855e+10 1.520855e+10 1.520855e+10 1.520855e+10 1.520855e+10 1.520855e+10 1.520855e+10 1.520855e+10 1.520855e+10 1.520855e+10 1.52
0855e+10 1.520855e+10 1.520855e+10 1.520855e+10 1.520855e+10 1.520855e+10
1.520855e+10 1.520855e+10 1.520855e+10 1.520855e+10 1.520855e+10 1.520855e+10 1.520855e+10 1.520855e+10 1.520855e+10 1.520855e+10 1.520855e+10 1.520855e+10 1.520855e+10 1.520855e+10 1.520855e+10 1.531131e+10 1.531131e+10 1.531131e+10 1.531131e+10 1.531131e+10 1.531131e+10 1.531131e+10 1.531131e+10 1.531131e+10 1.531131e+10 1.531131e+10 1.531131e+10 1.531131e+10 1.531131e+10 1.531131e+10 1.531131e+10 1.531131e+10 1.531131e+10 1.531131e+10 1.531131e+10 1.531131e+10 1.531131e+10 1.531131e+10 1.531131e+10 1.53
1131e+10 1.531131e+10 1.531131e+10 1.531131e+10 1.531131e+10 1.531131e+10
1.531131e+10 1.531131e+10 1.531131e+10 1.531131e+10 1.531131e+10 1.531131e+10 1.531131e+10 1.531131e+10 1.531131e+10 1.531131e+10 1.531131e+10 1.531131e+10 1.531131e+10 1.531131e+10 1.531131e+10 1.531131e+10 1.541407e+10 1.541407e+10 1.541407e+10 1.541407e+10 1.541407e+10 1.541407e+10 1.541407e+10 1.541407e+10 1.541407e+10 1.541407e+10 1.541407e+10 1.541407e+10 1.541407e+10 1.541407e+10 1.541407e+10 1.541407e+10 1.541407e+10 1.541407e+10 1.541407e+10 1.541407e+10 1.541407e+10 1.541407e+10 1.541407e+10 1.54
1407e+10 1.541407e+10 1.541407e+10 1.541407e+10 1.541407e+10 1.541407e+10
1.541407e+10 1.541407e+10 1.541407e+10 1.541407e+10 1.541407e+10 1.541407e+10 1.541407e+10 1.541407e+10 1.541407e+10 1.541407e+10 1.541407e+10 1.541407e+10 1.541407e+10 1.541407e+10 1.541407e+10 1.541407e+10 1.541407e+10 1.543976e+10 1.543976e+10 1.543976e+10 1.543976e+10 1.543976e+10 1.543976e+10 1.543976e+10 1.543976e+10 1.543976e+10 1.543976e+10 1.543976e+10 1.543976e+10 1.543976e+10 1.543976e+10 1.543976e+10 1.543976e+10 1.543976e+10 1.543976e+10 1.543976e+10 1.543976e+10 1.543976e+10 1.543976e+10 1.54
3976e+10 1.543976e+10 1.543976e+10 1.543976e+10 1.543976e+10 1.543976e+10
1.543976e+10 1.543976e+10 1.543976e+10 1.543976e+10 1.543976e+10 1.543976e+10 1.543976e+10 1.543976e+10 1.543976e+10 1.543976e+10 1.543976e+10 1.543976e+10 1.543976e+10 1.543976e+10 1.543976e+10 1.543976e+10 1.543976e+10 1.543976e+10 1.546545e+10 1.546545e+10 1.546545e+10 1.546545e+10 1.546545e+10 1.546545e+10 1.546545e+10 1.546545e+10 1.546545e+10 1.546545e+10 1.546545e+10 1.546545e+10 1.546545e+10 1.546545e+10 1.546545e+10 1.546545e+10 1.546545e+10 1.546545e+10 1.546545e+10 1.546545e+10 1.546545e+10 1.54
6545e+10 1.546545e+10 1.546545e+10 1.546545e+10 1.546545e+10 1.546545e+10
1.546545e+10 1.546545e+10 1.546545e+10 1.546545e+10 1.546545e+10 1.546545e+10 1.546545e+10 1.546545e+10 1.546545e+10 1.546545e+10 1.546545e+10 1.546545e+10 1.546545e+10 1.546545e+10 1.546545e+10 1.546545e+10 1.546545e+10 1.546545e+10 1.546545e+10 1.546964e+10 1.546964e+10 1.546964e+10 1.546964e+10 1.546964e+10 1.546964e+10 1.546964e+10 1.546964e+10 1.546964e+10 1.546964e+10 1.546964e+10 1.546964e+10 1.546964e+10 1.546964e+10 1.546964e+10 1.546964e+10 1.546964e+10 1.546964e+10 1.546964e+10 1.546964e+10 1.54
6964e+10 1.546964e+10 1.546964e+10 1.546964e+10 1.546964e+10 1.546964e+10
1.546964e+10 1.546964e+10 1.546964e+10 1.546964e+10 1.546964e+10 1.546964e+10 1.546964e+10 1.546964e+10 1.546964e+10 1.546964e+10 1.546964e+10 1.546964e+10 1.546964e+10 1.546964e+10 1.546964e+10 1.546964e+10 1.546964e+10 1.546964e+10 1.546964e+10 1.546964e+10 1.547384e+10 1.547384e+10 1.547384e+10 1.547384e+10 1.547384e+10 1.547384e+10 1.547384e+10 1.547384e+10 1.547384e+10 1.547384e+10 1.547384e+10 1.547384e+10 1.547384e+10 1.547384e+10 1.547384e+10 1.547384e+10 1.547384e+10 1.547384e+10 1.547384e+10 1.54
7384e+10 1.547384e+10 1.547384e+10 1.547384e+10 1.547384e+10 1.547384e+10
1.547384e+10 1.547384e+10 1.547384e+10 1.547384e+10 1.547384e+10 1.547384e+10 1.547384e+10 1.547384e+10 1.547384e+10 1.547384e+10 1.547384e+10 1.547384e+10 1.547384e+10 1.547384e+10 1.547384e+10 1.547384e+10 1.547384e+10 1.547384e+10 1.547384e+10 1.547384e+10 1.547384e+10 1.547486e+10 1.547486e+10 1.547486e+10 1.547486e+10 1.547486e+10 1.547486e+10 1.547486e+10 1.547486e+10 1.547486e+10 1.547486e+10 1.547486e+10 1.547486e+10 1.547486e+10 1.547486e+10 1.547486e+10 1.547486e+10 1.547486e+10 1.547486e+10 1.54
7486e+10 1.547486e+10 1.547486e+10 1.547486e+10 1.547486e+10 1.547486e+10
1.547486e+10 1.547486e+10 1.547486e+10 1.547486e+10 1.547486e+10 1.547486e+10 1.547486e+10 1.547486e+10 1.547486e+10 1.547486e+10 1.547486e+10 1.547486e+10 1.547486e+10 1.547486e+10 1.547486e+10 1.547486e+10 1.547486e+10 1.547486e+10 1.547486e+10 1.547486e+10 1.547486e+10 1.547486e+10 1.547486e+10 1.547486e+10 1.547486e+10 1.547486e+10 1.547486e+10 1.547486e+10 1.547486e+10 1.547486e+10 1.547486e+10 1.547486e+10 1.547486e+10 1.547486e+10 1.547486e+10 1.547486e+10 1.547486e+10 1.547486e+10 1.547486e+10 1.54
7486e+10 1.547486e+10 1.547486e+10 1.547486e+10 1.547486e+10 1.547486e+10
1.547486e+10 1.547486e+10 1.547486e+10 1.547486e+10 1.547486e+10 1.547486e+10 1.547486e+10 1.547486e+10 1.547486e+10 1.547486e+10 1.547486e+10 1.547486e+10 1.547486e+10 1.547486e+10 1.547486e+10 1.547486e+10 1.547486e+10 1.547486e+10 1.547486e+10 1.547486e+10 1.547486e+10 1.547486e+10 1.547486e+10 1.547589e+10 1.547588e+10 1.547588e+10 1.547588e+10 1.547588e+10 1.547588e+10 1.547588e+10 1.547588e+10 1.547588e+10 1.547588e+10 1.547588e+10 1.547588e+10 1.547588e+10 1.547588e+10 1.547588e+10 1.547588e+10 1.54
7588e+10 1.547588e+10 1.547588e+10 1.547588e+10 1.547588e+10 1.547588e+10
1.547588e+10 1.547588e+10 1.547588e+10 1.547588e+10 1.547588e+10 1.547588e+10 1.547588e+10 1.547588e+10 1.547588e+10 1.547588e+10 1.547588e+10 1.547588e+10 1.547588e+10 1.547588e+10 1.547588e+10 1.547588e+10 1.547588e+10 1.547588e+10 1.547588e+10 1.547588e+10 1.547588e+10 1.547588e+10 1.547588e+10 1.547588e+10 1.548008e+10 1.547905e+10 1.547905e+10 1.547905e+10 1.547905e+10 1.547905e+10 1.547905e+10 1.547905e+10 1.547905e+10 1.547905e+10 1.547905e+10 1.547905e+10 1.547905e+10 1.547905e+10 1.547905e+10 1.54
7905e+10 1.547905e+10 1.547905e+10 1.547905e+10 1.547905e+10 1.547905e+10
1.547905e+10 1.547905e+10 1.547905e+10 1.547905e+10 1.547905e+10 1.547905e+10 1.547905e+10 1.547905e+10 1.547905e+10 1.547905e+10 1.547905e+10 1.547905e+10 1.547905e+10 1.547905e+10 1.547905e+10 1.547905e+10 1.547905e+10 1.547905e+10 1.547905e+10 1.547905e+10 1.547905e+10 1.547905e+10 1.547905e+10 1.547905e+10 1.547905e+10 1.548325e+10 1.547486e+10 1.547486e+10 1.547486e+10 1.547486e+10 1.547486e+10 1.547486e+10 1.547486e+10 1.547486e+10 1.547486e+10 1.547486e+10 1.547486e+10 1.547486e+10 1.547486e+10 1.54
7486e+10 1.547486e+10 1.547486e+10 1.547486e+10 1.547486e+10 1.547486e+10
1.547486e+10 1.547486e+10 1.547486e+10 1.547486e+10 1.547486e+10 1.547486e+10 1.547486e+10 1.547486e+10 1.547486e+10 1.547486e+10 1.547486e+10 1.547486e+10 1.547486e+10 1.547486e+10 1.547486e+10 1.547486e+10 1.547486e+10 1.547486e+10 1.547486e+10 1.547486e+10 1.547486e+10 1.547486e+10 1.547486e+10 1.547486e+10 1.547486e+10 1.547486e+10 1.550055e+10 1.549636e+10 1.549636e+10 1.549636e+10 1.549636e+10 1.549636e+10 1.549636e+10 1.549636e+10 1.549636e+10 1.549636e+10 1.549636e+10 1.549636e+10 1.549636e+10 1.54
9636e+10 1.549636e+10 1.549636e+10 1.549636e+10 1.549636e+10 1.549636e+10
1.549636e+10 1.549636e+10 1.549636e+10 1.549636e+10 1.549636e+10 1.549636e+10 1.549636e+10 1.549636e+10 1.549636e+10 1.549636e+10 1.549636e+10 1.549636e+10 1.549636e+10 1.549636e+10 1.549636e+10 1.549636e+10 1.549636e+10 1.549636e+10 1.549636e+10 1.549636e+10 1.549636e+10 1.549636e+10 1.549636e+10 1.549636e+10 1.549636e+10 1.549636e+10 1.549636e+10 1.552205e+10 1.547067e+10 1.547067e+10 1.547067e+10 1.547067e+10 1.547067e+10 1.547067e+10 1.547067e+10 1.547067e+10 1.547067e+10 1.547067e+10 1.547067e+10 1.54
7067e+10 1.547067e+10 1.547067e+10 1.547067e+10 1.547067e+10 1.547067e+10
1.546647e+10 1.546647e+10 1.546647e+10 1.546647e+10 1.546647e+10 1.546647e+10 1.546647e+10 1.546647e+10 1.546647e+10 1.546647e+10 1.546647e+10 1.546647e+10 1.546647e+10 1.546647e+10 1.546647e+10 1.546647e+10 1.546647e+10 1.546647e+10 1.546647e+10 1.546647e+10 1.546647e+10 1.546647e+10 1.546647e+10 1.546647e+10 1.546647e+10 1.546647e+10 1.546647e+10 1.546647e+10 1.556923e+10 1.554354e+10 1.554354e+10 1.554354e+10 1.554354e+10 1.554354e+10 1.554354e+10 1.554354e+10 1.554354e+10 1.554354e+10 1.554354e+10 1.55
4354e+10 1.554354e+10 1.554354e+10 1.554354e+10 1.554354e+10 1.554354e+10
1.554354e+10 1.554354e+10 1.554354e+10 1.554354e+10 1.554354e+10 1.554354e+10 1.554354e+10 1.554354e+10 1.554354e+10 1.554354e+10 1.554354e+10 1.554354e+10 1.554354e+10 1.554354e+10 1.554354e+10 1.554354e+10 1.554354e+10 1.554354e+10 1.554354e+10 1.554354e+10 1.554354e+10 1.554354e+10 1.554354e+10 1.554354e+10 1.554354e+10 1.554354e+10 1.554354e+10 1.554354e+10 1.554354e+10 1.564630e+10 1.544078e+10 1.544078e+10 1.544078e+10 1.544078e+10 1.544078e+10 1.544078e+10 1.544078e+10 1.544078e+10 1.544078e+10 1.54
4078e+10 1.544078e+10 1.544078e+10 1.544078e+10 1.544078e+10 1.544078e+10
1.543976e+10 1.543976e+10 1.543976e+10 1.543976e+10 1.543976e+10 1.543976e+10 1.543976e+10 1.543976e+10 1.543976e+10 1.543976e+10 1.543976e+10 1.543976e+10 1.543976e+10 1.543976e+10 1.543976e+10 1.543976e+10 1.543976e+10 1.543976e+10 1.543976e+10 1.543976e+10 1.543976e+10 1.543976e+10 1.543976e+10 1.543976e+10 1.543976e+10 1.543976e+10 1.543976e+10 1.543976e+10 1.543976e+10 1.543976e+10 1.554252e+10 1.533700e+10 1.533700e+10 1.533700e+10 1.533700e+10 1.533700e+10 1.533700e+10 1.533700e+10 1.533700e+10 1.53
3700e+10 1.533700e+10 1.533700e+10 1.533700e+10 1.533700e+10 1.533700e+10
1.533700e+10 1.533700e+10 1.533700e+10 1.533700e+10 1.533700e+10 1.533700e+10 1.533700e+10 1.533700e+10 1.533700e+10 1.533700e+10 1.533700e+10 1.533700e+10 1.533700e+10 1.533700e+10 1.533700e+10 1.533700e+10 1.533700e+10 1.533700e+10 1.533700e+10 1.533700e+10 1.533700e+10 1.533700e+10 1.533700e+10 1.533700e+10 1.533700e+10 1.533700e+10 1.533700e+10 1.533700e+10 1.533700e+10 1.533700e+10 1.533700e+10 1.543976e+10 1.523424e+10 1.523424e+10 1.523424e+10 1.523424e+10 1.523424e+10 1.523424e+10 1.523424e+10 1.52
3424e+10 1.523424e+10 1.523424e+10 1.523424e+10 1.523424e+10 1.523424e+10
1.523424e+10 1.523424e+10 1.523424e+10 1.523424e+10 1.523424e+10 1.523424e+10 1.523424e+10 1.523424e+10 1.523424e+10 1.523424e+10 1.523424e+10 1.523424e+10 1.523424e+10 1.523424e+10 1.523424e+10 1.523424e+10 1.523424e+10 1.523424e+10 1.523424e+10 1.523424e+10 1.523424e+10 1.523424e+10 1.523424e+10 1.523424e+10 1.523424e+10 1.523424e+10 1.523424e+10 1.523424e+10 1.523424e+10 1.523424e+10 1.523424e+10 1.523424e+10 1.564528e+10 1.564528e+10 1.564528e+10 1.564528e+10 1.564528e+10 1.564528e+10 1.564528e+10 1.56
4528e+10 1.564528e+10 1.564528e+10 1.564528e+10 1.564528e+10 1.564528e+10
1.564528e+10 1.564528e+10 1.564528e+10 1.564528e+10 1.564528e+10 1.564528e+10 1.564528e+10 1.564528e+10 1.564528e+10 1.564528e+10 1.564528e+10 1.564528e+10 1.564528e+10 1.564528e+10 1.564528e+10 1.564528e+10 1.564528e+10 1.564528e+10 1.564528e+10 1.564528e+10 1.564528e+10 1.564528e+10 1.564528e+10 1.564528e+10 1.564528e+10 1.564528e+10 1.564528e+10 1.564528e+10 1.564528e+10 1.564528e+10 1.564528e+10 1.564528e+10 1.564528e+10 1.605632e+10 1.564528e+10 1.564528e+10 1.564528e+10 1.564528e+10 1.564528e+10 1.56
4528e+10 1.564528e+10 1.564528e+10 1.564528e+10 1.564528e+10 1.564528e+10
1.541407e+10 1.541407e+10 1.541407e+10 1.541407e+10 1.541407e+10 1.541407e+10 1.541407e+10 1.541407e+10 1.541407e+10 1.541407e+10 1.541407e+10 1.541407e+10 1.541407e+10 1.541407e+10 1.541407e+10 1.541407e+10 1.541407e+10 1.541407e+10 1.541407e+10 1.541407e+10 1.541407e+10 1.541407e+10 1.541407e+10 1.541407e+10 1.541407e+10 1.541407e+10 1.541407e+10 1.541407e+10 1.541407e+10 1.541407e+10 1.541407e+10 1.541407e+10 1.541407e+10 1.541407e+10 1.582511e+10 1.500303e+10 1.500303e+10 1.500303e+10 1.500303e+10 1.50
0303e+10 1.500303e+10 1.500303e+10 1.500303e+10 1.500303e+10 1.500303e+10
1.500303e+10 1.500303e+10 1.500303e+10 1.500303e+10 1.500303e+10 1.500303e+10 1.500303e+10 1.500303e+10 1.500303e+10 1.500303e+10 1.500303e+10 1.500303e+10 1.500303e+10 1.500303e+10 1.500303e+10 1.500303e+10 1.500303e+10 1.500303e+10 1.500303e+10 1.500303e+10 1.500303e+10 1.500303e+10 1.500303e+10 1.500303e+10 1.500303e+10 1.500303e+10 1.500303e+10 1.500303e+10 1.500303e+10 1.500303e+10 1.500303e+10 1.500303e+10 1.500303e+10 1.500303e+10 1.500303e+10 1.520855e+10 1.520855e+10 1.520855e+10 1.520855e+10 1.52
0855e+10 1.520855e+10 1.520855e+10 1.520855e+10 1.520855e+10 1.520855e+10
1.520855e+10 1.520855e+10 1.520855e+10 1.520855e+10 1.520855e+10 1.520855e+10 1.520855e+10 1.520855e+10 1.520855e+10 1.520855e+10 1.520855e+10 1.520855e+10 1.520855e+10 1.520855e+10 1.520855e+10 1.520855e+10 1.520855e+10 1.520855e+10 1.520855e+10 1.520855e+10 1.520855e+10 1.520855e+10 1.520855e+10 1.520855e+10 1.520855e+10 1.520855e+10 1.520855e+10 1.520855e+10 1.520855e+10 1.520855e+10 1.520855e+10 1.520855e+10 1.520855e+10 1.520855e+10 1.520855e+10 1.520855e+10 1.603063e+10 1.603063e+10 1.603063e+10 1.60
3063e+10 1.603063e+10 1.603063e+10 1.603063e+10 1.603063e+10 1.603063e+10
1.603063e+10 1.603063e+10 1.603063e+10 1.603063e+10 1.603063e+10 1.603063e+10 1.603063e+10 1.603063e+10 1.603063e+10 1.603063e+10 1.603063e+10 1.603063e+10 1.603063e+10 1.603063e+10 1.603063e+10 1.603063e+10 1.603063e+10 1.603063e+10 1.603063e+10 1.603063e+10 1.603063e+10 1.603063e+10 1.603063e+10 1.603063e+10 1.603063e+10 1.603063e+10 1.603063e+10 1.603063e+10 1.603063e+10 1.603063e+10 1.603063e+10 1.603063e+10 1.603063e+10 1.603063e+10 1.603063e+10 1.603063e+10 1.603063e+10 1.685271e+10 1.603063e+10 1.60
3063e+10 1.603063e+10 1.603063e+10 1.603063e+10 1.603063e+10 1.603063e+10
1.582511e+10 1.582511e+10 1.582511e+10 1.582511e+10 1.582511e+10 1.582511e+10 1.582511e+10 1.582511e+10 1.582511e+10 1.582511e+10 1.582511e+10 1.582511e+10 1.582511e+10 1.582511e+10 1.582511e+10 1.582511e+10 1.582511e+10 1.582511e+10 1.582511e+10 1.582511e+10 1.582511e+10 1.582511e+10 1.582511e+10 1.582511e+10 1.582511e+10 1.582511e+10 1.582511e+10 1.582511e+10 1.582511e+10 1.582511e+10 1.582511e+10 1.582511e+10 1.582511e+10 1.582511e+10 1.582511e+10 1.582511e+10 1.582511e+10 1.582511e+10 1.664719e+10 1.58
2511e+10 1.582511e+10 1.582511e+10 1.582511e+10 1.582511e+10 1.582511e+10
1.582511e+10 1.582511e+10 1.582511e+10 1.582511e+10 1.582511e+10 1.582511e+10 1.582511e+10 1.582511e+10 1.582511e+10 1.582511e+10 1.582511e+10 1.582511e+10 1.582511e+10 1.582511e+10 1.582511e+10 1.582511e+10 1.582511e+10 1.582511e+10 1.582511e+10 1.582511e+10 1.582511e+10 1.582511e+10 1.582511e+10 1.582511e+10 1.582511e+10 1.582511e+10 1.582511e+10 1.582511e+10 1.582511e+10 1.582511e+10 1.582511e+10 1.582511e+10 1.582511e+10 1.582511e+10 1.582511e+10 1.582511e+10 1.582511e+10 1.582511e+10 1.582511e+10 1.62
3615e+10 1.541407e+10 1.541407e+10 1.541407e+10 1.541407e+10 1.541407e+10
1.459198e+10 1.459198e+10 1.459198e+10 1.459198e+10 1.459198e+10 1.459198e+10 1.459198e+10 1.459198e+10 1.459198e+10 1.459198e+10 1.459198e+10 1.459198e+10 1.459198e+10 1.459198e+10 1.459198e+10 1.459198e+10 1.459198e+10 1.459198e+10 1.459198e+10 1.459198e+10 1.459198e+10 1.459198e+10 1.459198e+10 1.459198e+10 1.459198e+10 1.459198e+10 1.459198e+10 1.459198e+10 1.459198e+10 1.459198e+10 1.459198e+10 1.459198e+10 1.459198e+10 1.459198e+10 1.459198e+10 1.459198e+10 1.459198e+10 1.459198e+10 1.459198e+10 1.45
9198e+10 1.623615e+10 1.623615e+10 1.623615e+10 1.623615e+10 1.623615e+10
1.500303e+10 1.500303e+10 1.500303e+10 1.500303e+10 1.500303e+10 1.500303e+10 1.500303e+10 1.500303e+10 1.500303e+10 1.500303e+10 1.500303e+10 1.500303e+10 1.500303e+10 1.500303e+10 1.500303e+10 1.500303e+10 1.500303e+10 1.500303e+10 1.500303e+10 1.500303e+10 1.500303e+10 1.500303e+10 1.500303e+10 1.500303e+10 1.500303e+10 1.500303e+10 1.500303e+10 1.500303e+10 1.500303e+10 1.500303e+10 1.500303e+10 1.500303e+10 1.500303e+10 1.500303e+10 1.500303e+10 1.500303e+10 1.500303e+10 1.500303e+10 1.500303e+10 1.50
0303e+10 1.500303e+10 1.664719e+10 1.500303e+10 1.500303e+10 1.500303e+10
1.500303e+10 1.500303e+10 1.500303e+10 1.500303e+10 1.500303e+10 1.500303e+10 1.500303e+10 1.500303e+10 1.500303e+10 1.500303e+10 1.500303e+10 1.500303e+10 1.500303e+10 1.500303e+10 1.500303e+10 1.500303e+10 1.500303e+10 1.500303e+10 1.500303e+10 1.500303e+10 1.500303e+10 1.500303e+10 1.500303e+10 1.500303e+10 1.500303e+10 1.500303e+10 1.500303e+10 1.500303e+10 1.500303e+10 1.500303e+10 1.500303e+10 1.500303e+10 1.500303e+10 1.500303e+10 1.500303e+10 1.500303e+10 1.500303e+10 1.500303e+10 1.500303e+10 1.50
0303e+10 1.500303e+10 1.500303e+10 1.582511e+10 1.253677e+10 1.253677e+10
1.212573e+10 1.212573e+10 1.212573e+10 1.212573e+10 1.212573e+10 1.212573e+10 1.212573e+10 1.212573e+10 1.212573e+10 1.212573e+10 1.212573e+10 1.212573e+10 1.212573e+10 1.212573e+10 1.212573e+10 1.212573e+10 1.212573e+10 1.212573e+10 1.212573e+10 1.212573e+10 1.212573e+10 1.212573e+10 1.212573e+10 1.212573e+10 1.212573e+10 1.212573e+10 1.212573e+10 1.212573e+10 1.212573e+10 1.212573e+10 1.212573e+10 1.212573e+10 1.212573e+10 1.212573e+10 1.212573e+10 1.212573e+10 1.212573e+10 1.212573e+10 1.212573e+10 1.21
2573e+10 1.212573e+10 1.212573e+10 1.212573e+10 1.541407e+10 1.376990e+10
1.335886e+10 1.335886e+10 1.335886e+10 1.335886e+10 1.335886e+10 1.335886e+10 1.335886e+10 1.335886e+10 1.335886e+10 1.335886e+10 1.335886e+10 1.335886e+10 1.335886e+10 1.335886e+10 1.335886e+10 1.335886e+10 1.335886e+10 1.335886e+10 1.335886e+10 1.335886e+10 1.335886e+10 1.335886e+10 1.335886e+10 1.335886e+10 1.335886e+10 1.335886e+10 1.335886e+10 1.335886e+10 1.335886e+10 1.335886e+10 1.335886e+10 1.335886e+10 1.335886e+10 1.335886e+10 1.335886e+10 1.335886e+10 1.335886e+10 1.335886e+10 1.335886e+10 1.33
5886e+10 1.335886e+10 1.335886e+10 1.335886e+10 1.335886e+10 1.664719e+10

====== Solved Solution ====== Free_Eout:
0 0 0 0 0 0 0 0 0 0 0 0 0 0 0 0 0 0 0 0 0 0 0 0 0 0 0 0 0 0 0 0 0 0 0 0 0 0 0 0 0 0 0 0 0 0 0 0 0 0 0 0 0 0 0 0 0 0 0 0 0 0 0 0 0 0 0 0 0 0 0 0 0 0 0 0 0 0 0 0 0 0 0 0 0 0 0
0 0 0 0 0 0 0 0 0 0 0 0 0 0 0 0 0 0 0 0 0 0 0 0 0 0 0 0 0 0 0 0 0 0 0 0 0 0 0 0 0 0 0 0 0 0 0 0 0 0 0 0 0 0 0 0 0 0 0 0 0 0 0 0 0 0 0 0 0 0 0 0 0 0 0 0 0 0 0 0 0 0 0 0 0 0 0
0 0 0 0 0 0 0 0 0 0 0 0 0 0 0 0 0 0 0 0 0 0 0 0 0 0 0 0 0 0 0 0 0 0 0 0 0 0 0 0 0 0 0 0 0 0 0 0 0 0 0 0 0 0 0 0 0 0 0 0 0 0 0 0 0 0 0 0 0 0 0 0 0 0 0 0 0 0 0 0 0 0 0 0 0 0 0
0 0 0 0 0 0 0 0 0 0 0 0 0 0 0 0 0 0 0 0 0 0 0 0 0 0 0 0 0 0 0 0 0 0 0 0 0 0 0 0 0 0 0 0 0 0 0 0 0 0 0 0 0 0 0 0 0 0 0 0 0 0 0 0 0 0 0 0 0 0 0 0 0 0 0 0 0 0 0 0 0 0 0 0 0 0 0
0 0 0 0 0 0 0 0 0 0 0 0 0 0 0 0 0 0 0 0 0 0 0 0 0 0 0 0 0 0 0 0 0 0 0 0 0 0 0 0 0 0 0 0 0 0 0 0 0 0 0 0 0 0 0 0 0 0 0 0 0 0 0 0 0 0 0 0 0 0 0 0 0 0 0 0 0 0 0 0 0 0 0 0 0 0 0
0 0 0 0 0 0 0 0 0 0 0 0 0 0 0 0 0 0 0 0 0 0 0 0 0 0 0 0 0 0 0 0 0 0 0 0 0 0 0 0 0 0 0 0 0 0 0 0 0 0 0 0 0 0 0 0 0 0 0 0 0 0 0 0 0 0 0 0 0 0 0 0 0 0 0 0 0 0 0 0 0 0 0 0 0 0 0
0 0 0 0 0 0 0 0 0 0 0 0 0 0 0 0 0 0 0 0 0 0 0 0 0 0 0 0 0 0 0 0 0 0 0 0 0 0 0 0 0 0 0 0 0 0 0 0 0 0 0 0 0 0 0 0 0 0 0 0 0 0 0 0 0 0 0 0 0 0 0 0 0 0 0 0 0 0 0 0 0 0 0 0 0 0 0
0 0 0 0 0 0 0 0 0 0 0 0 0 0 0 0 0 0 0 0 0 0 0 0 0 0 0 0 0 0 0 0 0 0 0 0 0 0 0 0 0 0 0 0 0 0 0 0 0 0 0 0 0 0 0 0 0 0 0 0 0 0 0 0 0 0 0 0 0 0 0 0 0 0 0 0 0 0 0 0 0 0 0 0 0 0 0
0 0 0 0 0 0 0 0 0 0 0 0 0 0 0 0 0 0 0 0 0 0 0 0 0 0 0 0 0 0 0 0 0 0 0 0 0 0 0 0 0 0 0 0 0 0 0 0 0 0 0 0 0 0 0 0 0 0 0 0 0 0 0 0 0 0 0 0 0 0 0 0 0 0 0 0 0 0 0 0 0 0 0 0 0 0 0
0 0 0 0 0 0 0 0 0 0 0 0 0 0 0 0 0 0 0 0 0 0 0 0 0 0 0 0 0 0 0 0 0 0 0 0 0 0 0 0 0 0 0 0 0 0 0 0 0 0 0 0 0 0 0 0 0 0 0 0 0 0 0 0 0 0 0 0 0 0 0 0 0 0 0 0 0 0 0 0 0 0 0 0 0 0 0
0 0 0 0 0 0 0 0 0 0 0 0 0 0 0 0 0 0 0 0 0 0 0 0 0 0 0 0 0 0 0 0 0 0 0 0 0 0 0 0 0 0 0 0 0 0 0 0 0 0 0 0 0 0 0 0 0 0 0 0 0 0 0 0 0 0 0 0 0 0 0 0 0 0 0 0 0 0 0 0 0 0 0 0 0 0 0
0 0 0 0 0 0 0 0 0 0 0 0 0 0 0 0 0 0 0 0 0 0 0 0 0 0 0 0 0 0 0 0 0 0 0 0 0 0 0 0 0 0 0 0 0 0 0 0 0 0 0 0 0 0 0 0 0 0 0 0 0 0 0 0 0 0 0 0 0 0 0 0 0 0 0 0 0 0 0 0 0 0 0 0 0 0 0
0 0 0 0 0 0 0 0 0 0 0 0 0 0 0 0 0 0 0 0 0 0 0 0 0 0 0 0 0 0 0 0 0 0 0 0 0 0 0 0 0 0 0 0 0 0 0 0 0 0 0 0 0 0 0 0 0 0 0 0 0 0 0 0 0 0 0 0 0 0 0 0 0 0 0 0 0 0 0 0 0 0 0 0 0 0 0
0 0 0 0 0 0 0 0 0 0 0 0 0 0 0 0 0 0 0 0 0 0 0 0 0 0 0 0 0 0 0 0 0 0 0 0 0 0 0 0 0 0 0 0 0 0 0 0 0 0 0 0 0 0 0 0 0 0 0 0 0 0 0 0 0 0 0 0 0 0 0 0 0 0 0 0 0 0 0 0 0 0 0 0 0 0 0
0 0 0 0 0 0 0 0 0 0 0 0 0 0 0 0 0 0 0 0 0 0 0 0 0 0 0 0 0 0 0 0 0 0 0 0 0 0 0 0 0 0 0 0 0 0 0 0 0 0 0 0 0 0 0 0 0 0 0 0 0 0 0 0 0 0 0 0 0 0 0 0 0 0 0 0 0 0 0 0 0 0 0 0 0 0 0
0 0 0 0 0 0 0 0 0 0 0 0 0 0 0 0 0 0 0 0 0 0 0 0 0 0 0 0 0 0 0 0 0 0 0 0 0 0 0 0 0 0 0 0 0 0 0 0 0 0 0 0 0 0 0 0 0 0 0 0 0 0 0 0 0 0 0 0 0 0 0 0 0 0 0 0 0 0 0 0 0 0 0 0 0 0 0
0 0 0 0 0 0 0 0 0 0 0 0 0 0 0 0 0 0 0 0 0 0 0 0 0 0 0 0 0 0 0 0 0 0 0 0 0 0 0 0 0 0 0 0 0 0 0 0 0 0 0 0 0 0 0 0 0 0 0 0 0 0 0 0 0 0 0 0 0 0 0 0 0 0 0 0 0 0 0 0 0 0 0 0 0 0 0
0 0 0 0 0 0 0 0 0 0 0 0 0 0 0 0 0 0 0 0 0 0 0 0 0 0 0 0 0 0 0 0 0 0 0 0 0 0 0 0 0 0 0 0 0 0 0 0 0 0 0 0 0 0 0 0 0 0 0 0 0 0 0 0 0 0 0 0 0 0 0 0 0 0 0 0 0 0 0 0 0 0 0 0 0 0 0
0 0 0 0 0 0 0 0 0 0 0 0 0 0 0 0 0 0 0 0 0 0 0 0 0 0 0 0 0 0 0 0 0 0 0 0 0 0 0 0 0 0 0 0 0 0 0 0 0 0 0 0 0 0 0 0 0 0 0 0 0 0 0 0 0 0 0 0 0 0 0 0 0 0 0 0 0 0 0 0 0 0 0 0 0 0 0
0 0 0 0 0 0 0 0 0 0 0 0 0 0 0 0 0 0 0 0 0 0 0 0 0 0 0 0 0 0 0 0 0 0 0 0 0 0 0 0 0 0 0 0 0 0 0 0 0 0 0 0 0 0 0 0 0 0 0 0 0 0 0 0 0 0 0 0 0 0 0 0 0 0 0 0 0 0 0 0 0 0 0 0 0 0 0
0 0 0 0 0 0 0 0 0 0 0 0 0 0 0 0 0 0 0 0 0 0 0 0 0 0 0 0 0 0 0 0 0 0 0 0 0 0 0 0 0 0 0 0 0 0 0 0 0 0 0 0 0 0 0 0 0 0 0 0 0 0 0 0 0 0 0 0 0 0 0 0 0 0 0 0 0 0 0 0 0 0 0 0 0 0 0
0 0 0 0 0 0 0 0 0 0 0 0 0 0 0 0 0 0 0 0 0 0 0 0 0 0 0 0 0 0 0 0 0 0 0 0 0 0 0 0 0 0 0 0 0 0 0 0 0 0 0 0 0 0 0 0 0 0 0 0 0 0 0 0 0 0 0 0 0 0 0 0 0 0 0 0 0 0 0 0 0 0 0 0 0 0 0
0 0 0 0 0 0 0 0 0 0 0 0 0 0 0 0 0 0 0 0 0 0 0 0 0 0 0 0 0 0 0 0 0 0 0 0 0 0 0 0 0 0 0 0 0 0 0 0 0 0 0 0 0 0 0 0 0 0 0 0 0 0 0 0 0 0 0 0 0 0 0 0 0 0 0 0 0 0 0 0 0 0 0 0 0 0 0
0 0 0 0 0 0 0 0 0 0 0 0 0 0 0 0 0 0 0 0 0 0 1 0 0 0 0 0 0 0 0 0 0 0 0 0 0 0 0 0 0 0 0 0 0 0 0 0 0 0 0 0 0 0 0 0 0 0 0 0 0 0 0 0 0 0 0 0 0 0 0 0 0 0 0 0 0 0 0 0 0 0 0 0 0 0 0
0 0 0 0 0 0 0 0 0 0 0 0 0 0 0 0 0 0 0 0 0 0 0 0 0 0 1 0 0 0 0 0 0 0 0 0 0 0 0 0 0 0 0 0 0 0 0 0 0 0 0 0 0 0 0 0 0 0 0 0 0 0 0 0 0 0 0 0 0 0 0 0 0 0 0 0 0 0 0 0 0 0 0 0 0 0 0
0 0 0 0 0 0 0 0 0 0 0 0 0 0 0 0 0 0 0 0 0 0 0 0 0 0 0 0 1 1 0 0 0 0 0 0 0 0 0 0 0 0 0 0 0 0 0 0 0 0 0 0 0 0 0 0 0 0 0 0 0 0 0 0 0 0 0 0 0 0 0 0 0 0 0 0 0 0 0 0 0 0 0 0 0 0 0
0 0 0 0 0 0 0 0 0 0 0 0 0 0 0 0 0 0 0 0 0 0 0 0 0 0 0 0 0 0 0 0 1 0 0 0 0 0 0 0 0 0 0 0 0 0 0 0 0 0 0 0 0 0 0 0 0 0 0 0 0 0 0 0 0 0 0 0 0 0 0 0 0 0 0 0 0 0 0 0 0 0 0 0 0 0 0
0 0 0 0 0 0 0 0 0 0 0 0 0 0 0 0 0 0 0 0 0 0 0 0 0 0 0 0 0 0 0 0 0 0 1 1 0 0 0 0 0 0 0 0 0 0 0 0 0 0 0 0 0 0 0 0 0 0 0 0 0 0 0 0 0 0 0 0 0 0 0 0 0 0 0 0 0 0 0 0 0 0 0 0 0 0 0
0 0 0 0 0 0 0 0 0 0 0 0 0 0 0 0 0 0 0 0 0 0 0 0 0 0 0 0 0 0 0 0 0 0 0 0 0 0 1 0 0 0 0 0 0 0 0 0 0 0 0 0 0 0 0 0 0 0 0 0 0 0 0 0 0 0 0 0 0 0 0 0 0 0 0 0 0 0 0 0 0 0 0 0 0 0 0
0 0 0 0 0 0 0 0 0 0 0 0 0 0 0 0 0 0 0 0 0 0 0 0 0 0 0 0 0 0 0 0 0 0 0 0 0 0 0 0 1 1 0 0 0 0 0 0 0 0 0 0 0 0 0 0 0 0 0 0 0 0 0 0 0 0 0 0 0 0 0 0 0 0 0 0 0 0 0 0 0 0 0 0 0 0 0
0 0 0 0 0 0 0 0 0 0 0 0 0 0 0 0 0 0 0 0 0 0 0 0 0 0 0 0 0 0 0 0 0 0 0 0 0 0 0 0 0 0 0 1 1 0 0 0 0 0 0 0 0 0 0 0 0 0 0 0 0 0 0 0 0 0 0 0 0 0 0 0 0 0 0 0 0 0 0 0 0 0 0 0 0 0 0
0 0 0 0 0 0 0 0 0 0 0 0 0 0 0 0 0 0 0 0 0 0 0 0 0 0 0 0 0 0 0 0 0 0 0 0 0 0 0 0 0 0 0 0 0 0 1 1 0 0 0 0 0 0 0 0 0 0 0 0 0 0 0 0 0 0 0 0 0 0 0 0 0 0 0 0 0 0 0 0 0 0 0 0 0 0 0
0 0 0 0 0 0 0 0 0 0 0 0 0 0 0 0 0 0 0 0 0 0 0 0 0 0 0 0 0 0 0 0 0 0 0 0 0 0 0 0 0 0 0 0 0 0 0 0 0 0 0 0 0 0 0 0 0 0 0 0 0 0 0 0 0 0 0 0 0 0 0 0 0 0 0 0 0 0 0 0 0 0 0 0 0 0 0
0 0 0 0 0 0 0 0 0 0 0 0 0 0 0 0 0 0 0 0 0 0 0 0 0 0 0 0 0 0 0 0 0 0 0 0 0 0 0 0 0 0 0 0 0 0 0 0 0 0 0 0 1 0 0 0 0 0 0 0 0 0 0 0 0 0 0 0 0 0 0 0 0 0 0 0 0 0 0 0 0 0 0 0 0 0 0
0 0 0 0 0 0 0 0 0 0 0 0 0 0 0 0 0 0 0 0 0 0 0 0 0 0 0 0 0 0 0 0 0 0 0 0 0 0 0 0 0 0 0 0 0 0 0 0 0 0 0 0 0 0 0 1 1 0 0 0 0 0 0 0 0 0 0 0 0 0 0 0 0 0 0 0 0 0 0 0 0 0 0 0 0 0 0
0 0 0 0 0 0 0 0 0 0 0 0 0 0 0 0 0 0 0 0 0 0 0 0 0 0 0 0 0 0 0 0 0 0 0 0 0 0 0 0 0 0 0 0 0 0 0 0 0 0 0 0 0 0 0 0 0 0 0 0 0 0 0 0 0 0 0 0 0 0 0 0 0 0 0 0 0 0 0 0 0 0 0 0 0 0 0
0 0 0 0 0 0 0 0 0 0 0 0 0 0 0 0 0 0 0 0 0 0 0 0 0 0 0 0 0 0 0 0 0 0 0 0 0 0 0 0 0 0 0 0 0 0 0 0 0 0 0 0 0 0 0 0 0 0 0 0 0 0 0 0 0 0 0 0 0 0 0 0 0 0 0 0 0 0 0 0 0 0 0 0 0 0 0
0 0 0 0 0 0 0 0 0 0 0 0 0 0 0 0 0 0 0 0 0 0 0 0 0 0 0 0 0 0 0 0 0 0 0 0 0 0 0 0 0 0 0 0 0 0 0 0 0 0 0 0 0 0 0 0 0 0 0 0 0 0 0 0 0 1 0 0 0 0 0 0 0 0 0 0 0 0 0 0 0 0 0 0 0 0 0
0 0 0 0 0 0 0 0 0 0 0 0 0 0 0 0 0 0 0 0 0 0 0 0 0 0 0 0 0 0 0 0 0 0 0 0 0 0 0 0 0 0 0 0 0 0 0 0 0 0 0 0 0 0 0 0 0 0 0 0 0 0 0 0 0 0 0 0 1 0 0 0 0 0 0 0 0 0 0 0 0 0 0 0 0 0 0
0 0 0 0 0 0 0 0 0 0 0 0 0 0 0 0 0 0 0 0 0 0 0 0 0 0 0 0 0 0 0 0 0 0 0 0 0 0 0 0 0 0 0 0 0 0 0 0 0 0 0 0 0 0 0 0 0 0 0 0 0 0 0 0 0 0 0 0 0 0 1 0 0 0 0 0 0 0 0 0 0 0 0 0 0 0 0
0 0 0 0 0 0 0 0 0 0 0 0 0 0 0 0 0 0 0 0 0 0 0 0 0 0 0 0 0 0 0 0 0 0 0 0 0 0 0 0 0 0 0 0 0 0 0 0 0 0 0 0 0 0 0 0 0 0 0 0 0 0 0 0 0 0 0 0 0 0 0 0 0 0 0 0 0 0 0 0 0 0 0 0 0 0 0
0 0 0 0 0 0 0 0 0 0 0 0 0 0 0 0 0 0 0 0 0 0 0 0 0 0 0 0 0 0 0 0 0 0 0 0 0 0 0 0 0 0 0 0 0 0 0 0 0 0 0 0 0 0 0 0 0 0 0 0 0 0 0 0 0 0 0 0 0 0 0 0 0 0 0 0 1 0 0 0 0 0 0 0 0 0 0
0 0 0 0 0 0 0 0 0 0 0 0 0 0 0 0 0 0 0 0 0 0 0 0 0 0 0 0 0 0 0 0 0 0 0 0 0 0 0 0 0 0 0 0 0 0 0 0 0 0 0 0 0 0 0 0 0 0 0 0 0 0 0 0 0 0 0 0 0 0 0 0 0 0 0 0 0 0 0 1 1 0 0 0 0 0 0
0 0 0 0 0 0 0 0 0 0 0 0 0 0 0 0 0 0 0 0 0 0 0 0 0 0 0 0 0 0 0 0 0 0 0 0 0 0 0 0 0 0 0 0 0 0 0 0 0 0 0 0 0 0 0 0 0 0 0 0 0 0 0 0 0 0 0 0 0 0 0 0 0 0 0 0 0 0 0 0 0 0 1 1 0 0 0
0 0 0 0 0 0 0 0 0 0 0 0 0 0 0 0 0 0 0 0 0 0 0 0 0 0 0 0 0 0 0 0 0 0 0 0 0 0 0 0 0 0 0 0 0 0 0 0 0 0 0 0 0 0 0 0 0 0 0 0 0 0 0 0 0 0 0 0 0 0 0 0 0 0 0 0 0 0 0 0 0 0 0 0 1 1 1
