
Gurobi 9.1.2 (linux64) logging started Wed Oct 13 02:58:56 2021

Changed value of parameter LogFile to /home/zongzan/dist_dnn_training/MixedMemoryOpt/data/budget_sweep/p32xlarge_VGG16_256_None/ilp_log/ilp_24893139648.log
   Prev:   Default: 
Changed value of parameter Threads to 32
   Prev: 0  Min: 0  Max: 1024  Default: 0
Changed value of parameter TimeLimit to 3600.0
   Prev: inf  Min: 0.0  Max: inf  Default: inf
Changed value of parameter OptimalityTol to 0.0001
   Prev: 1e-06  Min: 1e-09  Max: 0.01  Default: 1e-06
Parameter IntFeasTol unchanged
   Value: 1e-05  Min: 1e-09  Max: 0.1  Default: 1e-05
Changed value of parameter Presolve to 2
   Prev: -1  Min: -1  Max: 2  Default: -1
Changed value of parameter StartNodeLimit to 10000000
   Prev: -1  Min: -3  Max: 2000000000  Default: -1
Changed value of parameter TimeLimit to 300.0
   Prev: 3600.0  Min: 0.0  Max: inf  Default: inf
Gurobi Optimizer version 9.1.2 build v9.1.2rc0 (linux64)
Thread count: 28 physical cores, 56 logical processors, using up to 32 threads
Optimize a model with 21069 rows, 9990 columns and 65982 nonzeros
Model fingerprint: 0xdae36628
Variable types: 2025 continuous, 7965 integer (7965 binary)
Coefficient statistics:
  Matrix range     [1e+00, 5e+07]
  Objective range  [4e+00, 2e+02]
  Bounds range     [1e+00, 4e+08]
  RHS range        [1e+00, 4e+08]
Presolve removed 15890 rows and 6194 columns
Presolve time: 0.12s
Presolved: 5179 rows, 3796 columns, 18358 nonzeros
Variable types: 0 continuous, 3796 integer (2811 binary)
Found heuristic solution: objective 32172.295164
Found heuristic solution: objective 5079.7236160
Found heuristic solution: objective 3454.9195494
Presolve removed 97 rows and 95 columns
Presolved: 5082 rows, 3701 columns, 18143 nonzeros


Root relaxation: objective 3.102903e+03, 2064 iterations, 0.06 seconds

    Nodes    |    Current Node    |     Objective Bounds      |     Work
 Expl Unexpl |  Obj  Depth IntInf | Incumbent    BestBd   Gap | It/Node Time

*    0     0               0    3102.9034449 3102.90344  0.00%     -    0s

Explored 0 nodes (4164 simplex iterations) in 0.30 seconds
Thread count was 32 (of 56 available processors)

Solution count 4: 3102.9 3454.92 5079.72 32172.3 

Optimal solution found (tolerance 1.00e-04)
Best objective 3.102903444911e+03, best bound 3.102903444911e+03, gap 0.0000%
Changed value of parameter TimeLimit to 3600.0
   Prev: 300.0  Min: 0.0  Max: inf  Default: inf


Restarting solve


Gurobi Optimizer version 9.1.2 build v9.1.2rc0 (linux64)
Thread count: 28 physical cores, 56 logical processors, using up to 32 threads
Optimize a model with 19803 rows, 9990 columns and 64716 nonzeros
Model fingerprint: 0xa09c032c
Variable types: 2025 continuous, 7965 integer (7965 binary)
Coefficient statistics:
  Matrix range     [1e+00, 5e+07]
  Objective range  [4e+00, 2e+02]
  Bounds range     [1e+00, 4e+08]
  RHS range        [1e+00, 4e+08]

MIP start from previous solve produced solution with objective 3102.9 (0.01s)
Loaded MIP start from previous solve with objective 3102.9

Presolve removed 19803 rows and 9990 columns
Presolve time: 0.08s
Presolve: All rows and columns removed

Explored 0 nodes (0 simplex iterations) in 0.09 seconds
Thread count was 1 (of 56 available processors)

Solution count 1: 3102.9 

Optimal solution found (tolerance 1.00e-04)
Best objective 3.102903444911e+03, best bound 3.102903444911e+03, gap 0.0000%

====== Solved Solution ====== R:
1 0 0 0 0 0 0 0 0 0 0 0 0 0 0 0 0 0 0 0 0 0 0 0 0 0 0 0 0 0 0 0 0 0 0 0 0 0 0 0 0 0 0 0 0
0 1 0 0 0 0 0 0 0 0 0 0 0 0 0 0 0 0 0 0 0 0 0 0 0 0 0 0 0 0 0 0 0 0 0 0 0 0 0 0 0 0 0 0 0
0 0 1 0 0 0 0 0 0 0 0 0 0 0 0 0 0 0 0 0 0 0 0 0 0 0 0 0 0 0 0 0 0 0 0 0 0 0 0 0 0 0 0 0 0
0 0 0 1 0 0 0 0 0 0 0 0 0 0 0 0 0 0 0 0 0 0 0 0 0 0 0 0 0 0 0 0 0 0 0 0 0 0 0 0 0 0 0 0 0
0 0 0 0 1 0 0 0 0 0 0 0 0 0 0 0 0 0 0 0 0 0 0 0 0 0 0 0 0 0 0 0 0 0 0 0 0 0 0 0 0 0 0 0 0
0 0 0 0 0 1 0 0 0 0 0 0 0 0 0 0 0 0 0 0 0 0 0 0 0 0 0 0 0 0 0 0 0 0 0 0 0 0 0 0 0 0 0 0 0
0 0 0 0 0 0 1 0 0 0 0 0 0 0 0 0 0 0 0 0 0 0 0 0 0 0 0 0 0 0 0 0 0 0 0 0 0 0 0 0 0 0 0 0 0
0 0 0 0 0 0 0 1 0 0 0 0 0 0 0 0 0 0 0 0 0 0 0 0 0 0 0 0 0 0 0 0 0 0 0 0 0 0 0 0 0 0 0 0 0
0 0 0 0 0 0 0 0 1 0 0 0 0 0 0 0 0 0 0 0 0 0 0 0 0 0 0 0 0 0 0 0 0 0 0 0 0 0 0 0 0 0 0 0 0
0 0 0 0 0 0 0 0 0 1 0 0 0 0 0 0 0 0 0 0 0 0 0 0 0 0 0 0 0 0 0 0 0 0 0 0 0 0 0 0 0 0 0 0 0
0 0 0 0 0 0 0 0 0 0 1 0 0 0 0 0 0 0 0 0 0 0 0 0 0 0 0 0 0 0 0 0 0 0 0 0 0 0 0 0 0 0 0 0 0
0 0 0 0 0 0 0 0 0 0 0 1 0 0 0 0 0 0 0 0 0 0 0 0 0 0 0 0 0 0 0 0 0 0 0 0 0 0 0 0 0 0 0 0 0
0 0 0 0 0 0 0 0 0 0 0 0 1 0 0 0 0 0 0 0 0 0 0 0 0 0 0 0 0 0 0 0 0 0 0 0 0 0 0 0 0 0 0 0 0
0 0 0 0 0 0 0 0 0 0 0 0 0 1 0 0 0 0 0 0 0 0 0 0 0 0 0 0 0 0 0 0 0 0 0 0 0 0 0 0 0 0 0 0 0
0 0 0 0 0 0 0 0 0 0 0 0 0 0 1 0 0 0 0 0 0 0 0 0 0 0 0 0 0 0 0 0 0 0 0 0 0 0 0 0 0 0 0 0 0
0 0 0 0 0 0 0 0 0 0 0 0 0 0 0 1 0 0 0 0 0 0 0 0 0 0 0 0 0 0 0 0 0 0 0 0 0 0 0 0 0 0 0 0 0
0 0 0 0 0 0 0 0 0 0 0 0 0 0 0 0 1 0 0 0 0 0 0 0 0 0 0 0 0 0 0 0 0 0 0 0 0 0 0 0 0 0 0 0 0
0 0 0 0 0 0 0 0 0 0 0 0 0 0 0 0 0 1 0 0 0 0 0 0 0 0 0 0 0 0 0 0 0 0 0 0 0 0 0 0 0 0 0 0 0
0 0 0 0 0 0 0 0 0 0 0 0 0 0 0 0 0 0 1 0 0 0 0 0 0 0 0 0 0 0 0 0 0 0 0 0 0 0 0 0 0 0 0 0 0
0 0 0 0 0 0 0 0 0 0 0 0 0 0 0 0 0 0 0 1 0 0 0 0 0 0 0 0 0 0 0 0 0 0 0 0 0 0 0 0 0 0 0 0 0
0 0 0 0 0 0 0 0 0 0 0 0 0 0 0 0 0 0 0 0 1 0 0 0 0 0 0 0 0 0 0 0 0 0 0 0 0 0 0 0 0 0 0 0 0
0 0 0 0 0 0 0 0 0 0 0 0 0 0 0 0 0 0 0 0 0 1 0 0 0 0 0 0 0 0 0 0 0 0 0 0 0 0 0 0 0 0 0 0 0
0 0 0 0 0 0 0 0 0 0 0 0 0 0 0 0 0 0 0 0 0 0 1 0 0 0 0 0 0 0 0 0 0 0 0 0 0 0 0 0 0 0 0 0 0
0 0 0 0 0 0 0 0 0 0 0 0 0 0 0 0 0 0 0 0 0 0 0 1 0 0 0 0 0 0 0 0 0 0 0 0 0 0 0 0 0 0 0 0 0
0 0 0 0 0 0 0 0 0 0 0 0 0 0 0 0 0 0 0 0 0 0 0 0 1 0 0 0 0 0 0 0 0 0 0 0 0 0 0 0 0 0 0 0 0
0 0 0 0 0 0 0 0 0 0 0 0 0 0 0 0 0 0 0 0 0 0 0 0 0 1 0 0 0 0 0 0 0 0 0 0 0 0 0 0 0 0 0 0 0
0 0 0 0 0 0 0 0 0 0 0 0 0 0 0 0 0 0 0 0 0 0 0 0 0 0 1 0 0 0 0 0 0 0 0 0 0 0 0 0 0 0 0 0 0
0 0 0 0 0 0 0 0 0 0 0 0 0 0 0 0 0 0 0 0 0 0 0 0 0 0 0 1 0 0 0 0 0 0 0 0 0 0 0 0 0 0 0 0 0
0 0 0 0 0 0 0 0 0 0 0 0 0 0 0 0 0 0 0 0 0 0 0 0 0 0 0 0 1 0 0 0 0 0 0 0 0 0 0 0 0 0 0 0 0
0 0 0 0 0 0 0 0 0 0 0 0 0 0 0 0 0 0 0 0 0 0 0 0 0 0 0 0 0 1 0 0 0 0 0 0 0 0 0 0 0 0 0 0 0
0 0 0 0 0 0 0 0 0 0 0 0 0 0 0 0 0 0 0 0 0 0 0 0 0 0 0 0 0 0 1 0 0 0 0 0 0 0 0 0 0 0 0 0 0
0 0 0 0 0 0 0 0 0 0 0 0 0 0 0 0 0 0 0 0 0 0 0 0 0 0 0 0 0 0 0 1 0 0 0 0 0 0 0 0 0 0 0 0 0
0 0 0 0 0 0 0 0 0 0 0 0 0 0 0 0 0 0 0 0 0 0 0 0 0 0 0 0 0 0 0 0 1 0 0 0 0 0 0 0 0 0 0 0 0
0 0 0 0 0 0 0 0 0 0 0 0 0 0 0 0 0 0 0 0 0 0 0 0 0 0 0 0 0 0 0 0 0 1 0 0 0 0 0 0 0 0 0 0 0
0 0 0 0 0 0 0 0 0 0 0 0 0 0 0 0 0 0 0 0 0 0 0 0 0 0 0 0 0 0 0 0 0 0 1 0 0 0 0 0 0 0 0 0 0
0 0 0 0 0 0 0 0 0 0 0 0 0 0 0 0 0 0 0 0 0 0 0 0 0 0 0 0 0 0 0 0 0 0 0 1 0 0 0 0 0 0 0 0 0
0 0 0 0 0 0 0 0 0 0 0 0 0 0 0 0 0 0 0 0 0 0 0 0 0 0 0 0 0 0 0 0 0 0 0 0 1 0 0 0 0 0 0 0 0
0 0 0 0 0 0 0 0 0 0 0 0 0 0 0 0 0 0 0 0 0 0 0 0 0 0 0 0 0 0 0 0 0 0 0 0 0 1 0 0 0 0 0 0 0
0 0 0 0 0 0 0 0 0 0 0 0 0 0 0 0 0 0 0 0 0 0 0 0 0 0 0 0 0 0 0 0 0 0 0 0 0 0 1 0 0 0 0 0 0
0 0 0 0 0 0 0 0 0 0 0 0 0 0 0 0 0 0 0 0 0 0 0 0 0 0 0 0 0 0 0 0 0 0 0 0 0 0 0 1 0 0 0 0 0
0 0 0 0 0 0 0 0 0 0 0 0 0 0 0 0 0 0 0 0 0 0 0 0 0 0 0 0 0 0 0 0 0 0 0 0 0 0 0 0 1 0 0 0 0
0 0 0 0 0 0 0 0 0 0 0 0 0 0 0 0 0 0 0 0 0 0 0 0 0 0 0 0 0 0 0 0 0 0 0 0 0 0 0 0 0 1 0 0 0
0 0 0 0 0 0 0 0 0 0 0 0 0 0 0 0 0 0 0 0 0 0 0 0 0 0 0 0 0 0 0 0 0 0 0 0 0 0 0 0 0 0 1 0 0
0 0 0 0 0 0 0 0 0 0 0 0 0 0 0 0 0 0 0 0 0 0 0 0 0 0 0 0 0 0 0 0 0 0 0 0 0 0 0 0 0 0 0 1 0
0 0 0 0 0 0 0 0 0 0 0 0 0 0 0 0 0 0 0 0 0 0 0 0 0 0 0 0 0 0 0 0 0 0 0 0 0 0 0 0 0 0 0 0 1

====== Solved Solution ====== S:
0 0 0 0 0 0 0 0 0 0 0 0 0 0 0 0 0 0 0 0 0 0 0 0 0 0 0 0 0 0 0 0 0 0 0 0 0 0 0 0 0 0 0 0 0
1 0 0 0 0 0 0 0 0 0 0 0 0 0 0 0 0 0 0 0 0 0 0 0 0 0 0 0 0 0 0 0 0 0 0 0 0 0 0 0 0 0 0 0 0
1 1 0 0 0 0 0 0 0 0 0 0 0 0 0 0 0 0 0 0 0 0 0 0 0 0 0 0 0 0 0 0 0 0 0 0 0 0 0 0 0 0 0 0 0
1 1 1 0 0 0 0 0 0 0 0 0 0 0 0 0 0 0 0 0 0 0 0 0 0 0 0 0 0 0 0 0 0 0 0 0 0 0 0 0 0 0 0 0 0
1 1 1 1 0 0 0 0 0 0 0 0 0 0 0 0 0 0 0 0 0 0 0 0 0 0 0 0 0 0 0 0 0 0 0 0 0 0 0 0 0 0 0 0 0
1 1 1 1 1 0 0 0 0 0 0 0 0 0 0 0 0 0 0 0 0 0 0 0 0 0 0 0 0 0 0 0 0 0 0 0 0 0 0 0 0 0 0 0 0
1 1 1 1 1 1 0 0 0 0 0 0 0 0 0 0 0 0 0 0 0 0 0 0 0 0 0 0 0 0 0 0 0 0 0 0 0 0 0 0 0 0 0 0 0
1 1 1 1 1 1 1 0 0 0 0 0 0 0 0 0 0 0 0 0 0 0 0 0 0 0 0 0 0 0 0 0 0 0 0 0 0 0 0 0 0 0 0 0 0
1 1 1 1 1 1 1 1 0 0 0 0 0 0 0 0 0 0 0 0 0 0 0 0 0 0 0 0 0 0 0 0 0 0 0 0 0 0 0 0 0 0 0 0 0
1 1 1 1 1 1 1 1 1 0 0 0 0 0 0 0 0 0 0 0 0 0 0 0 0 0 0 0 0 0 0 0 0 0 0 0 0 0 0 0 0 0 0 0 0
1 1 1 1 1 1 1 1 1 1 0 0 0 0 0 0 0 0 0 0 0 0 0 0 0 0 0 0 0 0 0 0 0 0 0 0 0 0 0 0 0 0 0 0 0
1 1 1 1 1 1 1 1 1 1 1 0 0 0 0 0 0 0 0 0 0 0 0 0 0 0 0 0 0 0 0 0 0 0 0 0 0 0 0 0 0 0 0 0 0
1 1 1 1 1 1 1 1 1 1 1 1 0 0 0 0 0 0 0 0 0 0 0 0 0 0 0 0 0 0 0 0 0 0 0 0 0 0 0 0 0 0 0 0 0
1 1 1 1 1 1 1 1 1 1 1 1 1 0 0 0 0 0 0 0 0 0 0 0 0 0 0 0 0 0 0 0 0 0 0 0 0 0 0 0 0 0 0 0 0
1 1 1 1 1 1 1 1 1 1 1 1 1 1 0 0 0 0 0 0 0 0 0 0 0 0 0 0 0 0 0 0 0 0 0 0 0 0 0 0 0 0 0 0 0
1 1 1 1 1 1 1 1 1 1 1 1 1 1 1 0 0 0 0 0 0 0 0 0 0 0 0 0 0 0 0 0 0 0 0 0 0 0 0 0 0 0 0 0 0
1 1 1 1 1 1 1 1 1 1 1 1 1 1 1 1 0 0 0 0 0 0 0 0 0 0 0 0 0 0 0 0 0 0 0 0 0 0 0 0 0 0 0 0 0
1 1 1 1 1 1 1 1 1 1 1 1 1 1 1 1 1 0 0 0 0 0 0 0 0 0 0 0 0 0 0 0 0 0 0 0 0 0 0 0 0 0 0 0 0
1 1 1 1 1 1 1 1 1 1 1 1 1 1 1 1 1 1 0 0 0 0 0 0 0 0 0 0 0 0 0 0 0 0 0 0 0 0 0 0 0 0 0 0 0
1 1 1 1 1 1 1 1 1 1 1 1 1 1 1 1 1 1 1 0 0 0 0 0 0 0 0 0 0 0 0 0 0 0 0 0 0 0 0 0 0 0 0 0 0
1 1 1 1 1 1 1 1 1 1 1 1 1 1 1 1 1 1 1 1 0 0 0 0 0 0 0 0 0 0 0 0 0 0 0 0 0 0 0 0 0 0 0 0 0
1 1 1 1 1 1 1 1 1 1 1 1 1 1 1 1 1 1 1 1 1 0 0 0 0 0 0 0 0 0 0 0 0 0 0 0 0 0 0 0 0 0 0 0 0
1 1 1 1 1 1 1 1 1 1 1 1 1 1 1 1 1 1 1 1 1 1 0 0 0 0 0 0 0 0 0 0 0 0 0 0 0 0 0 0 0 0 0 0 0
1 1 1 1 1 1 1 1 1 1 1 1 1 1 1 1 1 1 1 1 1 1 1 0 0 0 0 0 0 0 0 0 0 0 0 0 0 0 0 0 0 0 0 0 0
1 1 1 1 1 1 1 1 1 1 1 1 1 1 1 1 1 1 1 1 1 1 1 1 0 0 0 0 0 0 0 0 0 0 0 0 0 0 0 0 0 0 0 0 0
1 1 1 1 1 1 1 1 1 1 1 1 1 1 1 1 1 1 1 1 1 1 1 1 1 0 0 0 0 0 0 0 0 0 0 0 0 0 0 0 0 0 0 0 0
1 1 1 1 1 1 1 1 1 1 1 1 1 1 1 1 1 1 1 1 1 1 1 1 1 1 0 0 0 0 0 0 0 0 0 0 0 0 0 0 0 0 0 0 0
1 1 1 1 1 1 1 1 1 1 1 1 1 1 1 1 1 1 1 1 1 1 1 1 1 1 1 0 0 0 0 0 0 0 0 0 0 0 0 0 0 0 0 0 0
1 1 1 1 1 1 1 1 1 1 1 1 1 1 1 1 1 1 1 1 1 1 1 1 1 1 1 1 0 0 0 0 0 0 0 0 0 0 0 0 0 0 0 0 0
1 1 1 1 1 1 1 1 1 1 1 1 1 1 1 1 1 1 1 1 1 1 1 1 1 1 1 1 1 0 0 0 0 0 0 0 0 0 0 0 0 0 0 0 0
1 1 1 1 1 1 1 1 1 1 1 1 1 1 1 1 1 1 1 1 1 1 1 1 1 1 1 1 1 1 0 0 0 0 0 0 0 0 0 0 0 0 0 0 0
1 1 1 1 1 1 1 1 1 1 1 1 1 1 1 1 1 1 1 1 1 1 1 1 1 1 1 1 1 1 1 0 0 0 0 0 0 0 0 0 0 0 0 0 0
1 1 1 1 1 1 1 1 1 1 1 1 1 1 1 1 1 1 1 1 1 1 1 1 1 1 1 1 1 1 1 1 0 0 0 0 0 0 0 0 0 0 0 0 0
1 1 1 1 1 1 1 1 1 1 1 1 1 1 1 1 1 1 1 1 1 1 1 1 1 1 1 1 1 1 1 1 1 0 0 0 0 0 0 0 0 0 0 0 0
1 1 1 1 1 1 1 1 1 1 1 1 1 1 1 1 1 1 1 1 1 1 0 1 1 1 1 1 1 1 1 1 1 1 0 0 0 0 0 0 0 0 0 0 0
1 1 1 1 1 1 1 1 1 1 1 1 1 1 1 1 1 1 1 1 0 0 0 0 0 1 1 1 1 1 1 1 1 1 1 0 0 0 0 0 0 0 0 0 0
1 1 1 1 1 1 1 1 1 1 1 1 1 1 1 1 1 1 0 0 0 0 0 0 0 0 0 1 1 1 1 1 1 1 1 1 0 0 0 0 0 0 0 0 0
1 1 1 1 1 1 1 1 1 1 1 1 1 1 1 1 0 0 0 0 0 0 0 0 0 0 0 0 0 1 1 1 1 1 1 1 1 0 0 0 0 0 0 0 0
1 1 1 1 1 1 1 1 1 1 1 1 1 1 0 0 0 0 0 0 0 0 0 0 0 0 0 0 0 0 0 1 1 1 1 1 1 1 0 0 0 0 0 0 0
1 1 1 1 1 1 1 1 1 1 1 1 0 0 0 0 0 0 0 0 0 0 0 0 0 0 0 0 0 0 0 0 0 1 1 1 1 1 1 0 0 0 0 0 0
1 1 1 1 1 1 1 1 1 1 0 0 0 0 0 0 0 0 0 0 0 0 0 0 0 0 0 0 0 0 0 0 0 0 0 1 1 1 1 1 0 0 0 0 0
1 1 1 1 1 1 1 1 0 0 0 0 0 0 0 0 0 0 0 0 0 0 0 0 0 0 0 0 0 0 0 0 0 0 0 0 0 1 1 1 1 0 0 0 0
1 1 1 1 1 1 0 0 0 0 0 0 0 0 0 0 0 0 0 0 0 0 0 0 0 0 0 0 0 0 0 0 0 0 0 0 0 0 0 1 1 1 0 0 0
1 1 1 0 0 0 0 0 0 0 0 0 0 0 0 0 0 0 0 0 0 0 0 0 0 0 0 0 0 0 0 0 0 0 0 0 0 0 0 0 0 0 1 0 0
1 1 0 0 0 0 0 0 0 0 0 0 0 0 0 0 0 0 0 0 0 0 0 0 0 0 0 0 0 0 0 0 0 0 0 0 0 0 0 0 0 0 0 1 0

====== Solved Solution ====== U:
3.288334e+09 3.288334e+09 3.288334e+09 3.288334e+09 3.288334e+09 3.288334e+09 3.288334e+09 3.288334e+09 3.288334e+09 3.288334e+09 3.288334e+09 3.288334e+09 3.288334e+09 3.288334e+09 3.288334e+09 3.288334e+09 3.288334e+09 3.288334e+09 3.288334e+09 3.288334e+09 3.288334e+09 3.288334e+09 3.288334e+09 3.288334e+09 3.288334e+09 3.288334e+09 3.288334e+09 3.288334e+09 3.288334e+09 3.288334e+09 3.288334e+09 3.288334e+09 3.288334e+09 3.288334e+09 3.288334e+09 3.288334e+09 3.288334e+09 3.288334e+09 3.288334e+09 3.28
8334e+09 3.288334e+09 3.288334e+09 3.288334e+09 3.288334e+09 3.288334e+09
3.288334e+09 6.576669e+09 6.576669e+09 6.576669e+09 6.576669e+09 6.576669e+09 6.576669e+09 6.576669e+09 6.576669e+09 6.576669e+09 6.576669e+09 6.576669e+09 6.576669e+09 6.576669e+09 6.576669e+09 6.576669e+09 6.576669e+09 6.576669e+09 6.576669e+09 6.576669e+09 6.576669e+09 6.576669e+09 6.576669e+09 6.576669e+09 6.576669e+09 6.576669e+09 6.576669e+09 6.576669e+09 6.576669e+09 6.576669e+09 6.576669e+09 6.576669e+09 6.576669e+09 6.576669e+09 6.576669e+09 6.576669e+09 6.576669e+09 6.576669e+09 6.576669e+09 6.57
6669e+09 6.576669e+09 6.576669e+09 6.576669e+09 6.576669e+09 6.576669e+09
6.576669e+09 6.576669e+09 7.398752e+09 7.398752e+09 7.398752e+09 7.398752e+09 7.398752e+09 7.398752e+09 7.398752e+09 7.398752e+09 7.398752e+09 7.398752e+09 7.398752e+09 7.398752e+09 7.398752e+09 7.398752e+09 7.398752e+09 7.398752e+09 7.398752e+09 7.398752e+09 7.398752e+09 7.398752e+09 7.398752e+09 7.398752e+09 7.398752e+09 7.398752e+09 7.398752e+09 7.398752e+09 7.398752e+09 7.398752e+09 7.398752e+09 7.398752e+09 7.398752e+09 7.398752e+09 7.398752e+09 7.398752e+09 7.398752e+09 7.398752e+09 7.398752e+09 7.39
8752e+09 7.398752e+09 7.398752e+09 7.398752e+09 7.398752e+09 7.398752e+09
7.398752e+09 7.398752e+09 7.398752e+09 9.042919e+09 9.042919e+09 9.042919e+09 9.042919e+09 9.042919e+09 9.042919e+09 9.042919e+09 9.042919e+09 9.042919e+09 9.042919e+09 9.042919e+09 9.042919e+09 9.042919e+09 9.042919e+09 9.042919e+09 9.042919e+09 9.042919e+09 9.042919e+09 9.042919e+09 9.042919e+09 9.042919e+09 9.042919e+09 9.042919e+09 9.042919e+09 9.042919e+09 9.042919e+09 9.042919e+09 9.042919e+09 9.042919e+09 9.042919e+09 9.042919e+09 9.042919e+09 9.042919e+09 9.042919e+09 9.042919e+09 9.042919e+09 9.04
2919e+09 9.042919e+09 9.042919e+09 9.042919e+09 9.042919e+09 9.042919e+09
9.042919e+09 9.042919e+09 9.042919e+09 9.042919e+09 1.068709e+10 1.068709e+10 1.068709e+10 1.068709e+10 1.068709e+10 1.068709e+10 1.068709e+10 1.068709e+10 1.068709e+10 1.068709e+10 1.068709e+10 1.068709e+10 1.068709e+10 1.068709e+10 1.068709e+10 1.068709e+10 1.068709e+10 1.068709e+10 1.068709e+10 1.068709e+10 1.068709e+10 1.068709e+10 1.068709e+10 1.068709e+10 1.068709e+10 1.068709e+10 1.068709e+10 1.068709e+10 1.068709e+10 1.068709e+10 1.068709e+10 1.068709e+10 1.068709e+10 1.068709e+10 1.068709e+10 1.06
8709e+10 1.068709e+10 1.068709e+10 1.068709e+10 1.068709e+10 1.068709e+10
1.068709e+10 1.068709e+10 1.068709e+10 1.068709e+10 1.068709e+10 1.109813e+10 1.109813e+10 1.109813e+10 1.109813e+10 1.109813e+10 1.109813e+10 1.109813e+10 1.109813e+10 1.109813e+10 1.109813e+10 1.109813e+10 1.109813e+10 1.109813e+10 1.109813e+10 1.109813e+10 1.109813e+10 1.109813e+10 1.109813e+10 1.109813e+10 1.109813e+10 1.109813e+10 1.109813e+10 1.109813e+10 1.109813e+10 1.109813e+10 1.109813e+10 1.109813e+10 1.109813e+10 1.109813e+10 1.109813e+10 1.109813e+10 1.109813e+10 1.109813e+10 1.109813e+10 1.10
9813e+10 1.109813e+10 1.109813e+10 1.109813e+10 1.109813e+10 1.109813e+10
1.109813e+10 1.109813e+10 1.109813e+10 1.109813e+10 1.109813e+10 1.109813e+10 1.192021e+10 1.192021e+10 1.192021e+10 1.192021e+10 1.192021e+10 1.192021e+10 1.192021e+10 1.192021e+10 1.192021e+10 1.192021e+10 1.192021e+10 1.192021e+10 1.192021e+10 1.192021e+10 1.192021e+10 1.192021e+10 1.192021e+10 1.192021e+10 1.192021e+10 1.192021e+10 1.192021e+10 1.192021e+10 1.192021e+10 1.192021e+10 1.192021e+10 1.192021e+10 1.192021e+10 1.192021e+10 1.192021e+10 1.192021e+10 1.192021e+10 1.192021e+10 1.192021e+10 1.19
2021e+10 1.192021e+10 1.192021e+10 1.192021e+10 1.192021e+10 1.192021e+10
1.192021e+10 1.192021e+10 1.192021e+10 1.192021e+10 1.192021e+10 1.192021e+10 1.192021e+10 1.274230e+10 1.274230e+10 1.274230e+10 1.274230e+10 1.274230e+10 1.274230e+10 1.274230e+10 1.274230e+10 1.274230e+10 1.274230e+10 1.274230e+10 1.274230e+10 1.274230e+10 1.274230e+10 1.274230e+10 1.274230e+10 1.274230e+10 1.274230e+10 1.274230e+10 1.274230e+10 1.274230e+10 1.274230e+10 1.274230e+10 1.274230e+10 1.274230e+10 1.274230e+10 1.274230e+10 1.274230e+10 1.274230e+10 1.274230e+10 1.274230e+10 1.274230e+10 1.27
4230e+10 1.274230e+10 1.274230e+10 1.274230e+10 1.274230e+10 1.274230e+10
1.274230e+10 1.274230e+10 1.274230e+10 1.274230e+10 1.274230e+10 1.274230e+10 1.274230e+10 1.274230e+10 1.356438e+10 1.356438e+10 1.356438e+10 1.356438e+10 1.356438e+10 1.356438e+10 1.356438e+10 1.356438e+10 1.356438e+10 1.356438e+10 1.356438e+10 1.356438e+10 1.356438e+10 1.356438e+10 1.356438e+10 1.356438e+10 1.356438e+10 1.356438e+10 1.356438e+10 1.356438e+10 1.356438e+10 1.356438e+10 1.356438e+10 1.356438e+10 1.356438e+10 1.356438e+10 1.356438e+10 1.356438e+10 1.356438e+10 1.356438e+10 1.356438e+10 1.35
6438e+10 1.356438e+10 1.356438e+10 1.356438e+10 1.356438e+10 1.356438e+10
1.356438e+10 1.356438e+10 1.356438e+10 1.356438e+10 1.356438e+10 1.356438e+10 1.356438e+10 1.356438e+10 1.356438e+10 1.376990e+10 1.376990e+10 1.376990e+10 1.376990e+10 1.376990e+10 1.376990e+10 1.376990e+10 1.376990e+10 1.376990e+10 1.376990e+10 1.376990e+10 1.376990e+10 1.376990e+10 1.376990e+10 1.376990e+10 1.376990e+10 1.376990e+10 1.376990e+10 1.376990e+10 1.376990e+10 1.376990e+10 1.376990e+10 1.376990e+10 1.376990e+10 1.376990e+10 1.376990e+10 1.376990e+10 1.376990e+10 1.376990e+10 1.376990e+10 1.37
6990e+10 1.376990e+10 1.376990e+10 1.376990e+10 1.376990e+10 1.376990e+10
1.376990e+10 1.376990e+10 1.376990e+10 1.376990e+10 1.376990e+10 1.376990e+10 1.376990e+10 1.376990e+10 1.376990e+10 1.376990e+10 1.418094e+10 1.418094e+10 1.418094e+10 1.418094e+10 1.418094e+10 1.418094e+10 1.418094e+10 1.418094e+10 1.418094e+10 1.418094e+10 1.418094e+10 1.418094e+10 1.418094e+10 1.418094e+10 1.418094e+10 1.418094e+10 1.418094e+10 1.418094e+10 1.418094e+10 1.418094e+10 1.418094e+10 1.418094e+10 1.418094e+10 1.418094e+10 1.418094e+10 1.418094e+10 1.418094e+10 1.418094e+10 1.418094e+10 1.41
8094e+10 1.418094e+10 1.418094e+10 1.418094e+10 1.418094e+10 1.418094e+10
1.418094e+10 1.418094e+10 1.418094e+10 1.418094e+10 1.418094e+10 1.418094e+10 1.418094e+10 1.418094e+10 1.418094e+10 1.418094e+10 1.418094e+10 1.459198e+10 1.459198e+10 1.459198e+10 1.459198e+10 1.459198e+10 1.459198e+10 1.459198e+10 1.459198e+10 1.459198e+10 1.459198e+10 1.459198e+10 1.459198e+10 1.459198e+10 1.459198e+10 1.459198e+10 1.459198e+10 1.459198e+10 1.459198e+10 1.459198e+10 1.459198e+10 1.459198e+10 1.459198e+10 1.459198e+10 1.459198e+10 1.459198e+10 1.459198e+10 1.459198e+10 1.459198e+10 1.45
9198e+10 1.459198e+10 1.459198e+10 1.459198e+10 1.459198e+10 1.459198e+10
1.459198e+10 1.459198e+10 1.459198e+10 1.459198e+10 1.459198e+10 1.459198e+10 1.459198e+10 1.459198e+10 1.459198e+10 1.459198e+10 1.459198e+10 1.459198e+10 1.500303e+10 1.500303e+10 1.500303e+10 1.500303e+10 1.500303e+10 1.500303e+10 1.500303e+10 1.500303e+10 1.500303e+10 1.500303e+10 1.500303e+10 1.500303e+10 1.500303e+10 1.500303e+10 1.500303e+10 1.500303e+10 1.500303e+10 1.500303e+10 1.500303e+10 1.500303e+10 1.500303e+10 1.500303e+10 1.500303e+10 1.500303e+10 1.500303e+10 1.500303e+10 1.500303e+10 1.50
0303e+10 1.500303e+10 1.500303e+10 1.500303e+10 1.500303e+10 1.500303e+10
1.500303e+10 1.500303e+10 1.500303e+10 1.500303e+10 1.500303e+10 1.500303e+10 1.500303e+10 1.500303e+10 1.500303e+10 1.500303e+10 1.500303e+10 1.500303e+10 1.500303e+10 1.510579e+10 1.510579e+10 1.510579e+10 1.510579e+10 1.510579e+10 1.510579e+10 1.510579e+10 1.510579e+10 1.510579e+10 1.510579e+10 1.510579e+10 1.510579e+10 1.510579e+10 1.510579e+10 1.510579e+10 1.510579e+10 1.510579e+10 1.510579e+10 1.510579e+10 1.510579e+10 1.510579e+10 1.510579e+10 1.510579e+10 1.510579e+10 1.510579e+10 1.510579e+10 1.51
0579e+10 1.510579e+10 1.510579e+10 1.510579e+10 1.510579e+10 1.510579e+10
1.510579e+10 1.510579e+10 1.510579e+10 1.510579e+10 1.510579e+10 1.510579e+10 1.510579e+10 1.510579e+10 1.510579e+10 1.510579e+10 1.510579e+10 1.510579e+10 1.510579e+10 1.510579e+10 1.520855e+10 1.520855e+10 1.520855e+10 1.520855e+10 1.520855e+10 1.520855e+10 1.520855e+10 1.520855e+10 1.520855e+10 1.520855e+10 1.520855e+10 1.520855e+10 1.520855e+10 1.520855e+10 1.520855e+10 1.520855e+10 1.520855e+10 1.520855e+10 1.520855e+10 1.520855e+10 1.520855e+10 1.520855e+10 1.520855e+10 1.520855e+10 1.520855e+10 1.52
0855e+10 1.520855e+10 1.520855e+10 1.520855e+10 1.520855e+10 1.520855e+10
1.520855e+10 1.520855e+10 1.520855e+10 1.520855e+10 1.520855e+10 1.520855e+10 1.520855e+10 1.520855e+10 1.520855e+10 1.520855e+10 1.520855e+10 1.520855e+10 1.520855e+10 1.520855e+10 1.520855e+10 1.531131e+10 1.531131e+10 1.531131e+10 1.531131e+10 1.531131e+10 1.531131e+10 1.531131e+10 1.531131e+10 1.531131e+10 1.531131e+10 1.531131e+10 1.531131e+10 1.531131e+10 1.531131e+10 1.531131e+10 1.531131e+10 1.531131e+10 1.531131e+10 1.531131e+10 1.531131e+10 1.531131e+10 1.531131e+10 1.531131e+10 1.531131e+10 1.53
1131e+10 1.531131e+10 1.531131e+10 1.531131e+10 1.531131e+10 1.531131e+10
1.531131e+10 1.531131e+10 1.531131e+10 1.531131e+10 1.531131e+10 1.531131e+10 1.531131e+10 1.531131e+10 1.531131e+10 1.531131e+10 1.531131e+10 1.531131e+10 1.531131e+10 1.531131e+10 1.531131e+10 1.531131e+10 1.541407e+10 1.541407e+10 1.541407e+10 1.541407e+10 1.541407e+10 1.541407e+10 1.541407e+10 1.541407e+10 1.541407e+10 1.541407e+10 1.541407e+10 1.541407e+10 1.541407e+10 1.541407e+10 1.541407e+10 1.541407e+10 1.541407e+10 1.541407e+10 1.541407e+10 1.541407e+10 1.541407e+10 1.541407e+10 1.541407e+10 1.54
1407e+10 1.541407e+10 1.541407e+10 1.541407e+10 1.541407e+10 1.541407e+10
1.541407e+10 1.541407e+10 1.541407e+10 1.541407e+10 1.541407e+10 1.541407e+10 1.541407e+10 1.541407e+10 1.541407e+10 1.541407e+10 1.541407e+10 1.541407e+10 1.541407e+10 1.541407e+10 1.541407e+10 1.541407e+10 1.541407e+10 1.543976e+10 1.543976e+10 1.543976e+10 1.543976e+10 1.543976e+10 1.543976e+10 1.543976e+10 1.543976e+10 1.543976e+10 1.543976e+10 1.543976e+10 1.543976e+10 1.543976e+10 1.543976e+10 1.543976e+10 1.543976e+10 1.543976e+10 1.543976e+10 1.543976e+10 1.543976e+10 1.543976e+10 1.543976e+10 1.54
3976e+10 1.543976e+10 1.543976e+10 1.543976e+10 1.543976e+10 1.543976e+10
1.543976e+10 1.543976e+10 1.543976e+10 1.543976e+10 1.543976e+10 1.543976e+10 1.543976e+10 1.543976e+10 1.543976e+10 1.543976e+10 1.543976e+10 1.543976e+10 1.543976e+10 1.543976e+10 1.543976e+10 1.543976e+10 1.543976e+10 1.543976e+10 1.546545e+10 1.546545e+10 1.546545e+10 1.546545e+10 1.546545e+10 1.546545e+10 1.546545e+10 1.546545e+10 1.546545e+10 1.546545e+10 1.546545e+10 1.546545e+10 1.546545e+10 1.546545e+10 1.546545e+10 1.546545e+10 1.546545e+10 1.546545e+10 1.546545e+10 1.546545e+10 1.546545e+10 1.54
6545e+10 1.546545e+10 1.546545e+10 1.546545e+10 1.546545e+10 1.546545e+10
1.546545e+10 1.546545e+10 1.546545e+10 1.546545e+10 1.546545e+10 1.546545e+10 1.546545e+10 1.546545e+10 1.546545e+10 1.546545e+10 1.546545e+10 1.546545e+10 1.546545e+10 1.546545e+10 1.546545e+10 1.546545e+10 1.546545e+10 1.546545e+10 1.546545e+10 1.546964e+10 1.546964e+10 1.546964e+10 1.546964e+10 1.546964e+10 1.546964e+10 1.546964e+10 1.546964e+10 1.546964e+10 1.546964e+10 1.546964e+10 1.546964e+10 1.546964e+10 1.546964e+10 1.546964e+10 1.546964e+10 1.546964e+10 1.546964e+10 1.546964e+10 1.546964e+10 1.54
6964e+10 1.546964e+10 1.546964e+10 1.546964e+10 1.546964e+10 1.546964e+10
1.546964e+10 1.546964e+10 1.546964e+10 1.546964e+10 1.546964e+10 1.546964e+10 1.546964e+10 1.546964e+10 1.546964e+10 1.546964e+10 1.546964e+10 1.546964e+10 1.546964e+10 1.546964e+10 1.546964e+10 1.546964e+10 1.546964e+10 1.546964e+10 1.546964e+10 1.546964e+10 1.547384e+10 1.547384e+10 1.547384e+10 1.547384e+10 1.547384e+10 1.547384e+10 1.547384e+10 1.547384e+10 1.547384e+10 1.547384e+10 1.547384e+10 1.547384e+10 1.547384e+10 1.547384e+10 1.547384e+10 1.547384e+10 1.547384e+10 1.547384e+10 1.547384e+10 1.54
7384e+10 1.547384e+10 1.547384e+10 1.547384e+10 1.547384e+10 1.547384e+10
1.547384e+10 1.547384e+10 1.547384e+10 1.547384e+10 1.547384e+10 1.547384e+10 1.547384e+10 1.547384e+10 1.547384e+10 1.547384e+10 1.547384e+10 1.547384e+10 1.547384e+10 1.547384e+10 1.547384e+10 1.547384e+10 1.547384e+10 1.547384e+10 1.547384e+10 1.547384e+10 1.547384e+10 1.547486e+10 1.547486e+10 1.547486e+10 1.547486e+10 1.547486e+10 1.547486e+10 1.547486e+10 1.547486e+10 1.547486e+10 1.547486e+10 1.547486e+10 1.547486e+10 1.547486e+10 1.547486e+10 1.547486e+10 1.547486e+10 1.547486e+10 1.547486e+10 1.54
7486e+10 1.547486e+10 1.547486e+10 1.547486e+10 1.547486e+10 1.547486e+10
1.547486e+10 1.547486e+10 1.547486e+10 1.547486e+10 1.547486e+10 1.547486e+10 1.547486e+10 1.547486e+10 1.547486e+10 1.547486e+10 1.547486e+10 1.547486e+10 1.547486e+10 1.547486e+10 1.547486e+10 1.547486e+10 1.547486e+10 1.547486e+10 1.547486e+10 1.547486e+10 1.547486e+10 1.547486e+10 1.547486e+10 1.547486e+10 1.547486e+10 1.547486e+10 1.547486e+10 1.547486e+10 1.547486e+10 1.547486e+10 1.547486e+10 1.547486e+10 1.547486e+10 1.547486e+10 1.547486e+10 1.547486e+10 1.547486e+10 1.547486e+10 1.547486e+10 1.54
7486e+10 1.547486e+10 1.547486e+10 1.547486e+10 1.547486e+10 1.547486e+10
1.547486e+10 1.547486e+10 1.547486e+10 1.547486e+10 1.547486e+10 1.547486e+10 1.547486e+10 1.547486e+10 1.547486e+10 1.547486e+10 1.547486e+10 1.547486e+10 1.547486e+10 1.547486e+10 1.547486e+10 1.547486e+10 1.547486e+10 1.547486e+10 1.547486e+10 1.547486e+10 1.547486e+10 1.547486e+10 1.547486e+10 1.547589e+10 1.547589e+10 1.547589e+10 1.547589e+10 1.547589e+10 1.547589e+10 1.547589e+10 1.547589e+10 1.547589e+10 1.547589e+10 1.547589e+10 1.547589e+10 1.547589e+10 1.547589e+10 1.547589e+10 1.547589e+10 1.54
7589e+10 1.547589e+10 1.547589e+10 1.547589e+10 1.547589e+10 1.547589e+10
1.547589e+10 1.547589e+10 1.547589e+10 1.547589e+10 1.547589e+10 1.547589e+10 1.547589e+10 1.547589e+10 1.547589e+10 1.547589e+10 1.547589e+10 1.547589e+10 1.547589e+10 1.547589e+10 1.547589e+10 1.547589e+10 1.547589e+10 1.547589e+10 1.547589e+10 1.547589e+10 1.547589e+10 1.547589e+10 1.547589e+10 1.547589e+10 1.548008e+10 1.548008e+10 1.548008e+10 1.548008e+10 1.548008e+10 1.548008e+10 1.548008e+10 1.548008e+10 1.548008e+10 1.548008e+10 1.548008e+10 1.548008e+10 1.548008e+10 1.548008e+10 1.548008e+10 1.54
8008e+10 1.548008e+10 1.548008e+10 1.548008e+10 1.548008e+10 1.548008e+10
1.548008e+10 1.548008e+10 1.548008e+10 1.548008e+10 1.548008e+10 1.548008e+10 1.548008e+10 1.548008e+10 1.548008e+10 1.548008e+10 1.548008e+10 1.548008e+10 1.548008e+10 1.548008e+10 1.548008e+10 1.548008e+10 1.548008e+10 1.548008e+10 1.548008e+10 1.548008e+10 1.548008e+10 1.548008e+10 1.548008e+10 1.548008e+10 1.548008e+10 1.548427e+10 1.548427e+10 1.548427e+10 1.548427e+10 1.548427e+10 1.548427e+10 1.548427e+10 1.548427e+10 1.548427e+10 1.548427e+10 1.548427e+10 1.548427e+10 1.548427e+10 1.548427e+10 1.54
8427e+10 1.548427e+10 1.548427e+10 1.548427e+10 1.548427e+10 1.548427e+10
1.548427e+10 1.548427e+10 1.548427e+10 1.548427e+10 1.548427e+10 1.548427e+10 1.548427e+10 1.548427e+10 1.548427e+10 1.548427e+10 1.548427e+10 1.548427e+10 1.548427e+10 1.548427e+10 1.548427e+10 1.548427e+10 1.548427e+10 1.548427e+10 1.548427e+10 1.548427e+10 1.548427e+10 1.548427e+10 1.548427e+10 1.548427e+10 1.548427e+10 1.548427e+10 1.550996e+10 1.550996e+10 1.550996e+10 1.550996e+10 1.550996e+10 1.550996e+10 1.550996e+10 1.550996e+10 1.550996e+10 1.550996e+10 1.550996e+10 1.550996e+10 1.550996e+10 1.55
0996e+10 1.550996e+10 1.550996e+10 1.550996e+10 1.550996e+10 1.550996e+10
1.550996e+10 1.550996e+10 1.550996e+10 1.550996e+10 1.550996e+10 1.550996e+10 1.550996e+10 1.550996e+10 1.550996e+10 1.550996e+10 1.550996e+10 1.550996e+10 1.550996e+10 1.550996e+10 1.550996e+10 1.550996e+10 1.550996e+10 1.550996e+10 1.550996e+10 1.550996e+10 1.550996e+10 1.550996e+10 1.550996e+10 1.550996e+10 1.550996e+10 1.550996e+10 1.550996e+10 1.553565e+10 1.553565e+10 1.553565e+10 1.553565e+10 1.553565e+10 1.553565e+10 1.553565e+10 1.553565e+10 1.553565e+10 1.553565e+10 1.553565e+10 1.553565e+10 1.55
3565e+10 1.553565e+10 1.553565e+10 1.553565e+10 1.553565e+10 1.553565e+10
1.553565e+10 1.553565e+10 1.553565e+10 1.553565e+10 1.553565e+10 1.553565e+10 1.553565e+10 1.553565e+10 1.553565e+10 1.553565e+10 1.553565e+10 1.553565e+10 1.553565e+10 1.553565e+10 1.553565e+10 1.553565e+10 1.553565e+10 1.553565e+10 1.553565e+10 1.553565e+10 1.553565e+10 1.553565e+10 1.553565e+10 1.553565e+10 1.553565e+10 1.553565e+10 1.553565e+10 1.553565e+10 1.563841e+10 1.563841e+10 1.563841e+10 1.563841e+10 1.563841e+10 1.563841e+10 1.563841e+10 1.563841e+10 1.563841e+10 1.563841e+10 1.563841e+10 1.56
3841e+10 1.563841e+10 1.563841e+10 1.563841e+10 1.563841e+10 1.563841e+10
1.563841e+10 1.563841e+10 1.563841e+10 1.563841e+10 1.563841e+10 1.563841e+10 1.563841e+10 1.563841e+10 1.563841e+10 1.563841e+10 1.563841e+10 1.563841e+10 1.563841e+10 1.563841e+10 1.563841e+10 1.563841e+10 1.563841e+10 1.563841e+10 1.563841e+10 1.563841e+10 1.563841e+10 1.563841e+10 1.563841e+10 1.563841e+10 1.563841e+10 1.563841e+10 1.563841e+10 1.563841e+10 1.563841e+10 1.574117e+10 1.574117e+10 1.574117e+10 1.574117e+10 1.574117e+10 1.574117e+10 1.574117e+10 1.574117e+10 1.574117e+10 1.574117e+10 1.57
4117e+10 1.574117e+10 1.574117e+10 1.574117e+10 1.574117e+10 1.574117e+10
1.574117e+10 1.574117e+10 1.574117e+10 1.574117e+10 1.574117e+10 1.574117e+10 1.574117e+10 1.574117e+10 1.574117e+10 1.574117e+10 1.574117e+10 1.574117e+10 1.574117e+10 1.574117e+10 1.574117e+10 1.574117e+10 1.574117e+10 1.574117e+10 1.574117e+10 1.574117e+10 1.574117e+10 1.574117e+10 1.574117e+10 1.574117e+10 1.574117e+10 1.574117e+10 1.574117e+10 1.574117e+10 1.574117e+10 1.574117e+10 1.584394e+10 1.584394e+10 1.584394e+10 1.584394e+10 1.584394e+10 1.584394e+10 1.584394e+10 1.584394e+10 1.584394e+10 1.58
4394e+10 1.584394e+10 1.584394e+10 1.584394e+10 1.584394e+10 1.584394e+10
1.584394e+10 1.584394e+10 1.584394e+10 1.584394e+10 1.584394e+10 1.584394e+10 1.584394e+10 1.584394e+10 1.584394e+10 1.584394e+10 1.584394e+10 1.584394e+10 1.584394e+10 1.584394e+10 1.584394e+10 1.584394e+10 1.584394e+10 1.584394e+10 1.584394e+10 1.584394e+10 1.584394e+10 1.584394e+10 1.584394e+10 1.584394e+10 1.584394e+10 1.584394e+10 1.584394e+10 1.584394e+10 1.584394e+10 1.584394e+10 1.584394e+10 1.594670e+10 1.594670e+10 1.594670e+10 1.594670e+10 1.594670e+10 1.594670e+10 1.594670e+10 1.594670e+10 1.59
4670e+10 1.594670e+10 1.594670e+10 1.594670e+10 1.594670e+10 1.594670e+10
1.594670e+10 1.594670e+10 1.594670e+10 1.594670e+10 1.594670e+10 1.594670e+10 1.594670e+10 1.594670e+10 1.594670e+10 1.594670e+10 1.594670e+10 1.594670e+10 1.594670e+10 1.594670e+10 1.594670e+10 1.594670e+10 1.594670e+10 1.594670e+10 1.594670e+10 1.594670e+10 1.594670e+10 1.594670e+10 1.594670e+10 1.594670e+10 1.594670e+10 1.594670e+10 1.594670e+10 1.594670e+10 1.594670e+10 1.594670e+10 1.594670e+10 1.594670e+10 1.635774e+10 1.635774e+10 1.635774e+10 1.635774e+10 1.635774e+10 1.635774e+10 1.635774e+10 1.63
5774e+10 1.635774e+10 1.635774e+10 1.635774e+10 1.635774e+10 1.635774e+10
1.635774e+10 1.635774e+10 1.635774e+10 1.635774e+10 1.635774e+10 1.635774e+10 1.635774e+10 1.635774e+10 1.635774e+10 1.635774e+10 1.635774e+10 1.635774e+10 1.635774e+10 1.635774e+10 1.635774e+10 1.635774e+10 1.635774e+10 1.635774e+10 1.635774e+10 1.635774e+10 1.635774e+10 1.635774e+10 1.635774e+10 1.635774e+10 1.635774e+10 1.635774e+10 1.635774e+10 1.635774e+10 1.635774e+10 1.635774e+10 1.635774e+10 1.635774e+10 1.635774e+10 1.676878e+10 1.676878e+10 1.676878e+10 1.676878e+10 1.676878e+10 1.676878e+10 1.67
6878e+10 1.676878e+10 1.676878e+10 1.676878e+10 1.676878e+10 1.676878e+10
1.676878e+10 1.676878e+10 1.676878e+10 1.676878e+10 1.676878e+10 1.676878e+10 1.676878e+10 1.676878e+10 1.676878e+10 1.676878e+10 1.676878e+10 1.676878e+10 1.676878e+10 1.676878e+10 1.676878e+10 1.676878e+10 1.676878e+10 1.676878e+10 1.676878e+10 1.676878e+10 1.676878e+10 1.676878e+10 1.676878e+10 1.676878e+10 1.676878e+10 1.676878e+10 1.676878e+10 1.676878e+10 1.676878e+10 1.676878e+10 1.676878e+10 1.676878e+10 1.676878e+10 1.676878e+10 1.717982e+10 1.717982e+10 1.717982e+10 1.717982e+10 1.717982e+10 1.71
7982e+10 1.717982e+10 1.717982e+10 1.717982e+10 1.717982e+10 1.717982e+10
1.716938e+10 1.716938e+10 1.716938e+10 1.716938e+10 1.716938e+10 1.716938e+10 1.716938e+10 1.716938e+10 1.716938e+10 1.716938e+10 1.716938e+10 1.716938e+10 1.716938e+10 1.716938e+10 1.716938e+10 1.716938e+10 1.716938e+10 1.716938e+10 1.716938e+10 1.716938e+10 1.716938e+10 1.716938e+10 1.716938e+10 1.716938e+10 1.716938e+10 1.716938e+10 1.716938e+10 1.716938e+10 1.716938e+10 1.716938e+10 1.716938e+10 1.716938e+10 1.716938e+10 1.716938e+10 1.716938e+10 1.737490e+10 1.737490e+10 1.737490e+10 1.737490e+10 1.73
7490e+10 1.737490e+10 1.737490e+10 1.737490e+10 1.737490e+10 1.737490e+10
1.731514e+10 1.731514e+10 1.731514e+10 1.731514e+10 1.731514e+10 1.731514e+10 1.731514e+10 1.731514e+10 1.731514e+10 1.731514e+10 1.731514e+10 1.731514e+10 1.731514e+10 1.731514e+10 1.731514e+10 1.731514e+10 1.731514e+10 1.731514e+10 1.731514e+10 1.731514e+10 1.731514e+10 1.731514e+10 1.731514e+10 1.731514e+10 1.731514e+10 1.731514e+10 1.731514e+10 1.731514e+10 1.731514e+10 1.731514e+10 1.731514e+10 1.731514e+10 1.731514e+10 1.731514e+10 1.731514e+10 1.731514e+10 1.813722e+10 1.813722e+10 1.813722e+10 1.81
3722e+10 1.813722e+10 1.813722e+10 1.813722e+10 1.813722e+10 1.813722e+10
1.788032e+10 1.788032e+10 1.788032e+10 1.788032e+10 1.788032e+10 1.788032e+10 1.788032e+10 1.788032e+10 1.788032e+10 1.788032e+10 1.788032e+10 1.788032e+10 1.788032e+10 1.788032e+10 1.788032e+10 1.788032e+10 1.788032e+10 1.788032e+10 1.788032e+10 1.788032e+10 1.788032e+10 1.788032e+10 1.788032e+10 1.788032e+10 1.788032e+10 1.788032e+10 1.788032e+10 1.788032e+10 1.788032e+10 1.788032e+10 1.788032e+10 1.788032e+10 1.788032e+10 1.788032e+10 1.788032e+10 1.788032e+10 1.788032e+10 1.870240e+10 1.870240e+10 1.87
0240e+10 1.870240e+10 1.870240e+10 1.870240e+10 1.870240e+10 1.870240e+10
1.829136e+10 1.829136e+10 1.829136e+10 1.829136e+10 1.829136e+10 1.829136e+10 1.829136e+10 1.829136e+10 1.829136e+10 1.829136e+10 1.829136e+10 1.829136e+10 1.829136e+10 1.829136e+10 1.829136e+10 1.829136e+10 1.829136e+10 1.829136e+10 1.829136e+10 1.829136e+10 1.829136e+10 1.829136e+10 1.829136e+10 1.829136e+10 1.829136e+10 1.829136e+10 1.829136e+10 1.829136e+10 1.829136e+10 1.829136e+10 1.829136e+10 1.829136e+10 1.829136e+10 1.829136e+10 1.829136e+10 1.829136e+10 1.829136e+10 1.829136e+10 1.911344e+10 1.91
1344e+10 1.911344e+10 1.911344e+10 1.911344e+10 1.911344e+10 1.911344e+10
1.808584e+10 1.808584e+10 1.808584e+10 1.808584e+10 1.808584e+10 1.808584e+10 1.808584e+10 1.808584e+10 1.808584e+10 1.808584e+10 1.808584e+10 1.808584e+10 1.808584e+10 1.808584e+10 1.808584e+10 1.808584e+10 1.808584e+10 1.808584e+10 1.808584e+10 1.808584e+10 1.808584e+10 1.808584e+10 1.808584e+10 1.808584e+10 1.808584e+10 1.808584e+10 1.808584e+10 1.808584e+10 1.808584e+10 1.808584e+10 1.808584e+10 1.808584e+10 1.808584e+10 1.808584e+10 1.808584e+10 1.808584e+10 1.808584e+10 1.808584e+10 1.808584e+10 1.84
9688e+10 1.849688e+10 1.849688e+10 1.849688e+10 1.849688e+10 1.849688e+10
1.685271e+10 1.685271e+10 1.685271e+10 1.685271e+10 1.685271e+10 1.685271e+10 1.685271e+10 1.685271e+10 1.685271e+10 1.685271e+10 1.685271e+10 1.685271e+10 1.685271e+10 1.685271e+10 1.685271e+10 1.685271e+10 1.685271e+10 1.685271e+10 1.685271e+10 1.685271e+10 1.685271e+10 1.685271e+10 1.685271e+10 1.685271e+10 1.685271e+10 1.685271e+10 1.685271e+10 1.685271e+10 1.685271e+10 1.685271e+10 1.685271e+10 1.685271e+10 1.685271e+10 1.685271e+10 1.685271e+10 1.685271e+10 1.685271e+10 1.685271e+10 1.685271e+10 1.68
5271e+10 1.849688e+10 1.849688e+10 1.849688e+10 1.849688e+10 1.849688e+10
1.644167e+10 1.644167e+10 1.644167e+10 1.644167e+10 1.644167e+10 1.644167e+10 1.644167e+10 1.644167e+10 1.644167e+10 1.644167e+10 1.644167e+10 1.644167e+10 1.644167e+10 1.644167e+10 1.644167e+10 1.644167e+10 1.644167e+10 1.644167e+10 1.644167e+10 1.644167e+10 1.644167e+10 1.644167e+10 1.644167e+10 1.644167e+10 1.644167e+10 1.644167e+10 1.644167e+10 1.644167e+10 1.644167e+10 1.644167e+10 1.644167e+10 1.644167e+10 1.644167e+10 1.644167e+10 1.644167e+10 1.644167e+10 1.644167e+10 1.644167e+10 1.644167e+10 1.64
4167e+10 1.644167e+10 1.808584e+10 1.808584e+10 1.808584e+10 1.808584e+10
1.479750e+10 1.479750e+10 1.479750e+10 1.479750e+10 1.479750e+10 1.479750e+10 1.479750e+10 1.479750e+10 1.479750e+10 1.479750e+10 1.479750e+10 1.479750e+10 1.479750e+10 1.479750e+10 1.479750e+10 1.479750e+10 1.479750e+10 1.479750e+10 1.479750e+10 1.479750e+10 1.479750e+10 1.479750e+10 1.479750e+10 1.479750e+10 1.479750e+10 1.479750e+10 1.479750e+10 1.479750e+10 1.479750e+10 1.479750e+10 1.479750e+10 1.479750e+10 1.479750e+10 1.479750e+10 1.479750e+10 1.479750e+10 1.479750e+10 1.479750e+10 1.479750e+10 1.47
9750e+10 1.479750e+10 1.479750e+10 1.561959e+10 1.233125e+10 1.233125e+10
8.220836e+09 8.220836e+09 8.220836e+09 8.220836e+09 8.220836e+09 8.220836e+09 8.220836e+09 8.220836e+09 8.220836e+09 8.220836e+09 8.220836e+09 8.220836e+09 8.220836e+09 8.220836e+09 8.220836e+09 8.220836e+09 8.220836e+09 8.220836e+09 8.220836e+09 8.220836e+09 8.220836e+09 8.220836e+09 8.220836e+09 8.220836e+09 8.220836e+09 8.220836e+09 8.220836e+09 8.220836e+09 8.220836e+09 8.220836e+09 8.220836e+09 8.220836e+09 8.220836e+09 8.220836e+09 8.220836e+09 8.220836e+09 8.220836e+09 8.220836e+09 8.220836e+09 8.22
0836e+09 8.220836e+09 8.220836e+09 8.220836e+09 1.150917e+10 9.865003e+09
9.865003e+09 9.865003e+09 9.865003e+09 9.865003e+09 9.865003e+09 9.865003e+09 9.865003e+09 9.865003e+09 9.865003e+09 9.865003e+09 9.865003e+09 9.865003e+09 9.865003e+09 9.865003e+09 9.865003e+09 9.865003e+09 9.865003e+09 9.865003e+09 9.865003e+09 9.865003e+09 9.865003e+09 9.865003e+09 9.865003e+09 9.865003e+09 9.865003e+09 9.865003e+09 9.865003e+09 9.865003e+09 9.865003e+09 9.865003e+09 9.865003e+09 9.865003e+09 9.865003e+09 9.865003e+09 9.865003e+09 9.865003e+09 9.865003e+09 9.865003e+09 9.865003e+09 9.86
5003e+09 9.865003e+09 9.865003e+09 9.865003e+09 9.865003e+09 1.315334e+10

====== Solved Solution ====== Free_Eout:
0 0 0 0 0 0 0 0 0 0 0 0 0 0 0 0 0 0 0 0 0 0 0 0 0 0 0 0 0 0 0 0 0 0 0 0 0 0 0 0 0 0 0 0 0 0 0 0 0 0 0 0 0 0 0 0 0 0 0 0 0 0 0 0 0 0 0 0 0 0 0 0 0 0 0 0 0 0 0 0 0 0 0 0 0 0 0
0 0 0 0 0 0 0 0 0 0 0 0 0 0 0 0 0 0 0 0 0 0 0 0 0 0 0 0 0 0 0 0 0 0 0 0 0 0 0 0 0 0 0 0 0 0 0 0 0 0 0 0 0 0 0 0 0 0 0 0 0 0 0 0 0 0 0 0 0 0 0 0 0 0 0 0 0 0 0 0 0 0 0 0 0 0 0
0 0 0 0 0 0 0 0 0 0 0 0 0 0 0 0 0 0 0 0 0 0 0 0 0 0 0 0 0 0 0 0 0 0 0 0 0 0 0 0 0 0 0 0 0 0 0 0 0 0 0 0 0 0 0 0 0 0 0 0 0 0 0 0 0 0 0 0 0 0 0 0 0 0 0 0 0 0 0 0 0 0 0 0 0 0 0
0 0 0 0 0 0 0 0 0 0 0 0 0 0 0 0 0 0 0 0 0 0 0 0 0 0 0 0 0 0 0 0 0 0 0 0 0 0 0 0 0 0 0 0 0 0 0 0 0 0 0 0 0 0 0 0 0 0 0 0 0 0 0 0 0 0 0 0 0 0 0 0 0 0 0 0 0 0 0 0 0 0 0 0 0 0 0
0 0 0 0 0 0 0 0 0 0 0 0 0 0 0 0 0 0 0 0 0 0 0 0 0 0 0 0 0 0 0 0 0 0 0 0 0 0 0 0 0 0 0 0 0 0 0 0 0 0 0 0 0 0 0 0 0 0 0 0 0 0 0 0 0 0 0 0 0 0 0 0 0 0 0 0 0 0 0 0 0 0 0 0 0 0 0
0 0 0 0 0 0 0 0 0 0 0 0 0 0 0 0 0 0 0 0 0 0 0 0 0 0 0 0 0 0 0 0 0 0 0 0 0 0 0 0 0 0 0 0 0 0 0 0 0 0 0 0 0 0 0 0 0 0 0 0 0 0 0 0 0 0 0 0 0 0 0 0 0 0 0 0 0 0 0 0 0 0 0 0 0 0 0
0 0 0 0 0 0 0 0 0 0 0 0 0 0 0 0 0 0 0 0 0 0 0 0 0 0 0 0 0 0 0 0 0 0 0 0 0 0 0 0 0 0 0 0 0 0 0 0 0 0 0 0 0 0 0 0 0 0 0 0 0 0 0 0 0 0 0 0 0 0 0 0 0 0 0 0 0 0 0 0 0 0 0 0 0 0 0
0 0 0 0 0 0 0 0 0 0 0 0 0 0 0 0 0 0 0 0 0 0 0 0 0 0 0 0 0 0 0 0 0 0 0 0 0 0 0 0 0 0 0 0 0 0 0 0 0 0 0 0 0 0 0 0 0 0 0 0 0 0 0 0 0 0 0 0 0 0 0 0 0 0 0 0 0 0 0 0 0 0 0 0 0 0 0
0 0 0 0 0 0 0 0 0 0 0 0 0 0 0 0 0 0 0 0 0 0 0 0 0 0 0 0 0 0 0 0 0 0 0 0 0 0 0 0 0 0 0 0 0 0 0 0 0 0 0 0 0 0 0 0 0 0 0 0 0 0 0 0 0 0 0 0 0 0 0 0 0 0 0 0 0 0 0 0 0 0 0 0 0 0 0
0 0 0 0 0 0 0 0 0 0 0 0 0 0 0 0 0 0 0 0 0 0 0 0 0 0 0 0 0 0 0 0 0 0 0 0 0 0 0 0 0 0 0 0 0 0 0 0 0 0 0 0 0 0 0 0 0 0 0 0 0 0 0 0 0 0 0 0 0 0 0 0 0 0 0 0 0 0 0 0 0 0 0 0 0 0 0
0 0 0 0 0 0 0 0 0 0 0 0 0 0 0 0 0 0 0 0 0 0 0 0 0 0 0 0 0 0 0 0 0 0 0 0 0 0 0 0 0 0 0 0 0 0 0 0 0 0 0 0 0 0 0 0 0 0 0 0 0 0 0 0 0 0 0 0 0 0 0 0 0 0 0 0 0 0 0 0 0 0 0 0 0 0 0
0 0 0 0 0 0 0 0 0 0 0 0 0 0 0 0 0 0 0 0 0 0 0 0 0 0 0 0 0 0 0 0 0 0 0 0 0 0 0 0 0 0 0 0 0 0 0 0 0 0 0 0 0 0 0 0 0 0 0 0 0 0 0 0 0 0 0 0 0 0 0 0 0 0 0 0 0 0 0 0 0 0 0 0 0 0 0
0 0 0 0 0 0 0 0 0 0 0 0 0 0 0 0 0 0 0 0 0 0 0 0 0 0 0 0 0 0 0 0 0 0 0 0 0 0 0 0 0 0 0 0 0 0 0 0 0 0 0 0 0 0 0 0 0 0 0 0 0 0 0 0 0 0 0 0 0 0 0 0 0 0 0 0 0 0 0 0 0 0 0 0 0 0 0
0 0 0 0 0 0 0 0 0 0 0 0 0 0 0 0 0 0 0 0 0 0 0 0 0 0 0 0 0 0 0 0 0 0 0 0 0 0 0 0 0 0 0 0 0 0 0 0 0 0 0 0 0 0 0 0 0 0 0 0 0 0 0 0 0 0 0 0 0 0 0 0 0 0 0 0 0 0 0 0 0 0 0 0 0 0 0
0 0 0 0 0 0 0 0 0 0 0 0 0 0 0 0 0 0 0 0 0 0 0 0 0 0 0 0 0 0 0 0 0 0 0 0 0 0 0 0 0 0 0 0 0 0 0 0 0 0 0 0 0 0 0 0 0 0 0 0 0 0 0 0 0 0 0 0 0 0 0 0 0 0 0 0 0 0 0 0 0 0 0 0 0 0 0
0 0 0 0 0 0 0 0 0 0 0 0 0 0 0 0 0 0 0 0 0 0 0 0 0 0 0 0 0 0 0 0 0 0 0 0 0 0 0 0 0 0 0 0 0 0 0 0 0 0 0 0 0 0 0 0 0 0 0 0 0 0 0 0 0 0 0 0 0 0 0 0 0 0 0 0 0 0 0 0 0 0 0 0 0 0 0
0 0 0 0 0 0 0 0 0 0 0 0 0 0 0 0 0 0 0 0 0 0 0 0 0 0 0 0 0 0 0 0 0 0 0 0 0 0 0 0 0 0 0 0 0 0 0 0 0 0 0 0 0 0 0 0 0 0 0 0 0 0 0 0 0 0 0 0 0 0 0 0 0 0 0 0 0 0 0 0 0 0 0 0 0 0 0
0 0 0 0 0 0 0 0 0 0 0 0 0 0 0 0 0 0 0 0 0 0 0 0 0 0 0 0 0 0 0 0 0 0 0 0 0 0 0 0 0 0 0 0 0 0 0 0 0 0 0 0 0 0 0 0 0 0 0 0 0 0 0 0 0 0 0 0 0 0 0 0 0 0 0 0 0 0 0 0 0 0 0 0 0 0 0
0 0 0 0 0 0 0 0 0 0 0 0 0 0 0 0 0 0 0 0 0 0 0 0 0 0 0 0 0 0 0 0 0 0 0 0 0 0 0 0 0 0 0 0 0 0 0 0 0 0 0 0 0 0 0 0 0 0 0 0 0 0 0 0 0 0 0 0 0 0 0 0 0 0 0 0 0 0 0 0 0 0 0 0 0 0 0
0 0 0 0 0 0 0 0 0 0 0 0 0 0 0 0 0 0 0 0 0 0 0 0 0 0 0 0 0 0 0 0 0 0 0 0 0 0 0 0 0 0 0 0 0 0 0 0 0 0 0 0 0 0 0 0 0 0 0 0 0 0 0 0 0 0 0 0 0 0 0 0 0 0 0 0 0 0 0 0 0 0 0 0 0 0 0
0 0 0 0 0 0 0 0 0 0 0 0 0 0 0 0 0 0 0 0 0 0 0 0 0 0 0 0 0 0 0 0 0 0 0 0 0 0 0 0 0 0 0 0 0 0 0 0 0 0 0 0 0 0 0 0 0 0 0 0 0 0 0 0 0 0 0 0 0 0 0 0 0 0 0 0 0 0 0 0 0 0 0 0 0 0 0
0 0 0 0 0 0 0 0 0 0 0 0 0 0 0 0 0 0 0 0 0 0 0 0 0 0 0 0 0 0 0 0 0 0 0 0 0 0 0 0 0 0 0 0 0 0 0 0 0 0 0 0 0 0 0 0 0 0 0 0 0 0 0 0 0 0 0 0 0 0 0 0 0 0 0 0 0 0 0 0 0 0 0 0 0 0 0
0 0 0 0 0 0 0 0 0 0 0 0 0 0 0 0 0 0 0 0 0 0 0 0 0 0 0 0 0 0 0 0 0 0 0 0 0 0 0 0 0 0 0 0 0 0 0 0 0 0 0 0 0 0 0 0 0 0 0 0 0 0 0 0 0 0 0 0 0 0 0 0 0 0 0 0 0 0 0 0 0 0 0 0 0 0 0
0 0 0 0 0 0 0 0 0 0 0 0 0 0 0 0 0 0 0 0 0 0 0 0 0 0 0 0 0 0 0 0 0 0 0 0 0 0 0 0 0 0 0 0 0 0 0 0 0 0 0 0 0 0 0 0 0 0 0 0 0 0 0 0 0 0 0 0 0 0 0 0 0 0 0 0 0 0 0 0 0 0 0 0 0 0 0
0 0 0 0 0 0 0 0 0 0 0 0 0 0 0 0 0 0 0 0 0 0 0 0 0 0 0 0 0 0 0 0 0 0 0 0 0 0 0 0 0 0 0 0 0 0 0 0 0 0 0 0 0 0 0 0 0 0 0 0 0 0 0 0 0 0 0 0 0 0 0 0 0 0 0 0 0 0 0 0 0 0 0 0 0 0 0
0 0 0 0 0 0 0 0 0 0 0 0 0 0 0 0 0 0 0 0 0 0 0 0 0 0 0 0 0 0 0 0 0 0 0 0 0 0 0 0 0 0 0 0 0 0 0 0 0 0 0 0 0 0 0 0 0 0 0 0 0 0 0 0 0 0 0 0 0 0 0 0 0 0 0 0 0 0 0 0 0 0 0 0 0 0 0
0 0 0 0 0 0 0 0 0 0 0 0 0 0 0 0 0 0 0 0 0 0 0 0 0 0 0 0 0 0 0 0 0 0 0 0 0 0 0 0 0 0 0 0 0 0 0 0 0 0 0 0 0 0 0 0 0 0 0 0 0 0 0 0 0 0 0 0 0 0 0 0 0 0 0 0 0 0 0 0 0 0 0 0 0 0 0
0 0 0 0 0 0 0 0 0 0 0 0 0 0 0 0 0 0 0 0 0 0 0 0 0 0 0 0 0 0 0 0 0 0 0 0 0 0 0 0 0 0 0 0 0 0 0 0 0 0 0 0 0 0 0 0 0 0 0 0 0 0 0 0 0 0 0 0 0 0 0 0 0 0 0 0 0 0 0 0 0 0 0 0 0 0 0
0 0 0 0 0 0 0 0 0 0 0 0 0 0 0 0 0 0 0 0 0 0 0 0 0 0 0 0 0 0 0 0 0 0 0 0 0 0 0 0 0 0 0 0 0 0 0 0 0 0 0 0 0 0 0 0 0 0 0 0 0 0 0 0 0 0 0 0 0 0 0 0 0 0 0 0 0 0 0 0 0 0 0 0 0 0 0
0 0 0 0 0 0 0 0 0 0 0 0 0 0 0 0 0 0 0 0 0 0 0 0 0 0 0 0 0 0 0 0 0 0 0 0 0 0 0 0 0 0 0 0 0 0 0 0 0 0 0 0 0 0 0 0 0 0 0 0 0 0 0 0 0 0 0 0 0 0 0 0 0 0 0 0 0 0 0 0 0 0 0 0 0 0 0
0 0 0 0 0 0 0 0 0 0 0 0 0 0 0 0 0 0 0 0 0 0 0 0 0 0 0 0 0 0 0 0 0 0 0 0 0 0 0 0 0 0 0 0 0 0 0 0 0 0 0 0 0 0 0 0 0 0 0 0 0 0 0 0 0 0 0 0 0 0 0 0 0 0 0 0 0 0 0 0 0 0 0 0 0 0 0
0 0 0 0 0 0 0 0 0 0 0 0 0 0 0 0 0 0 0 0 0 0 0 0 0 0 0 0 0 0 0 0 0 0 0 0 0 0 0 0 0 0 0 0 0 0 0 0 0 0 0 0 0 0 0 0 0 0 0 0 0 0 0 0 0 0 0 0 0 0 0 0 0 0 0 0 0 0 0 0 0 0 0 0 0 0 0
0 0 0 0 0 0 0 0 0 0 0 0 0 0 0 0 0 0 0 0 0 0 0 0 0 0 0 0 0 0 0 0 0 0 0 0 0 0 0 0 0 0 0 0 0 0 0 0 0 0 0 0 0 0 0 0 0 0 0 0 0 0 0 0 0 0 0 0 0 0 0 0 0 0 0 0 0 0 0 0 0 0 0 0 0 0 0
0 0 0 0 0 0 0 0 0 0 0 0 0 0 0 0 0 0 0 0 0 0 0 0 0 0 0 0 0 0 0 0 0 0 0 0 0 0 0 0 0 0 0 0 0 0 0 0 0 0 0 0 0 0 0 0 0 0 0 0 0 0 0 0 0 0 0 0 0 0 0 0 0 0 0 0 0 0 0 0 0 0 0 0 0 0 0
0 0 0 0 0 0 0 0 0 0 0 0 0 0 0 0 0 0 0 0 0 0 0 0 0 0 0 0 0 0 0 0 0 0 0 0 0 0 0 0 0 0 0 0 0 0 0 0 0 0 0 0 0 0 0 0 0 0 0 0 0 0 0 0 0 0 0 0 0 0 0 0 0 0 0 0 0 0 0 0 0 0 0 0 0 0 0
0 0 0 0 0 0 0 0 0 0 0 0 0 0 0 0 0 0 0 0 0 0 0 0 0 0 0 0 0 0 0 0 0 0 0 0 0 0 0 0 0 0 0 0 0 0 0 0 0 0 0 0 0 0 0 0 0 0 0 0 0 0 0 0 0 0 0 0 0 0 0 0 0 0 0 0 0 0 0 0 0 0 0 0 0 0 0
0 0 0 0 0 0 0 0 0 0 0 0 0 0 0 0 0 0 0 0 0 0 0 0 0 0 0 0 0 0 0 0 0 0 0 0 0 0 0 0 0 0 0 0 0 0 0 0 0 0 0 0 0 0 0 0 0 0 0 0 0 0 0 0 0 0 0 0 0 0 0 0 0 0 0 0 0 0 0 0 0 0 0 0 0 0 0
0 0 0 0 0 0 0 0 0 0 0 0 0 0 0 0 0 0 0 0 0 0 0 0 0 0 0 0 0 0 0 0 0 0 0 0 0 0 0 0 0 0 0 0 0 0 0 0 0 0 0 0 0 0 0 0 0 0 0 0 0 0 0 0 0 0 0 0 0 0 0 0 0 0 0 0 0 0 0 0 0 0 0 0 0 0 0
0 0 0 0 0 0 0 0 0 0 0 0 0 0 0 0 0 0 0 0 0 0 0 0 0 0 0 0 0 0 0 0 0 0 0 0 0 0 0 0 0 0 0 0 0 0 0 0 0 0 0 0 0 0 0 0 0 0 0 0 0 0 0 0 0 0 0 0 0 0 0 0 0 0 0 0 0 0 0 0 0 0 0 0 0 0 0
0 0 0 0 0 0 0 0 0 0 0 0 0 0 0 0 0 0 0 0 0 0 0 0 0 0 0 0 0 0 0 0 0 0 0 0 0 0 0 0 0 0 0 0 0 0 0 0 0 0 0 0 0 0 0 0 0 0 0 0 0 0 0 0 0 0 0 0 0 0 0 0 0 0 0 0 0 0 0 0 0 0 0 0 0 0 0
0 0 0 0 0 0 0 0 0 0 0 0 0 0 0 0 0 0 0 0 0 0 0 0 0 0 0 0 0 0 0 0 0 0 0 0 0 0 0 0 0 0 0 0 0 0 0 0 0 0 0 0 0 0 0 0 0 0 0 0 0 0 0 0 0 0 0 0 0 0 0 0 0 0 0 0 0 0 0 0 0 0 0 0 0 0 0
0 0 0 0 0 0 0 0 0 0 0 0 0 0 0 0 0 0 0 0 0 0 0 0 0 0 0 0 0 0 0 0 0 0 0 0 0 0 0 0 0 0 0 0 0 0 0 0 0 0 0 0 0 0 0 0 0 0 0 0 0 0 0 0 0 0 0 0 0 0 0 0 0 0 0 0 0 0 0 0 0 0 0 0 0 0 0
0 0 0 0 0 0 0 0 0 0 0 0 0 0 0 0 0 0 0 0 0 0 0 0 0 0 0 0 0 0 0 0 0 0 0 0 0 0 0 0 0 0 0 0 0 0 0 0 0 0 0 0 0 0 0 0 0 0 0 0 0 0 0 0 0 0 0 0 0 0 0 0 0 0 0 0 0 0 0 1 1 0 0 0 0 0 0
0 0 0 0 0 0 0 0 0 0 0 0 0 0 0 0 0 0 0 0 0 0 0 0 0 0 0 0 0 0 0 0 0 0 0 0 0 0 0 0 0 0 0 0 0 0 0 0 0 0 0 0 0 0 0 0 0 0 0 0 0 0 0 0 0 0 0 0 0 0 0 0 0 0 0 0 0 0 0 0 0 0 1 1 0 0 0
0 0 0 0 0 0 0 0 0 0 0 0 0 0 0 0 0 0 0 0 0 0 0 0 0 0 0 0 0 0 0 0 0 0 0 0 0 0 0 0 0 0 0 0 0 0 0 0 0 0 0 0 0 0 0 0 0 0 0 0 0 0 0 0 0 0 0 0 0 0 0 0 0 0 0 0 0 0 0 0 0 0 0 0 1 1 1
