WARNING:tensorflow:From /home/zongzan/.conda/envs/STR36/lib/python3.6/site-packages/tensorflow_core/python/ops/resource_variable_ops.py:1630: calling BaseResourceVariable.__init__ (from tensorflow.python.ops.resource_variable_ops) with constraint is deprecated and will be removed in a future version.
Instructions for updating:
If using Keras pass *_constraint arguments to layers.
WARNING:tensorflow:
The TensorFlow contrib module will not be included in TensorFlow 2.0.
For more information, please see:
  * https://github.com/tensorflow/community/blob/master/rfcs/20180907-contrib-sunset.md
  * https://github.com/tensorflow/addons
  * https://github.com/tensorflow/io (for I/O related ops)
If you depend on functionality not listed there, please file an issue.

WARNING:tensorflow:From /home/zongzan/.conda/envs/STR36/lib/python3.6/site-packages/tensorflow_core/python/ops/stropt/lms.py:970: The name tf.train.SessionRunHook is deprecated. Please use tf.estimator.SessionRunHook instead.

WARNING:tensorflow:From /home/zongzan/.conda/envs/STR36/lib/python3.6/site-packages/tensorflow_core/python/ops/stropt/str_strategy.py:122: get_backward_walk_ops (from tensorflow.contrib.graph_editor.select) is deprecated and will be removed after 2019-06-06.
Instructions for updating:
Please use tensorflow.python.ops.op_selector.get_backward_walk_ops.
2022-01-07 15:51:26.251431: W tensorflow/core/common_runtime/bfc_allocator.cc:419] Allocator (GPU_0_bfc) ran out of memory trying to allocate 735.00MiB (rounded to 770703360).  Current allocation summary follows.
2022-01-07 15:51:26.252302: W tensorflow/core/common_runtime/bfc_allocator.cc:424] **************************__***********************_****_*******************************************
2022-01-07 15:51:26.252340: W tensorflow/core/framework/op_kernel.cc:1651] OP_REQUIRES failed at transpose_op.cc:198 : Resource exhausted: OOM when allocating tensor with shape[480,56,56,128] and type float on /job:localhost/replica:0/task:0/device:GPU:0 by allocator GPU_0_bfc
1 Physical GPUs, 1 Logical GPUs
Parsing arguments: [('batch_size', 480), ('epochs', 1), ('model_name', 'MobileNet'), ('strategy', 'checkmate'), ('verbose', False)]
Cannot find config for batch_size=480, use 400 instead
Shape of x_train: (40000, 224, 224, 3), shape of x_test: (10000, 224, 224, 3)
[STR DEBUG] Parsing STR configuration: [{'strategy': 'recompute', 'verbose': 'false', 'tags': '/home/zongzan/dist_dnn_training/STR/optimizer/logs/MobileNet_400/layer_names'}, {'r': '/home/zongzan/dist_dnn_training/STR/optimizer/logs/MobileNet_400/R-checkmate'}]
Traceback (most recent call last):
  File "../run_training.py", line 83, in <module>
    verbose=1)
  File "/home/zongzan/.conda/envs/STR36/lib/python3.6/site-packages/tensorflow_core/python/keras/engine/training.py", line 728, in fit
    use_multiprocessing=use_multiprocessing)
  File "/home/zongzan/.conda/envs/STR36/lib/python3.6/site-packages/tensorflow_core/python/keras/engine/training_generator.py", line 603, in fit
    steps_name='steps_per_epoch')
  File "/home/zongzan/.conda/envs/STR36/lib/python3.6/site-packages/tensorflow_core/python/keras/engine/training_generator.py", line 265, in model_iteration
    batch_outs = batch_function(*batch_data)
  File "/home/zongzan/.conda/envs/STR36/lib/python3.6/site-packages/tensorflow_core/python/keras/engine/training.py", line 1021, in train_on_batch
    outputs = self.train_function(ins)  # pylint: disable=not-callable
  File "/home/zongzan/.conda/envs/STR36/lib/python3.6/site-packages/tensorflow_core/python/keras/backend.py", line 3476, in __call__
    run_metadata=self.run_metadata)
  File "/home/zongzan/.conda/envs/STR36/lib/python3.6/site-packages/tensorflow_core/python/client/session.py", line 1472, in __call__
    run_metadata_ptr)
tensorflow.python.framework.errors_impl.ResourceExhaustedError: OOM when allocating tensor with shape[480,56,56,128] and type float on /job:localhost/replica:0/task:0/device:GPU:0 by allocator GPU_0_bfc
	 [[{{node training/RMSprop/gradients/gradients_16/training/RMSprop/gradients/conv_pw_3_bn/cond/FusedBatchNormV3_1/Switch_grad/Switch_1-1-0-TransposeNCHWToNHWC-LayoutOptimizer}}]]
Hint: If you want to see a list of allocated tensors when OOM happens, add report_tensor_allocations_upon_oom to RunOptions for current allocation info.

