WARNING:tensorflow:From /home/zongzan/.conda/envs/STR36/lib/python3.6/site-packages/tensorflow_core/python/ops/resource_variable_ops.py:1630: calling BaseResourceVariable.__init__ (from tensorflow.python.ops.resource_variable_ops) with constraint is deprecated and will be removed in a future version.
Instructions for updating:
If using Keras pass *_constraint arguments to layers.
WARNING:tensorflow:
The TensorFlow contrib module will not be included in TensorFlow 2.0.
For more information, please see:
  * https://github.com/tensorflow/community/blob/master/rfcs/20180907-contrib-sunset.md
  * https://github.com/tensorflow/addons
  * https://github.com/tensorflow/io (for I/O related ops)
If you depend on functionality not listed there, please file an issue.

WARNING:tensorflow:From /home/zongzan/.conda/envs/STR36/lib/python3.6/site-packages/tensorflow_core/python/ops/stropt/lms.py:970: The name tf.train.SessionRunHook is deprecated. Please use tf.estimator.SessionRunHook instead.

WARNING:tensorflow:From /home/zongzan/.conda/envs/STR36/lib/python3.6/site-packages/tensorflow_core/python/ops/stropt/lms.py:928: The name tf.logging.info is deprecated. Please use tf.compat.v1.logging.info instead.

WARNING:tensorflow:From /home/zongzan/.conda/envs/STR36/lib/python3.6/site-packages/tensorflow_core/contrib/graph_editor/select.py:554: get_backward_walk_ops (from tensorflow.contrib.graph_editor.select) is deprecated and will be removed after 2019-06-06.
Instructions for updating:
Please use tensorflow.python.ops.op_selector.get_backward_walk_ops.
1 Physical GPUs, 1 Logical GPUs
Parsing arguments: [('batch_size', 340), ('epochs', 1), ('model_name', 'MobileNet'), ('strategy', 'dynprog'), ('verbose', False)]
Cannot find config for batch_size=340, use 400 instead
Shape of x_train: (40000, 224, 224, 3), shape of x_test: (10000, 224, 224, 3)
[STR DEBUG] Parsing STR configuration: [{'strategy': 'swap', 'verbose': 'false', 'tags': '/home/zongzan/dist_dnn_training/STR/optimizer/logs/MobileNet_400/layer_names'}, {'p': '/home/zongzan/dist_dnn_training/STR/optimizer/logs/MobileNet_400/P-dynprog', 'q': '/home/zongzan/dist_dnn_training/STR/optimizer/logs/MobileNet_400/Q-dynprog'}]
[STR DEBUG] Processing layer 0's swapping, swap out at [1], swap in at [183]
[STR DEBUG] Cannot find swap-out control nodes for layer 0, use the first op name: "conv1_pad/Pad/paddings"
op: "Const"
attr {
  key: "dtype"
  value {
    type: DT_INT32
  }
}
attr {
  key: "value"
  value {
    tensor {
      dtype: DT_INT32
      tensor_shape {
        dim {
          size: 4
        }
        dim {
          size: 2
        }
      }
      tensor_content: "\000\000\000\000\000\000\000\000\000\000\000\000\001\000\000\000\000\000\000\000\001\000\000\000\000\000\000\000\000\000\000\000"
    }
  }
}

[STR DEBUG] Find swapout ops: name: "input_1"
op: "Placeholder"
attr {
  key: "dtype"
  value {
    type: DT_FLOAT
  }
}
attr {
  key: "shape"
  value {
    shape {
      dim {
        size: -1
      }
      dim {
        size: 224
      }
      dim {
        size: 224
      }
      dim {
        size: 3
      }
    }
  }
}
, 
	choose swap tensor Tensor("input_1:0", shape=(?, 224, 224, 3), dtype=float32), 
	finish at the end of ops: [<tf.Operation 'conv1_pad/Pad/paddings' type=Const>]
[STR DEBUG] Processing layer 9's swapping, swap out at [10], swap in at [174]
[STR DEBUG] Cannot find swap-out activation nodes for layer 9, among [<tf.Operation 'conv_pw_1_bn/cond_1/switch_t' type=Identity>, <tf.Operation 'conv_pw_1_bn/cond/ReadVariableOp' type=ReadVariableOp>, <tf.Operation 'conv_pw_1_bn/cond/ReadVariableOp_1' type=ReadVariableOp>, <tf.Operation 'conv_pw_1_bn/cond/FusedBatchNormV3' type=FusedBatchNormV3>, <tf.Operation 'conv_pw_1_bn/cond/ReadVariableOp/Switch' type=Switch>, <tf.Operation 'conv_pw_1_bn/cond/ReadVariableOp_1/Switch' type=Switch>, <tf.Operation 'conv_pw_1_bn/cond_1/Const' type=Const>, <tf.Operation 'conv_pw_1_bn/cond/FusedBatchNormV3_1' type=FusedBatchNormV3>, <tf.Operation 'conv_pw_1_bn/cond/ReadVariableOp_2' type=ReadVariableOp>, <tf.Operation 'conv_pw_1_bn/cond_1/switch_f' type=Identity>, <tf.Operation 'conv_pw_1_bn/cond/FusedBatchNormV3/Switch' type=Switch>, <tf.Operation 'conv_pw_1_bn/cond/ReadVariableOp_3' type=ReadVariableOp>, <tf.Operation 'conv_pw_1_bn/cond/FusedBatchNormV3_1/ReadVariableOp' type=ReadVariableOp>, <tf.Operation 'conv_pw_1_bn/cond/ReadVariableOp_2/Switch' type=Switch>, <tf.Operation 'conv_pw_1_bn/cond/FusedBatchNormV3_1/ReadVariableOp_1' type=ReadVariableOp>, <tf.Operation 'conv_pw_1_bn/cond/ReadVariableOp_3/Switch' type=Switch>, <tf.Operation 'conv_pw_1_bn/cond_1/Switch' type=Switch>, <tf.Operation 'conv_pw_1_bn/cond/Merge' type=Merge>, <tf.Operation 'conv_pw_1_bn/cond/Merge_1' type=Merge>, <tf.Operation 'conv_pw_1_bn/cond/FusedBatchNormV3_1/ReadVariableOp/Switch' type=Switch>, <tf.Operation 'conv_pw_1_bn/cond/Merge_2' type=Merge>, <tf.Operation 'conv_pw_1_bn/cond/FusedBatchNormV3_1/ReadVariableOp_1/Switch' type=Switch>, <tf.Operation 'conv_pw_1_bn/cond/FusedBatchNormV3_1/Switch' type=Switch>, <tf.Operation 'conv_pw_1_bn/cond_1/pred_id' type=Identity>, <tf.Operation 'conv_pw_1_bn/AssignMovingAvg_1/sub/x' type=Const>, <tf.Operation 'conv_pw_1_bn/cond_1/Const_1' type=Const>, <tf.Operation 'conv_pw_1_bn/AssignMovingAvg/ReadVariableOp_1' type=ReadVariableOp>, <tf.Operation 'conv_pw_1_bn/AssignMovingAvg/sub/x' type=Const>, <tf.Operation 'conv_pw_1_bn/cond_1/Merge' type=Merge>, <tf.Operation 'conv_pw_1_bn/AssignMovingAvg/sub' type=Sub>, <tf.Operation 'conv_pw_1_bn/AssignMovingAvg/sub_1' type=Sub>, <tf.Operation 'conv_pw_1_bn/AssignMovingAvg/ReadVariableOp' type=ReadVariableOp>, <tf.Operation 'conv_pw_1_bn/AssignMovingAvg/mul' type=Mul>, <tf.Operation 'conv_pw_1_bn/AssignMovingAvg/AssignSubVariableOp' type=AssignSubVariableOp>, <tf.Operation 'conv_pw_1_bn/AssignMovingAvg_1/ReadVariableOp' type=ReadVariableOp>, <tf.Operation 'conv_pw_1_bn/AssignMovingAvg_1/sub' type=Sub>, <tf.Operation 'conv_pw_1_bn/AssignMovingAvg_1/mul' type=Mul>, <tf.Operation 'conv_pw_1_bn/AssignMovingAvg_1/sub_1' type=Sub>, <tf.Operation 'conv_pw_1_bn/AssignMovingAvg_1/AssignSubVariableOp' type=AssignSubVariableOp>, <tf.Operation 'conv_pw_1_bn/AssignMovingAvg_1/ReadVariableOp_1' type=ReadVariableOp>, <tf.Operation 'conv_pw_1_bn/beta' type=VarHandleOp>, <tf.Operation 'conv_pw_1_bn/gamma/Initializer/ones' type=Const>, <tf.Operation 'conv_pw_1_bn/gamma' type=VarHandleOp>, <tf.Operation 'conv_pw_1_bn/gamma/IsInitialized/VarIsInitializedOp' type=VarIsInitializedOp>, <tf.Operation 'conv_pw_1_bn/cond/pred_id' type=Identity>, <tf.Operation 'conv_pw_1_bn/gamma/Read/ReadVariableOp' type=ReadVariableOp>, <tf.Operation 'conv_pw_1_bn/gamma/Assign' type=AssignVariableOp>, <tf.Operation 'conv_pw_1_bn/beta/Initializer/zeros' type=Const>, <tf.Operation 'conv_pw_1_bn/cond/Const' type=Const>, <tf.Operation 'conv_pw_1_bn/cond/Const_1' type=Const>, <tf.Operation 'conv_pw_1_bn/beta/IsInitialized/VarIsInitializedOp' type=VarIsInitializedOp>, <tf.Operation 'conv_pw_1_bn/beta/Read/ReadVariableOp' type=ReadVariableOp>, <tf.Operation 'conv_pw_1_bn/beta/Assign' type=AssignVariableOp>, <tf.Operation 'conv_pw_1_bn/moving_mean/Initializer/zeros' type=Const>, <tf.Operation 'conv_pw_1_bn/moving_mean' type=VarHandleOp>, <tf.Operation 'conv_pw_1_bn/cond/switch_f' type=Identity>, <tf.Operation 'conv_pw_1_bn/moving_mean/IsInitialized/VarIsInitializedOp' type=VarIsInitializedOp>, <tf.Operation 'conv_pw_1_bn/cond/switch_t' type=Identity>, <tf.Operation 'conv_pw_1_bn/moving_mean/Read/ReadVariableOp' type=ReadVariableOp>, <tf.Operation 'conv_pw_1_bn/cond/Switch' type=Switch>, <tf.Operation 'conv_pw_1_bn/moving_mean/Assign' type=AssignVariableOp>, <tf.Operation 'conv_pw_1_bn/moving_variance/Initializer/ones' type=Const>, <tf.Operation 'conv_pw_1_bn/moving_variance' type=VarHandleOp>, <tf.Operation 'conv_pw_1_bn/moving_variance/IsInitialized/VarIsInitializedOp' type=VarIsInitializedOp>, <tf.Operation 'conv_pw_1_bn/moving_variance/Read/ReadVariableOp' type=ReadVariableOp>, <tf.Operation 'conv_pw_1_bn/moving_variance/Assign' type=AssignVariableOp>]
[STR DEBUG] Choose op that have outputs: name: "conv_pw_1_bn/moving_variance/Read/ReadVariableOp"
op: "ReadVariableOp"
input: "conv_pw_1_bn/moving_variance"
attr {
  key: "dtype"
  value {
    type: DT_FLOAT
  }
}

[STR DEBUG] Find swapout ops: name: "conv_pw_1_bn/moving_variance/Read/ReadVariableOp"
op: "ReadVariableOp"
input: "conv_pw_1_bn/moving_variance"
attr {
  key: "dtype"
  value {
    type: DT_FLOAT
  }
}
, 
	choose swap tensor Tensor("conv_pw_1_bn/moving_variance/Read/ReadVariableOp:0", shape=(64,), dtype=float32), 
	finish at the end of ops: [<tf.Operation 'conv_pw_1_relu/Relu6' type=Relu6>]
[STR DEBUG] Processing layer 13's swapping, swap out at [14], swap in at [170]
[STR DEBUG] Cannot find swap-out activation nodes for layer 13, among [<tf.Operation 'conv_dw_2_bn/moving_mean/Read/ReadVariableOp' type=ReadVariableOp>, <tf.Operation 'conv_dw_2_bn/moving_mean/Assign' type=AssignVariableOp>, <tf.Operation 'conv_dw_2_bn/moving_variance/Initializer/ones' type=Const>, <tf.Operation 'conv_dw_2_bn/moving_variance' type=VarHandleOp>, <tf.Operation 'conv_dw_2_bn/cond/Switch' type=Switch>, <tf.Operation 'conv_dw_2_bn/moving_variance/IsInitialized/VarIsInitializedOp' type=VarIsInitializedOp>, <tf.Operation 'conv_dw_2_bn/cond/pred_id' type=Identity>, <tf.Operation 'conv_dw_2_bn/moving_variance/Read/ReadVariableOp' type=ReadVariableOp>, <tf.Operation 'conv_dw_2_bn/moving_variance/Assign' type=AssignVariableOp>, <tf.Operation 'conv_dw_2_bn/cond_1/switch_t' type=Identity>, <tf.Operation 'conv_dw_2_bn/cond_1/Const' type=Const>, <tf.Operation 'conv_dw_2_bn/cond/ReadVariableOp' type=ReadVariableOp>, <tf.Operation 'conv_dw_2_bn/cond/ReadVariableOp_1' type=ReadVariableOp>, <tf.Operation 'conv_dw_2_bn/cond/FusedBatchNormV3' type=FusedBatchNormV3>, <tf.Operation 'conv_dw_2_bn/cond/ReadVariableOp/Switch' type=Switch>, <tf.Operation 'conv_dw_2_bn/cond/ReadVariableOp_1/Switch' type=Switch>, <tf.Operation 'conv_dw_2_bn/cond/FusedBatchNormV3_1' type=FusedBatchNormV3>, <tf.Operation 'conv_dw_2_bn/cond/ReadVariableOp_2' type=ReadVariableOp>, <tf.Operation 'conv_dw_2_bn/cond/FusedBatchNormV3/Switch' type=Switch>, <tf.Operation 'conv_dw_2_bn/cond/ReadVariableOp_3' type=ReadVariableOp>, <tf.Operation 'conv_dw_2_bn/cond/FusedBatchNormV3_1/ReadVariableOp' type=ReadVariableOp>, <tf.Operation 'conv_dw_2_bn/cond/ReadVariableOp_2/Switch' type=Switch>, <tf.Operation 'conv_dw_2_bn/cond/ReadVariableOp_3/Switch' type=Switch>, <tf.Operation 'conv_dw_2_bn/cond/FusedBatchNormV3_1/ReadVariableOp_1' type=ReadVariableOp>, <tf.Operation 'conv_dw_2_bn/cond/Merge' type=Merge>, <tf.Operation 'conv_dw_2_bn/cond/Merge_1' type=Merge>, <tf.Operation 'conv_dw_2_bn/cond_1/switch_f' type=Identity>, <tf.Operation 'conv_dw_2_bn/cond/FusedBatchNormV3_1/ReadVariableOp/Switch' type=Switch>, <tf.Operation 'conv_dw_2_bn/cond/FusedBatchNormV3_1/ReadVariableOp_1/Switch' type=Switch>, <tf.Operation 'conv_dw_2_bn/cond/FusedBatchNormV3_1/Switch' type=Switch>, <tf.Operation 'conv_dw_2_bn/cond/Merge_2' type=Merge>, <tf.Operation 'conv_dw_2_bn/cond_1/Switch' type=Switch>, <tf.Operation 'conv_dw_2_bn/cond_1/pred_id' type=Identity>, <tf.Operation 'conv_dw_2_bn/cond_1/Const_1' type=Const>, <tf.Operation 'conv_dw_2_bn/AssignMovingAvg_1/sub/x' type=Const>, <tf.Operation 'conv_dw_2_bn/AssignMovingAvg/sub/x' type=Const>, <tf.Operation 'conv_dw_2_bn/cond_1/Merge' type=Merge>, <tf.Operation 'conv_dw_2_bn/AssignMovingAvg/sub' type=Sub>, <tf.Operation 'conv_dw_2_bn/AssignMovingAvg/sub_1' type=Sub>, <tf.Operation 'conv_dw_2_bn/AssignMovingAvg/ReadVariableOp' type=ReadVariableOp>, <tf.Operation 'conv_dw_2_bn/AssignMovingAvg/mul' type=Mul>, <tf.Operation 'conv_dw_2_bn/AssignMovingAvg_1/sub_1' type=Sub>, <tf.Operation 'conv_dw_2_bn/AssignMovingAvg/AssignSubVariableOp' type=AssignSubVariableOp>, <tf.Operation 'conv_dw_2_bn/AssignMovingAvg/ReadVariableOp_1' type=ReadVariableOp>, <tf.Operation 'conv_dw_2_bn/AssignMovingAvg_1/sub' type=Sub>, <tf.Operation 'conv_dw_2_bn/AssignMovingAvg_1/mul' type=Mul>, <tf.Operation 'conv_dw_2_bn/AssignMovingAvg_1/ReadVariableOp' type=ReadVariableOp>, <tf.Operation 'conv_dw_2_bn/AssignMovingAvg_1/AssignSubVariableOp' type=AssignSubVariableOp>, <tf.Operation 'conv_dw_2_bn/AssignMovingAvg_1/ReadVariableOp_1' type=ReadVariableOp>, <tf.Operation 'conv_dw_2_bn/gamma/Initializer/ones' type=Const>, <tf.Operation 'conv_dw_2_bn/gamma' type=VarHandleOp>, <tf.Operation 'conv_dw_2_bn/gamma/IsInitialized/VarIsInitializedOp' type=VarIsInitializedOp>, <tf.Operation 'conv_dw_2_bn/gamma/Read/ReadVariableOp' type=ReadVariableOp>, <tf.Operation 'conv_dw_2_bn/moving_mean' type=VarHandleOp>, <tf.Operation 'conv_dw_2_bn/cond/switch_t' type=Identity>, <tf.Operation 'conv_dw_2_bn/gamma/Assign' type=AssignVariableOp>, <tf.Operation 'conv_dw_2_bn/beta/Initializer/zeros' type=Const>, <tf.Operation 'conv_dw_2_bn/cond/Const' type=Const>, <tf.Operation 'conv_dw_2_bn/beta' type=VarHandleOp>, <tf.Operation 'conv_dw_2_bn/beta/IsInitialized/VarIsInitializedOp' type=VarIsInitializedOp>, <tf.Operation 'conv_dw_2_bn/beta/Read/ReadVariableOp' type=ReadVariableOp>, <tf.Operation 'conv_dw_2_bn/cond/switch_f' type=Identity>, <tf.Operation 'conv_dw_2_bn/beta/Assign' type=AssignVariableOp>, <tf.Operation 'conv_dw_2_bn/moving_mean/Initializer/zeros' type=Const>, <tf.Operation 'conv_dw_2_bn/cond/Const_1' type=Const>, <tf.Operation 'conv_dw_2_bn/moving_mean/IsInitialized/VarIsInitializedOp' type=VarIsInitializedOp>]
[STR DEBUG] Choose op that have outputs: name: "conv_dw_2_bn/moving_mean/IsInitialized/VarIsInitializedOp"
op: "VarIsInitializedOp"
input: "conv_dw_2_bn/moving_mean"

[STR DEBUG] Find swapout ops: name: "conv_dw_2_bn/moving_mean/IsInitialized/VarIsInitializedOp"
op: "VarIsInitializedOp"
input: "conv_dw_2_bn/moving_mean"
, 
	choose swap tensor Tensor("conv_dw_2_bn/moving_mean/IsInitialized/VarIsInitializedOp:0", shape=(), dtype=bool), 
	finish at the end of ops: [<tf.Operation 'conv_dw_2_relu/Relu6' type=Relu6>]
[STR DEBUG] Processing layer 14's swapping, swap out at [15], swap in at [169]
[STR DEBUG] Find swapout ops: name: "conv_dw_2_relu/Relu6"
op: "Relu6"
input: "conv_dw_2_bn/cond/Merge"
attr {
  key: "T"
  value {
    type: DT_FLOAT
  }
}
, 
	choose swap tensor Tensor("conv_dw_2_relu/Relu6:0", shape=(?, 56, 56, 64), dtype=float32), 
	finish at the end of ops: [<tf.Operation 'conv_pw_2_relu/Relu6' type=Relu6>]
[STR DEBUG] Add swap-in op at name: "training/RMSprop/gradients/gradients/conv_pw_2_relu/Relu6_grad/Relu6Grad"
op: "Relu6Grad"
input: "training/RMSprop/gradients/gradients/conv_dw_3/depthwise_grad/DepthwiseConv2dNativeBackpropInput"
input: "conv_pw_2_relu/Relu6"
attr {
  key: "T"
  value {
    type: DT_FLOAT
  }
}
 for consumer [<tf.Operation 'training/RMSprop/gradients/gradients/conv_dw_2_relu/Relu6_grad/Relu6Grad' type=Relu6Grad>, <tf.Operation 'training/RMSprop/gradients/gradients/conv_pw_2/Conv2D_grad/Conv2DBackpropFilter' type=Conv2DBackpropFilter>]
[STR DEBUG] Processing layer 15's swapping, swap out at [16], swap in at [168]
[STR DEBUG] Cannot find swap-out control nodes for layer 15, use the first op name: "conv_pw_2_bn/AssignMovingAvg_1/sub_1"
op: "Sub"
input: "conv_pw_2_bn/AssignMovingAvg_1/ReadVariableOp"
input: "conv_pw_2_bn/cond/Merge_2"
attr {
  key: "T"
  value {
    type: DT_FLOAT
  }
}
attr {
  key: "_class"
  value {
    list {
      s: "loc:@conv_pw_2_bn/moving_variance"
    }
  }
}

[STR DEBUG] Find swapout ops: name: "conv_pw_2_relu/Relu6"
op: "Relu6"
input: "conv_pw_2_bn/cond/Merge"
attr {
  key: "T"
  value {
    type: DT_FLOAT
  }
}
, 
	choose swap tensor Tensor("conv_pw_2_relu/Relu6:0", shape=(?, 56, 56, 128), dtype=float32), 
	finish at the end of ops: [<tf.Operation 'conv_pw_2_bn/AssignMovingAvg_1/sub_1' type=Sub>]
[STR DEBUG] Cannot find swap-in control nodes for ref. layer 168, use the last op name: "training/RMSprop/gradients/gradients/conv_pw_2_bn/cond/FusedBatchNormV3_grad/FusedBatchNormGradV3"
op: "FusedBatchNormGradV3"
input: "training/RMSprop/gradients/gradients/conv_pw_2_bn/cond/Merge_grad/cond_grad:1"
input: "conv_pw_2_bn/cond/FusedBatchNormV3/Switch:1"
input: "conv_pw_2_bn/cond/ReadVariableOp"
input: "conv_pw_2_bn/cond/FusedBatchNormV3:3"
input: "conv_pw_2_bn/cond/FusedBatchNormV3:4"
input: "conv_pw_2_bn/cond/FusedBatchNormV3:5"
attr {
  key: "T"
  value {
    type: DT_FLOAT
  }
}
attr {
  key: "U"
  value {
    type: DT_FLOAT
  }
}
attr {
  key: "data_format"
  value {
    s: "NHWC"
  }
}
attr {
  key: "epsilon"
  value {
    f: 0.0010000000474974513
  }
}
attr {
  key: "is_training"
  value {
    b: true
  }
}

[STR DEBUG] Processing layer 16's swapping, swap out at [17], swap in at [167]
[STR DEBUG] Cannot find swap-out activation nodes for layer 16, among [<tf.Operation 'conv_pw_2_bn/AssignMovingAvg_1/sub_1' type=Sub>, <tf.Operation 'conv_pw_2_bn/AssignMovingAvg_1/sub' type=Sub>, <tf.Operation 'conv_pw_2_bn/AssignMovingAvg_1/ReadVariableOp' type=ReadVariableOp>, <tf.Operation 'conv_pw_2_bn/AssignMovingAvg_1/mul' type=Mul>, <tf.Operation 'conv_pw_2_bn/AssignMovingAvg_1/AssignSubVariableOp' type=AssignSubVariableOp>, <tf.Operation 'conv_pw_2_bn/AssignMovingAvg_1/ReadVariableOp_1' type=ReadVariableOp>, <tf.Operation 'conv_pw_2_bn/cond/ReadVariableOp_1' type=ReadVariableOp>, <tf.Operation 'conv_pw_2_bn/cond_1/switch_t' type=Identity>, <tf.Operation 'conv_pw_2_bn/cond/FusedBatchNormV3' type=FusedBatchNormV3>, <tf.Operation 'conv_pw_2_bn/cond/ReadVariableOp/Switch' type=Switch>, <tf.Operation 'conv_pw_2_bn/cond/ReadVariableOp_1/Switch' type=Switch>, <tf.Operation 'conv_pw_2_bn/cond/FusedBatchNormV3_1' type=FusedBatchNormV3>, <tf.Operation 'conv_pw_2_bn/cond/ReadVariableOp_2' type=ReadVariableOp>, <tf.Operation 'conv_pw_2_bn/cond/FusedBatchNormV3/Switch' type=Switch>, <tf.Operation 'conv_pw_2_bn/cond/ReadVariableOp_3' type=ReadVariableOp>, <tf.Operation 'conv_pw_2_bn/cond/FusedBatchNormV3_1/ReadVariableOp' type=ReadVariableOp>, <tf.Operation 'conv_pw_2_bn/cond/FusedBatchNormV3_1/ReadVariableOp_1' type=ReadVariableOp>, <tf.Operation 'conv_pw_2_bn/cond/ReadVariableOp_2/Switch' type=Switch>, <tf.Operation 'conv_pw_2_bn/cond/ReadVariableOp_3/Switch' type=Switch>, <tf.Operation 'conv_pw_2_bn/cond/Merge' type=Merge>, <tf.Operation 'conv_pw_2_bn/cond/Merge_1' type=Merge>, <tf.Operation 'conv_pw_2_bn/cond/FusedBatchNormV3_1/ReadVariableOp/Switch' type=Switch>, <tf.Operation 'conv_pw_2_bn/cond/FusedBatchNormV3_1/ReadVariableOp_1/Switch' type=Switch>, <tf.Operation 'conv_pw_2_bn/cond/FusedBatchNormV3_1/Switch' type=Switch>, <tf.Operation 'conv_pw_2_bn/cond/Merge_2' type=Merge>, <tf.Operation 'conv_pw_2_bn/cond_1/Switch' type=Switch>, <tf.Operation 'conv_pw_2_bn/cond_1/switch_f' type=Identity>, <tf.Operation 'conv_pw_2_bn/gamma/Initializer/ones' type=Const>, <tf.Operation 'conv_pw_2_bn/gamma' type=VarHandleOp>, <tf.Operation 'conv_pw_2_bn/gamma/IsInitialized/VarIsInitializedOp' type=VarIsInitializedOp>, <tf.Operation 'conv_pw_2_bn/gamma/Read/ReadVariableOp' type=ReadVariableOp>, <tf.Operation 'conv_pw_2_bn/gamma/Assign' type=AssignVariableOp>, <tf.Operation 'conv_pw_2_bn/beta/Initializer/zeros' type=Const>, <tf.Operation 'conv_pw_2_bn/beta' type=VarHandleOp>, <tf.Operation 'conv_pw_2_bn/beta/IsInitialized/VarIsInitializedOp' type=VarIsInitializedOp>, <tf.Operation 'conv_pw_2_bn/cond/Const' type=Const>, <tf.Operation 'conv_pw_2_bn/beta/Read/ReadVariableOp' type=ReadVariableOp>, <tf.Operation 'conv_pw_2_bn/beta/Assign' type=AssignVariableOp>, <tf.Operation 'conv_pw_2_bn/moving_mean/Initializer/zeros' type=Const>, <tf.Operation 'conv_pw_2_bn/cond/switch_t' type=Identity>, <tf.Operation 'conv_pw_2_bn/cond/Const_1' type=Const>, <tf.Operation 'conv_pw_2_bn/cond_1/pred_id' type=Identity>, <tf.Operation 'conv_pw_2_bn/cond_1/Const_1' type=Const>, <tf.Operation 'conv_pw_2_bn/AssignMovingAvg_1/sub/x' type=Const>, <tf.Operation 'conv_pw_2_bn/AssignMovingAvg/sub/x' type=Const>, <tf.Operation 'conv_pw_2_bn/cond_1/Merge' type=Merge>, <tf.Operation 'conv_pw_2_bn/AssignMovingAvg/sub' type=Sub>, <tf.Operation 'conv_pw_2_bn/AssignMovingAvg/sub_1' type=Sub>, <tf.Operation 'conv_pw_2_bn/AssignMovingAvg/ReadVariableOp' type=ReadVariableOp>, <tf.Operation 'conv_pw_2_bn/AssignMovingAvg/mul' type=Mul>, <tf.Operation 'conv_pw_2_bn/AssignMovingAvg/AssignSubVariableOp' type=AssignSubVariableOp>, <tf.Operation 'conv_pw_2_bn/AssignMovingAvg/ReadVariableOp_1' type=ReadVariableOp>, <tf.Operation 'conv_pw_2_bn/moving_mean' type=VarHandleOp>, <tf.Operation 'conv_pw_2_bn/cond/switch_f' type=Identity>, <tf.Operation 'conv_pw_2_bn/moving_mean/IsInitialized/VarIsInitializedOp' type=VarIsInitializedOp>, <tf.Operation 'conv_pw_2_bn/moving_mean/Read/ReadVariableOp' type=ReadVariableOp>, <tf.Operation 'conv_pw_2_bn/cond/Switch' type=Switch>, <tf.Operation 'conv_pw_2_bn/moving_mean/Assign' type=AssignVariableOp>, <tf.Operation 'conv_pw_2_bn/moving_variance/Initializer/ones' type=Const>, <tf.Operation 'conv_pw_2_bn/moving_variance' type=VarHandleOp>, <tf.Operation 'conv_pw_2_bn/moving_variance/IsInitialized/VarIsInitializedOp' type=VarIsInitializedOp>, <tf.Operation 'conv_pw_2_bn/cond/pred_id' type=Identity>, <tf.Operation 'conv_pw_2_bn/moving_variance/Read/ReadVariableOp' type=ReadVariableOp>, <tf.Operation 'conv_pw_2_bn/moving_variance/Assign' type=AssignVariableOp>, <tf.Operation 'conv_pw_2_bn/cond_1/Const' type=Const>, <tf.Operation 'conv_pw_2_bn/cond/ReadVariableOp' type=ReadVariableOp>]
[STR DEBUG] Choose op that have outputs: name: "conv_pw_2_bn/cond/ReadVariableOp"
op: "ReadVariableOp"
input: "conv_pw_2_bn/cond/ReadVariableOp/Switch:1"
attr {
  key: "dtype"
  value {
    type: DT_FLOAT
  }
}

[STR DEBUG] Find swapout ops: name: "conv_pw_2_bn/cond/ReadVariableOp"
op: "ReadVariableOp"
input: "conv_pw_2_bn/cond/ReadVariableOp/Switch:1"
attr {
  key: "dtype"
  value {
    type: DT_FLOAT
  }
}
, 
	choose swap tensor Tensor("conv_pw_2_bn/cond/ReadVariableOp:0", shape=(128,), dtype=float32), 
	finish at the end of ops: [<tf.Operation 'conv_pw_2_relu/Relu6' type=Relu6>]
[STR DEBUG] Add swap-in op at name: "training/RMSprop/gradients/gradients/conv_pw_2_relu/Relu6_grad/Relu6Grad"
op: "Relu6Grad"
input: "training/RMSprop/gradients/gradients/conv_dw_3/depthwise_grad/DepthwiseConv2dNativeBackpropInput"
input: "conv_pw_2_relu/Relu6"
attr {
  key: "T"
  value {
    type: DT_FLOAT
  }
}
 for consumer [<tf.Operation 'training/RMSprop/gradients/gradients/conv_pw_2_bn/cond/FusedBatchNormV3_grad/FusedBatchNormGradV3' type=FusedBatchNormGradV3>]
[STR DEBUG] Processing layer 18's swapping, swap out at [19], swap in at [165]
[STR DEBUG] Cannot find swap-out control nodes for layer 18, use the first op name: "conv_dw_3_bn/beta"
op: "VarHandleOp"
attr {
  key: "_class"
  value {
    list {
      s: "loc:@conv_dw_3_bn/beta"
    }
  }
}
attr {
  key: "container"
  value {
    s: ""
  }
}
attr {
  key: "dtype"
  value {
    type: DT_FLOAT
  }
}
attr {
  key: "shape"
  value {
    shape {
      dim {
        size: 128
      }
    }
  }
}
attr {
  key: "shared_name"
  value {
    s: "conv_dw_3_bn/beta"
  }
}

[STR DEBUG] Find swapout ops: name: "conv_dw_3_relu/Relu6"
op: "Relu6"
input: "conv_dw_3_bn/cond/Merge"
attr {
  key: "T"
  value {
    type: DT_FLOAT
  }
}
, 
	choose swap tensor Tensor("conv_dw_3_relu/Relu6:0", shape=(?, 56, 56, 128), dtype=float32), 
	finish at the end of ops: [<tf.Operation 'conv_dw_3_bn/beta' type=VarHandleOp>]
[STR DEBUG] Cannot find swap-in control nodes for ref. layer 165, use the last op name: "training/RMSprop/gradients/gradients/conv_dw_3_bn/cond/ReadVariableOp_3/Switch_grad/cond_grad"
op: "Merge"
input: "training/RMSprop/gradients/gradients/conv_dw_3_bn/cond/FusedBatchNormV3_1_grad/FusedBatchNormGradV3:2"
input: "training/RMSprop/gradients/gradients/zeros_131"
attr {
  key: "N"
  value {
    i: 2
  }
}
attr {
  key: "T"
  value {
    type: DT_FLOAT
  }
}

[STR DEBUG] Processing layer 20's swapping, swap out at [21], swap in at [163]
[STR DEBUG] Find swapout ops: name: "conv_dw_3_relu/Relu6"
op: "Relu6"
input: "conv_dw_3_bn/cond/Merge"
attr {
  key: "T"
  value {
    type: DT_FLOAT
  }
}
, 
	choose swap tensor Tensor("conv_dw_3_relu/Relu6:0", shape=(?, 56, 56, 128), dtype=float32), 
	finish at the end of ops: [<tf.Operation 'conv_pw_3_relu/Relu6' type=Relu6>]
[STR DEBUG] Add swap-in op at name: "training/RMSprop/gradients/gradients/conv_pw_3_relu/Relu6_grad/Relu6Grad"
op: "Relu6Grad"
input: "training/RMSprop/gradients/gradients/conv_pad_4/Pad_grad/Slice_1"
input: "conv_pw_3_relu/Relu6"
attr {
  key: "T"
  value {
    type: DT_FLOAT
  }
}
 for consumer [<tf.Operation 'training/RMSprop/gradients/gradients/conv_dw_3_relu/Relu6_grad/Relu6Grad' type=Relu6Grad>, <tf.Operation 'training/RMSprop/gradients/gradients/conv_pw_3/Conv2D_grad/Conv2DBackpropFilter' type=Conv2DBackpropFilter>]
[STR DEBUG] Processing layer 22's swapping, swap out at [23], swap in at [161]
[STR DEBUG] Cannot find swap-out activation nodes for layer 22, among [<tf.Operation 'conv_pw_3_bn/gamma/Initializer/ones' type=Const>, <tf.Operation 'conv_pw_3_bn/gamma' type=VarHandleOp>, <tf.Operation 'conv_pw_3_bn/gamma/IsInitialized/VarIsInitializedOp' type=VarIsInitializedOp>, <tf.Operation 'conv_pw_3_bn/gamma/Read/ReadVariableOp' type=ReadVariableOp>, <tf.Operation 'conv_pw_3_bn/gamma/Assign' type=AssignVariableOp>, <tf.Operation 'conv_pw_3_bn/beta/Initializer/zeros' type=Const>, <tf.Operation 'conv_pw_3_bn/cond/Const' type=Const>, <tf.Operation 'conv_pw_3_bn/beta' type=VarHandleOp>, <tf.Operation 'conv_pw_3_bn/cond/switch_f' type=Identity>, <tf.Operation 'conv_pw_3_bn/beta/IsInitialized/VarIsInitializedOp' type=VarIsInitializedOp>, <tf.Operation 'conv_pw_3_bn/beta/Read/ReadVariableOp' type=ReadVariableOp>, <tf.Operation 'conv_pw_3_bn/cond/switch_t' type=Identity>, <tf.Operation 'conv_pw_3_bn/beta/Assign' type=AssignVariableOp>, <tf.Operation 'conv_pw_3_bn/moving_mean/Initializer/zeros' type=Const>, <tf.Operation 'conv_pw_3_bn/moving_mean' type=VarHandleOp>, <tf.Operation 'conv_pw_3_bn/moving_mean/IsInitialized/VarIsInitializedOp' type=VarIsInitializedOp>, <tf.Operation 'conv_pw_3_bn/cond/Const_1' type=Const>, <tf.Operation 'conv_pw_3_bn/moving_mean/Read/ReadVariableOp' type=ReadVariableOp>, <tf.Operation 'conv_pw_3_bn/cond/Switch' type=Switch>, <tf.Operation 'conv_pw_3_bn/moving_mean/Assign' type=AssignVariableOp>, <tf.Operation 'conv_pw_3_bn/moving_variance/Initializer/ones' type=Const>, <tf.Operation 'conv_pw_3_bn/moving_variance' type=VarHandleOp>, <tf.Operation 'conv_pw_3_bn/moving_variance/IsInitialized/VarIsInitializedOp' type=VarIsInitializedOp>, <tf.Operation 'conv_pw_3_bn/moving_variance/Read/ReadVariableOp' type=ReadVariableOp>, <tf.Operation 'conv_pw_3_bn/cond/pred_id' type=Identity>, <tf.Operation 'conv_pw_3_bn/moving_variance/Assign' type=AssignVariableOp>, <tf.Operation 'conv_pw_3_bn/cond_1/switch_t' type=Identity>, <tf.Operation 'conv_pw_3_bn/cond/FusedBatchNormV3_1' type=FusedBatchNormV3>, <tf.Operation 'conv_pw_3_bn/cond/ReadVariableOp' type=ReadVariableOp>, <tf.Operation 'conv_pw_3_bn/cond/ReadVariableOp_1' type=ReadVariableOp>, <tf.Operation 'conv_pw_3_bn/cond/FusedBatchNormV3' type=FusedBatchNormV3>, <tf.Operation 'conv_pw_3_bn/cond/ReadVariableOp/Switch' type=Switch>, <tf.Operation 'conv_pw_3_bn/cond/ReadVariableOp_1/Switch' type=Switch>, <tf.Operation 'conv_pw_3_bn/cond_1/Const' type=Const>, <tf.Operation 'conv_pw_3_bn/cond_1/switch_f' type=Identity>, <tf.Operation 'conv_pw_3_bn/cond/ReadVariableOp_2' type=ReadVariableOp>, <tf.Operation 'conv_pw_3_bn/cond_1/Switch' type=Switch>, <tf.Operation 'conv_pw_3_bn/cond/FusedBatchNormV3/Switch' type=Switch>, <tf.Operation 'conv_pw_3_bn/cond/ReadVariableOp_3' type=ReadVariableOp>, <tf.Operation 'conv_pw_3_bn/cond/FusedBatchNormV3_1/ReadVariableOp' type=ReadVariableOp>, <tf.Operation 'conv_pw_3_bn/cond/ReadVariableOp_2/Switch' type=Switch>, <tf.Operation 'conv_pw_3_bn/cond/FusedBatchNormV3_1/ReadVariableOp_1' type=ReadVariableOp>, <tf.Operation 'conv_pw_3_bn/cond/ReadVariableOp_3/Switch' type=Switch>, <tf.Operation 'conv_pw_3_bn/cond/Merge' type=Merge>, <tf.Operation 'conv_pw_3_bn/cond/Merge_1' type=Merge>, <tf.Operation 'conv_pw_3_bn/cond/FusedBatchNormV3_1/ReadVariableOp/Switch' type=Switch>, <tf.Operation 'conv_pw_3_bn/cond/Merge_2' type=Merge>, <tf.Operation 'conv_pw_3_bn/cond/FusedBatchNormV3_1/ReadVariableOp_1/Switch' type=Switch>, <tf.Operation 'conv_pw_3_bn/cond/FusedBatchNormV3_1/Switch' type=Switch>, <tf.Operation 'conv_pw_3_bn/cond_1/pred_id' type=Identity>, <tf.Operation 'conv_pw_3_bn/cond_1/Const_1' type=Const>, <tf.Operation 'conv_pw_3_bn/AssignMovingAvg_1/sub/x' type=Const>, <tf.Operation 'conv_pw_3_bn/AssignMovingAvg/sub/x' type=Const>, <tf.Operation 'conv_pw_3_bn/cond_1/Merge' type=Merge>, <tf.Operation 'conv_pw_3_bn/AssignMovingAvg/sub' type=Sub>, <tf.Operation 'conv_pw_3_bn/AssignMovingAvg/sub_1' type=Sub>, <tf.Operation 'conv_pw_3_bn/AssignMovingAvg/mul' type=Mul>, <tf.Operation 'conv_pw_3_bn/AssignMovingAvg/ReadVariableOp' type=ReadVariableOp>, <tf.Operation 'conv_pw_3_bn/AssignMovingAvg/AssignSubVariableOp' type=AssignSubVariableOp>, <tf.Operation 'conv_pw_3_bn/AssignMovingAvg/ReadVariableOp_1' type=ReadVariableOp>, <tf.Operation 'conv_pw_3_bn/AssignMovingAvg_1/sub_1' type=Sub>, <tf.Operation 'conv_pw_3_bn/AssignMovingAvg_1/ReadVariableOp' type=ReadVariableOp>, <tf.Operation 'conv_pw_3_bn/AssignMovingAvg_1/sub' type=Sub>, <tf.Operation 'conv_pw_3_bn/AssignMovingAvg_1/mul' type=Mul>, <tf.Operation 'conv_pw_3_bn/AssignMovingAvg_1/AssignSubVariableOp' type=AssignSubVariableOp>, <tf.Operation 'conv_pw_3_bn/AssignMovingAvg_1/ReadVariableOp_1' type=ReadVariableOp>]
[STR DEBUG] Choose op that have outputs: name: "conv_pw_3_bn/AssignMovingAvg_1/ReadVariableOp_1"
op: "ReadVariableOp"
input: "conv_pw_3_bn/moving_variance"
input: "^conv_pw_3_bn/AssignMovingAvg_1/AssignSubVariableOp"
attr {
  key: "_class"
  value {
    list {
      s: "loc:@conv_pw_3_bn/moving_variance"
    }
  }
}
attr {
  key: "dtype"
  value {
    type: DT_FLOAT
  }
}

[STR DEBUG] Find swapout ops: name: "conv_pw_3_bn/AssignMovingAvg_1/ReadVariableOp_1"
op: "ReadVariableOp"
input: "conv_pw_3_bn/moving_variance"
input: "^conv_pw_3_bn/AssignMovingAvg_1/AssignSubVariableOp"
attr {
  key: "_class"
  value {
    list {
      s: "loc:@conv_pw_3_bn/moving_variance"
    }
  }
}
attr {
  key: "dtype"
  value {
    type: DT_FLOAT
  }
}
, 
	choose swap tensor Tensor("conv_pw_3_bn/AssignMovingAvg_1/ReadVariableOp_1:0", shape=(128,), dtype=float32), 
	finish at the end of ops: [<tf.Operation 'conv_pw_3_relu/Relu6' type=Relu6>]
[STR DEBUG] Processing layer 24's swapping, swap out at [25], swap in at [159]
[STR DEBUG] Cannot find swap-out activation nodes for layer 24, among [<tf.Operation 'conv_pad_4/Pad/paddings' type=Const>, <tf.Operation 'conv_pad_4/Pad' type=Pad>]
[STR DEBUG] Choose op that have outputs: name: "conv_pad_4/Pad"
op: "Pad"
input: "conv_pw_3_relu/Relu6"
input: "conv_pad_4/Pad/paddings"
attr {
  key: "T"
  value {
    type: DT_FLOAT
  }
}
attr {
  key: "Tpaddings"
  value {
    type: DT_INT32
  }
}

[STR DEBUG] Find swapout ops: name: "conv_pad_4/Pad"
op: "Pad"
input: "conv_pw_3_relu/Relu6"
input: "conv_pad_4/Pad/paddings"
attr {
  key: "T"
  value {
    type: DT_FLOAT
  }
}
attr {
  key: "Tpaddings"
  value {
    type: DT_INT32
  }
}
, 
	choose swap tensor Tensor("conv_pad_4/Pad:0", shape=(?, 57, 57, 128), dtype=float32), 
	finish at the end of ops: [<tf.Operation 'conv_dw_4_relu/Relu6' type=Relu6>]
[STR DEBUG] Add swap-in op at name: "training/RMSprop/gradients/gradients/conv_dw_4_relu/Relu6_grad/Relu6Grad"
op: "Relu6Grad"
input: "training/RMSprop/gradients/gradients/conv_pw_4/Conv2D_grad/Conv2DBackpropInput"
input: "conv_dw_4_relu/Relu6"
attr {
  key: "T"
  value {
    type: DT_FLOAT
  }
}
 for consumer [<tf.Operation 'training/RMSprop/gradients/gradients/conv_dw_4/depthwise_grad/DepthwiseConv2dNativeBackpropFilter' type=DepthwiseConv2dNativeBackpropFilter>]
[STR DEBUG] Processing layer 26's swapping, swap out at [27], swap in at [157]
[STR DEBUG] Cannot find swap-out activation nodes for layer 26, among [<tf.Operation 'conv_dw_4_bn/beta' type=VarHandleOp>, <tf.Operation 'conv_dw_4_bn/cond/Const_1' type=Const>, <tf.Operation 'conv_dw_4_bn/gamma/Initializer/ones' type=Const>, <tf.Operation 'conv_dw_4_bn/gamma' type=VarHandleOp>, <tf.Operation 'conv_dw_4_bn/gamma/IsInitialized/VarIsInitializedOp' type=VarIsInitializedOp>, <tf.Operation 'conv_dw_4_bn/gamma/Read/ReadVariableOp' type=ReadVariableOp>, <tf.Operation 'conv_dw_4_bn/gamma/Assign' type=AssignVariableOp>, <tf.Operation 'conv_dw_4_bn/beta/Initializer/zeros' type=Const>, <tf.Operation 'conv_dw_4_bn/cond/switch_t' type=Identity>, <tf.Operation 'conv_dw_4_bn/beta/IsInitialized/VarIsInitializedOp' type=VarIsInitializedOp>, <tf.Operation 'conv_dw_4_bn/beta/Read/ReadVariableOp' type=ReadVariableOp>, <tf.Operation 'conv_dw_4_bn/cond/Const' type=Const>, <tf.Operation 'conv_dw_4_bn/beta/Assign' type=AssignVariableOp>, <tf.Operation 'conv_dw_4_bn/moving_mean/Initializer/zeros' type=Const>, <tf.Operation 'conv_dw_4_bn/moving_mean' type=VarHandleOp>, <tf.Operation 'conv_dw_4_bn/cond/switch_f' type=Identity>, <tf.Operation 'conv_dw_4_bn/moving_mean/IsInitialized/VarIsInitializedOp' type=VarIsInitializedOp>, <tf.Operation 'conv_dw_4_bn/moving_mean/Read/ReadVariableOp' type=ReadVariableOp>, <tf.Operation 'conv_dw_4_bn/cond/Switch' type=Switch>, <tf.Operation 'conv_dw_4_bn/moving_mean/Assign' type=AssignVariableOp>, <tf.Operation 'conv_dw_4_bn/moving_variance/Initializer/ones' type=Const>, <tf.Operation 'conv_dw_4_bn/moving_variance' type=VarHandleOp>, <tf.Operation 'conv_dw_4_bn/moving_variance/IsInitialized/VarIsInitializedOp' type=VarIsInitializedOp>, <tf.Operation 'conv_dw_4_bn/cond/pred_id' type=Identity>, <tf.Operation 'conv_dw_4_bn/moving_variance/Read/ReadVariableOp' type=ReadVariableOp>, <tf.Operation 'conv_dw_4_bn/moving_variance/Assign' type=AssignVariableOp>, <tf.Operation 'conv_dw_4_bn/cond/ReadVariableOp' type=ReadVariableOp>, <tf.Operation 'conv_dw_4_bn/cond/ReadVariableOp_1' type=ReadVariableOp>, <tf.Operation 'conv_dw_4_bn/cond_1/switch_t' type=Identity>, <tf.Operation 'conv_dw_4_bn/cond/FusedBatchNormV3' type=FusedBatchNormV3>, <tf.Operation 'conv_dw_4_bn/cond/ReadVariableOp/Switch' type=Switch>, <tf.Operation 'conv_dw_4_bn/cond/ReadVariableOp_1/Switch' type=Switch>, <tf.Operation 'conv_dw_4_bn/cond_1/Const' type=Const>, <tf.Operation 'conv_dw_4_bn/cond/FusedBatchNormV3_1' type=FusedBatchNormV3>, <tf.Operation 'conv_dw_4_bn/cond/ReadVariableOp_2' type=ReadVariableOp>, <tf.Operation 'conv_dw_4_bn/cond_1/switch_f' type=Identity>, <tf.Operation 'conv_dw_4_bn/cond/FusedBatchNormV3/Switch' type=Switch>, <tf.Operation 'conv_dw_4_bn/cond/ReadVariableOp_3' type=ReadVariableOp>, <tf.Operation 'conv_dw_4_bn/cond/FusedBatchNormV3_1/ReadVariableOp' type=ReadVariableOp>, <tf.Operation 'conv_dw_4_bn/cond/ReadVariableOp_2/Switch' type=Switch>, <tf.Operation 'conv_dw_4_bn/cond/FusedBatchNormV3_1/ReadVariableOp_1' type=ReadVariableOp>, <tf.Operation 'conv_dw_4_bn/cond/ReadVariableOp_3/Switch' type=Switch>, <tf.Operation 'conv_dw_4_bn/cond/Merge' type=Merge>, <tf.Operation 'conv_dw_4_bn/cond/Merge_1' type=Merge>, <tf.Operation 'conv_dw_4_bn/cond/FusedBatchNormV3_1/ReadVariableOp/Switch' type=Switch>, <tf.Operation 'conv_dw_4_bn/cond/FusedBatchNormV3_1/ReadVariableOp_1/Switch' type=Switch>, <tf.Operation 'conv_dw_4_bn/cond/FusedBatchNormV3_1/Switch' type=Switch>, <tf.Operation 'conv_dw_4_bn/cond/Merge_2' type=Merge>, <tf.Operation 'conv_dw_4_bn/cond_1/Switch' type=Switch>, <tf.Operation 'conv_dw_4_bn/cond_1/pred_id' type=Identity>, <tf.Operation 'conv_dw_4_bn/cond_1/Const_1' type=Const>, <tf.Operation 'conv_dw_4_bn/AssignMovingAvg/sub/x' type=Const>, <tf.Operation 'conv_dw_4_bn/cond_1/Merge' type=Merge>, <tf.Operation 'conv_dw_4_bn/AssignMovingAvg/sub' type=Sub>, <tf.Operation 'conv_dw_4_bn/AssignMovingAvg/sub_1' type=Sub>, <tf.Operation 'conv_dw_4_bn/AssignMovingAvg/ReadVariableOp' type=ReadVariableOp>, <tf.Operation 'conv_dw_4_bn/AssignMovingAvg/mul' type=Mul>, <tf.Operation 'conv_dw_4_bn/AssignMovingAvg_1/sub/x' type=Const>, <tf.Operation 'conv_dw_4_bn/AssignMovingAvg/AssignSubVariableOp' type=AssignSubVariableOp>, <tf.Operation 'conv_dw_4_bn/AssignMovingAvg/ReadVariableOp_1' type=ReadVariableOp>, <tf.Operation 'conv_dw_4_bn/AssignMovingAvg_1/sub_1' type=Sub>, <tf.Operation 'conv_dw_4_bn/AssignMovingAvg_1/sub' type=Sub>, <tf.Operation 'conv_dw_4_bn/AssignMovingAvg_1/ReadVariableOp' type=ReadVariableOp>, <tf.Operation 'conv_dw_4_bn/AssignMovingAvg_1/mul' type=Mul>, <tf.Operation 'conv_dw_4_bn/AssignMovingAvg_1/AssignSubVariableOp' type=AssignSubVariableOp>, <tf.Operation 'conv_dw_4_bn/AssignMovingAvg_1/ReadVariableOp_1' type=ReadVariableOp>]
[STR DEBUG] Choose op that have outputs: name: "conv_dw_4_bn/AssignMovingAvg_1/ReadVariableOp_1"
op: "ReadVariableOp"
input: "conv_dw_4_bn/moving_variance"
input: "^conv_dw_4_bn/AssignMovingAvg_1/AssignSubVariableOp"
attr {
  key: "_class"
  value {
    list {
      s: "loc:@conv_dw_4_bn/moving_variance"
    }
  }
}
attr {
  key: "dtype"
  value {
    type: DT_FLOAT
  }
}

[STR DEBUG] Find swapout ops: name: "conv_dw_4_bn/AssignMovingAvg_1/ReadVariableOp_1"
op: "ReadVariableOp"
input: "conv_dw_4_bn/moving_variance"
input: "^conv_dw_4_bn/AssignMovingAvg_1/AssignSubVariableOp"
attr {
  key: "_class"
  value {
    list {
      s: "loc:@conv_dw_4_bn/moving_variance"
    }
  }
}
attr {
  key: "dtype"
  value {
    type: DT_FLOAT
  }
}
, 
	choose swap tensor Tensor("conv_dw_4_bn/AssignMovingAvg_1/ReadVariableOp_1:0", shape=(128,), dtype=float32), 
	finish at the end of ops: [<tf.Operation 'conv_dw_4_relu/Relu6' type=Relu6>]
[STR DEBUG] Processing layer 28's swapping, swap out at [29], swap in at [155]
[STR DEBUG] Cannot find swap-out control nodes for layer 28, use the first op name: "conv_pw_4_bn/beta"
op: "VarHandleOp"
attr {
  key: "_class"
  value {
    list {
      s: "loc:@conv_pw_4_bn/beta"
    }
  }
}
attr {
  key: "container"
  value {
    s: ""
  }
}
attr {
  key: "dtype"
  value {
    type: DT_FLOAT
  }
}
attr {
  key: "shape"
  value {
    shape {
      dim {
        size: 256
      }
    }
  }
}
attr {
  key: "shared_name"
  value {
    s: "conv_pw_4_bn/beta"
  }
}

[STR DEBUG] Find swapout ops: name: "conv_pw_4_relu/Relu6"
op: "Relu6"
input: "conv_pw_4_bn/cond/Merge"
attr {
  key: "T"
  value {
    type: DT_FLOAT
  }
}
, 
	choose swap tensor Tensor("conv_pw_4_relu/Relu6:0", shape=(?, 28, 28, 256), dtype=float32), 
	finish at the end of ops: [<tf.Operation 'conv_pw_4_bn/beta' type=VarHandleOp>]
[STR DEBUG] Cannot find swap-in control nodes for ref. layer 155, use the last op name: "training/RMSprop/gradients/gradients/conv_pw_4_bn/cond/ReadVariableOp_2/Switch_grad/cond_grad"
op: "Merge"
input: "training/RMSprop/gradients/gradients/conv_pw_4_bn/cond/FusedBatchNormV3_1_grad/FusedBatchNormGradV3:1"
input: "training/RMSprop/gradients/gradients/zeros_112"
attr {
  key: "N"
  value {
    i: 2
  }
}
attr {
  key: "T"
  value {
    type: DT_FLOAT
  }
}

[STR DEBUG] Processing layer 29's swapping, swap out at [30], swap in at [154]
[STR DEBUG] Cannot find swap-out activation nodes for layer 29, among [<tf.Operation 'conv_pw_4_bn/beta' type=VarHandleOp>, <tf.Operation 'conv_pw_4_bn/gamma/Initializer/ones' type=Const>, <tf.Operation 'conv_pw_4_bn/gamma' type=VarHandleOp>, <tf.Operation 'conv_pw_4_bn/gamma/IsInitialized/VarIsInitializedOp' type=VarIsInitializedOp>, <tf.Operation 'conv_pw_4_bn/cond/Const' type=Const>, <tf.Operation 'conv_pw_4_bn/gamma/Read/ReadVariableOp' type=ReadVariableOp>, <tf.Operation 'conv_pw_4_bn/gamma/Assign' type=AssignVariableOp>, <tf.Operation 'conv_pw_4_bn/beta/Initializer/zeros' type=Const>, <tf.Operation 'conv_pw_4_bn/cond/Const_1' type=Const>, <tf.Operation 'conv_pw_4_bn/beta/IsInitialized/VarIsInitializedOp' type=VarIsInitializedOp>, <tf.Operation 'conv_pw_4_bn/beta/Read/ReadVariableOp' type=ReadVariableOp>, <tf.Operation 'conv_pw_4_bn/beta/Assign' type=AssignVariableOp>, <tf.Operation 'conv_pw_4_bn/moving_mean/Initializer/zeros' type=Const>, <tf.Operation 'conv_pw_4_bn/moving_mean' type=VarHandleOp>, <tf.Operation 'conv_pw_4_bn/cond/switch_t' type=Identity>, <tf.Operation 'conv_pw_4_bn/cond/pred_id' type=Identity>, <tf.Operation 'conv_pw_4_bn/moving_mean/IsInitialized/VarIsInitializedOp' type=VarIsInitializedOp>, <tf.Operation 'conv_pw_4_bn/moving_mean/Read/ReadVariableOp' type=ReadVariableOp>, <tf.Operation 'conv_pw_4_bn/cond/Switch' type=Switch>, <tf.Operation 'conv_pw_4_bn/moving_mean/Assign' type=AssignVariableOp>, <tf.Operation 'conv_pw_4_bn/moving_variance/Initializer/ones' type=Const>, <tf.Operation 'conv_pw_4_bn/moving_variance' type=VarHandleOp>, <tf.Operation 'conv_pw_4_bn/moving_variance/IsInitialized/VarIsInitializedOp' type=VarIsInitializedOp>, <tf.Operation 'conv_pw_4_bn/moving_variance/Read/ReadVariableOp' type=ReadVariableOp>, <tf.Operation 'conv_pw_4_bn/cond/switch_f' type=Identity>, <tf.Operation 'conv_pw_4_bn/moving_variance/Assign' type=AssignVariableOp>, <tf.Operation 'conv_pw_4_bn/cond_1/switch_t' type=Identity>, <tf.Operation 'conv_pw_4_bn/cond/ReadVariableOp' type=ReadVariableOp>, <tf.Operation 'conv_pw_4_bn/cond/ReadVariableOp_1' type=ReadVariableOp>, <tf.Operation 'conv_pw_4_bn/cond/FusedBatchNormV3' type=FusedBatchNormV3>, <tf.Operation 'conv_pw_4_bn/cond/ReadVariableOp/Switch' type=Switch>, <tf.Operation 'conv_pw_4_bn/cond/ReadVariableOp_1/Switch' type=Switch>, <tf.Operation 'conv_pw_4_bn/cond_1/Const' type=Const>, <tf.Operation 'conv_pw_4_bn/cond/FusedBatchNormV3_1' type=FusedBatchNormV3>, <tf.Operation 'conv_pw_4_bn/cond/ReadVariableOp_2' type=ReadVariableOp>, <tf.Operation 'conv_pw_4_bn/cond_1/switch_f' type=Identity>, <tf.Operation 'conv_pw_4_bn/cond/FusedBatchNormV3/Switch' type=Switch>, <tf.Operation 'conv_pw_4_bn/cond/ReadVariableOp_3' type=ReadVariableOp>, <tf.Operation 'conv_pw_4_bn/cond/FusedBatchNormV3_1/ReadVariableOp' type=ReadVariableOp>, <tf.Operation 'conv_pw_4_bn/cond/ReadVariableOp_2/Switch' type=Switch>, <tf.Operation 'conv_pw_4_bn/cond/FusedBatchNormV3_1/ReadVariableOp_1' type=ReadVariableOp>, <tf.Operation 'conv_pw_4_bn/cond/ReadVariableOp_3/Switch' type=Switch>, <tf.Operation 'conv_pw_4_bn/cond_1/Switch' type=Switch>, <tf.Operation 'conv_pw_4_bn/cond/Merge' type=Merge>, <tf.Operation 'conv_pw_4_bn/cond/Merge_1' type=Merge>, <tf.Operation 'conv_pw_4_bn/cond/FusedBatchNormV3_1/ReadVariableOp/Switch' type=Switch>, <tf.Operation 'conv_pw_4_bn/cond/Merge_2' type=Merge>, <tf.Operation 'conv_pw_4_bn/cond/FusedBatchNormV3_1/ReadVariableOp_1/Switch' type=Switch>, <tf.Operation 'conv_pw_4_bn/cond/FusedBatchNormV3_1/Switch' type=Switch>, <tf.Operation 'conv_pw_4_bn/cond_1/pred_id' type=Identity>, <tf.Operation 'conv_pw_4_bn/cond_1/Const_1' type=Const>, <tf.Operation 'conv_pw_4_bn/AssignMovingAvg_1/sub/x' type=Const>, <tf.Operation 'conv_pw_4_bn/AssignMovingAvg/sub/x' type=Const>, <tf.Operation 'conv_pw_4_bn/cond_1/Merge' type=Merge>, <tf.Operation 'conv_pw_4_bn/AssignMovingAvg/sub' type=Sub>, <tf.Operation 'conv_pw_4_bn/AssignMovingAvg/sub_1' type=Sub>, <tf.Operation 'conv_pw_4_bn/AssignMovingAvg/ReadVariableOp' type=ReadVariableOp>, <tf.Operation 'conv_pw_4_bn/AssignMovingAvg/mul' type=Mul>, <tf.Operation 'conv_pw_4_bn/AssignMovingAvg/AssignSubVariableOp' type=AssignSubVariableOp>, <tf.Operation 'conv_pw_4_bn/AssignMovingAvg_1/ReadVariableOp' type=ReadVariableOp>, <tf.Operation 'conv_pw_4_bn/AssignMovingAvg/ReadVariableOp_1' type=ReadVariableOp>, <tf.Operation 'conv_pw_4_bn/AssignMovingAvg_1/sub' type=Sub>, <tf.Operation 'conv_pw_4_bn/AssignMovingAvg_1/sub_1' type=Sub>, <tf.Operation 'conv_pw_4_bn/AssignMovingAvg_1/mul' type=Mul>, <tf.Operation 'conv_pw_4_bn/AssignMovingAvg_1/AssignSubVariableOp' type=AssignSubVariableOp>, <tf.Operation 'conv_pw_4_bn/AssignMovingAvg_1/ReadVariableOp_1' type=ReadVariableOp>]
[STR DEBUG] Choose op that have outputs: name: "conv_pw_4_bn/AssignMovingAvg_1/ReadVariableOp_1"
op: "ReadVariableOp"
input: "conv_pw_4_bn/moving_variance"
input: "^conv_pw_4_bn/AssignMovingAvg_1/AssignSubVariableOp"
attr {
  key: "_class"
  value {
    list {
      s: "loc:@conv_pw_4_bn/moving_variance"
    }
  }
}
attr {
  key: "dtype"
  value {
    type: DT_FLOAT
  }
}

[STR DEBUG] Find swapout ops: name: "conv_pw_4_bn/AssignMovingAvg_1/ReadVariableOp_1"
op: "ReadVariableOp"
input: "conv_pw_4_bn/moving_variance"
input: "^conv_pw_4_bn/AssignMovingAvg_1/AssignSubVariableOp"
attr {
  key: "_class"
  value {
    list {
      s: "loc:@conv_pw_4_bn/moving_variance"
    }
  }
}
attr {
  key: "dtype"
  value {
    type: DT_FLOAT
  }
}
, 
	choose swap tensor Tensor("conv_pw_4_bn/AssignMovingAvg_1/ReadVariableOp_1:0", shape=(256,), dtype=float32), 
	finish at the end of ops: [<tf.Operation 'conv_pw_4_relu/Relu6' type=Relu6>]
[STR DEBUG] Processing layer 30's swapping, swap out at [31], swap in at [153]
[STR DEBUG] Find swapout ops: name: "conv_pw_4_relu/Relu6"
op: "Relu6"
input: "conv_pw_4_bn/cond/Merge"
attr {
  key: "T"
  value {
    type: DT_FLOAT
  }
}
, 
	choose swap tensor Tensor("conv_pw_4_relu/Relu6:0", shape=(?, 28, 28, 256), dtype=float32), 
	finish at the end of ops: [<tf.Operation 'conv_dw_5_relu/Relu6' type=Relu6>]
[STR DEBUG] Add swap-in op at name: "training/RMSprop/gradients/gradients/conv_dw_5_relu/Relu6_grad/Relu6Grad"
op: "Relu6Grad"
input: "training/RMSprop/gradients/gradients/conv_pw_5/Conv2D_grad/Conv2DBackpropInput"
input: "conv_dw_5_relu/Relu6"
attr {
  key: "T"
  value {
    type: DT_FLOAT
  }
}
 for consumer [<tf.Operation 'training/RMSprop/gradients/gradients/conv_dw_5/depthwise_grad/DepthwiseConv2dNativeBackpropFilter' type=DepthwiseConv2dNativeBackpropFilter>, <tf.Operation 'training/RMSprop/gradients/gradients/conv_pw_4_relu/Relu6_grad/Relu6Grad' type=Relu6Grad>]
[STR DEBUG] Processing layer 31's swapping, swap out at [32], swap in at [152]
[STR DEBUG] Cannot find swap-out control nodes for layer 31, use the first op name: "conv_dw_5_bn/beta"
op: "VarHandleOp"
attr {
  key: "_class"
  value {
    list {
      s: "loc:@conv_dw_5_bn/beta"
    }
  }
}
attr {
  key: "container"
  value {
    s: ""
  }
}
attr {
  key: "dtype"
  value {
    type: DT_FLOAT
  }
}
attr {
  key: "shape"
  value {
    shape {
      dim {
        size: 256
      }
    }
  }
}
attr {
  key: "shared_name"
  value {
    s: "conv_dw_5_bn/beta"
  }
}

[STR DEBUG] Find swapout ops: name: "conv_dw_5_relu/Relu6"
op: "Relu6"
input: "conv_dw_5_bn/cond/Merge"
attr {
  key: "T"
  value {
    type: DT_FLOAT
  }
}
, 
	choose swap tensor Tensor("conv_dw_5_relu/Relu6:0", shape=(?, 28, 28, 256), dtype=float32), 
	finish at the end of ops: [<tf.Operation 'conv_dw_5_bn/beta' type=VarHandleOp>]
[STR DEBUG] Cannot find swap-in control nodes for ref. layer 152, use the last op name: "training/RMSprop/gradients/gradients/conv_dw_5_bn/cond/ReadVariableOp_3/Switch_grad/cond_grad"
op: "Merge"
input: "training/RMSprop/gradients/gradients/conv_dw_5_bn/cond/FusedBatchNormV3_1_grad/FusedBatchNormGradV3:2"
input: "training/RMSprop/gradients/gradients/zeros_107"
attr {
  key: "N"
  value {
    i: 2
  }
}
attr {
  key: "T"
  value {
    type: DT_FLOAT
  }
}

[STR DEBUG] Processing layer 32's swapping, swap out at [33], swap in at [151]
[STR DEBUG] Cannot find swap-out activation nodes for layer 32, among [<tf.Operation 'conv_dw_5_bn/beta' type=VarHandleOp>, <tf.Operation 'conv_dw_5_bn/beta/IsInitialized/VarIsInitializedOp' type=VarIsInitializedOp>, <tf.Operation 'conv_dw_5_bn/cond/switch_f' type=Identity>, <tf.Operation 'conv_dw_5_bn/cond/Const_1' type=Const>, <tf.Operation 'conv_dw_5_bn/beta/Read/ReadVariableOp' type=ReadVariableOp>, <tf.Operation 'conv_dw_5_bn/cond/switch_t' type=Identity>, <tf.Operation 'conv_dw_5_bn/beta/Assign' type=AssignVariableOp>, <tf.Operation 'conv_dw_5_bn/moving_mean/Initializer/zeros' type=Const>, <tf.Operation 'conv_dw_5_bn/moving_mean' type=VarHandleOp>, <tf.Operation 'conv_dw_5_bn/moving_mean/IsInitialized/VarIsInitializedOp' type=VarIsInitializedOp>, <tf.Operation 'conv_dw_5_bn/moving_mean/Read/ReadVariableOp' type=ReadVariableOp>, <tf.Operation 'conv_dw_5_bn/cond/Switch' type=Switch>, <tf.Operation 'conv_dw_5_bn/moving_mean/Assign' type=AssignVariableOp>, <tf.Operation 'conv_dw_5_bn/moving_variance/Initializer/ones' type=Const>, <tf.Operation 'conv_dw_5_bn/moving_variance' type=VarHandleOp>, <tf.Operation 'conv_dw_5_bn/moving_variance/IsInitialized/VarIsInitializedOp' type=VarIsInitializedOp>, <tf.Operation 'conv_dw_5_bn/moving_variance/Read/ReadVariableOp' type=ReadVariableOp>, <tf.Operation 'conv_dw_5_bn/cond/pred_id' type=Identity>, <tf.Operation 'conv_dw_5_bn/moving_variance/Assign' type=AssignVariableOp>, <tf.Operation 'conv_dw_5_bn/cond_1/switch_t' type=Identity>, <tf.Operation 'conv_dw_5_bn/cond_1/Const' type=Const>, <tf.Operation 'conv_dw_5_bn/cond/ReadVariableOp' type=ReadVariableOp>, <tf.Operation 'conv_dw_5_bn/cond/ReadVariableOp_1' type=ReadVariableOp>, <tf.Operation 'conv_dw_5_bn/cond/FusedBatchNormV3' type=FusedBatchNormV3>, <tf.Operation 'conv_dw_5_bn/cond/ReadVariableOp/Switch' type=Switch>, <tf.Operation 'conv_dw_5_bn/cond/ReadVariableOp_1/Switch' type=Switch>, <tf.Operation 'conv_dw_5_bn/cond_1/switch_f' type=Identity>, <tf.Operation 'conv_dw_5_bn/cond_1/Switch' type=Switch>, <tf.Operation 'conv_dw_5_bn/cond/FusedBatchNormV3_1' type=FusedBatchNormV3>, <tf.Operation 'conv_dw_5_bn/cond/ReadVariableOp_2' type=ReadVariableOp>, <tf.Operation 'conv_dw_5_bn/cond/FusedBatchNormV3/Switch' type=Switch>, <tf.Operation 'conv_dw_5_bn/cond/ReadVariableOp_3' type=ReadVariableOp>, <tf.Operation 'conv_dw_5_bn/cond/FusedBatchNormV3_1/ReadVariableOp' type=ReadVariableOp>, <tf.Operation 'conv_dw_5_bn/cond/ReadVariableOp_2/Switch' type=Switch>, <tf.Operation 'conv_dw_5_bn/cond/FusedBatchNormV3_1/ReadVariableOp_1' type=ReadVariableOp>, <tf.Operation 'conv_dw_5_bn/cond/ReadVariableOp_3/Switch' type=Switch>, <tf.Operation 'conv_dw_5_bn/cond/Merge' type=Merge>, <tf.Operation 'conv_dw_5_bn/cond/Merge_1' type=Merge>, <tf.Operation 'conv_dw_5_bn/cond/FusedBatchNormV3_1/ReadVariableOp/Switch' type=Switch>, <tf.Operation 'conv_dw_5_bn/cond/Merge_2' type=Merge>, <tf.Operation 'conv_dw_5_bn/cond/FusedBatchNormV3_1/ReadVariableOp_1/Switch' type=Switch>, <tf.Operation 'conv_dw_5_bn/cond/FusedBatchNormV3_1/Switch' type=Switch>, <tf.Operation 'conv_dw_5_bn/cond_1/pred_id' type=Identity>, <tf.Operation 'conv_dw_5_bn/cond_1/Const_1' type=Const>, <tf.Operation 'conv_dw_5_bn/AssignMovingAvg/sub/x' type=Const>, <tf.Operation 'conv_dw_5_bn/cond_1/Merge' type=Merge>, <tf.Operation 'conv_dw_5_bn/AssignMovingAvg_1/ReadVariableOp' type=ReadVariableOp>, <tf.Operation 'conv_dw_5_bn/AssignMovingAvg/sub' type=Sub>, <tf.Operation 'conv_dw_5_bn/AssignMovingAvg/mul' type=Mul>, <tf.Operation 'conv_dw_5_bn/AssignMovingAvg/sub_1' type=Sub>, <tf.Operation 'conv_dw_5_bn/AssignMovingAvg/ReadVariableOp' type=ReadVariableOp>, <tf.Operation 'conv_dw_5_bn/AssignMovingAvg/AssignSubVariableOp' type=AssignSubVariableOp>, <tf.Operation 'conv_dw_5_bn/AssignMovingAvg/ReadVariableOp_1' type=ReadVariableOp>, <tf.Operation 'conv_dw_5_bn/AssignMovingAvg_1/sub/x' type=Const>, <tf.Operation 'conv_dw_5_bn/AssignMovingAvg_1/mul' type=Mul>, <tf.Operation 'conv_dw_5_bn/AssignMovingAvg_1/sub_1' type=Sub>, <tf.Operation 'conv_dw_5_bn/AssignMovingAvg_1/sub' type=Sub>, <tf.Operation 'conv_dw_5_bn/AssignMovingAvg_1/AssignSubVariableOp' type=AssignSubVariableOp>, <tf.Operation 'conv_dw_5_bn/AssignMovingAvg_1/ReadVariableOp_1' type=ReadVariableOp>, <tf.Operation 'conv_dw_5_bn/gamma/Initializer/ones' type=Const>, <tf.Operation 'conv_dw_5_bn/gamma' type=VarHandleOp>, <tf.Operation 'conv_dw_5_bn/gamma/IsInitialized/VarIsInitializedOp' type=VarIsInitializedOp>, <tf.Operation 'conv_dw_5_bn/gamma/Read/ReadVariableOp' type=ReadVariableOp>, <tf.Operation 'conv_dw_5_bn/gamma/Assign' type=AssignVariableOp>, <tf.Operation 'conv_dw_5_bn/beta/Initializer/zeros' type=Const>, <tf.Operation 'conv_dw_5_bn/cond/Const' type=Const>]2022-01-07 13:57:40.360436: W tensorflow/core/common_runtime/bfc_allocator.cc:239] Allocator (GPU_0_bfc) ran out of memory trying to allocate 1.52GiB with freed_by_count=0. The caller indicates that this is not a failure, but may mean that there could be performance gains if more memory were available.
2022-01-07 13:57:40.360520: W tensorflow/core/common_runtime/bfc_allocator.cc:239] Allocator (GPU_0_bfc) ran out of memory trying to allocate 1.52GiB with freed_by_count=0. The caller indicates that this is not a failure, but may mean that there could be performance gains if more memory were available.
2022-01-07 13:57:40.409575: W tensorflow/core/common_runtime/bfc_allocator.cc:239] Allocator (GPU_0_bfc) ran out of memory trying to allocate 3.02GiB with freed_by_count=0. The caller indicates that this is not a failure, but may mean that there could be performance gains if more memory were available.
2022-01-07 13:57:40.409618: W tensorflow/core/common_runtime/bfc_allocator.cc:239] Allocator (GPU_0_bfc) ran out of memory trying to allocate 3.02GiB with freed_by_count=0. The caller indicates that this is not a failure, but may mean that there could be performance gains if more memory were available.
2022-01-07 13:57:40.465111: W tensorflow/core/common_runtime/bfc_allocator.cc:239] Allocator (GPU_0_bfc) ran out of memory trying to allocate 803.54MiB with freed_by_count=0. The caller indicates that this is not a failure, but may mean that there could be performance gains if more memory were available.
2022-01-07 13:57:40.465173: W tensorflow/core/common_runtime/bfc_allocator.cc:239] Allocator (GPU_0_bfc) ran out of memory trying to allocate 803.54MiB with freed_by_count=0. The caller indicates that this is not a failure, but may mean that there could be performance gains if more memory were available.
2022-01-07 13:57:40.472176: W tensorflow/core/common_runtime/bfc_allocator.cc:239] Allocator (GPU_0_bfc) ran out of memory trying to allocate 781.04MiB with freed_by_count=0. The caller indicates that this is not a failure, but may mean that there could be performance gains if more memory were available.
2022-01-07 13:57:40.472268: W tensorflow/core/common_runtime/bfc_allocator.cc:239] Allocator (GPU_0_bfc) ran out of memory trying to allocate 781.04MiB with freed_by_count=0. The caller indicates that this is not a failure, but may mean that there could be performance gains if more memory were available.
2022-01-07 13:57:40.477901: W tensorflow/core/common_runtime/bfc_allocator.cc:239] Allocator (GPU_0_bfc) ran out of memory trying to allocate 788.48MiB with freed_by_count=0. The caller indicates that this is not a failure, but may mean that there could be performance gains if more memory were available.
2022-01-07 13:57:40.477981: W tensorflow/core/common_runtime/bfc_allocator.cc:239] Allocator (GPU_0_bfc) ran out of memory trying to allocate 788.48MiB with freed_by_count=0. The caller indicates that this is not a failure, but may mean that there could be performance gains if more memory were available.

[STR DEBUG] Choose op that have outputs: name: "conv_dw_5_bn/cond/Const"
op: "Const"
input: "^conv_dw_5_bn/cond/switch_t"
attr {
  key: "dtype"
  value {
    type: DT_FLOAT
  }
}
attr {
  key: "value"
  value {
    tensor {
      dtype: DT_FLOAT
      tensor_shape {
        dim {
        }
      }
    }
  }
}

[STR DEBUG] Find swapout ops: name: "conv_dw_5_bn/cond/Const"
op: "Const"
input: "^conv_dw_5_bn/cond/switch_t"
attr {
  key: "dtype"
  value {
    type: DT_FLOAT
  }
}
attr {
  key: "value"
  value {
    tensor {
      dtype: DT_FLOAT
      tensor_shape {
        dim {
        }
      }
    }
  }
}
, 
	choose swap tensor Tensor("conv_dw_5_bn/cond/Const:0", shape=(0,), dtype=float32), 
	finish at the end of ops: [<tf.Operation 'conv_dw_5_relu/Relu6' type=Relu6>]
[STR DEBUG] Processing layer 33's swapping, swap out at [34], swap in at [150]
[STR DEBUG] Find swapout ops: name: "conv_dw_5_relu/Relu6"
op: "Relu6"
input: "conv_dw_5_bn/cond/Merge"
attr {
  key: "T"
  value {
    type: DT_FLOAT
  }
}
, 
	choose swap tensor Tensor("conv_dw_5_relu/Relu6:0", shape=(?, 28, 28, 256), dtype=float32), 
	finish at the end of ops: [<tf.Operation 'conv_pw_5_relu/Relu6' type=Relu6>]
[STR DEBUG] Add swap-in op at name: "training/RMSprop/gradients/gradients/conv_pw_5_relu/Relu6_grad/Relu6Grad"
op: "Relu6Grad"
input: "training/RMSprop/gradients/gradients/conv_pad_6/Pad_grad/Slice_1"
input: "conv_pw_5_relu/Relu6"
attr {
  key: "T"
  value {
    type: DT_FLOAT
  }
}
 for consumer [<tf.Operation 'training/RMSprop/gradients/gradients/conv_dw_5_relu/Relu6_grad/Relu6Grad' type=Relu6Grad>, <tf.Operation 'training/RMSprop/gradients/gradients/conv_pw_5/Conv2D_grad/Conv2DBackpropFilter' type=Conv2DBackpropFilter>]
  1/118 [..............................] - ETA: 43:42 - loss: 2.3908 - acc: 0.1000  2/118 [..............................] - ETA: 23:07 - loss: 2.9468 - acc: 0.1074  3/118 [..............................] - ETA: 16:16 - loss: 2.8674 - acc: 0.0961  4/118 [>.............................] - ETA: 12:45 - loss: 2.7505 - acc: 0.1044  5/118 [>.............................] - ETA: 10:38 - loss: 2.6713 - acc: 0.1112  6/118 [>.............................] - ETA: 9:13 - loss: 2.6394 - acc: 0.1250   7/118 [>.............................] - ETA: 8:11 - loss: 2.5748 - acc: 0.1357  8/118 [=>............................] - ETA: 7:25 - loss: 2.5107 - acc: 0.1460  9/118 [=>............................] - ETA: 6:49 - loss: 2.4733 - acc: 0.1562 10/118 [=>............................] - ETA: 6:19 - loss: 2.4302 - acc: 0.1668 11/118 [=>............................] - ETA: 5:55 - loss: 2.4025 - acc: 0.1746 12/118 [==>...........................] - ETA: 5:36 - loss: 2.3707 - acc: 0.1819 13/118 [==>...........................] - ETA: 5:19 - loss: 2.3381 - acc: 0.1896 14/118 [==>...........................] - ETA: 5:03 - loss: 2.3064 - acc: 0.1950 15/118 [==>...........................] - ETA: 4:51 - loss: 2.2821 - acc: 0.1982 16/118 [===>..........................] - ETA: 4:39 - loss: 2.2695 - acc: 0.2009 17/118 [===>..........................] - ETA: 4:29 - loss: 2.2560 - acc: 0.2038 18/118 [===>..........................] - ETA: 4:20 - loss: 2.2354 - acc: 0.2096 19/118 [===>..........................] - ETA: 4:11 - loss: 2.2127 - acc: 0.2153 20/118 [====>.........................] - ETA: 4:02 - loss: 2.1939 - acc: 0.2218 21/118 [====>.........................] - ETA: 3:55 - loss: 2.1774 - acc: 0.2276 22/118 [====>.........................] - ETA: 3:48 - loss: 2.1561 - acc: 0.2336 23/118 [====>.........................] - ETA: 3:42 - loss: 2.1394 - acc: 0.2391 24/118 [=====>........................] - ETA: 3:36 - loss: 2.1276 - acc: 0.2420 25/118 [=====>........................] - ETA: 3:31 - loss: 2.1219 - acc: 0.2432 26/118 [=====>........................] - ETA: 3:25 - loss: 2.1151 - acc: 0.2451 27/118 [=====>........................] - ETA: 3:20 - loss: 2.0990 - acc: 0.2500 28/118 [======>.......................] - ETA: 3:15 - loss: 2.0869 - acc: 0.2527 29/118 [======>.......................] - ETA: 3:11 - loss: 2.0775 - acc: 0.2535 30/118 [======>.......................] - ETA: 3:07 - loss: 2.0637 - acc: 0.2585 31/118 [======>.......................] - ETA: 3:03 - loss: 2.0503 - acc: 0.2623 32/118 [=======>......................] - ETA: 2:59 - loss: 2.0408 - acc: 0.2641 33/118 [=======>......................] - ETA: 2:55 - loss: 2.0290 - acc: 0.2677 34/118 [=======>......................] - ETA: 2:51 - loss: 2.0196 - acc: 0.2712 35/118 [=======>......................] - ETA: 2:47 - loss: 2.0087 - acc: 0.2743 36/118 [========>.....................] - ETA: 2:44 - loss: 1.9996 - acc: 0.2777 37/118 [========>.....................] - ETA: 2:40 - loss: 1.9882 - acc: 0.2812 38/118 [========>.....................] - ETA: 2:37 - loss: 1.9782 - acc: 0.2836 39/118 [========>.....................] - ETA: 2:34 - loss: 1.9732 - acc: 0.2855 40/118 [=========>....................] - ETA: 2:31 - loss: 1.9686 - acc: 0.2871 41/118 [=========>....................] - ETA: 2:28 - loss: 1.9612 - acc: 0.2899 42/118 [=========>....................] - ETA: 2:25 - loss: 1.9556 - acc: 0.2919 43/118 [=========>....................] - ETA: 2:22 - loss: 1.9506 - acc: 0.2934 44/118 [==========>...................] - ETA: 2:19 - loss: 1.9467 - acc: 0.2953 45/118 [==========>...................] - ETA: 2:17 - loss: 1.9386 - acc: 0.2982 46/118 [==========>...................] - ETA: 2:14 - loss: 1.9310 - acc: 0.3004 47/118 [==========>...................] - ETA: 2:11 - loss: 1.9246 - acc: 0.3023 48/118 [===========>..................] - ETA: 2:09 - loss: 1.9210 - acc: 0.3036 49/118 [===========>..................] - ETA: 2:06 - loss: 1.9154 - acc: 0.3049 50/118 [===========>..................] - ETA: 2:04 - loss: 1.9099 - acc: 0.3065 51/118 [===========>..................] - ETA: 2:02 - loss: 1.9039 - acc: 0.3076 52/118 [============>.................] - ETA: 1:59 - loss: 1.8989 - acc: 0.3093 53/118 [============>.................] - ETA: 1:57 - loss: 1.8955 - acc: 0.3095 54/118 [============>.................] - ETA: 1:55 - loss: 1.8903 - acc: 0.3109 55/118 [============>.................] - ETA: 1:53 - loss: 1.8848 - acc: 0.3128 56/118 [=============>................] - ETA: 1:51 - loss: 1.8785 - acc: 0.3151 57/118 [=============>................] - ETA: 1:48 - loss: 1.8718 - acc: 0.3172 58/118 [=============>................] - ETA: 1:46 - loss: 1.8651 - acc: 0.3195 59/118 [==============>...............] - ETA: 1:44 - loss: 1.8607 - acc: 0.3205 60/118 [==============>...............] - ETA: 1:42 - loss: 1.8584 - acc: 0.3215 61/118 [==============>...............] - ETA: 1:40 - loss: 1.8535 - acc: 0.3229 62/118 [==============>...............] - ETA: 1:38 - loss: 1.8493 - acc: 0.3251 63/118 [===============>..............] - ETA: 1:36 - loss: 1.8451 - acc: 0.3269 64/118 [===============>..............] - ETA: 1:34 - loss: 1.8386 - acc: 0.3290 65/118 [===============>..............] - ETA: 1:32 - loss: 1.8348 - acc: 0.3303 66/118 [===============>..............] - ETA: 1:30 - loss: 1.8300 - acc: 0.3318 67/118 [================>.............] - ETA: 1:28 - loss: 1.8257 - acc: 0.3330 68/118 [================>.............] - ETA: 1:26 - loss: 1.8221 - acc: 0.3344 69/118 [================>.............] - ETA: 1:24 - loss: 1.8163 - acc: 0.3368 70/118 [================>.............] - ETA: 1:22 - loss: 1.8114 - acc: 0.3388 71/118 [=================>............] - ETA: 1:20 - loss: 1.8077 - acc: 0.3405 72/118 [=================>............] - ETA: 1:18 - loss: 1.8055 - acc: 0.3414 73/118 [=================>............] - ETA: 1:16 - loss: 1.8039 - acc: 0.3421 74/118 [=================>............] - ETA: 1:14 - loss: 1.8008 - acc: 0.3431 75/118 [==================>...........] - ETA: 1:12 - loss: 1.7968 - acc: 0.3442 76/118 [==================>...........] - ETA: 1:10 - loss: 1.7911 - acc: 0.3460 77/118 [==================>...........] - ETA: 1:09 - loss: 1.7874 - acc: 0.3472 78/118 [==================>...........] - ETA: 1:07 - loss: 1.7847 - acc: 0.3482 79/118 [===================>..........] - ETA: 1:05 - loss: 1.7836 - acc: 0.3483 80/118 [===================>..........] - ETA: 1:03 - loss: 1.7822 - acc: 0.3490 81/118 [===================>..........] - ETA: 1:01 - loss: 1.7797 - acc: 0.3499 82/118 [===================>..........] - ETA: 1:00 - loss: 1.7760 - acc: 0.3513 83/118 [====================>.........] - ETA: 58s - loss: 1.7717 - acc: 0.3524  84/118 [====================>.........] - ETA: 56s - loss: 1.7687 - acc: 0.3533 85/118 [====================>.........] - ETA: 54s - loss: 1.7664 - acc: 0.3543 86/118 [====================>.........] - ETA: 53s - loss: 1.7635 - acc: 0.3551 87/118 [=====================>........] - ETA: 51s - loss: 1.7604 - acc: 0.3559 88/118 [=====================>........] - ETA: 49s - loss: 1.7575 - acc: 0.3570 89/118 [=====================>........] - ETA: 48s - loss: 1.7535 - acc: 0.3585 90/118 [=====================>........] - ETA: 46s - loss: 1.7493 - acc: 0.3600 91/118 [======================>.......] - ETA: 44s - loss: 1.7458 - acc: 0.3613 92/118 [======================>.......] - ETA: 42s - loss: 1.7432 - acc: 0.3624 93/118 [======================>.......] - ETA: 41s - loss: 1.7403 - acc: 0.3633 94/118 [======================>.......] - ETA: 39s - loss: 1.7370 - acc: 0.3644 95/118 [=======================>......] - ETA: 37s - loss: 1.7341 - acc: 0.3654 96/118 [=======================>......] - ETA: 36s - loss: 1.7322 - acc: 0.3660 97/118 [=======================>......] - ETA: 34s - loss: 1.7288 - acc: 0.3670 98/118 [=======================>......] - ETA: 32s - loss: 1.7255 - acc: 0.3681 99/118 [========================>.....] - ETA: 31s - loss: 1.7223 - acc: 0.3693100/118 [========================>.....] - ETA: 29s - loss: 1.7200 - acc: 0.3699101/118 [========================>.....] - ETA: 27s - loss: 1.7181 - acc: 0.3706102/118 [========================>.....] - ETA: 26s - loss: 1.7157 - acc: 0.3718103/118 [=========================>....] - ETA: 24s - loss: 1.7137 - acc: 0.3727104/118 [=========================>....] - ETA: 22s - loss: 1.7112 - acc: 0.3738105/118 [=========================>....] - ETA: 21s - loss: 1.7082 - acc: 0.3749106/118 [=========================>....] - ETA: 19s - loss: 1.7059 - acc: 0.3756107/118 [==========================>...] - ETA: 17s - loss: 1.7031 - acc: 0.3767108/118 [==========================>...] - ETA: 16s - loss: 1.6999 - acc: 0.3780109/118 [==========================>...] - ETA: 14s - loss: 1.6971 - acc: 0.3789110/118 [==========================>...] - ETA: 12s - loss: 1.6962 - acc: 0.3793111/118 [===========================>..] - ETA: 11s - loss: 1.6941 - acc: 0.3800112/118 [===========================>..] - ETA: 9s - loss: 1.6913 - acc: 0.3810 113/118 [===========================>..] - ETA: 8s - loss: 1.6891 - acc: 0.3818114/118 [===========================>..] - ETA: 6s - loss: 1.6874 - acc: 0.3824115/118 [============================>.] - ETA: 4s - loss: 1.6857 - acc: 0.3830116/118 [============================>.] - ETA: 3s - loss: 1.6836 - acc: 0.3837117/118 [============================>.] - ETA: 1s - loss: 1.6824 - acc: 0.3842  1/118 [..............................] - ETA: 2:58 - loss: 4.0977 - acc: 0.0765  2/118 [..............................] - ETA: 1:47 - loss: 4.0453 - acc: 0.0853  3/118 [..............................] - ETA: 1:22 - loss: 4.0559 - acc: 0.0902  4/118 [>.............................] - ETA: 1:12 - loss: 4.0714 - acc: 0.0897  5/118 [>.............................] - ETA: 1:05 - loss: 4.0369 - acc: 0.0994  6/118 [>.............................] - ETA: 1:00 - loss: 4.0367 - acc: 0.0995  7/118 [>.............................] - ETA: 56s - loss: 4.0581 - acc: 0.0962   8/118 [=>............................] - ETA: 55s - loss: 4.0380 - acc: 0.0993  9/118 [=>............................] - ETA: 54s - loss: 4.0331 - acc: 0.1000 10/118 [=>............................] - ETA: 53s - loss: 4.0471 - acc: 0.0991 11/118 [=>............................] - ETA: 52s - loss: 4.0366 - acc: 0.1011 12/118 [==>...........................] - ETA: 52s - loss: 4.0422 - acc: 0.1005 13/118 [==>...........................] - ETA: 51s - loss: 4.0520 - acc: 0.1014 14/118 [==>...........................] - ETA: 51s - loss: 4.0404 - acc: 0.1032 15/118 [==>...........................] - ETA: 50s - loss: 4.0552 - acc: 0.1016 16/118 [===>..........................] - ETA: 49s - loss: 4.0545 - acc: 0.1026 17/118 [===>..........................] - ETA: 49s - loss: 4.0381 - acc: 0.1021 18/118 [===>..........................] - ETA: 48s - loss: 4.0309 - acc: 0.1038 19/118 [===>..........................] - ETA: 47s - loss: 4.0336 - acc: 0.1036 20/118 [====>.........................] - ETA: 46s - loss: 4.0358 - acc: 0.1032 21/118 [====>.........................] - ETA: 46s - loss: 4.0382 - acc: 0.1034 22/118 [====>.........................] - ETA: 45s - loss: 4.0331 - acc: 0.1040 23/118 [====>.........................] - ETA: 45s - loss: 4.0401 - acc: 0.1029 24/118 [=====>........................] - ETA: 44s - loss: 4.0523 - acc: 0.1016 25/118 [=====>........................] - ETA: 44s - loss: 4.0473 - acc: 0.1013 26/118 [=====>........................] - ETA: 43s - loss: 4.0455 - acc: 0.1007 27/118 [=====>........................] - ETA: 43s - loss: 4.0446 - acc: 0.1012 28/118 [======>.......................] - ETA: 42s - loss: 4.0480 - acc: 0.1000 29/118 [======>.......................] - ETA: 42s - loss: 4.0533 - acc: 0.1000 30/118 [======>.......................] - ETA: 42s - loss: 4.0588 - acc: 0.1000118/118 [==============================] - 203s 2s/step - loss: 1.6811 - acc: 0.3849 - val_loss: 4.0588 - val_acc: 0.1000
