WARNING:tensorflow:From /home/zongzan/.conda/envs/STR36/lib/python3.6/site-packages/tensorflow_core/python/ops/resource_variable_ops.py:1630: calling BaseResourceVariable.__init__ (from tensorflow.python.ops.resource_variable_ops) with constraint is deprecated and will be removed in a future version.
Instructions for updating:
If using Keras pass *_constraint arguments to layers.
WARNING:tensorflow:
The TensorFlow contrib module will not be included in TensorFlow 2.0.
For more information, please see:
  * https://github.com/tensorflow/community/blob/master/rfcs/20180907-contrib-sunset.md
  * https://github.com/tensorflow/addons
  * https://github.com/tensorflow/io (for I/O related ops)
If you depend on functionality not listed there, please file an issue.

WARNING:tensorflow:From /home/zongzan/.conda/envs/STR36/lib/python3.6/site-packages/tensorflow_core/python/ops/stropt/lms.py:970: The name tf.train.SessionRunHook is deprecated. Please use tf.estimator.SessionRunHook instead.

WARNING:tensorflow:From /home/zongzan/.conda/envs/STR36/lib/python3.6/site-packages/tensorflow_core/python/ops/stropt/lms.py:928: The name tf.logging.info is deprecated. Please use tf.compat.v1.logging.info instead.

WARNING:tensorflow:From /home/zongzan/.conda/envs/STR36/lib/python3.6/site-packages/tensorflow_core/contrib/graph_editor/select.py:554: get_backward_walk_ops (from tensorflow.contrib.graph_editor.select) is deprecated and will be removed after 2019-06-06.
Instructions for updating:
Please use tensorflow.python.ops.op_selector.get_backward_walk_ops.
1 Physical GPUs, 1 Logical GPUs
Parsing arguments: [('batch_size', 320), ('epochs', 1), ('model_name', 'MobileNet'), ('strategy', 'dynprog'), ('verbose', False)]
Cannot find config for batch_size=320, use 400 instead
Shape of x_train: (40000, 224, 224, 3), shape of x_test: (10000, 224, 224, 3)
[STR DEBUG] Parsing STR configuration: [{'strategy': 'swap', 'verbose': 'false', 'tags': '/home/zongzan/dist_dnn_training/STR/optimizer/logs/MobileNet_400/layer_names'}, {'p': '/home/zongzan/dist_dnn_training/STR/optimizer/logs/MobileNet_400/P-dynprog', 'q': '/home/zongzan/dist_dnn_training/STR/optimizer/logs/MobileNet_400/Q-dynprog'}]
[STR DEBUG] Processing layer 0's swapping, swap out at [1], swap in at [183]
[STR DEBUG] Cannot find swap-out control nodes for layer 0, use the first op name: "conv1_pad/Pad/paddings"
op: "Const"
attr {
  key: "dtype"
  value {
    type: DT_INT32
  }
}
attr {
  key: "value"
  value {
    tensor {
      dtype: DT_INT32
      tensor_shape {
        dim {
          size: 4
        }
        dim {
          size: 2
        }
      }
      tensor_content: "\000\000\000\000\000\000\000\000\000\000\000\000\001\000\000\000\000\000\000\000\001\000\000\000\000\000\000\000\000\000\000\000"
    }
  }
}

[STR DEBUG] Find swapout ops: name: "input_1"
op: "Placeholder"
attr {
  key: "dtype"
  value {
    type: DT_FLOAT
  }
}
attr {
  key: "shape"
  value {
    shape {
      dim {
        size: -1
      }
      dim {
        size: 224
      }
      dim {
        size: 224
      }
      dim {
        size: 3
      }
    }
  }
}
, 
	choose swap tensor Tensor("input_1:0", shape=(?, 224, 224, 3), dtype=float32), 
	finish at the end of ops: [<tf.Operation 'conv1_pad/Pad/paddings' type=Const>]
[STR DEBUG] Processing layer 9's swapping, swap out at [10], swap in at [174]
[STR DEBUG] Cannot find swap-out activation nodes for layer 9, among [<tf.Operation 'conv_pw_1_bn/cond_1/switch_t' type=Identity>, <tf.Operation 'conv_pw_1_bn/cond/ReadVariableOp' type=ReadVariableOp>, <tf.Operation 'conv_pw_1_bn/cond/ReadVariableOp_1' type=ReadVariableOp>, <tf.Operation 'conv_pw_1_bn/cond/FusedBatchNormV3' type=FusedBatchNormV3>, <tf.Operation 'conv_pw_1_bn/cond/ReadVariableOp/Switch' type=Switch>, <tf.Operation 'conv_pw_1_bn/cond/ReadVariableOp_1/Switch' type=Switch>, <tf.Operation 'conv_pw_1_bn/cond_1/Const' type=Const>, <tf.Operation 'conv_pw_1_bn/cond/FusedBatchNormV3_1' type=FusedBatchNormV3>, <tf.Operation 'conv_pw_1_bn/cond/ReadVariableOp_2' type=ReadVariableOp>, <tf.Operation 'conv_pw_1_bn/cond_1/switch_f' type=Identity>, <tf.Operation 'conv_pw_1_bn/cond/FusedBatchNormV3/Switch' type=Switch>, <tf.Operation 'conv_pw_1_bn/cond/ReadVariableOp_3' type=ReadVariableOp>, <tf.Operation 'conv_pw_1_bn/cond/FusedBatchNormV3_1/ReadVariableOp' type=ReadVariableOp>, <tf.Operation 'conv_pw_1_bn/cond/ReadVariableOp_2/Switch' type=Switch>, <tf.Operation 'conv_pw_1_bn/cond/FusedBatchNormV3_1/ReadVariableOp_1' type=ReadVariableOp>, <tf.Operation 'conv_pw_1_bn/cond/ReadVariableOp_3/Switch' type=Switch>, <tf.Operation 'conv_pw_1_bn/cond_1/Switch' type=Switch>, <tf.Operation 'conv_pw_1_bn/cond/Merge' type=Merge>, <tf.Operation 'conv_pw_1_bn/cond/Merge_1' type=Merge>, <tf.Operation 'conv_pw_1_bn/cond/FusedBatchNormV3_1/ReadVariableOp/Switch' type=Switch>, <tf.Operation 'conv_pw_1_bn/cond/FusedBatchNormV3_1/ReadVariableOp_1/Switch' type=Switch>, <tf.Operation 'conv_pw_1_bn/cond/FusedBatchNormV3_1/Switch' type=Switch>, <tf.Operation 'conv_pw_1_bn/cond/Merge_2' type=Merge>, <tf.Operation 'conv_pw_1_bn/cond_1/pred_id' type=Identity>, <tf.Operation 'conv_pw_1_bn/cond_1/Const_1' type=Const>, <tf.Operation 'conv_pw_1_bn/AssignMovingAvg_1/sub/x' type=Const>, <tf.Operation 'conv_pw_1_bn/AssignMovingAvg/sub/x' type=Const>, <tf.Operation 'conv_pw_1_bn/cond_1/Merge' type=Merge>, <tf.Operation 'conv_pw_1_bn/AssignMovingAvg/sub' type=Sub>, <tf.Operation 'conv_pw_1_bn/AssignMovingAvg/sub_1' type=Sub>, <tf.Operation 'conv_pw_1_bn/AssignMovingAvg/ReadVariableOp' type=ReadVariableOp>, <tf.Operation 'conv_pw_1_bn/AssignMovingAvg/mul' type=Mul>, <tf.Operation 'conv_pw_1_bn/gamma/Initializer/ones' type=Const>, <tf.Operation 'conv_pw_1_bn/gamma' type=VarHandleOp>, <tf.Operation 'conv_pw_1_bn/gamma/IsInitialized/VarIsInitializedOp' type=VarIsInitializedOp>, <tf.Operation 'conv_pw_1_bn/gamma/Read/ReadVariableOp' type=ReadVariableOp>, <tf.Operation 'conv_pw_1_bn/gamma/Assign' type=AssignVariableOp>, <tf.Operation 'conv_pw_1_bn/beta/Initializer/zeros' type=Const>, <tf.Operation 'conv_pw_1_bn/cond/Const_1' type=Const>, <tf.Operation 'conv_pw_1_bn/beta' type=VarHandleOp>, <tf.Operation 'conv_pw_1_bn/beta/IsInitialized/VarIsInitializedOp' type=VarIsInitializedOp>, <tf.Operation 'conv_pw_1_bn/beta/Read/ReadVariableOp' type=ReadVariableOp>, <tf.Operation 'conv_pw_1_bn/beta/Assign' type=AssignVariableOp>, <tf.Operation 'conv_pw_1_bn/cond/Const' type=Const>, <tf.Operation 'conv_pw_1_bn/AssignMovingAvg/AssignSubVariableOp' type=AssignSubVariableOp>, <tf.Operation 'conv_pw_1_bn/AssignMovingAvg/ReadVariableOp_1' type=ReadVariableOp>, <tf.Operation 'conv_pw_1_bn/AssignMovingAvg_1/sub_1' type=Sub>, <tf.Operation 'conv_pw_1_bn/AssignMovingAvg_1/ReadVariableOp' type=ReadVariableOp>, <tf.Operation 'conv_pw_1_bn/AssignMovingAvg_1/mul' type=Mul>, <tf.Operation 'conv_pw_1_bn/AssignMovingAvg_1/sub' type=Sub>, <tf.Operation 'conv_pw_1_bn/AssignMovingAvg_1/AssignSubVariableOp' type=AssignSubVariableOp>, <tf.Operation 'conv_pw_1_bn/AssignMovingAvg_1/ReadVariableOp_1' type=ReadVariableOp>, <tf.Operation 'conv_pw_1_bn/moving_mean/Initializer/zeros' type=Const>, <tf.Operation 'conv_pw_1_bn/moving_mean' type=VarHandleOp>, <tf.Operation 'conv_pw_1_bn/moving_mean/IsInitialized/VarIsInitializedOp' type=VarIsInitializedOp>, <tf.Operation 'conv_pw_1_bn/cond/switch_f' type=Identity>, <tf.Operation 'conv_pw_1_bn/cond/switch_t' type=Identity>, <tf.Operation 'conv_pw_1_bn/moving_mean/Read/ReadVariableOp' type=ReadVariableOp>, <tf.Operation 'conv_pw_1_bn/cond/Switch' type=Switch>, <tf.Operation 'conv_pw_1_bn/moving_mean/Assign' type=AssignVariableOp>, <tf.Operation 'conv_pw_1_bn/moving_variance/Initializer/ones' type=Const>, <tf.Operation 'conv_pw_1_bn/moving_variance' type=VarHandleOp>, <tf.Operation 'conv_pw_1_bn/moving_variance/IsInitialized/VarIsInitializedOp' type=VarIsInitializedOp>, <tf.Operation 'conv_pw_1_bn/cond/pred_id' type=Identity>, <tf.Operation 'conv_pw_1_bn/moving_variance/Read/ReadVariableOp' type=ReadVariableOp>, <tf.Operation 'conv_pw_1_bn/moving_variance/Assign' type=AssignVariableOp>]
[STR DEBUG] Choose op that have outputs: name: "conv_pw_1_bn/moving_variance/Read/ReadVariableOp"
op: "ReadVariableOp"
input: "conv_pw_1_bn/moving_variance"
attr {
  key: "dtype"
  value {
    type: DT_FLOAT
  }
}

[STR DEBUG] Find swapout ops: name: "conv_pw_1_bn/moving_variance/Read/ReadVariableOp"
op: "ReadVariableOp"
input: "conv_pw_1_bn/moving_variance"
attr {
  key: "dtype"
  value {
    type: DT_FLOAT
  }
}
, 
	choose swap tensor Tensor("conv_pw_1_bn/moving_variance/Read/ReadVariableOp:0", shape=(64,), dtype=float32), 
	finish at the end of ops: [<tf.Operation 'conv_pw_1_relu/Relu6' type=Relu6>]
[STR DEBUG] Processing layer 13's swapping, swap out at [14], swap in at [170]
[STR DEBUG] Cannot find swap-out activation nodes for layer 13, among [<tf.Operation 'conv_dw_2_bn/gamma/Read/ReadVariableOp' type=ReadVariableOp>, <tf.Operation 'conv_dw_2_bn/gamma/Assign' type=AssignVariableOp>, <tf.Operation 'conv_dw_2_bn/beta/Initializer/zeros' type=Const>, <tf.Operation 'conv_dw_2_bn/cond/switch_f' type=Identity>, <tf.Operation 'conv_dw_2_bn/beta' type=VarHandleOp>, <tf.Operation 'conv_dw_2_bn/beta/IsInitialized/VarIsInitializedOp' type=VarIsInitializedOp>, <tf.Operation 'conv_dw_2_bn/cond/Const' type=Const>, <tf.Operation 'conv_dw_2_bn/beta/Read/ReadVariableOp' type=ReadVariableOp>, <tf.Operation 'conv_dw_2_bn/cond/switch_t' type=Identity>, <tf.Operation 'conv_dw_2_bn/beta/Assign' type=AssignVariableOp>, <tf.Operation 'conv_dw_2_bn/moving_mean/Initializer/zeros' type=Const>, <tf.Operation 'conv_dw_2_bn/cond/Const_1' type=Const>, <tf.Operation 'conv_dw_2_bn/moving_mean' type=VarHandleOp>, <tf.Operation 'conv_dw_2_bn/moving_mean/IsInitialized/VarIsInitializedOp' type=VarIsInitializedOp>, <tf.Operation 'conv_dw_2_bn/moving_mean/Read/ReadVariableOp' type=ReadVariableOp>, <tf.Operation 'conv_dw_2_bn/cond/Switch' type=Switch>, <tf.Operation 'conv_dw_2_bn/AssignMovingAvg/sub/x' type=Const>, <tf.Operation 'conv_dw_2_bn/cond_1/Merge' type=Merge>, <tf.Operation 'conv_dw_2_bn/AssignMovingAvg/sub' type=Sub>, <tf.Operation 'conv_dw_2_bn/AssignMovingAvg/sub_1' type=Sub>, <tf.Operation 'conv_dw_2_bn/AssignMovingAvg/ReadVariableOp' type=ReadVariableOp>, <tf.Operation 'conv_dw_2_bn/AssignMovingAvg/mul' type=Mul>, <tf.Operation 'conv_dw_2_bn/AssignMovingAvg_1/sub' type=Sub>, <tf.Operation 'conv_dw_2_bn/AssignMovingAvg/AssignSubVariableOp' type=AssignSubVariableOp>, <tf.Operation 'conv_dw_2_bn/AssignMovingAvg/ReadVariableOp_1' type=ReadVariableOp>, <tf.Operation 'conv_dw_2_bn/AssignMovingAvg_1/sub/x' type=Const>, <tf.Operation 'conv_dw_2_bn/AssignMovingAvg_1/sub_1' type=Sub>, <tf.Operation 'conv_dw_2_bn/moving_mean/Assign' type=AssignVariableOp>, <tf.Operation 'conv_dw_2_bn/moving_variance/Initializer/ones' type=Const>, <tf.Operation 'conv_dw_2_bn/moving_variance' type=VarHandleOp>, <tf.Operation 'conv_dw_2_bn/moving_variance/IsInitialized/VarIsInitializedOp' type=VarIsInitializedOp>, <tf.Operation 'conv_dw_2_bn/cond/pred_id' type=Identity>, <tf.Operation 'conv_dw_2_bn/moving_variance/Read/ReadVariableOp' type=ReadVariableOp>, <tf.Operation 'conv_dw_2_bn/moving_variance/Assign' type=AssignVariableOp>, <tf.Operation 'conv_dw_2_bn/cond_1/switch_t' type=Identity>, <tf.Operation 'conv_dw_2_bn/cond_1/Const' type=Const>, <tf.Operation 'conv_dw_2_bn/cond/ReadVariableOp' type=ReadVariableOp>, <tf.Operation 'conv_dw_2_bn/cond/ReadVariableOp_1' type=ReadVariableOp>, <tf.Operation 'conv_dw_2_bn/cond/FusedBatchNormV3' type=FusedBatchNormV3>, <tf.Operation 'conv_dw_2_bn/AssignMovingAvg_1/mul' type=Mul>, <tf.Operation 'conv_dw_2_bn/AssignMovingAvg_1/ReadVariableOp' type=ReadVariableOp>, <tf.Operation 'conv_dw_2_bn/AssignMovingAvg_1/AssignSubVariableOp' type=AssignSubVariableOp>, <tf.Operation 'conv_dw_2_bn/AssignMovingAvg_1/ReadVariableOp_1' type=ReadVariableOp>, <tf.Operation 'conv_dw_2_bn/cond/ReadVariableOp/Switch' type=Switch>, <tf.Operation 'conv_dw_2_bn/cond/ReadVariableOp_1/Switch' type=Switch>, <tf.Operation 'conv_dw_2_bn/cond/FusedBatchNormV3_1' type=FusedBatchNormV3>, <tf.Operation 'conv_dw_2_bn/cond/ReadVariableOp_2' type=ReadVariableOp>, <tf.Operation 'conv_dw_2_bn/cond/FusedBatchNormV3/Switch' type=Switch>, <tf.Operation 'conv_dw_2_bn/cond/ReadVariableOp_3' type=ReadVariableOp>, <tf.Operation 'conv_dw_2_bn/cond/FusedBatchNormV3_1/ReadVariableOp' type=ReadVariableOp>, <tf.Operation 'conv_dw_2_bn/cond/ReadVariableOp_2/Switch' type=Switch>, <tf.Operation 'conv_dw_2_bn/cond/FusedBatchNormV3_1/ReadVariableOp_1' type=ReadVariableOp>, <tf.Operation 'conv_dw_2_bn/cond/ReadVariableOp_3/Switch' type=Switch>, <tf.Operation 'conv_dw_2_bn/gamma/Initializer/ones' type=Const>, <tf.Operation 'conv_dw_2_bn/gamma/IsInitialized/VarIsInitializedOp' type=VarIsInitializedOp>, <tf.Operation 'conv_dw_2_bn/gamma' type=VarHandleOp>, <tf.Operation 'conv_dw_2_bn/cond/Merge' type=Merge>, <tf.Operation 'conv_dw_2_bn/cond/Merge_1' type=Merge>, <tf.Operation 'conv_dw_2_bn/cond_1/switch_f' type=Identity>, <tf.Operation 'conv_dw_2_bn/cond/FusedBatchNormV3_1/ReadVariableOp/Switch' type=Switch>, <tf.Operation 'conv_dw_2_bn/cond/FusedBatchNormV3_1/ReadVariableOp_1/Switch' type=Switch>, <tf.Operation 'conv_dw_2_bn/cond/FusedBatchNormV3_1/Switch' type=Switch>, <tf.Operation 'conv_dw_2_bn/cond/Merge_2' type=Merge>, <tf.Operation 'conv_dw_2_bn/cond_1/Switch' type=Switch>, <tf.Operation 'conv_dw_2_bn/cond_1/pred_id' type=Identity>, <tf.Operation 'conv_dw_2_bn/cond_1/Const_1' type=Const>]
[STR DEBUG] Choose op that have outputs: name: "conv_dw_2_bn/cond_1/Const_1"
op: "Const"
input: "^conv_dw_2_bn/cond_1/switch_f"
attr {
  key: "dtype"
  value {
    type: DT_FLOAT
  }
}
attr {
  key: "value"
  value {
    tensor {
      dtype: DT_FLOAT
      tensor_shape {
      }
      float_val: 1.0
    }
  }
}

[STR DEBUG] Find swapout ops: name: "conv_dw_2_bn/cond_1/Const_1"
op: "Const"
input: "^conv_dw_2_bn/cond_1/switch_f"
attr {
  key: "dtype"
  value {
    type: DT_FLOAT
  }
}
attr {
  key: "value"
  value {
    tensor {
      dtype: DT_FLOAT
      tensor_shape {
      }
      float_val: 1.0
    }
  }
}
, 
	choose swap tensor Tensor("conv_dw_2_bn/cond_1/Const_1:0", shape=(), dtype=float32), 
	finish at the end of ops: [<tf.Operation 'conv_dw_2_relu/Relu6' type=Relu6>]
[STR DEBUG] Processing layer 14's swapping, swap out at [15], swap in at [169]
[STR DEBUG] Find swapout ops: name: "conv_dw_2_relu/Relu6"
op: "Relu6"
input: "conv_dw_2_bn/cond/Merge"
attr {
  key: "T"
  value {
    type: DT_FLOAT
  }
}
, 
	choose swap tensor Tensor("conv_dw_2_relu/Relu6:0", shape=(?, 56, 56, 64), dtype=float32), 
	finish at the end of ops: [<tf.Operation 'conv_pw_2_relu/Relu6' type=Relu6>]
[STR DEBUG] Add swap-in op at name: "training/RMSprop/gradients/gradients/conv_pw_2_relu/Relu6_grad/Relu6Grad"
op: "Relu6Grad"
input: "training/RMSprop/gradients/gradients/conv_dw_3/depthwise_grad/DepthwiseConv2dNativeBackpropInput"
input: "conv_pw_2_relu/Relu6"
attr {
  key: "T"
  value {
    type: DT_FLOAT
  }
}
 for consumer [<tf.Operation 'training/RMSprop/gradients/gradients/conv_dw_2_relu/Relu6_grad/Relu6Grad' type=Relu6Grad>, <tf.Operation 'training/RMSprop/gradients/gradients/conv_pw_2/Conv2D_grad/Conv2DBackpropFilter' type=Conv2DBackpropFilter>]
[STR DEBUG] Processing layer 15's swapping, swap out at [16], swap in at [168]
[STR DEBUG] Cannot find swap-out control nodes for layer 15, use the first op name: "conv_pw_2_bn/AssignMovingAvg_1/sub"
op: "Sub"
input: "conv_pw_2_bn/AssignMovingAvg_1/sub/x"
input: "conv_pw_2_bn/cond_1/Merge"
attr {
  key: "T"
  value {
    type: DT_FLOAT
  }
}
attr {
  key: "_class"
  value {
    list {
      s: "loc:@conv_pw_2_bn/moving_variance"
    }
  }
}

[STR DEBUG] Find swapout ops: name: "conv_pw_2_relu/Relu6"
op: "Relu6"
input: "conv_pw_2_bn/cond/Merge"
attr {
  key: "T"
  value {
    type: DT_FLOAT
  }
}
, 
	choose swap tensor Tensor("conv_pw_2_relu/Relu6:0", shape=(?, 56, 56, 128), dtype=float32), 
	finish at the end of ops: [<tf.Operation 'conv_pw_2_bn/AssignMovingAvg_1/sub' type=Sub>]
[STR DEBUG] Cannot find swap-in control nodes for ref. layer 168, use the last op name: "training/RMSprop/gradients/gradients/conv_pw_2_bn/cond/FusedBatchNormV3_grad/FusedBatchNormGradV3"
op: "FusedBatchNormGradV3"
input: "training/RMSprop/gradients/gradients/conv_pw_2_bn/cond/Merge_grad/cond_grad:1"
input: "conv_pw_2_bn/cond/FusedBatchNormV3/Switch:1"
input: "conv_pw_2_bn/cond/ReadVariableOp"
input: "conv_pw_2_bn/cond/FusedBatchNormV3:3"
input: "conv_pw_2_bn/cond/FusedBatchNormV3:4"
input: "conv_pw_2_bn/cond/FusedBatchNormV3:5"
attr {
  key: "T"
  value {
    type: DT_FLOAT
  }
}
attr {
  key: "U"
  value {
    type: DT_FLOAT
  }
}
attr {
  key: "data_format"
  value {
    s: "NHWC"
  }
}
attr {
  key: "epsilon"
  value {
    f: 0.0010000000474974513
  }
}
attr {
  key: "is_training"
  value {
    b: true
  }
}

[STR DEBUG] Processing layer 16's swapping, swap out at [17], swap in at [167]
[STR DEBUG] Cannot find swap-out activation nodes for layer 16, among [<tf.Operation 'conv_pw_2_bn/AssignMovingAvg_1/sub' type=Sub>, <tf.Operation 'conv_pw_2_bn/AssignMovingAvg_1/sub_1' type=Sub>, <tf.Operation 'conv_pw_2_bn/AssignMovingAvg_1/mul' type=Mul>, <tf.Operation 'conv_pw_2_bn/AssignMovingAvg_1/ReadVariableOp' type=ReadVariableOp>, <tf.Operation 'conv_pw_2_bn/AssignMovingAvg_1/AssignSubVariableOp' type=AssignSubVariableOp>, <tf.Operation 'conv_pw_2_bn/AssignMovingAvg_1/ReadVariableOp_1' type=ReadVariableOp>, <tf.Operation 'conv_pw_2_bn/gamma/Initializer/ones' type=Const>, <tf.Operation 'conv_pw_2_bn/cond/switch_t' type=Identity>, <tf.Operation 'conv_pw_2_bn/gamma' type=VarHandleOp>, <tf.Operation 'conv_pw_2_bn/gamma/IsInitialized/VarIsInitializedOp' type=VarIsInitializedOp>, <tf.Operation 'conv_pw_2_bn/gamma/Read/ReadVariableOp' type=ReadVariableOp>, <tf.Operation 'conv_pw_2_bn/gamma/Assign' type=AssignVariableOp>, <tf.Operation 'conv_pw_2_bn/beta/Initializer/zeros' type=Const>, <tf.Operation 'conv_pw_2_bn/beta' type=VarHandleOp>, <tf.Operation 'conv_pw_2_bn/beta/IsInitialized/VarIsInitializedOp' type=VarIsInitializedOp>, <tf.Operation 'conv_pw_2_bn/cond/Const' type=Const>, <tf.Operation 'conv_pw_2_bn/beta/Read/ReadVariableOp' type=ReadVariableOp>, <tf.Operation 'conv_pw_2_bn/beta/Assign' type=AssignVariableOp>, <tf.Operation 'conv_pw_2_bn/moving_mean/Initializer/zeros' type=Const>, <tf.Operation 'conv_pw_2_bn/cond/Const_1' type=Const>, <tf.Operation 'conv_pw_2_bn/moving_mean' type=VarHandleOp>, <tf.Operation 'conv_pw_2_bn/moving_mean/IsInitialized/VarIsInitializedOp' type=VarIsInitializedOp>, <tf.Operation 'conv_pw_2_bn/cond/switch_f' type=Identity>, <tf.Operation 'conv_pw_2_bn/moving_mean/Read/ReadVariableOp' type=ReadVariableOp>, <tf.Operation 'conv_pw_2_bn/cond/Switch' type=Switch>, <tf.Operation 'conv_pw_2_bn/moving_mean/Assign' type=AssignVariableOp>, <tf.Operation 'conv_pw_2_bn/moving_variance/Initializer/ones' type=Const>, <tf.Operation 'conv_pw_2_bn/moving_variance' type=VarHandleOp>, <tf.Operation 'conv_pw_2_bn/moving_variance/IsInitialized/VarIsInitializedOp' type=VarIsInitializedOp>, <tf.Operation 'conv_pw_2_bn/cond/pred_id' type=Identity>, <tf.Operation 'conv_pw_2_bn/moving_variance/Read/ReadVariableOp' type=ReadVariableOp>, <tf.Operation 'conv_pw_2_bn/moving_variance/Assign' type=AssignVariableOp>, <tf.Operation 'conv_pw_2_bn/cond/ReadVariableOp_1' type=ReadVariableOp>, <tf.Operation 'conv_pw_2_bn/cond/ReadVariableOp' type=ReadVariableOp>, <tf.Operation 'conv_pw_2_bn/cond_1/Const' type=Const>, <tf.Operation 'conv_pw_2_bn/cond_1/switch_t' type=Identity>, <tf.Operation 'conv_pw_2_bn/cond/FusedBatchNormV3' type=FusedBatchNormV3>, <tf.Operation 'conv_pw_2_bn/cond/ReadVariableOp/Switch' type=Switch>, <tf.Operation 'conv_pw_2_bn/cond/ReadVariableOp_1/Switch' type=Switch>, <tf.Operation 'conv_pw_2_bn/cond/FusedBatchNormV3_1' type=FusedBatchNormV3>, <tf.Operation 'conv_pw_2_bn/cond/ReadVariableOp_2' type=ReadVariableOp>, <tf.Operation 'conv_pw_2_bn/cond_1/pred_id' type=Identity>, <tf.Operation 'conv_pw_2_bn/cond/FusedBatchNormV3/Switch' type=Switch>, <tf.Operation 'conv_pw_2_bn/cond/ReadVariableOp_3' type=ReadVariableOp>, <tf.Operation 'conv_pw_2_bn/cond/FusedBatchNormV3_1/ReadVariableOp' type=ReadVariableOp>, <tf.Operation 'conv_pw_2_bn/cond/FusedBatchNormV3_1/ReadVariableOp_1' type=ReadVariableOp>, <tf.Operation 'conv_pw_2_bn/cond/ReadVariableOp_2/Switch' type=Switch>, <tf.Operation 'conv_pw_2_bn/cond/ReadVariableOp_3/Switch' type=Switch>, <tf.Operation 'conv_pw_2_bn/cond/Merge' type=Merge>, <tf.Operation 'conv_pw_2_bn/cond/Merge_1' type=Merge>, <tf.Operation 'conv_pw_2_bn/cond_1/switch_f' type=Identity>, <tf.Operation 'conv_pw_2_bn/cond/FusedBatchNormV3_1/ReadVariableOp/Switch' type=Switch>, <tf.Operation 'conv_pw_2_bn/cond/FusedBatchNormV3_1/ReadVariableOp_1/Switch' type=Switch>, <tf.Operation 'conv_pw_2_bn/cond/FusedBatchNormV3_1/Switch' type=Switch>, <tf.Operation 'conv_pw_2_bn/cond/Merge_2' type=Merge>, <tf.Operation 'conv_pw_2_bn/cond_1/Switch' type=Switch>, <tf.Operation 'conv_pw_2_bn/cond_1/Const_1' type=Const>, <tf.Operation 'conv_pw_2_bn/AssignMovingAvg/sub/x' type=Const>, <tf.Operation 'conv_pw_2_bn/cond_1/Merge' type=Merge>, <tf.Operation 'conv_pw_2_bn/AssignMovingAvg_1/sub/x' type=Const>, <tf.Operation 'conv_pw_2_bn/AssignMovingAvg/sub' type=Sub>, <tf.Operation 'conv_pw_2_bn/AssignMovingAvg/sub_1' type=Sub>, <tf.Operation 'conv_pw_2_bn/AssignMovingAvg/ReadVariableOp' type=ReadVariableOp>, <tf.Operation 'conv_pw_2_bn/AssignMovingAvg/mul' type=Mul>, <tf.Operation 'conv_pw_2_bn/AssignMovingAvg/AssignSubVariableOp' type=AssignSubVariableOp>, <tf.Operation 'conv_pw_2_bn/AssignMovingAvg/ReadVariableOp_1' type=ReadVariableOp>]
[STR DEBUG] Choose op that have outputs: name: "conv_pw_2_bn/AssignMovingAvg/ReadVariableOp_1"
op: "ReadVariableOp"
input: "conv_pw_2_bn/moving_mean"
input: "^conv_pw_2_bn/AssignMovingAvg/AssignSubVariableOp"
attr {
  key: "_class"
  value {
    list {
      s: "loc:@conv_pw_2_bn/moving_mean"
    }
  }
}
attr {
  key: "dtype"
  value {
    type: DT_FLOAT
  }
}

[STR DEBUG] Find swapout ops: name: "conv_pw_2_bn/AssignMovingAvg/ReadVariableOp_1"
op: "ReadVariableOp"
input: "conv_pw_2_bn/moving_mean"
input: "^conv_pw_2_bn/AssignMovingAvg/AssignSubVariableOp"
attr {
  key: "_class"
  value {
    list {
      s: "loc:@conv_pw_2_bn/moving_mean"
    }
  }
}
attr {
  key: "dtype"
  value {
    type: DT_FLOAT
  }
}
, 
	choose swap tensor Tensor("conv_pw_2_bn/AssignMovingAvg/ReadVariableOp_1:0", shape=(128,), dtype=float32), 
	finish at the end of ops: [<tf.Operation 'conv_pw_2_relu/Relu6' type=Relu6>]
[STR DEBUG] Processing layer 18's swapping, swap out at [19], swap in at [165]
[STR DEBUG] Cannot find swap-out control nodes for layer 18, use the first op name: "conv_dw_3_bn/cond/Const"
op: "Const"
input: "^conv_dw_3_bn/cond/switch_t"
attr {
  key: "dtype"
  value {
    type: DT_FLOAT
  }
}
attr {
  key: "value"
  value {
    tensor {
      dtype: DT_FLOAT
      tensor_shape {
        dim {
        }
      }
    }
  }
}

[STR DEBUG] Find swapout ops: name: "conv_dw_3_relu/Relu6"
op: "Relu6"
input: "conv_dw_3_bn/cond/Merge"
attr {
  key: "T"
  value {
    type: DT_FLOAT
  }
}
, 
	choose swap tensor Tensor("conv_dw_3_relu/Relu6:0", shape=(?, 56, 56, 128), dtype=float32), 
	finish at the end of ops: [<tf.Operation 'conv_dw_3_bn/cond/Const' type=Const>]
[STR DEBUG] Cannot find swap-in control nodes for ref. layer 165, use the last op name: "training/RMSprop/gradients/gradients/conv_dw_3_bn/cond/ReadVariableOp_1/Switch_grad/cond_grad"
op: "Merge"
input: "training/RMSprop/gradients/gradients/zeros_133"
input: "training/RMSprop/gradients/gradients/conv_dw_3_bn/cond/FusedBatchNormV3_grad/FusedBatchNormGradV3:2"
attr {
  key: "N"
  value {
    i: 2
  }
}
attr {
  key: "T"
  value {
    type: DT_FLOAT
  }
}

[STR DEBUG] Processing layer 20's swapping, swap out at [21], swap in at [163]
[STR DEBUG] Find swapout ops: name: "conv_dw_3_relu/Relu6"
op: "Relu6"
input: "conv_dw_3_bn/cond/Merge"
attr {
  key: "T"
  value {
    type: DT_FLOAT
  }
}
, 
	choose swap tensor Tensor("conv_dw_3_relu/Relu6:0", shape=(?, 56, 56, 128), dtype=float32), 
	finish at the end of ops: [<tf.Operation 'conv_pw_3_relu/Relu6' type=Relu6>]
[STR DEBUG] Add swap-in op at name: "training/RMSprop/gradients/gradients/conv_pw_3_relu/Relu6_grad/Relu6Grad"
op: "Relu6Grad"
input: "training/RMSprop/gradients/gradients/conv_pad_4/Pad_grad/Slice_1"
input: "conv_pw_3_relu/Relu6"
attr {
  key: "T"
  value {
    type: DT_FLOAT
  }
}
 for consumer [<tf.Operation 'training/RMSprop/gradients/gradients/conv_pw_3/Conv2D_grad/Conv2DBackpropFilter' type=Conv2DBackpropFilter>, <tf.Operation 'training/RMSprop/gradients/gradients/conv_dw_3_relu/Relu6_grad/Relu6Grad' type=Relu6Grad>]
[STR DEBUG] Processing layer 22's swapping, swap out at [23], swap in at [161]
[STR DEBUG] Cannot find swap-out activation nodes for layer 22, among [<tf.Operation 'conv_pw_3_bn/gamma/Initializer/ones' type=Const>, <tf.Operation 'conv_pw_3_bn/gamma' type=VarHandleOp>, <tf.Operation 'conv_pw_3_bn/gamma/IsInitialized/VarIsInitializedOp' type=VarIsInitializedOp>, <tf.Operation 'conv_pw_3_bn/gamma/Read/ReadVariableOp' type=ReadVariableOp>, <tf.Operation 'conv_pw_3_bn/cond/Const' type=Const>, <tf.Operation 'conv_pw_3_bn/gamma/Assign' type=AssignVariableOp>, <tf.Operation 'conv_pw_3_bn/beta/Initializer/zeros' type=Const>, <tf.Operation 'conv_pw_3_bn/beta' type=VarHandleOp>, <tf.Operation 'conv_pw_3_bn/beta/IsInitialized/VarIsInitializedOp' type=VarIsInitializedOp>, <tf.Operation 'conv_pw_3_bn/beta/Read/ReadVariableOp' type=ReadVariableOp>, <tf.Operation 'conv_pw_3_bn/cond/switch_t' type=Identity>, <tf.Operation 'conv_pw_3_bn/cond/switch_f' type=Identity>, <tf.Operation 'conv_pw_3_bn/beta/Assign' type=AssignVariableOp>, <tf.Operation 'conv_pw_3_bn/moving_mean/Initializer/zeros' type=Const>, <tf.Operation 'conv_pw_3_bn/moving_mean' type=VarHandleOp>, <tf.Operation 'conv_pw_3_bn/moving_mean/IsInitialized/VarIsInitializedOp' type=VarIsInitializedOp>, <tf.Operation 'conv_pw_3_bn/cond/Const_1' type=Const>, <tf.Operation 'conv_pw_3_bn/moving_mean/Read/ReadVariableOp' type=ReadVariableOp>, <tf.Operation 'conv_pw_3_bn/cond/Switch' type=Switch>, <tf.Operation 'conv_pw_3_bn/moving_mean/Assign' type=AssignVariableOp>, <tf.Operation 'conv_pw_3_bn/moving_variance/Initializer/ones' type=Const>, <tf.Operation 'conv_pw_3_bn/moving_variance' type=VarHandleOp>, <tf.Operation 'conv_pw_3_bn/moving_variance/IsInitialized/VarIsInitializedOp' type=VarIsInitializedOp>, <tf.Operation 'conv_pw_3_bn/moving_variance/Read/ReadVariableOp' type=ReadVariableOp>, <tf.Operation 'conv_pw_3_bn/cond/pred_id' type=Identity>, <tf.Operation 'conv_pw_3_bn/moving_variance/Assign' type=AssignVariableOp>, <tf.Operation 'conv_pw_3_bn/cond_1/switch_t' type=Identity>, <tf.Operation 'conv_pw_3_bn/cond/ReadVariableOp' type=ReadVariableOp>, <tf.Operation 'conv_pw_3_bn/cond/ReadVariableOp_1' type=ReadVariableOp>, <tf.Operation 'conv_pw_3_bn/cond/FusedBatchNormV3' type=FusedBatchNormV3>, <tf.Operation 'conv_pw_3_bn/cond_1/Const' type=Const>, <tf.Operation 'conv_pw_3_bn/cond/ReadVariableOp/Switch' type=Switch>, <tf.Operation 'conv_pw_3_bn/cond/FusedBatchNormV3_1' type=FusedBatchNormV3>, <tf.Operation 'conv_pw_3_bn/cond/ReadVariableOp_1/Switch' type=Switch>, <tf.Operation 'conv_pw_3_bn/cond_1/switch_f' type=Identity>, <tf.Operation 'conv_pw_3_bn/cond/ReadVariableOp_2' type=ReadVariableOp>, <tf.Operation 'conv_pw_3_bn/cond_1/Switch' type=Switch>, <tf.Operation 'conv_pw_3_bn/cond/FusedBatchNormV3/Switch' type=Switch>, <tf.Operation 'conv_pw_3_bn/cond/ReadVariableOp_3' type=ReadVariableOp>, <tf.Operation 'conv_pw_3_bn/cond/FusedBatchNormV3_1/ReadVariableOp' type=ReadVariableOp>, <tf.Operation 'conv_pw_3_bn/cond/ReadVariableOp_2/Switch' type=Switch>, <tf.Operation 'conv_pw_3_bn/cond/FusedBatchNormV3_1/ReadVariableOp_1' type=ReadVariableOp>, <tf.Operation 'conv_pw_3_bn/cond/ReadVariableOp_3/Switch' type=Switch>, <tf.Operation 'conv_pw_3_bn/cond/Merge' type=Merge>, <tf.Operation 'conv_pw_3_bn/cond/Merge_1' type=Merge>, <tf.Operation 'conv_pw_3_bn/cond/FusedBatchNormV3_1/ReadVariableOp/Switch' type=Switch>, <tf.Operation 'conv_pw_3_bn/cond/Merge_2' type=Merge>, <tf.Operation 'conv_pw_3_bn/cond/FusedBatchNormV3_1/ReadVariableOp_1/Switch' type=Switch>, <tf.Operation 'conv_pw_3_bn/cond/FusedBatchNormV3_1/Switch' type=Switch>, <tf.Operation 'conv_pw_3_bn/cond_1/pred_id' type=Identity>, <tf.Operation 'conv_pw_3_bn/cond_1/Const_1' type=Const>, <tf.Operation 'conv_pw_3_bn/AssignMovingAvg_1/sub/x' type=Const>, <tf.Operation 'conv_pw_3_bn/AssignMovingAvg/sub/x' type=Const>, <tf.Operation 'conv_pw_3_bn/cond_1/Merge' type=Merge>, <tf.Operation 'conv_pw_3_bn/AssignMovingAvg/sub' type=Sub>, <tf.Operation 'conv_pw_3_bn/AssignMovingAvg/sub_1' type=Sub>, <tf.Operation 'conv_pw_3_bn/AssignMovingAvg/mul' type=Mul>, <tf.Operation 'conv_pw_3_bn/AssignMovingAvg/ReadVariableOp' type=ReadVariableOp>, <tf.Operation 'conv_pw_3_bn/AssignMovingAvg/AssignSubVariableOp' type=AssignSubVariableOp>, <tf.Operation 'conv_pw_3_bn/AssignMovingAvg/ReadVariableOp_1' type=ReadVariableOp>, <tf.Operation 'conv_pw_3_bn/AssignMovingAvg_1/sub' type=Sub>, <tf.Operation 'conv_pw_3_bn/AssignMovingAvg_1/ReadVariableOp' type=ReadVariableOp>, <tf.Operation 'conv_pw_3_bn/AssignMovingAvg_1/mul' type=Mul>, <tf.Operation 'conv_pw_3_bn/AssignMovingAvg_1/sub_1' type=Sub>, <tf.Operation 'conv_pw_3_bn/AssignMovingAvg_1/AssignSubVariableOp' type=AssignSubVariableOp>, <tf.Operation 'conv_pw_3_bn/AssignMovingAvg_1/ReadVariableOp_1' type=ReadVariableOp>]
[STR DEBUG] Choose op that have outputs: name: "conv_pw_3_bn/AssignMovingAvg_1/ReadVariableOp_1"
op: "ReadVariableOp"
input: "conv_pw_3_bn/moving_variance"
input: "^conv_pw_3_bn/AssignMovingAvg_1/AssignSubVariableOp"
attr {
  key: "_class"
  value {
    list {
      s: "loc:@conv_pw_3_bn/moving_variance"
    }
  }
}
attr {
  key: "dtype"
  value {
    type: DT_FLOAT
  }
}

[STR DEBUG] Find swapout ops: name: "conv_pw_3_bn/AssignMovingAvg_1/ReadVariableOp_1"
op: "ReadVariableOp"
input: "conv_pw_3_bn/moving_variance"
input: "^conv_pw_3_bn/AssignMovingAvg_1/AssignSubVariableOp"
attr {
  key: "_class"
  value {
    list {
      s: "loc:@conv_pw_3_bn/moving_variance"
    }
  }
}
attr {
  key: "dtype"
  value {
    type: DT_FLOAT
  }
}
, 
	choose swap tensor Tensor("conv_pw_3_bn/AssignMovingAvg_1/ReadVariableOp_1:0", shape=(128,), dtype=float32), 
	finish at the end of ops: [<tf.Operation 'conv_pw_3_relu/Relu6' type=Relu6>]
[STR DEBUG] Processing layer 24's swapping, swap out at [25], swap in at [159]
[STR DEBUG] Cannot find swap-out activation nodes for layer 24, among [<tf.Operation 'conv_pad_4/Pad/paddings' type=Const>, <tf.Operation 'conv_pad_4/Pad' type=Pad>]
[STR DEBUG] Choose op that have outputs: name: "conv_pad_4/Pad"
op: "Pad"
input: "conv_pw_3_relu/Relu6"
input: "conv_pad_4/Pad/paddings"
attr {
  key: "T"
  value {
    type: DT_FLOAT
  }
}
attr {
  key: "Tpaddings"
  value {
    type: DT_INT32
  }
}

[STR DEBUG] Find swapout ops: name: "conv_pad_4/Pad"
op: "Pad"
input: "conv_pw_3_relu/Relu6"
input: "conv_pad_4/Pad/paddings"
attr {
  key: "T"
  value {
    type: DT_FLOAT
  }
}
attr {
  key: "Tpaddings"
  value {
    type: DT_INT32
  }
}
, 
	choose swap tensor Tensor("conv_pad_4/Pad:0", shape=(?, 57, 57, 128), dtype=float32), 
	finish at the end of ops: [<tf.Operation 'conv_dw_4_relu/Relu6' type=Relu6>]
[STR DEBUG] Add swap-in op at name: "training/RMSprop/gradients/gradients/conv_dw_4_relu/Relu6_grad/Relu6Grad"
op: "Relu6Grad"
input: "training/RMSprop/gradients/gradients/conv_pw_4/Conv2D_grad/Conv2DBackpropInput"
input: "conv_dw_4_relu/Relu6"
attr {
  key: "T"
  value {
    type: DT_FLOAT
  }
}
 for consumer [<tf.Operation 'training/RMSprop/gradients/gradients/conv_dw_4/depthwise_grad/DepthwiseConv2dNativeBackpropFilter' type=DepthwiseConv2dNativeBackpropFilter>]
[STR DEBUG] Processing layer 26's swapping, swap out at [27], swap in at [157]
[STR DEBUG] Cannot find swap-out activation nodes for layer 26, among [<tf.Operation 'conv_dw_4_bn/cond/switch_t' type=Identity>, <tf.Operation 'conv_dw_4_bn/gamma/Initializer/ones' type=Const>, <tf.Operation 'conv_dw_4_bn/gamma' type=VarHandleOp>, <tf.Operation 'conv_dw_4_bn/gamma/IsInitialized/VarIsInitializedOp' type=VarIsInitializedOp>, <tf.Operation 'conv_dw_4_bn/gamma/Read/ReadVariableOp' type=ReadVariableOp>, <tf.Operation 'conv_dw_4_bn/gamma/Assign' type=AssignVariableOp>, <tf.Operation 'conv_dw_4_bn/beta/Initializer/zeros' type=Const>, <tf.Operation 'conv_dw_4_bn/beta' type=VarHandleOp>, <tf.Operation 'conv_dw_4_bn/beta/IsInitialized/VarIsInitializedOp' type=VarIsInitializedOp>, <tf.Operation 'conv_dw_4_bn/cond/Const' type=Const>, <tf.Operation 'conv_dw_4_bn/beta/Read/ReadVariableOp' type=ReadVariableOp>, <tf.Operation 'conv_dw_4_bn/beta/Assign' type=AssignVariableOp>, <tf.Operation 'conv_dw_4_bn/moving_mean/Initializer/zeros' type=Const>, <tf.Operation 'conv_dw_4_bn/cond/Const_1' type=Const>, <tf.Operation 'conv_dw_4_bn/moving_mean' type=VarHandleOp>, <tf.Operation 'conv_dw_4_bn/moving_mean/IsInitialized/VarIsInitializedOp' type=VarIsInitializedOp>, <tf.Operation 'conv_dw_4_bn/cond/switch_f' type=Identity>, <tf.Operation 'conv_dw_4_bn/moving_mean/Read/ReadVariableOp' type=ReadVariableOp>, <tf.Operation 'conv_dw_4_bn/cond/Switch' type=Switch>, <tf.Operation 'conv_dw_4_bn/moving_mean/Assign' type=AssignVariableOp>, <tf.Operation 'conv_dw_4_bn/moving_variance/Initializer/ones' type=Const>, <tf.Operation 'conv_dw_4_bn/moving_variance' type=VarHandleOp>, <tf.Operation 'conv_dw_4_bn/moving_variance/IsInitialized/VarIsInitializedOp' type=VarIsInitializedOp>, <tf.Operation 'conv_dw_4_bn/cond/pred_id' type=Identity>, <tf.Operation 'conv_dw_4_bn/moving_variance/Read/ReadVariableOp' type=ReadVariableOp>, <tf.Operation 'conv_dw_4_bn/moving_variance/Assign' type=AssignVariableOp>, <tf.Operation 'conv_dw_4_bn/cond_1/Const' type=Const>, <tf.Operation 'conv_dw_4_bn/cond/ReadVariableOp' type=ReadVariableOp>, <tf.Operation 'conv_dw_4_bn/cond/ReadVariableOp_1' type=ReadVariableOp>, <tf.Operation 'conv_dw_4_bn/cond_1/switch_t' type=Identity>, <tf.Operation 'conv_dw_4_bn/cond/FusedBatchNormV3' type=FusedBatchNormV3>, <tf.Operation 'conv_dw_4_bn/cond/ReadVariableOp/Switch' type=Switch>, <tf.Operation 'conv_dw_4_bn/cond/ReadVariableOp_1/Switch' type=Switch>, <tf.Operation 'conv_dw_4_bn/cond/FusedBatchNormV3_1' type=FusedBatchNormV3>, <tf.Operation 'conv_dw_4_bn/cond/ReadVariableOp_2' type=ReadVariableOp>, <tf.Operation 'conv_dw_4_bn/cond_1/switch_f' type=Identity>, <tf.Operation 'conv_dw_4_bn/cond/FusedBatchNormV3/Switch' type=Switch>, <tf.Operation 'conv_dw_4_bn/cond/ReadVariableOp_3' type=ReadVariableOp>, <tf.Operation 'conv_dw_4_bn/cond/FusedBatchNormV3_1/ReadVariableOp_1' type=ReadVariableOp>, <tf.Operation 'conv_dw_4_bn/cond/FusedBatchNormV3_1/ReadVariableOp' type=ReadVariableOp>, <tf.Operation 'conv_dw_4_bn/cond/ReadVariableOp_2/Switch' type=Switch>, <tf.Operation 'conv_dw_4_bn/cond/ReadVariableOp_3/Switch' type=Switch>, <tf.Operation 'conv_dw_4_bn/cond/Merge' type=Merge>, <tf.Operation 'conv_dw_4_bn/cond/Merge_1' type=Merge>, <tf.Operation 'conv_dw_4_bn/cond/FusedBatchNormV3_1/ReadVariableOp/Switch' type=Switch>, <tf.Operation 'conv_dw_4_bn/cond/FusedBatchNormV3_1/ReadVariableOp_1/Switch' type=Switch>, <tf.Operation 'conv_dw_4_bn/cond/FusedBatchNormV3_1/Switch' type=Switch>, <tf.Operation 'conv_dw_4_bn/cond/Merge_2' type=Merge>, <tf.Operation 'conv_dw_4_bn/cond_1/Switch' type=Switch>, <tf.Operation 'conv_dw_4_bn/cond_1/pred_id' type=Identity>, <tf.Operation 'conv_dw_4_bn/cond_1/Const_1' type=Const>, <tf.Operation 'conv_dw_4_bn/AssignMovingAvg_1/sub/x' type=Const>, <tf.Operation 'conv_dw_4_bn/AssignMovingAvg/sub/x' type=Const>, <tf.Operation 'conv_dw_4_bn/cond_1/Merge' type=Merge>, <tf.Operation 'conv_dw_4_bn/AssignMovingAvg/sub' type=Sub>, <tf.Operation 'conv_dw_4_bn/AssignMovingAvg/sub_1' type=Sub>, <tf.Operation 'conv_dw_4_bn/AssignMovingAvg/ReadVariableOp' type=ReadVariableOp>, <tf.Operation 'conv_dw_4_bn/AssignMovingAvg/mul' type=Mul>, <tf.Operation 'conv_dw_4_bn/AssignMovingAvg/AssignSubVariableOp' type=AssignSubVariableOp>, <tf.Operation 'conv_dw_4_bn/AssignMovingAvg/ReadVariableOp_1' type=ReadVariableOp>, <tf.Operation 'conv_dw_4_bn/AssignMovingAvg_1/sub_1' type=Sub>, <tf.Operation 'conv_dw_4_bn/AssignMovingAvg_1/ReadVariableOp' type=ReadVariableOp>, <tf.Operation 'conv_dw_4_bn/AssignMovingAvg_1/mul' type=Mul>, <tf.Operation 'conv_dw_4_bn/AssignMovingAvg_1/sub' type=Sub>, <tf.Operation 'conv_dw_4_bn/AssignMovingAvg_1/AssignSubVariableOp' type=AssignSubVariableOp>, <tf.Operation 'conv_dw_4_bn/AssignMovingAvg_1/ReadVariableOp_1' type=ReadVariableOp>]
[STR DEBUG] Choose op that have outputs: name: "conv_dw_4_bn/AssignMovingAvg_1/ReadVariableOp_1"
op: "ReadVariableOp"
input: "conv_dw_4_bn/moving_variance"
input: "^conv_dw_4_bn/AssignMovingAvg_1/AssignSubVariableOp"
attr {
  key: "_class"
  value {
    list {
      s: "loc:@conv_dw_4_bn/moving_variance"
    }
  }
}
attr {
  key: "dtype"
  value {
    type: DT_FLOAT
  }
}

[STR DEBUG] Find swapout ops: name: "conv_dw_4_bn/AssignMovingAvg_1/ReadVariableOp_1"
op: "ReadVariableOp"
input: "conv_dw_4_bn/moving_variance"
input: "^conv_dw_4_bn/AssignMovingAvg_1/AssignSubVariableOp"
attr {
  key: "_class"
  value {
    list {
      s: "loc:@conv_dw_4_bn/moving_variance"
    }
  }
}
attr {
  key: "dtype"
  value {
    type: DT_FLOAT
  }
}
, 
	choose swap tensor Tensor("conv_dw_4_bn/AssignMovingAvg_1/ReadVariableOp_1:0", shape=(128,), dtype=float32), 
	finish at the end of ops: [<tf.Operation 'conv_dw_4_relu/Relu6' type=Relu6>]
[STR DEBUG] Processing layer 28's swapping, swap out at [29], swap in at [155]
[STR DEBUG] Cannot find swap-out control nodes for layer 28, use the first op name: "conv_pw_4_bn/cond/pred_id"
op: "Identity"
input: "keras_learning_phase"
attr {
  key: "T"
  value {
    type: DT_BOOL
  }
}

[STR DEBUG] Find swapout ops: name: "conv_pw_4_relu/Relu6"
op: "Relu6"
input: "conv_pw_4_bn/cond/Merge"
attr {
  key: "T"
  value {
    type: DT_FLOAT
  }
}
, 
	choose swap tensor Tensor("conv_pw_4_relu/Relu6:0", shape=(?, 28, 28, 256), dtype=float32), 
	finish at the end of ops: [<tf.Operation 'conv_pw_4_bn/cond/pred_id' type=Identity>]
[STR DEBUG] Cannot find swap-in control nodes for ref. layer 155, use the last op name: "training/RMSprop/gradients/gradients/conv_pw_4_bn/cond/ReadVariableOp_2/Switch_grad/cond_grad"
op: "Merge"
input: "training/RMSprop/gradients/gradients/conv_pw_4_bn/cond/FusedBatchNormV3_1_grad/FusedBatchNormGradV3:1"
input: "training/RMSprop/gradients/gradients/zeros_112"
attr {
  key: "N"
  value {
    i: 2
  }
}
attr {
  key: "T"
  value {
    type: DT_FLOAT
  }
}

[STR DEBUG] Processing layer 29's swapping, swap out at [30], swap in at [154]
[STR DEBUG] Cannot find swap-out activation nodes for layer 29, among [<tf.Operation 'conv_pw_4_bn/cond/pred_id' type=Identity>, <tf.Operation 'conv_pw_4_bn/gamma/Initializer/ones' type=Const>, <tf.Operation 'conv_pw_4_bn/gamma' type=VarHandleOp>, <tf.Operation 'conv_pw_4_bn/gamma/IsInitialized/VarIsInitializedOp' type=VarIsInitializedOp>, <tf.Operation 'conv_pw_4_bn/gamma/Read/ReadVariableOp' type=ReadVariableOp>, <tf.Operation 'conv_pw_4_bn/gamma/Assign' type=AssignVariableOp>, <tf.Operation 'conv_pw_4_bn/beta/Initializer/zeros' type=Const>, <tf.Operation 'conv_pw_4_bn/cond/Const_1' type=Const>, <tf.Operation 'conv_pw_4_bn/beta' type=VarHandleOp>, <tf.Operation 'conv_pw_4_bn/beta/IsInitialized/VarIsInitializedOp' type=VarIsInitializedOp>, <tf.Operation 'conv_pw_4_bn/cond/Const' type=Const>, <tf.Operation 'conv_pw_4_bn/beta/Read/ReadVariableOp' type=ReadVariableOp>, <tf.Operation 'conv_pw_4_bn/beta/Assign' type=AssignVariableOp>, <tf.Operation 'conv_pw_4_bn/moving_mean/Initializer/zeros' type=Const>, <tf.Operation 'conv_pw_4_bn/moving_mean' type=VarHandleOp>, <tf.Operation 'conv_pw_4_bn/moving_mean/IsInitialized/VarIsInitializedOp' type=VarIsInitializedOp>, <tf.Operation 'conv_pw_4_bn/cond/switch_f' type=Identity>, <tf.Operation 'conv_pw_4_bn/cond/switch_t' type=Identity>, <tf.Operation 'conv_pw_4_bn/moving_mean/Read/ReadVariableOp' type=ReadVariableOp>, <tf.Operation 'conv_pw_4_bn/cond/Switch' type=Switch>, <tf.Operation 'conv_pw_4_bn/moving_mean/Assign' type=AssignVariableOp>, <tf.Operation 'conv_pw_4_bn/moving_variance/Initializer/ones' type=Const>, <tf.Operation 'conv_pw_4_bn/moving_variance' type=VarHandleOp>, <tf.Operation 'conv_pw_4_bn/moving_variance/IsInitialized/VarIsInitializedOp' type=VarIsInitializedOp>, <tf.Operation 'conv_pw_4_bn/moving_variance/Read/ReadVariableOp' type=ReadVariableOp>, <tf.Operation 'conv_pw_4_bn/moving_variance/Assign' type=AssignVariableOp>, <tf.Operation 'conv_pw_4_bn/cond_1/switch_t' type=Identity>, <tf.Operation 'conv_pw_4_bn/cond/ReadVariableOp' type=ReadVariableOp>, <tf.Operation 'conv_pw_4_bn/cond/ReadVariableOp_1' type=ReadVariableOp>, <tf.Operation 'conv_pw_4_bn/cond/FusedBatchNormV3' type=FusedBatchNormV3>, <tf.Operation 'conv_pw_4_bn/cond/ReadVariableOp/Switch' type=Switch>, <tf.Operation 'conv_pw_4_bn/cond/ReadVariableOp_1/Switch' type=Switch>, <tf.Operation 'conv_pw_4_bn/cond_1/Const' type=Const>, <tf.Operation 'conv_pw_4_bn/cond/FusedBatchNormV3_1' type=FusedBatchNormV3>, <tf.Operation 'conv_pw_4_bn/cond/ReadVariableOp_2' type=ReadVariableOp>, <tf.Operation 'conv_pw_4_bn/cond_1/switch_f' type=Identity>, <tf.Operation 'conv_pw_4_bn/cond/FusedBatchNormV3/Switch' type=Switch>, <tf.Operation 'conv_pw_4_bn/cond/ReadVariableOp_3' type=ReadVariableOp>, <tf.Operation 'conv_pw_4_bn/cond/FusedBatchNormV3_1/ReadVariableOp' type=ReadVariableOp>, <tf.Operation 'conv_pw_4_bn/cond/ReadVariableOp_2/Switch' type=Switch>, <tf.Operation 'conv_pw_4_bn/cond/FusedBatchNormV3_1/ReadVariableOp_1' type=ReadVariableOp>, <tf.Operation 'conv_pw_4_bn/cond/ReadVariableOp_3/Switch' type=Switch>, <tf.Operation 'conv_pw_4_bn/cond_1/Switch' type=Switch>, <tf.Operation 'conv_pw_4_bn/cond/Merge' type=Merge>, <tf.Operation 'conv_pw_4_bn/cond/Merge_1' type=Merge>, <tf.Operation 'conv_pw_4_bn/cond/FusedBatchNormV3_1/ReadVariableOp/Switch' type=Switch>, <tf.Operation 'conv_pw_4_bn/cond/Merge_2' type=Merge>, <tf.Operation 'conv_pw_4_bn/cond/FusedBatchNormV3_1/ReadVariableOp_1/Switch' type=Switch>, <tf.Operation 'conv_pw_4_bn/cond/FusedBatchNormV3_1/Switch' type=Switch>, <tf.Operation 'conv_pw_4_bn/cond_1/pred_id' type=Identity>, <tf.Operation 'conv_pw_4_bn/cond_1/Const_1' type=Const>, <tf.Operation 'conv_pw_4_bn/AssignMovingAvg_1/sub/x' type=Const>, <tf.Operation 'conv_pw_4_bn/AssignMovingAvg/sub/x' type=Const>, <tf.Operation 'conv_pw_4_bn/cond_1/Merge' type=Merge>, <tf.Operation 'conv_pw_4_bn/AssignMovingAvg/sub' type=Sub>, <tf.Operation 'conv_pw_4_bn/AssignMovingAvg/sub_1' type=Sub>, <tf.Operation 'conv_pw_4_bn/AssignMovingAvg/ReadVariableOp' type=ReadVariableOp>, <tf.Operation 'conv_pw_4_bn/AssignMovingAvg/mul' type=Mul>, <tf.Operation 'conv_pw_4_bn/AssignMovingAvg/AssignSubVariableOp' type=AssignSubVariableOp>, <tf.Operation 'conv_pw_4_bn/AssignMovingAvg/ReadVariableOp_1' type=ReadVariableOp>, <tf.Operation 'conv_pw_4_bn/AssignMovingAvg_1/ReadVariableOp' type=ReadVariableOp>, <tf.Operation 'conv_pw_4_bn/AssignMovingAvg_1/sub' type=Sub>, <tf.Operation 'conv_pw_4_bn/AssignMovingAvg_1/mul' type=Mul>, <tf.Operation 'conv_pw_4_bn/AssignMovingAvg_1/sub_1' type=Sub>, <tf.Operation 'conv_pw_4_bn/AssignMovingAvg_1/AssignSubVariableOp' type=AssignSubVariableOp>, <tf.Operation 'conv_pw_4_bn/AssignMovingAvg_1/ReadVariableOp_1' type=ReadVariableOp>]
[STR DEBUG] Choose op that have outputs: name: "conv_pw_4_bn/AssignMovingAvg_1/ReadVariableOp_1"
op: "ReadVariableOp"
input: "conv_pw_4_bn/moving_variance"
input: "^conv_pw_4_bn/AssignMovingAvg_1/AssignSubVariableOp"
attr {
  key: "_class"
  value {
    list {
      s: "loc:@conv_pw_4_bn/moving_variance"
    }
  }
}
attr {
  key: "dtype"
  value {
    type: DT_FLOAT
  }
}

[STR DEBUG] Find swapout ops: name: "conv_pw_4_bn/AssignMovingAvg_1/ReadVariableOp_1"
op: "ReadVariableOp"
input: "conv_pw_4_bn/moving_variance"
input: "^conv_pw_4_bn/AssignMovingAvg_1/AssignSubVariableOp"
attr {
  key: "_class"
  value {
    list {
      s: "loc:@conv_pw_4_bn/moving_variance"
    }
  }
}
attr {
  key: "dtype"
  value {
    type: DT_FLOAT
  }
}
, 
	choose swap tensor Tensor("conv_pw_4_bn/AssignMovingAvg_1/ReadVariableOp_1:0", shape=(256,), dtype=float32), 
	finish at the end of ops: [<tf.Operation 'conv_pw_4_relu/Relu6' type=Relu6>]
[STR DEBUG] Processing layer 30's swapping, swap out at [31], swap in at [153]
[STR DEBUG] Find swapout ops: name: "conv_pw_4_relu/Relu6"
op: "Relu6"
input: "conv_pw_4_bn/cond/Merge"
attr {
  key: "T"
  value {
    type: DT_FLOAT
  }
}
, 
	choose swap tensor Tensor("conv_pw_4_relu/Relu6:0", shape=(?, 28, 28, 256), dtype=float32), 
	finish at the end of ops: [<tf.Operation 'conv_dw_5_relu/Relu6' type=Relu6>]
[STR DEBUG] Add swap-in op at name: "training/RMSprop/gradients/gradients/conv_dw_5_relu/Relu6_grad/Relu6Grad"
op: "Relu6Grad"
input: "training/RMSprop/gradients/gradients/conv_pw_5/Conv2D_grad/Conv2DBackpropInput"
input: "conv_dw_5_relu/Relu6"
attr {
  key: "T"
  value {
    type: DT_FLOAT
  }
}
 for consumer [<tf.Operation 'training/RMSprop/gradients/gradients/conv_dw_5/depthwise_grad/DepthwiseConv2dNativeBackpropFilter' type=DepthwiseConv2dNativeBackpropFilter>, <tf.Operation 'training/RMSprop/gradients/gradients/conv_pw_4_relu/Relu6_grad/Relu6Grad' type=Relu6Grad>]
[STR DEBUG] Processing layer 31's swapping, swap out at [32], swap in at [152]
[STR DEBUG] Cannot find swap-out control nodes for layer 31, use the first op name: "conv_dw_5_bn/cond/switch_f"
op: "Identity"
input: "conv_dw_5_bn/cond/Switch"
attr {
  key: "T"
  value {
    type: DT_BOOL
  }
}

[STR DEBUG] Find swapout ops: name: "conv_dw_5_relu/Relu6"
op: "Relu6"
input: "conv_dw_5_bn/cond/Merge"
attr {
  key: "T"
  value {
    type: DT_FLOAT
  }
}
, 
	choose swap tensor Tensor("conv_dw_5_relu/Relu6:0", shape=(?, 28, 28, 256), dtype=float32), 
	finish at the end of ops: [<tf.Operation 'conv_dw_5_bn/cond/switch_f' type=Identity>]
[STR DEBUG] Cannot find swap-in control nodes for ref. layer 152, use the last op name: "training/RMSprop/gradients/gradients/conv_dw_5_bn/cond/FusedBatchNormV3_1/Switch_grad/cond_grad"
op: "Merge"
input: "training/RMSprop/gradients/gradients/conv_dw_5_bn/cond/FusedBatchNormV3_1_grad/FusedBatchNormGradV3"
input: "training/RMSprop/gradients/gradients/zeros_104"
attr {
  key: "N"
  value {
    i: 2
  }
}
attr {
  key: "T"
  value {
    type: DT_FLOAT
  }
}

[STR DEBUG] Processing layer 32's swapping, swap out at [33], swap in at [151]
[STR DEBUG] Cannot find swap-out activation nodes for layer 32, among [<tf.Operation 'conv_dw_5_bn/cond/switch_f' type=Identity>, <tf.Operation 'conv_dw_5_bn/beta' type=VarHandleOp>, <tf.Operation 'conv_dw_5_bn/beta/IsInitialized/VarIsInitializedOp' type=VarIsInitializedOp>, <tf.Operation 'conv_dw_5_bn/beta/Read/ReadVariableOp' type=ReadVariableOp>, <tf.Operation 'conv_dw_5_bn/cond/switch_t' type=Identity>, <tf.Operation 'conv_dw_5_bn/beta/Assign' type=AssignVariableOp>, <tf.Operation 'conv_dw_5_bn/moving_mean/Initializer/zeros' type=Const>, <tf.Operation 'conv_dw_5_bn/moving_mean' type=VarHandleOp>, <tf.Operation 'conv_dw_5_bn/moving_mean/IsInitialized/VarIsInitializedOp' type=VarIsInitializedOp>, <tf.Operation 'conv_dw_5_bn/cond/Const_1' type=Const>, <tf.Operation 'conv_dw_5_bn/moving_mean/Read/ReadVariableOp' type=ReadVariableOp>, <tf.Operation 'conv_dw_5_bn/cond/Switch' type=Switch>, <tf.Operation 'conv_dw_5_bn/moving_mean/Assign' type=AssignVariableOp>, <tf.Operation 'conv_dw_5_bn/moving_variance/Initializer/ones' type=Const>, <tf.Operation 'conv_dw_5_bn/moving_variance' type=VarHandleOp>, <tf.Operation 'conv_dw_5_bn/moving_variance/IsInitialized/VarIsInitializedOp' type=VarIsInitializedOp>, <tf.Operation 'conv_dw_5_bn/moving_variance/Read/ReadVariableOp' type=ReadVariableOp>, <tf.Operation 'conv_dw_5_bn/cond/pred_id' type=Identity>, <tf.Operation 'conv_dw_5_bn/moving_variance/Assign' type=AssignVariableOp>, <tf.Operation 'conv_dw_5_bn/cond_1/switch_t' type=Identity>, <tf.Operation 'conv_dw_5_bn/cond_1/Const' type=Const>, <tf.Operation 'conv_dw_5_bn/cond/ReadVariableOp' type=ReadVariableOp>, <tf.Operation 'conv_dw_5_bn/cond/ReadVariableOp_1' type=ReadVariableOp>, <tf.Operation 'conv_dw_5_bn/cond/FusedBatchNormV3' type=FusedBatchNormV3>, <tf.Operation 'conv_dw_5_bn/cond/ReadVariableOp/Switch' type=Switch>, <tf.Operation 'conv_dw_5_bn/cond/ReadVariableOp_1/Switch' type=Switch>, <tf.Operation 'conv_dw_5_bn/cond_1/switch_f' type=Identity>, <tf.Operation 'conv_dw_5_bn/cond_1/Switch' type=Switch>, <tf.Operation 'conv_dw_5_bn/cond/FusedBatchNormV3_1' type=FusedBatchNormV3>, <tf.Operation 'conv_dw_5_bn/cond/ReadVariableOp_2' type=ReadVariableOp>, <tf.Operation 'conv_dw_5_bn/cond/FusedBatchNormV3/Switch' type=Switch>, <tf.Operation 'conv_dw_5_bn/cond/ReadVariableOp_3' type=ReadVariableOp>, <tf.Operation 'conv_dw_5_bn/cond/FusedBatchNormV3_1/ReadVariableOp' type=ReadVariableOp>, <tf.Operation 'conv_dw_5_bn/cond/ReadVariableOp_2/Switch' type=Switch>, <tf.Operation 'conv_dw_5_bn/cond/FusedBatchNormV3_1/ReadVariableOp_1' type=ReadVariableOp>, <tf.Operation 'conv_dw_5_bn/cond/ReadVariableOp_3/Switch' type=Switch>, <tf.Operation 'conv_dw_5_bn/cond/Merge' type=Merge>, <tf.Operation 'conv_dw_5_bn/cond/Merge_1' type=Merge>, <tf.Operation 'conv_dw_5_bn/cond/FusedBatchNormV3_1/ReadVariableOp/Switch' type=Switch>, <tf.Operation 'conv_dw_5_bn/cond/Merge_2' type=Merge>, <tf.Operation 'conv_dw_5_bn/cond/FusedBatchNormV3_1/ReadVariableOp_1/Switch' type=Switch>, <tf.Operation 'conv_dw_5_bn/cond/FusedBatchNormV3_1/Switch' type=Switch>, <tf.Operation 'conv_dw_5_bn/cond_1/pred_id' type=Identity>, <tf.Operation 'conv_dw_5_bn/cond_1/Const_1' type=Const>, <tf.Operation 'conv_dw_5_bn/AssignMovingAvg/sub/x' type=Const>, <tf.Operation 'conv_dw_5_bn/cond_1/Merge' type=Merge>, <tf.Operation 'conv_dw_5_bn/AssignMovingAvg_1/ReadVariableOp' type=ReadVariableOp>, <tf.Operation 'conv_dw_5_bn/AssignMovingAvg/sub' type=Sub>, <tf.Operation 'conv_dw_5_bn/AssignMovingAvg/sub_1' type=Sub>, <tf.Operation 'conv_dw_5_bn/AssignMovingAvg/mul' type=Mul>, <tf.Operation 'conv_dw_5_bn/AssignMovingAvg/ReadVariableOp' type=ReadVariableOp>, <tf.Operation 'conv_dw_5_bn/AssignMovingAvg/AssignSubVariableOp' type=AssignSubVariableOp>, <tf.Operation 'conv_dw_5_bn/AssignMovingAvg/ReadVariableOp_1' type=ReadVariableOp>, <tf.Operation 'conv_dw_5_bn/AssignMovingAvg_1/mul' type=Mul>, <tf.Operation 'conv_dw_5_bn/AssignMovingAvg_1/sub' type=Sub>, <tf.Operation 'conv_dw_5_bn/AssignMovingAvg_1/sub/x' type=Const>, <tf.Operation 'conv_dw_5_bn/AssignMovingAvg_1/sub_1' type=Sub>, <tf.Operation 'conv_dw_5_bn/AssignMovingAvg_1/AssignSubVariableOp' type=AssignSubVariableOp>, <tf.Operation 'conv_dw_5_bn/AssignMovingAvg_1/ReadVariableOp_1' type=ReadVariableOp>, <tf.Operation 'conv_dw_5_bn/gamma/Initializer/ones' type=Const>, <tf.Operation 'conv_dw_5_bn/gamma' type=VarHandleOp>, <tf.Operation 'conv_dw_5_bn/gamma/IsInitialized/VarIsInitializedOp' type=VarIsInitializedOp>, <tf.Operation 'conv_dw_5_bn/gamma/Read/ReadVariableOp' type=ReadVariableOp>, <tf.Operation 'conv_dw_5_bn/cond/Const' type=Const>, <tf.Operation 'conv_dw_5_bn/gamma/Assign' type=AssignVariableOp>, <tf.Operation 'conv_dw_5_bn/beta/Initializer/zeros' type=Const>]2022-01-07 13:31:23.960354: W tensorflow/core/common_runtime/bfc_allocator.cc:239] Allocator (GPU_0_bfc) ran out of memory trying to allocate 2.97GiB with freed_by_count=0. The caller indicates that this is not a failure, but may mean that there could be performance gains if more memory were available.
2022-01-07 13:31:23.960603: W tensorflow/core/common_runtime/bfc_allocator.cc:239] Allocator (GPU_0_bfc) ran out of memory trying to allocate 2.97GiB with freed_by_count=0. The caller indicates that this is not a failure, but may mean that there could be performance gains if more memory were available.
2022-01-07 13:31:24.071440: W tensorflow/core/common_runtime/bfc_allocator.cc:239] Allocator (GPU_0_bfc) ran out of memory trying to allocate 2.33GiB with freed_by_count=0. The caller indicates that this is not a failure, but may mean that there could be performance gains if more memory were available.
2022-01-07 13:31:24.071533: W tensorflow/core/common_runtime/bfc_allocator.cc:239] Allocator (GPU_0_bfc) ran out of memory trying to allocate 2.33GiB with freed_by_count=0. The caller indicates that this is not a failure, but may mean that there could be performance gains if more memory were available.
2022-01-07 13:31:24.101649: W tensorflow/core/common_runtime/bfc_allocator.cc:239] Allocator (GPU_0_bfc) ran out of memory trying to allocate 2.97GiB with freed_by_count=0. The caller indicates that this is not a failure, but may mean that there could be performance gains if more memory were available.
2022-01-07 13:31:24.101712: W tensorflow/core/common_runtime/bfc_allocator.cc:239] Allocator (GPU_0_bfc) ran out of memory trying to allocate 2.97GiB with freed_by_count=0. The caller indicates that this is not a failure, but may mean that there could be performance gains if more memory were available.

[STR DEBUG] Choose op that have outputs: name: "conv_dw_5_bn/beta/Initializer/zeros"
op: "Const"
attr {
  key: "_class"
  value {
    list {
      s: "loc:@conv_dw_5_bn/beta"
    }
  }
}
attr {
  key: "dtype"
  value {
    type: DT_FLOAT
  }
}
attr {
  key: "value"
  value {
    tensor {
      dtype: DT_FLOAT
      tensor_shape {
        dim {
          size: 256
        }
      }
      float_val: 0.0
    }
  }
}

[STR DEBUG] Find swapout ops: name: "conv_dw_5_bn/beta/Initializer/zeros"
op: "Const"
attr {
  key: "_class"
  value {
    list {
      s: "loc:@conv_dw_5_bn/beta"
    }
  }
}
attr {
  key: "dtype"
  value {
    type: DT_FLOAT
  }
}
attr {
  key: "value"
  value {
    tensor {
      dtype: DT_FLOAT
      tensor_shape {
        dim {
          size: 256
        }
      }
      float_val: 0.0
    }
  }
}
, 
	choose swap tensor Tensor("conv_dw_5_bn/beta/Initializer/zeros:0", shape=(256,), dtype=float32), 
	finish at the end of ops: [<tf.Operation 'conv_dw_5_relu/Relu6' type=Relu6>]
[STR DEBUG] Processing layer 33's swapping, swap out at [34], swap in at [150]
[STR DEBUG] Find swapout ops: name: "conv_dw_5_relu/Relu6"
op: "Relu6"
input: "conv_dw_5_bn/cond/Merge"
attr {
  key: "T"
  value {
    type: DT_FLOAT
  }
}
, 
	choose swap tensor Tensor("conv_dw_5_relu/Relu6:0", shape=(?, 28, 28, 256), dtype=float32), 
	finish at the end of ops: [<tf.Operation 'conv_pw_5_relu/Relu6' type=Relu6>]
[STR DEBUG] Add swap-in op at name: "training/RMSprop/gradients/gradients/conv_pw_5_relu/Relu6_grad/Relu6Grad"
op: "Relu6Grad"
input: "training/RMSprop/gradients/gradients/conv_pad_6/Pad_grad/Slice_1"
input: "conv_pw_5_relu/Relu6"
attr {
  key: "T"
  value {
    type: DT_FLOAT
  }
}
 for consumer [<tf.Operation 'training/RMSprop/gradients/gradients/conv_dw_5_relu/Relu6_grad/Relu6Grad' type=Relu6Grad>, <tf.Operation 'training/RMSprop/gradients/gradients/conv_pw_5/Conv2D_grad/Conv2DBackpropFilter' type=Conv2DBackpropFilter>]
  1/125 [..............................] - ETA: 51:25 - loss: 2.4367 - acc: 0.0844  2/125 [..............................] - ETA: 27:11 - loss: 2.8973 - acc: 0.1156  3/125 [..............................] - ETA: 19:01 - loss: 2.9109 - acc: 0.1219  4/125 [..............................] - ETA: 14:56 - loss: 2.7761 - acc: 0.1344  5/125 [>.............................] - ETA: 12:28 - loss: 2.6709 - acc: 0.1437  6/125 [>.............................] - ETA: 10:49 - loss: 2.5972 - acc: 0.1542  7/125 [>.............................] - ETA: 9:37 - loss: 2.5315 - acc: 0.1621   8/125 [>.............................] - ETA: 8:43 - loss: 2.4972 - acc: 0.1641  9/125 [=>............................] - ETA: 8:00 - loss: 2.4561 - acc: 0.1743 10/125 [=>............................] - ETA: 7:25 - loss: 2.4208 - acc: 0.1794 11/125 [=>............................] - ETA: 6:56 - loss: 2.3709 - acc: 0.1895 12/125 [=>............................] - ETA: 6:32 - loss: 2.3239 - acc: 0.2016 13/125 [==>...........................] - ETA: 6:13 - loss: 2.2878 - acc: 0.2091 14/125 [==>...........................] - ETA: 5:56 - loss: 2.2698 - acc: 0.2125 15/125 [==>...........................] - ETA: 5:40 - loss: 2.2674 - acc: 0.2156 16/125 [==>...........................] - ETA: 5:27 - loss: 2.2491 - acc: 0.2176 17/125 [===>..........................] - ETA: 5:14 - loss: 2.2223 - acc: 0.2254 18/125 [===>..........................] - ETA: 5:03 - loss: 2.1913 - acc: 0.2340 19/125 [===>..........................] - ETA: 4:52 - loss: 2.1754 - acc: 0.2382 20/125 [===>..........................] - ETA: 4:43 - loss: 2.1614 - acc: 0.2405 21/125 [====>.........................] - ETA: 4:34 - loss: 2.1514 - acc: 0.2446 22/125 [====>.........................] - ETA: 4:25 - loss: 2.1373 - acc: 0.2486 23/125 [====>.........................] - ETA: 4:18 - loss: 2.1229 - acc: 0.2519 24/125 [====>.........................] - ETA: 4:11 - loss: 2.1082 - acc: 0.2568 25/125 [=====>........................] - ETA: 4:05 - loss: 2.0978 - acc: 0.2596 26/125 [=====>........................] - ETA: 3:58 - loss: 2.0853 - acc: 0.2619 27/125 [=====>........................] - ETA: 3:52 - loss: 2.0746 - acc: 0.2635 28/125 [=====>........................] - ETA: 3:47 - loss: 2.0632 - acc: 0.2662 29/125 [=====>........................] - ETA: 3:42 - loss: 2.0545 - acc: 0.2670 30/125 [======>.......................] - ETA: 3:36 - loss: 2.0477 - acc: 0.2690 31/125 [======>.......................] - ETA: 3:32 - loss: 2.0376 - acc: 0.2699 32/125 [======>.......................] - ETA: 3:28 - loss: 2.0252 - acc: 0.2737 33/125 [======>.......................] - ETA: 3:22 - loss: 2.0187 - acc: 0.2750 34/125 [=======>......................] - ETA: 3:18 - loss: 2.0144 - acc: 0.2767 35/125 [=======>......................] - ETA: 3:14 - loss: 2.0076 - acc: 0.2782 36/125 [=======>......................] - ETA: 3:10 - loss: 1.9973 - acc: 0.2804 37/125 [=======>......................] - ETA: 3:07 - loss: 1.9903 - acc: 0.2816 38/125 [========>.....................] - ETA: 3:03 - loss: 1.9855 - acc: 0.2825 39/125 [========>.....................] - ETA: 2:59 - loss: 1.9790 - acc: 0.2849 40/125 [========>.....................] - ETA: 2:56 - loss: 1.9726 - acc: 0.2872 41/125 [========>.....................] - ETA: 2:52 - loss: 1.9697 - acc: 0.2883 42/125 [=========>....................] - ETA: 2:49 - loss: 1.9659 - acc: 0.2894 43/125 [=========>....................] - ETA: 2:46 - loss: 1.9606 - acc: 0.2900 44/125 [=========>....................] - ETA: 2:43 - loss: 1.9549 - acc: 0.2908 45/125 [=========>....................] - ETA: 2:39 - loss: 1.9483 - acc: 0.2928 46/125 [==========>...................] - ETA: 2:36 - loss: 1.9424 - acc: 0.2941 47/125 [==========>...................] - ETA: 2:34 - loss: 1.9360 - acc: 0.2949 48/125 [==========>...................] - ETA: 2:30 - loss: 1.9304 - acc: 0.2959 49/125 [==========>...................] - ETA: 2:28 - loss: 1.9235 - acc: 0.2975 50/125 [===========>..................] - ETA: 2:25 - loss: 1.9166 - acc: 0.2999 51/125 [===========>..................] - ETA: 2:22 - loss: 1.9119 - acc: 0.3006 52/125 [===========>..................] - ETA: 2:19 - loss: 1.9081 - acc: 0.3022 53/125 [===========>..................] - ETA: 2:17 - loss: 1.9040 - acc: 0.3032 54/125 [===========>..................] - ETA: 2:14 - loss: 1.8999 - acc: 0.3048 55/125 [============>.................] - ETA: 2:12 - loss: 1.8940 - acc: 0.3068 56/125 [============>.................] - ETA: 2:09 - loss: 1.8863 - acc: 0.3096 57/125 [============>.................] - ETA: 2:07 - loss: 1.8801 - acc: 0.3120 58/125 [============>.................] - ETA: 2:05 - loss: 1.8752 - acc: 0.3135 59/125 [=============>................] - ETA: 2:02 - loss: 1.8742 - acc: 0.3135 60/125 [=============>................] - ETA: 2:00 - loss: 1.8731 - acc: 0.3143 61/125 [=============>................] - ETA: 1:57 - loss: 1.8691 - acc: 0.3152 62/125 [=============>................] - ETA: 1:55 - loss: 1.8645 - acc: 0.3169 63/125 [==============>...............] - ETA: 1:53 - loss: 1.8599 - acc: 0.3186 64/125 [==============>...............] - ETA: 1:51 - loss: 1.8537 - acc: 0.3207 65/125 [==============>...............] - ETA: 1:49 - loss: 1.8494 - acc: 0.3225 66/125 [==============>...............] - ETA: 1:46 - loss: 1.8455 - acc: 0.3235 67/125 [===============>..............] - ETA: 1:44 - loss: 1.8416 - acc: 0.3245 68/125 [===============>..............] - ETA: 1:42 - loss: 1.8370 - acc: 0.3256 69/125 [===============>..............] - ETA: 1:40 - loss: 1.8335 - acc: 0.3270 70/125 [===============>..............] - ETA: 1:38 - loss: 1.8303 - acc: 0.3279 71/125 [================>.............] - ETA: 1:36 - loss: 1.8264 - acc: 0.3291 72/125 [================>.............] - ETA: 1:34 - loss: 1.8228 - acc: 0.3306 73/125 [================>.............] - ETA: 1:31 - loss: 1.8206 - acc: 0.3312 74/125 [================>.............] - ETA: 1:29 - loss: 1.8176 - acc: 0.3326 75/125 [=================>............] - ETA: 1:28 - loss: 1.8139 - acc: 0.3342 76/125 [=================>............] - ETA: 1:26 - loss: 1.8117 - acc: 0.3347 77/125 [=================>............] - ETA: 1:24 - loss: 1.8100 - acc: 0.3354 78/125 [=================>............] - ETA: 1:22 - loss: 1.8066 - acc: 0.3363 79/125 [=================>............] - ETA: 1:20 - loss: 1.8026 - acc: 0.3379 80/125 [==================>...........] - ETA: 1:18 - loss: 1.7985 - acc: 0.3395 81/125 [==================>...........] - ETA: 1:16 - loss: 1.7963 - acc: 0.3404 82/125 [==================>...........] - ETA: 1:14 - loss: 1.7936 - acc: 0.3417 83/125 [==================>...........] - ETA: 1:12 - loss: 1.7903 - acc: 0.3430 84/125 [===================>..........] - ETA: 1:10 - loss: 1.7873 - acc: 0.3437 85/125 [===================>..........] - ETA: 1:08 - loss: 1.7843 - acc: 0.3444 86/125 [===================>..........] - ETA: 1:06 - loss: 1.7815 - acc: 0.3454 87/125 [===================>..........] - ETA: 1:04 - loss: 1.7783 - acc: 0.3465 88/125 [====================>.........] - ETA: 1:02 - loss: 1.7752 - acc: 0.3475 89/125 [====================>.........] - ETA: 1:01 - loss: 1.7714 - acc: 0.3490 90/125 [====================>.........] - ETA: 59s - loss: 1.7684 - acc: 0.3497  91/125 [====================>.........] - ETA: 57s - loss: 1.7658 - acc: 0.3504 92/125 [=====================>........] - ETA: 55s - loss: 1.7642 - acc: 0.3511 93/125 [=====================>........] - ETA: 53s - loss: 1.7625 - acc: 0.3516 94/125 [=====================>........] - ETA: 51s - loss: 1.7602 - acc: 0.3527 95/125 [=====================>........] - ETA: 50s - loss: 1.7571 - acc: 0.3538 96/125 [======================>.......] - ETA: 48s - loss: 1.7538 - acc: 0.3546 97/125 [======================>.......] - ETA: 46s - loss: 1.7523 - acc: 0.3552 98/125 [======================>.......] - ETA: 44s - loss: 1.7521 - acc: 0.3552 99/125 [======================>.......] - ETA: 43s - loss: 1.7507 - acc: 0.3559100/125 [=======================>......] - ETA: 41s - loss: 1.7484 - acc: 0.3566101/125 [=======================>......] - ETA: 39s - loss: 1.7458 - acc: 0.3577102/125 [=======================>......] - ETA: 37s - loss: 1.7421 - acc: 0.3589103/125 [=======================>......] - ETA: 36s - loss: 1.7393 - acc: 0.3596104/125 [=======================>......] - ETA: 34s - loss: 1.7372 - acc: 0.3602105/125 [========================>.....] - ETA: 32s - loss: 1.7355 - acc: 0.3610106/125 [========================>.....] - ETA: 31s - loss: 1.7329 - acc: 0.3618107/125 [========================>.....] - ETA: 29s - loss: 1.7295 - acc: 0.3633108/125 [========================>.....] - ETA: 27s - loss: 1.7283 - acc: 0.3638109/125 [=========================>....] - ETA: 25s - loss: 1.7256 - acc: 0.3646110/125 [=========================>....] - ETA: 24s - loss: 1.7235 - acc: 0.3653111/125 [=========================>....] - ETA: 22s - loss: 1.7226 - acc: 0.3659112/125 [=========================>....] - ETA: 21s - loss: 1.7216 - acc: 0.3663113/125 [==========================>...] - ETA: 19s - loss: 1.7197 - acc: 0.3673114/125 [==========================>...] - ETA: 17s - loss: 1.7163 - acc: 0.3689115/125 [==========================>...] - ETA: 16s - loss: 1.7132 - acc: 0.3700116/125 [==========================>...] - ETA: 14s - loss: 1.7102 - acc: 0.3709117/125 [===========================>..] - ETA: 12s - loss: 1.7072 - acc: 0.3720118/125 [===========================>..] - ETA: 11s - loss: 1.7056 - acc: 0.3729119/125 [===========================>..] - ETA: 9s - loss: 1.7039 - acc: 0.3739 120/125 [===========================>..] - ETA: 7s - loss: 1.7027 - acc: 0.3744121/125 [============================>.] - ETA: 6s - loss: 1.7003 - acc: 0.3753122/125 [============================>.] - ETA: 4s - loss: 1.6985 - acc: 0.3760123/125 [============================>.] - ETA: 3s - loss: 1.6965 - acc: 0.3764124/125 [============================>.] - ETA: 1s - loss: 1.6948 - acc: 0.3770  1/125 [..............................] - ETA: 3:13 - loss: 4.3017 - acc: 0.0750  2/125 [..............................] - ETA: 1:53 - loss: 4.2026 - acc: 0.0844  3/125 [..............................] - ETA: 1:24 - loss: 4.1472 - acc: 0.0906  4/125 [..............................] - ETA: 1:12 - loss: 4.1875 - acc: 0.0867  5/125 [>.............................] - ETA: 1:02 - loss: 4.1442 - acc: 0.0981  6/125 [>.............................] - ETA: 56s - loss: 4.1664 - acc: 0.0990   7/125 [>.............................] - ETA: 52s - loss: 4.1414 - acc: 0.0982  8/125 [>.............................] - ETA: 51s - loss: 4.1547 - acc: 0.0973  9/125 [=>............................] - ETA: 47s - loss: 4.1214 - acc: 0.0997 10/125 [=>............................] - ETA: 45s - loss: 4.1453 - acc: 0.0984 11/125 [=>............................] - ETA: 44s - loss: 4.1332 - acc: 0.1009 12/125 [=>............................] - ETA: 43s - loss: 4.1290 - acc: 0.1010 13/125 [==>...........................] - ETA: 42s - loss: 4.1250 - acc: 0.1012 14/125 [==>...........................] - ETA: 42s - loss: 4.1440 - acc: 0.1011 15/125 [==>...........................] - ETA: 41s - loss: 4.1314 - acc: 0.1029 16/125 [==>...........................] - ETA: 40s - loss: 4.1349 - acc: 0.1012 17/125 [===>..........................] - ETA: 40s - loss: 4.1317 - acc: 0.1026 18/125 [===>..........................] - ETA: 39s - loss: 4.1086 - acc: 0.1024 19/125 [===>..........................] - ETA: 39s - loss: 4.0972 - acc: 0.1041 20/125 [===>..........................] - ETA: 38s - loss: 4.1022 - acc: 0.1033 21/125 [====>.........................] - ETA: 38s - loss: 4.1024 - acc: 0.1039 22/125 [====>.........................] - ETA: 37s - loss: 4.1088 - acc: 0.1030 23/125 [====>.........................] - ETA: 37s - loss: 4.0974 - acc: 0.1043 24/125 [====>.........................] - ETA: 37s - loss: 4.1046 - acc: 0.1031 25/125 [=====>........................] - ETA: 36s - loss: 4.1116 - acc: 0.1020 26/125 [=====>........................] - ETA: 36s - loss: 4.1121 - acc: 0.1012 27/125 [=====>........................] - ETA: 35s - loss: 4.1131 - acc: 0.1007 28/125 [=====>........................] - ETA: 35s - loss: 4.1123 - acc: 0.1012 29/125 [=====>........................] - ETA: 35s - loss: 4.1197 - acc: 0.1004 30/125 [======>.......................] - ETA: 34s - loss: 4.1221 - acc: 0.1001 31/125 [======>.......................] - ETA: 34s - loss: 4.1299 - acc: 0.1000 32/125 [======>.......................] - ETA: 33s - loss: 4.1260 - acc: 0.1000125/125 [==============================] - 210s 2s/step - loss: 1.6937 - acc: 0.3774 - val_loss: 4.1260 - val_acc: 0.1000
