WARNING:tensorflow:From ../run_training2.py:27: The name tf.Session is deprecated. Please use tf.compat.v1.Session instead.

WARNING:tensorflow:From ../run_training2.py:27: The name tf.ConfigProto is deprecated. Please use tf.compat.v1.ConfigProto instead.

WARNING:tensorflow:From ../run_training2.py:27: The name tf.GPUOptions is deprecated. Please use tf.compat.v1.GPUOptions instead.

WARNING:tensorflow:From /home/zongzan/.conda/envs/STR36/lib/python3.6/site-packages/tensorflow_core/python/ops/resource_variable_ops.py:1630: calling BaseResourceVariable.__init__ (from tensorflow.python.ops.resource_variable_ops) with constraint is deprecated and will be removed in a future version.
Instructions for updating:
If using Keras pass *_constraint arguments to layers.
WARNING:tensorflow:
The TensorFlow contrib module will not be included in TensorFlow 2.0.
For more information, please see:
  * https://github.com/tensorflow/community/blob/master/rfcs/20180907-contrib-sunset.md
  * https://github.com/tensorflow/addons
  * https://github.com/tensorflow/io (for I/O related ops)
If you depend on functionality not listed there, please file an issue.

WARNING:tensorflow:From /home/zongzan/.conda/envs/STR36/lib/python3.6/site-packages/tensorflow_core/python/ops/stropt/lms.py:970: The name tf.train.SessionRunHook is deprecated. Please use tf.estimator.SessionRunHook instead.

2022-01-05 14:47:46.943938: W tensorflow/core/common_runtime/bfc_allocator.cc:419] Allocator (GPU_0_bfc) ran out of memory trying to allocate 149.30MiB (rounded to 156549120).  Current allocation summary follows.
2022-01-05 14:47:46.946003: W tensorflow/core/common_runtime/bfc_allocator.cc:424] ****************************************************************************************************
2022-01-05 14:47:46.946077: W tensorflow/core/framework/op_kernel.cc:1651] OP_REQUIRES failed at transpose_op.cc:198 : Resource exhausted: OOM when allocating tensor with shape[390,512,14,14] and type float on /job:localhost/replica:0/task:0/device:GPU:0 by allocator GPU_0_bfc
2022-01-05 14:47:56.946692: W tensorflow/core/common_runtime/bfc_allocator.cc:419] Allocator (GPU_0_bfc) ran out of memory trying to allocate 149.30MiB (rounded to 156549120).  Current allocation summary follows.
2022-01-05 14:47:56.948490: W tensorflow/core/common_runtime/bfc_allocator.cc:424] ****************************************************************************************************
2022-01-05 14:47:56.948542: W tensorflow/core/framework/op_kernel.cc:1651] OP_REQUIRES failed at constant_op.cc:172 : Resource exhausted: OOM when allocating tensor with shape[390,512,14,14] and type float on /job:localhost/replica:0/task:0/device:GPU:0 by allocator GPU_0_bfc
2022-01-05 14:48:06.948898: W tensorflow/core/common_runtime/bfc_allocator.cc:419] Allocator (GPU_0_bfc) ran out of memory trying to allocate 149.30MiB (rounded to 156549120).  Current allocation summary follows.
2022-01-05 14:48:06.950928: W tensorflow/core/common_runtime/bfc_allocator.cc:424] ****************************************************************************************************
2022-01-05 14:48:06.950981: W tensorflow/core/framework/op_kernel.cc:1651] OP_REQUIRES failed at depthwise_conv_op.cc:369 : Resource exhausted: OOM when allocating tensor with shape[390,512,14,14] and type float on /job:localhost/replica:0/task:0/device:GPU:0 by allocator GPU_0_bfc
1 Physical GPUs, 1 Logical GPUs
Parsing arguments: [('batch_size', 390), ('epochs', 1), ('model_name', 'MobileNet'), ('strategy', 'str'), ('verbose', False)]
Cannot find config for batch_size=390, use 512 instead
Shape of x_train: (40000, 224, 224, 3), shape of x_test: (10000, 224, 224, 3)
[STR DEBUG] Parsing STR configuration: [{'strategy': 'none', 'verbose': 'false'}]
[STR DEBUG] Solution type none doesn't has corresponding optimizations, run normal training
Traceback (most recent call last):
  File "../run_training2.py", line 83, in <module>
    verbose=1)
  File "/home/zongzan/.conda/envs/STR36/lib/python3.6/site-packages/tensorflow_core/python/keras/engine/training.py", line 728, in fit
    use_multiprocessing=use_multiprocessing)
  File "/home/zongzan/.conda/envs/STR36/lib/python3.6/site-packages/tensorflow_core/python/keras/engine/training_generator.py", line 603, in fit
    steps_name='steps_per_epoch')
  File "/home/zongzan/.conda/envs/STR36/lib/python3.6/site-packages/tensorflow_core/python/keras/engine/training_generator.py", line 265, in model_iteration
    batch_outs = batch_function(*batch_data)
  File "/home/zongzan/.conda/envs/STR36/lib/python3.6/site-packages/tensorflow_core/python/keras/engine/training.py", line 1021, in train_on_batch
    outputs = self.train_function(ins)  # pylint: disable=not-callable
  File "/home/zongzan/.conda/envs/STR36/lib/python3.6/site-packages/tensorflow_core/python/keras/backend.py", line 3476, in __call__
    run_metadata=self.run_metadata)
  File "/home/zongzan/.conda/envs/STR36/lib/python3.6/site-packages/tensorflow_core/python/client/session.py", line 1472, in __call__
    run_metadata_ptr)
tensorflow.python.framework.errors_impl.ResourceExhaustedError: 2 root error(s) found.
  (0) Resource exhausted: OOM when allocating tensor with shape[390,512,14,14] and type float on /job:localhost/replica:0/task:0/device:GPU:0 by allocator GPU_0_bfc
	 [[{{node training/RMSprop/gradients/gradients/AddN_28-1-TransposeNHWCToNCHW-LayoutOptimizer}}]]
Hint: If you want to see a list of allocated tensors when OOM happens, add report_tensor_allocations_upon_oom to RunOptions for current allocation info.

	 [[metrics/acc/Identity/_487]]
Hint: If you want to see a list of allocated tensors when OOM happens, add report_tensor_allocations_upon_oom to RunOptions for current allocation info.

  (1) Resource exhausted: OOM when allocating tensor with shape[390,512,14,14] and type float on /job:localhost/replica:0/task:0/device:GPU:0 by allocator GPU_0_bfc
	 [[{{node training/RMSprop/gradients/gradients/AddN_28-1-TransposeNHWCToNCHW-LayoutOptimizer}}]]
Hint: If you want to see a list of allocated tensors when OOM happens, add report_tensor_allocations_upon_oom to RunOptions for current allocation info.

0 successful operations.
0 derived errors ignored.
